ARM GAS  C:\Users\Zeynep\AppData\Local\Temp\ccGFauWU.s 			page 1


   1              		.syntax unified
   2              		.cpu cortex-m0
   3              		.fpu softvfp
   4              		.eabi_attribute 20, 1
   5              		.eabi_attribute 21, 1
   6              		.eabi_attribute 23, 3
   7              		.eabi_attribute 24, 1
   8              		.eabi_attribute 25, 1
   9              		.eabi_attribute 26, 1
  10              		.eabi_attribute 30, 1
  11              		.eabi_attribute 34, 0
  12              		.eabi_attribute 18, 4
  13              		.thumb
  14              		.syntax unified
  15              		.file	"main.c"
  16              		.text
  17              	.Ltext0:
  18              		.cfi_sections	.debug_frame
  19              		.section	.text.main,"ax",%progbits
  20              		.align	2
  21              		.global	main
  22              		.code	16
  23              		.thumb_func
  24              		.type	main, %function
  25              	main:
  26              	.LFB32:
  27              		.file 1 "main.c"
   1:main.c        **** /* ========================================
   2:main.c        ****  *
   3:main.c        ****  * zeysaklii@gmail.com, 2021
   4:main.c        ****  * Open Source
   5:main.c        ****  * 
   6:main.c        ****  *
   7:main.c        ****  * 
   8:main.c        ****  * 
   9:main.c        ****  *
  10:main.c        ****  * ========================================
  11:main.c        **** */
  12:main.c        **** #include "project.h"
  13:main.c        **** 
  14:main.c        **** int main(void)
  15:main.c        **** {
  28              		.loc 1 15 0
  29              		.cfi_startproc
  30              		@ args = 0, pretend = 0, frame = 0
  31              		@ frame_needed = 0, uses_anonymous_args = 0
  32 0000 10B5     		push	{r4, lr}
  33              		.cfi_def_cfa_offset 8
  34              		.cfi_offset 4, -8
  35              		.cfi_offset 14, -4
  16:main.c        ****     CyGlobalIntEnable;
  36              		.loc 1 16 0
  37              		.syntax divided
  38              	@ 16 "main.c" 1
  39 0002 62B6     		CPSIE   i
  40              	@ 0 "" 2
  17:main.c        ****        LCD_A_Write(0); // Arka ışıklar için LCD  A pini low'da bırakılmıştır.
ARM GAS  C:\Users\Zeynep\AppData\Local\Temp\ccGFauWU.s 			page 2


  41              		.loc 1 17 0
  42              		.thumb
  43              		.syntax unified
  44 0004 0020     		movs	r0, #0
  45 0006 FFF7FEFF 		bl	LCD_A_Write
  46              	.LVL0:
  18:main.c        ****        LCD_K_Write(1); // Arka ışıklar için LCD K pini High'a çekilmiştir.
  47              		.loc 1 18 0
  48 000a 0120     		movs	r0, #1
  49 000c FFF7FEFF 		bl	LCD_K_Write
  50              	.LVL1:
  19:main.c        ****        LCD_Start();    // Eklenen LCD modülü başlatma komutu
  51              		.loc 1 19 0
  52 0010 FFF7FEFF 		bl	LCD_Start
  53              	.LVL2:
  20:main.c        ****        LCD_DisplayOn(); // Eklenen LCD modülünü açma komutu
  54              		.loc 1 20 0
  55 0014 0C20     		movs	r0, #12
  56 0016 FFF7FEFF 		bl	LCD_WriteControl
  57              	.LVL3:
  58              	.L6:
  21:main.c        ****     
  22:main.c        ****     int j=2;            // LCD ekranda yazı gözükmesi için konum ayarları yapılmalıdır.
  23:main.c        ****     for(;;)             
  24:main.c        ****     {
  25:main.c        ****         for(j=2; j<8; j++) //konum aralığı belirtilmiştir.
  59              		.loc 1 25 0
  60 001a 0224     		movs	r4, #2
  61 001c 0EE0     		b	.L2
  62              	.LVL4:
  63              	.L3:
  26:main.c        **** {
  27:main.c        **** 
  28:main.c        ****        LCD_Position(0,j); //döngüde j'ye göre soldan sağa kayan yazı konumu  belirleme
  64              		.loc 1 28 0 discriminator 3
  65 001e E1B2     		uxtb	r1, r4
  66 0020 0020     		movs	r0, #0
  67 0022 FFF7FEFF 		bl	LCD_Position
  68              	.LVL5:
  29:main.c        ****        LCD_PrintString("Zeynep"); //LCD'ye yazdırma fonksiyonu
  69              		.loc 1 29 0 discriminator 3
  70 0026 1048     		ldr	r0, .L7
  71 0028 FFF7FEFF 		bl	LCD_PrintString
  72              	.LVL6:
  30:main.c        ****        CyDelay(500); //500 ms bekleme fonksiyonu
  73              		.loc 1 30 0 discriminator 3
  74 002c FA20     		movs	r0, #250
  75 002e 4000     		lsls	r0, r0, #1
  76 0030 FFF7FEFF 		bl	CyDelay
  77              	.LVL7:
  31:main.c        ****        LCD_ClearDisplay(); // İşlem bitince LCD ekranı temizlenir.
  78              		.loc 1 31 0 discriminator 3
  79 0034 0120     		movs	r0, #1
  80 0036 FFF7FEFF 		bl	LCD_WriteControl
  81              	.LVL8:
  25:main.c        **** {
  82              		.loc 1 25 0 discriminator 3
ARM GAS  C:\Users\Zeynep\AppData\Local\Temp\ccGFauWU.s 			page 3


  83 003a 0134     		adds	r4, r4, #1
  84              	.LVL9:
  85              	.L2:
  25:main.c        **** {
  86              		.loc 1 25 0 is_stmt 0 discriminator 1
  87 003c 072C     		cmp	r4, #7
  88 003e EEDD     		ble	.L3
  89 0040 0624     		movs	r4, #6
  90              	.LVL10:
  91 0042 0EE0     		b	.L4
  92              	.LVL11:
  93              	.L5:
  32:main.c        ****        
  33:main.c        **** }     j=6;        //Sağdan sola kayan yazının başladığı yer için tekrar konum ataması 
  34:main.c        ****         for(j=6; j>1; j--) // döngüde sağdan sola kayan yazı için for döngüsü
  35:main.c        **** {
  36:main.c        **** 
  37:main.c        ****        LCD_Position(0,j);   //Döngüde j'ye göre sağdan sola kayan yazı konumu belirleme
  94              		.loc 1 37 0 is_stmt 1 discriminator 3
  95 0044 E1B2     		uxtb	r1, r4
  96 0046 0020     		movs	r0, #0
  97 0048 FFF7FEFF 		bl	LCD_Position
  98              	.LVL12:
  38:main.c        ****        LCD_PrintString("Zeynep"); //Kayan yazı LCD yazdırma komutu.
  99              		.loc 1 38 0 discriminator 3
 100 004c 0648     		ldr	r0, .L7
 101 004e FFF7FEFF 		bl	LCD_PrintString
 102              	.LVL13:
  39:main.c        ****        CyDelay(500);
 103              		.loc 1 39 0 discriminator 3
 104 0052 FA20     		movs	r0, #250
 105 0054 4000     		lsls	r0, r0, #1
 106 0056 FFF7FEFF 		bl	CyDelay
 107              	.LVL14:
  40:main.c        ****        LCD_ClearDisplay(); //Ekran, döngü bitince temizlenir.
 108              		.loc 1 40 0 discriminator 3
 109 005a 0120     		movs	r0, #1
 110 005c FFF7FEFF 		bl	LCD_WriteControl
 111              	.LVL15:
  34:main.c        **** {
 112              		.loc 1 34 0 discriminator 3
 113 0060 013C     		subs	r4, r4, #1
 114              	.LVL16:
 115              	.L4:
  34:main.c        **** {
 116              		.loc 1 34 0 is_stmt 0 discriminator 1
 117 0062 012C     		cmp	r4, #1
 118 0064 EEDC     		bgt	.L5
 119 0066 D8E7     		b	.L6
 120              	.L8:
 121              		.align	2
 122              	.L7:
 123 0068 00000000 		.word	.LC0
 124              		.cfi_endproc
 125              	.LFE32:
 126              		.size	main, .-main
 127              		.section	.rodata.str1.4,"aMS",%progbits,1
ARM GAS  C:\Users\Zeynep\AppData\Local\Temp\ccGFauWU.s 			page 4


 128              		.align	2
 129              	.LC0:
 130 0000 5A65796E 		.ascii	"Zeynep\000"
 130      657000
 131              		.text
 132              	.Letext0:
 133              		.file 2 "Generated_Source\\PSoC4/LCD_A.h"
 134              		.file 3 "Generated_Source\\PSoC4/LCD_K.h"
 135              		.file 4 "Generated_Source\\PSoC4/LCD.h"
 136              		.file 5 "Generated_Source\\PSoC4/CyLib.h"
 137              		.section	.debug_info,"",%progbits
 138              	.Ldebug_info0:
 139 0000 ED010000 		.4byte	0x1ed
 140 0004 0400     		.2byte	0x4
 141 0006 00000000 		.4byte	.Ldebug_abbrev0
 142 000a 04       		.byte	0x4
 143 000b 01       		.uleb128 0x1
 144 000c DE000000 		.4byte	.LASF21
 145 0010 0C       		.byte	0xc
 146 0011 1B000000 		.4byte	.LASF22
 147 0015 8C000000 		.4byte	.LASF23
 148 0019 00000000 		.4byte	.Ldebug_ranges0+0
 149 001d 00000000 		.4byte	0
 150 0021 00000000 		.4byte	.Ldebug_line0
 151 0025 02       		.uleb128 0x2
 152 0026 01       		.byte	0x1
 153 0027 06       		.byte	0x6
 154 0028 7F010000 		.4byte	.LASF0
 155 002c 02       		.uleb128 0x2
 156 002d 01       		.byte	0x1
 157 002e 08       		.byte	0x8
 158 002f 79000000 		.4byte	.LASF1
 159 0033 02       		.uleb128 0x2
 160 0034 02       		.byte	0x2
 161 0035 05       		.byte	0x5
 162 0036 A0010000 		.4byte	.LASF2
 163 003a 02       		.uleb128 0x2
 164 003b 02       		.byte	0x2
 165 003c 07       		.byte	0x7
 166 003d 6C010000 		.4byte	.LASF3
 167 0041 02       		.uleb128 0x2
 168 0042 04       		.byte	0x4
 169 0043 05       		.byte	0x5
 170 0044 B5000000 		.4byte	.LASF4
 171 0048 02       		.uleb128 0x2
 172 0049 04       		.byte	0x4
 173 004a 07       		.byte	0x7
 174 004b 2F000000 		.4byte	.LASF5
 175 004f 02       		.uleb128 0x2
 176 0050 08       		.byte	0x8
 177 0051 05       		.byte	0x5
 178 0052 00000000 		.4byte	.LASF6
 179 0056 02       		.uleb128 0x2
 180 0057 08       		.byte	0x8
 181 0058 07       		.byte	0x7
 182 0059 41000000 		.4byte	.LASF7
 183 005d 03       		.uleb128 0x3
ARM GAS  C:\Users\Zeynep\AppData\Local\Temp\ccGFauWU.s 			page 5


 184 005e 04       		.byte	0x4
 185 005f 05       		.byte	0x5
 186 0060 696E7400 		.ascii	"int\000"
 187 0064 02       		.uleb128 0x2
 188 0065 04       		.byte	0x4
 189 0066 07       		.byte	0x7
 190 0067 0E000000 		.4byte	.LASF8
 191 006b 02       		.uleb128 0x2
 192 006c 04       		.byte	0x4
 193 006d 04       		.byte	0x4
 194 006e 62000000 		.4byte	.LASF9
 195 0072 02       		.uleb128 0x2
 196 0073 08       		.byte	0x8
 197 0074 04       		.byte	0x4
 198 0075 CA000000 		.4byte	.LASF10
 199 0079 02       		.uleb128 0x2
 200 007a 01       		.byte	0x1
 201 007b 08       		.byte	0x8
 202 007c 87000000 		.4byte	.LASF11
 203 0080 02       		.uleb128 0x2
 204 0081 04       		.byte	0x4
 205 0082 07       		.byte	0x7
 206 0083 97010000 		.4byte	.LASF12
 207 0087 02       		.uleb128 0x2
 208 0088 08       		.byte	0x8
 209 0089 04       		.byte	0x4
 210 008a 8B010000 		.4byte	.LASF13
 211 008e 04       		.uleb128 0x4
 212 008f 22000000 		.4byte	.LASF24
 213 0093 01       		.byte	0x1
 214 0094 0E       		.byte	0xe
 215 0095 5D000000 		.4byte	0x5d
 216 0099 00000000 		.4byte	.LFB32
 217 009d 6C000000 		.4byte	.LFE32-.LFB32
 218 00a1 01       		.uleb128 0x1
 219 00a2 9C       		.byte	0x9c
 220 00a3 A3010000 		.4byte	0x1a3
 221 00a7 05       		.uleb128 0x5
 222 00a8 6A00     		.ascii	"j\000"
 223 00aa 01       		.byte	0x1
 224 00ab 16       		.byte	0x16
 225 00ac 5D000000 		.4byte	0x5d
 226 00b0 00000000 		.4byte	.LLST0
 227 00b4 06       		.uleb128 0x6
 228 00b5 0A000000 		.4byte	.LVL0
 229 00b9 A3010000 		.4byte	0x1a3
 230 00bd C7000000 		.4byte	0xc7
 231 00c1 07       		.uleb128 0x7
 232 00c2 01       		.uleb128 0x1
 233 00c3 50       		.byte	0x50
 234 00c4 01       		.uleb128 0x1
 235 00c5 30       		.byte	0x30
 236 00c6 00       		.byte	0
 237 00c7 06       		.uleb128 0x6
 238 00c8 10000000 		.4byte	.LVL1
 239 00cc AE010000 		.4byte	0x1ae
 240 00d0 DA000000 		.4byte	0xda
ARM GAS  C:\Users\Zeynep\AppData\Local\Temp\ccGFauWU.s 			page 6


 241 00d4 07       		.uleb128 0x7
 242 00d5 01       		.uleb128 0x1
 243 00d6 50       		.byte	0x50
 244 00d7 01       		.uleb128 0x1
 245 00d8 31       		.byte	0x31
 246 00d9 00       		.byte	0
 247 00da 08       		.uleb128 0x8
 248 00db 14000000 		.4byte	.LVL2
 249 00df B9010000 		.4byte	0x1b9
 250 00e3 06       		.uleb128 0x6
 251 00e4 1A000000 		.4byte	.LVL3
 252 00e8 C4010000 		.4byte	0x1c4
 253 00ec F6000000 		.4byte	0xf6
 254 00f0 07       		.uleb128 0x7
 255 00f1 01       		.uleb128 0x1
 256 00f2 50       		.byte	0x50
 257 00f3 01       		.uleb128 0x1
 258 00f4 3C       		.byte	0x3c
 259 00f5 00       		.byte	0
 260 00f6 06       		.uleb128 0x6
 261 00f7 26000000 		.4byte	.LVL5
 262 00fb CF010000 		.4byte	0x1cf
 263 00ff 0F010000 		.4byte	0x10f
 264 0103 07       		.uleb128 0x7
 265 0104 01       		.uleb128 0x1
 266 0105 50       		.byte	0x50
 267 0106 01       		.uleb128 0x1
 268 0107 30       		.byte	0x30
 269 0108 07       		.uleb128 0x7
 270 0109 01       		.uleb128 0x1
 271 010a 51       		.byte	0x51
 272 010b 02       		.uleb128 0x2
 273 010c 74       		.byte	0x74
 274 010d 00       		.sleb128 0
 275 010e 00       		.byte	0
 276 010f 06       		.uleb128 0x6
 277 0110 2C000000 		.4byte	.LVL6
 278 0114 DA010000 		.4byte	0x1da
 279 0118 26010000 		.4byte	0x126
 280 011c 07       		.uleb128 0x7
 281 011d 01       		.uleb128 0x1
 282 011e 50       		.byte	0x50
 283 011f 05       		.uleb128 0x5
 284 0120 03       		.byte	0x3
 285 0121 00000000 		.4byte	.LC0
 286 0125 00       		.byte	0
 287 0126 06       		.uleb128 0x6
 288 0127 34000000 		.4byte	.LVL7
 289 012b E5010000 		.4byte	0x1e5
 290 012f 3B010000 		.4byte	0x13b
 291 0133 07       		.uleb128 0x7
 292 0134 01       		.uleb128 0x1
 293 0135 50       		.byte	0x50
 294 0136 03       		.uleb128 0x3
 295 0137 0A       		.byte	0xa
 296 0138 F401     		.2byte	0x1f4
 297 013a 00       		.byte	0
ARM GAS  C:\Users\Zeynep\AppData\Local\Temp\ccGFauWU.s 			page 7


 298 013b 06       		.uleb128 0x6
 299 013c 3A000000 		.4byte	.LVL8
 300 0140 C4010000 		.4byte	0x1c4
 301 0144 4E010000 		.4byte	0x14e
 302 0148 07       		.uleb128 0x7
 303 0149 01       		.uleb128 0x1
 304 014a 50       		.byte	0x50
 305 014b 01       		.uleb128 0x1
 306 014c 31       		.byte	0x31
 307 014d 00       		.byte	0
 308 014e 06       		.uleb128 0x6
 309 014f 4C000000 		.4byte	.LVL12
 310 0153 CF010000 		.4byte	0x1cf
 311 0157 67010000 		.4byte	0x167
 312 015b 07       		.uleb128 0x7
 313 015c 01       		.uleb128 0x1
 314 015d 50       		.byte	0x50
 315 015e 01       		.uleb128 0x1
 316 015f 30       		.byte	0x30
 317 0160 07       		.uleb128 0x7
 318 0161 01       		.uleb128 0x1
 319 0162 51       		.byte	0x51
 320 0163 02       		.uleb128 0x2
 321 0164 74       		.byte	0x74
 322 0165 00       		.sleb128 0
 323 0166 00       		.byte	0
 324 0167 06       		.uleb128 0x6
 325 0168 52000000 		.4byte	.LVL13
 326 016c DA010000 		.4byte	0x1da
 327 0170 7E010000 		.4byte	0x17e
 328 0174 07       		.uleb128 0x7
 329 0175 01       		.uleb128 0x1
 330 0176 50       		.byte	0x50
 331 0177 05       		.uleb128 0x5
 332 0178 03       		.byte	0x3
 333 0179 00000000 		.4byte	.LC0
 334 017d 00       		.byte	0
 335 017e 06       		.uleb128 0x6
 336 017f 5A000000 		.4byte	.LVL14
 337 0183 E5010000 		.4byte	0x1e5
 338 0187 93010000 		.4byte	0x193
 339 018b 07       		.uleb128 0x7
 340 018c 01       		.uleb128 0x1
 341 018d 50       		.byte	0x50
 342 018e 03       		.uleb128 0x3
 343 018f 0A       		.byte	0xa
 344 0190 F401     		.2byte	0x1f4
 345 0192 00       		.byte	0
 346 0193 09       		.uleb128 0x9
 347 0194 60000000 		.4byte	.LVL15
 348 0198 C4010000 		.4byte	0x1c4
 349 019c 07       		.uleb128 0x7
 350 019d 01       		.uleb128 0x1
 351 019e 50       		.byte	0x50
 352 019f 01       		.uleb128 0x1
 353 01a0 31       		.byte	0x31
 354 01a1 00       		.byte	0
ARM GAS  C:\Users\Zeynep\AppData\Local\Temp\ccGFauWU.s 			page 8


 355 01a2 00       		.byte	0
 356 01a3 0A       		.uleb128 0xa
 357 01a4 BE000000 		.4byte	.LASF14
 358 01a8 BE000000 		.4byte	.LASF14
 359 01ac 02       		.byte	0x2
 360 01ad 33       		.byte	0x33
 361 01ae 0A       		.uleb128 0xa
 362 01af AA010000 		.4byte	.LASF15
 363 01b3 AA010000 		.4byte	.LASF15
 364 01b7 03       		.byte	0x3
 365 01b8 33       		.byte	0x33
 366 01b9 0A       		.uleb128 0xa
 367 01ba 58000000 		.4byte	.LASF16
 368 01be 58000000 		.4byte	.LASF16
 369 01c2 04       		.byte	0x4
 370 01c3 38       		.byte	0x38
 371 01c4 0A       		.uleb128 0xa
 372 01c5 68000000 		.4byte	.LASF17
 373 01c9 68000000 		.4byte	.LASF17
 374 01cd 04       		.byte	0x4
 375 01ce 3A       		.byte	0x3a
 376 01cf 0A       		.uleb128 0xa
 377 01d0 D1000000 		.4byte	.LASF18
 378 01d4 D1000000 		.4byte	.LASF18
 379 01d8 04       		.byte	0x4
 380 01d9 3D       		.byte	0x3d
 381 01da 0A       		.uleb128 0xa
 382 01db B6010000 		.4byte	.LASF19
 383 01df B6010000 		.4byte	.LASF19
 384 01e3 04       		.byte	0x4
 385 01e4 3C       		.byte	0x3c
 386 01e5 0A       		.uleb128 0xa
 387 01e6 27000000 		.4byte	.LASF20
 388 01ea 27000000 		.4byte	.LASF20
 389 01ee 05       		.byte	0x5
 390 01ef EC       		.byte	0xec
 391 01f0 00       		.byte	0
 392              		.section	.debug_abbrev,"",%progbits
 393              	.Ldebug_abbrev0:
 394 0000 01       		.uleb128 0x1
 395 0001 11       		.uleb128 0x11
 396 0002 01       		.byte	0x1
 397 0003 25       		.uleb128 0x25
 398 0004 0E       		.uleb128 0xe
 399 0005 13       		.uleb128 0x13
 400 0006 0B       		.uleb128 0xb
 401 0007 03       		.uleb128 0x3
 402 0008 0E       		.uleb128 0xe
 403 0009 1B       		.uleb128 0x1b
 404 000a 0E       		.uleb128 0xe
 405 000b 55       		.uleb128 0x55
 406 000c 17       		.uleb128 0x17
 407 000d 11       		.uleb128 0x11
 408 000e 01       		.uleb128 0x1
 409 000f 10       		.uleb128 0x10
 410 0010 17       		.uleb128 0x17
 411 0011 00       		.byte	0
ARM GAS  C:\Users\Zeynep\AppData\Local\Temp\ccGFauWU.s 			page 9


 412 0012 00       		.byte	0
 413 0013 02       		.uleb128 0x2
 414 0014 24       		.uleb128 0x24
 415 0015 00       		.byte	0
 416 0016 0B       		.uleb128 0xb
 417 0017 0B       		.uleb128 0xb
 418 0018 3E       		.uleb128 0x3e
 419 0019 0B       		.uleb128 0xb
 420 001a 03       		.uleb128 0x3
 421 001b 0E       		.uleb128 0xe
 422 001c 00       		.byte	0
 423 001d 00       		.byte	0
 424 001e 03       		.uleb128 0x3
 425 001f 24       		.uleb128 0x24
 426 0020 00       		.byte	0
 427 0021 0B       		.uleb128 0xb
 428 0022 0B       		.uleb128 0xb
 429 0023 3E       		.uleb128 0x3e
 430 0024 0B       		.uleb128 0xb
 431 0025 03       		.uleb128 0x3
 432 0026 08       		.uleb128 0x8
 433 0027 00       		.byte	0
 434 0028 00       		.byte	0
 435 0029 04       		.uleb128 0x4
 436 002a 2E       		.uleb128 0x2e
 437 002b 01       		.byte	0x1
 438 002c 3F       		.uleb128 0x3f
 439 002d 19       		.uleb128 0x19
 440 002e 03       		.uleb128 0x3
 441 002f 0E       		.uleb128 0xe
 442 0030 3A       		.uleb128 0x3a
 443 0031 0B       		.uleb128 0xb
 444 0032 3B       		.uleb128 0x3b
 445 0033 0B       		.uleb128 0xb
 446 0034 27       		.uleb128 0x27
 447 0035 19       		.uleb128 0x19
 448 0036 49       		.uleb128 0x49
 449 0037 13       		.uleb128 0x13
 450 0038 8701     		.uleb128 0x87
 451 003a 19       		.uleb128 0x19
 452 003b 11       		.uleb128 0x11
 453 003c 01       		.uleb128 0x1
 454 003d 12       		.uleb128 0x12
 455 003e 06       		.uleb128 0x6
 456 003f 40       		.uleb128 0x40
 457 0040 18       		.uleb128 0x18
 458 0041 9742     		.uleb128 0x2117
 459 0043 19       		.uleb128 0x19
 460 0044 01       		.uleb128 0x1
 461 0045 13       		.uleb128 0x13
 462 0046 00       		.byte	0
 463 0047 00       		.byte	0
 464 0048 05       		.uleb128 0x5
 465 0049 34       		.uleb128 0x34
 466 004a 00       		.byte	0
 467 004b 03       		.uleb128 0x3
 468 004c 08       		.uleb128 0x8
ARM GAS  C:\Users\Zeynep\AppData\Local\Temp\ccGFauWU.s 			page 10


 469 004d 3A       		.uleb128 0x3a
 470 004e 0B       		.uleb128 0xb
 471 004f 3B       		.uleb128 0x3b
 472 0050 0B       		.uleb128 0xb
 473 0051 49       		.uleb128 0x49
 474 0052 13       		.uleb128 0x13
 475 0053 02       		.uleb128 0x2
 476 0054 17       		.uleb128 0x17
 477 0055 00       		.byte	0
 478 0056 00       		.byte	0
 479 0057 06       		.uleb128 0x6
 480 0058 898201   		.uleb128 0x4109
 481 005b 01       		.byte	0x1
 482 005c 11       		.uleb128 0x11
 483 005d 01       		.uleb128 0x1
 484 005e 31       		.uleb128 0x31
 485 005f 13       		.uleb128 0x13
 486 0060 01       		.uleb128 0x1
 487 0061 13       		.uleb128 0x13
 488 0062 00       		.byte	0
 489 0063 00       		.byte	0
 490 0064 07       		.uleb128 0x7
 491 0065 8A8201   		.uleb128 0x410a
 492 0068 00       		.byte	0
 493 0069 02       		.uleb128 0x2
 494 006a 18       		.uleb128 0x18
 495 006b 9142     		.uleb128 0x2111
 496 006d 18       		.uleb128 0x18
 497 006e 00       		.byte	0
 498 006f 00       		.byte	0
 499 0070 08       		.uleb128 0x8
 500 0071 898201   		.uleb128 0x4109
 501 0074 00       		.byte	0
 502 0075 11       		.uleb128 0x11
 503 0076 01       		.uleb128 0x1
 504 0077 31       		.uleb128 0x31
 505 0078 13       		.uleb128 0x13
 506 0079 00       		.byte	0
 507 007a 00       		.byte	0
 508 007b 09       		.uleb128 0x9
 509 007c 898201   		.uleb128 0x4109
 510 007f 01       		.byte	0x1
 511 0080 11       		.uleb128 0x11
 512 0081 01       		.uleb128 0x1
 513 0082 31       		.uleb128 0x31
 514 0083 13       		.uleb128 0x13
 515 0084 00       		.byte	0
 516 0085 00       		.byte	0
 517 0086 0A       		.uleb128 0xa
 518 0087 2E       		.uleb128 0x2e
 519 0088 00       		.byte	0
 520 0089 3F       		.uleb128 0x3f
 521 008a 19       		.uleb128 0x19
 522 008b 3C       		.uleb128 0x3c
 523 008c 19       		.uleb128 0x19
 524 008d 6E       		.uleb128 0x6e
 525 008e 0E       		.uleb128 0xe
ARM GAS  C:\Users\Zeynep\AppData\Local\Temp\ccGFauWU.s 			page 11


 526 008f 03       		.uleb128 0x3
 527 0090 0E       		.uleb128 0xe
 528 0091 3A       		.uleb128 0x3a
 529 0092 0B       		.uleb128 0xb
 530 0093 3B       		.uleb128 0x3b
 531 0094 0B       		.uleb128 0xb
 532 0095 00       		.byte	0
 533 0096 00       		.byte	0
 534 0097 00       		.byte	0
 535              		.section	.debug_loc,"",%progbits
 536              	.Ldebug_loc0:
 537              	.LLST0:
 538 0000 1A000000 		.4byte	.LVL3
 539 0004 1E000000 		.4byte	.LVL4
 540 0008 0200     		.2byte	0x2
 541 000a 32       		.byte	0x32
 542 000b 9F       		.byte	0x9f
 543 000c 1E000000 		.4byte	.LVL4
 544 0010 42000000 		.4byte	.LVL10
 545 0014 0100     		.2byte	0x1
 546 0016 54       		.byte	0x54
 547 0017 44000000 		.4byte	.LVL11
 548 001b 6C000000 		.4byte	.LFE32
 549 001f 0100     		.2byte	0x1
 550 0021 54       		.byte	0x54
 551 0022 00000000 		.4byte	0
 552 0026 00000000 		.4byte	0
 553              		.section	.debug_aranges,"",%progbits
 554 0000 1C000000 		.4byte	0x1c
 555 0004 0200     		.2byte	0x2
 556 0006 00000000 		.4byte	.Ldebug_info0
 557 000a 04       		.byte	0x4
 558 000b 00       		.byte	0
 559 000c 0000     		.2byte	0
 560 000e 0000     		.2byte	0
 561 0010 00000000 		.4byte	.LFB32
 562 0014 6C000000 		.4byte	.LFE32-.LFB32
 563 0018 00000000 		.4byte	0
 564 001c 00000000 		.4byte	0
 565              		.section	.debug_ranges,"",%progbits
 566              	.Ldebug_ranges0:
 567 0000 00000000 		.4byte	.LFB32
 568 0004 6C000000 		.4byte	.LFE32
 569 0008 00000000 		.4byte	0
 570 000c 00000000 		.4byte	0
 571              		.section	.debug_line,"",%progbits
 572              	.Ldebug_line0:
 573 0000 BE000000 		.section	.debug_str,"MS",%progbits,1
 573      02005E00 
 573      00000201 
 573      FB0E0D00 
 573      01010101 
 574              	.LASF6:
 575 0000 6C6F6E67 		.ascii	"long long int\000"
 575      206C6F6E 
 575      6720696E 
 575      7400
ARM GAS  C:\Users\Zeynep\AppData\Local\Temp\ccGFauWU.s 			page 12


 576              	.LASF8:
 577 000e 756E7369 		.ascii	"unsigned int\000"
 577      676E6564 
 577      20696E74 
 577      00
 578              	.LASF22:
 579 001b 6D61696E 		.ascii	"main.c\000"
 579      2E6300
 580              	.LASF24:
 581 0022 6D61696E 		.ascii	"main\000"
 581      00
 582              	.LASF20:
 583 0027 43794465 		.ascii	"CyDelay\000"
 583      6C617900 
 584              	.LASF5:
 585 002f 6C6F6E67 		.ascii	"long unsigned int\000"
 585      20756E73 
 585      69676E65 
 585      6420696E 
 585      7400
 586              	.LASF7:
 587 0041 6C6F6E67 		.ascii	"long long unsigned int\000"
 587      206C6F6E 
 587      6720756E 
 587      7369676E 
 587      65642069 
 588              	.LASF16:
 589 0058 4C43445F 		.ascii	"LCD_Start\000"
 589      53746172 
 589      7400
 590              	.LASF9:
 591 0062 666C6F61 		.ascii	"float\000"
 591      7400
 592              	.LASF17:
 593 0068 4C43445F 		.ascii	"LCD_WriteControl\000"
 593      57726974 
 593      65436F6E 
 593      74726F6C 
 593      00
 594              	.LASF1:
 595 0079 756E7369 		.ascii	"unsigned char\000"
 595      676E6564 
 595      20636861 
 595      7200
 596              	.LASF11:
 597 0087 63686172 		.ascii	"char\000"
 597      00
 598              	.LASF23:
 599 008c 443A5C54 		.ascii	"D:\\TUTORIALS\\PSOC_LAB2\\LCD_DisplaY.cydsn\000"
 599      55544F52 
 599      49414C53 
 599      5C50534F 
 599      435F4C41 
 600              	.LASF4:
 601 00b5 6C6F6E67 		.ascii	"long int\000"
 601      20696E74 
 601      00
ARM GAS  C:\Users\Zeynep\AppData\Local\Temp\ccGFauWU.s 			page 13


 602              	.LASF14:
 603 00be 4C43445F 		.ascii	"LCD_A_Write\000"
 603      415F5772 
 603      69746500 
 604              	.LASF10:
 605 00ca 646F7562 		.ascii	"double\000"
 605      6C6500
 606              	.LASF18:
 607 00d1 4C43445F 		.ascii	"LCD_Position\000"
 607      506F7369 
 607      74696F6E 
 607      00
 608              	.LASF21:
 609 00de 474E5520 		.ascii	"GNU C11 5.4.1 20160609 (release) [ARM/embedded-5-br"
 609      43313120 
 609      352E342E 
 609      31203230 
 609      31363036 
 610 0111 616E6368 		.ascii	"anch revision 237715] -mcpu=cortex-m0 -mthumb -g -O"
 610      20726576 
 610      6973696F 
 610      6E203233 
 610      37373135 
 611 0144 67202D66 		.ascii	"g -ffunction-sections -ffat-lto-objects\000"
 611      66756E63 
 611      74696F6E 
 611      2D736563 
 611      74696F6E 
 612              	.LASF3:
 613 016c 73686F72 		.ascii	"short unsigned int\000"
 613      7420756E 
 613      7369676E 
 613      65642069 
 613      6E7400
 614              	.LASF0:
 615 017f 7369676E 		.ascii	"signed char\000"
 615      65642063 
 615      68617200 
 616              	.LASF13:
 617 018b 6C6F6E67 		.ascii	"long double\000"
 617      20646F75 
 617      626C6500 
 618              	.LASF12:
 619 0197 73697A65 		.ascii	"sizetype\000"
 619      74797065 
 619      00
 620              	.LASF2:
 621 01a0 73686F72 		.ascii	"short int\000"
 621      7420696E 
 621      7400
 622              	.LASF15:
 623 01aa 4C43445F 		.ascii	"LCD_K_Write\000"
 623      4B5F5772 
 623      69746500 
 624              	.LASF19:
 625 01b6 4C43445F 		.ascii	"LCD_PrintString\000"
 625      5072696E 
ARM GAS  C:\Users\Zeynep\AppData\Local\Temp\ccGFauWU.s 			page 14


 625      74537472 
 625      696E6700 
 626              		.ident	"GCC: (GNU Tools for ARM Embedded Processors) 5.4.1 20160609 (release) [ARM/embedded-5-bran
