ARM GAS  C:\Users\user\AppData\Local\Temp\ccrAmbpE.s 			page 1


   1              		.syntax unified
   2              		.cpu cortex-m0
   3              		.fpu softvfp
   4              		.eabi_attribute 20, 1
   5              		.eabi_attribute 21, 1
   6              		.eabi_attribute 23, 3
   7              		.eabi_attribute 24, 1
   8              		.eabi_attribute 25, 1
   9              		.eabi_attribute 26, 1
  10              		.eabi_attribute 30, 1
  11              		.eabi_attribute 34, 0
  12              		.eabi_attribute 18, 4
  13              		.thumb
  14              		.syntax unified
  15              		.file	"cyfitter_cfg.c"
  16              		.text
  17              	.Ltext0:
  18              		.cfi_sections	.debug_frame
  19              		.section	.text.CYMEMZERO,"ax",%progbits
  20              		.align	2
  21              		.code	16
  22              		.thumb_func
  23              		.type	CYMEMZERO, %function
  24              	CYMEMZERO:
  25              	.LFB0:
  26              		.file 1 "Generated_Source\\PSoC4\\cyfitter_cfg.c"
   1:Generated_Source\PSoC4/cyfitter_cfg.c **** 
   2:Generated_Source\PSoC4/cyfitter_cfg.c **** /*******************************************************************************
   3:Generated_Source\PSoC4/cyfitter_cfg.c **** * File Name: cyfitter_cfg.c
   4:Generated_Source\PSoC4/cyfitter_cfg.c **** * 
   5:Generated_Source\PSoC4/cyfitter_cfg.c **** * PSoC Creator  4.4
   6:Generated_Source\PSoC4/cyfitter_cfg.c **** *
   7:Generated_Source\PSoC4/cyfitter_cfg.c **** * Description:
   8:Generated_Source\PSoC4/cyfitter_cfg.c **** * This file contains device initialization code.
   9:Generated_Source\PSoC4/cyfitter_cfg.c **** * Except for the user defined sections in CyClockStartupError(), this file should not be modified.
  10:Generated_Source\PSoC4/cyfitter_cfg.c **** * This file is automatically generated by PSoC Creator.
  11:Generated_Source\PSoC4/cyfitter_cfg.c **** *
  12:Generated_Source\PSoC4/cyfitter_cfg.c **** ********************************************************************************
  13:Generated_Source\PSoC4/cyfitter_cfg.c **** * Copyright (c) 2007-2020 Cypress Semiconductor.  All rights reserved.
  14:Generated_Source\PSoC4/cyfitter_cfg.c **** * You may use this file only in accordance with the license, terms, conditions, 
  15:Generated_Source\PSoC4/cyfitter_cfg.c **** * disclaimers, and limitations in the end user license agreement accompanying 
  16:Generated_Source\PSoC4/cyfitter_cfg.c **** * the software package with which this file was provided.
  17:Generated_Source\PSoC4/cyfitter_cfg.c **** ********************************************************************************/
  18:Generated_Source\PSoC4/cyfitter_cfg.c **** 
  19:Generated_Source\PSoC4/cyfitter_cfg.c **** #include <string.h>
  20:Generated_Source\PSoC4/cyfitter_cfg.c **** #include "cytypes.h"
  21:Generated_Source\PSoC4/cyfitter_cfg.c **** #include "cydevice_trm.h"
  22:Generated_Source\PSoC4/cyfitter_cfg.c **** #include "cyfitter.h"
  23:Generated_Source\PSoC4/cyfitter_cfg.c **** #include "CyLib.h"
  24:Generated_Source\PSoC4/cyfitter_cfg.c **** #include "CyLFClk.h"
  25:Generated_Source\PSoC4/cyfitter_cfg.c **** #include "cyfitter_cfg.h"
  26:Generated_Source\PSoC4/cyfitter_cfg.c **** #include "cyapicallbacks.h"
  27:Generated_Source\PSoC4/cyfitter_cfg.c **** 
  28:Generated_Source\PSoC4/cyfitter_cfg.c **** 
  29:Generated_Source\PSoC4/cyfitter_cfg.c **** #if defined(__GNUC__) || defined(__ARMCC_VERSION)
  30:Generated_Source\PSoC4/cyfitter_cfg.c ****     #define CYPACKED 
  31:Generated_Source\PSoC4/cyfitter_cfg.c ****     #define CYPACKED_ATTR __attribute__ ((packed))
ARM GAS  C:\Users\user\AppData\Local\Temp\ccrAmbpE.s 			page 2


  32:Generated_Source\PSoC4/cyfitter_cfg.c ****     #define CYALIGNED __attribute__ ((aligned))
  33:Generated_Source\PSoC4/cyfitter_cfg.c ****     #define CY_CFG_UNUSED __attribute__ ((unused))
  34:Generated_Source\PSoC4/cyfitter_cfg.c ****     #ifndef CY_CFG_SECTION
  35:Generated_Source\PSoC4/cyfitter_cfg.c ****         #define CY_CFG_SECTION __attribute__ ((section(".psocinit")))
  36:Generated_Source\PSoC4/cyfitter_cfg.c ****     #endif
  37:Generated_Source\PSoC4/cyfitter_cfg.c ****     
  38:Generated_Source\PSoC4/cyfitter_cfg.c ****     #if defined(__ARMCC_VERSION)
  39:Generated_Source\PSoC4/cyfitter_cfg.c ****         #define CY_CFG_MEMORY_BARRIER() __memory_changed()
  40:Generated_Source\PSoC4/cyfitter_cfg.c ****     #else
  41:Generated_Source\PSoC4/cyfitter_cfg.c ****         #define CY_CFG_MEMORY_BARRIER() __sync_synchronize()
  42:Generated_Source\PSoC4/cyfitter_cfg.c ****     #endif
  43:Generated_Source\PSoC4/cyfitter_cfg.c ****     
  44:Generated_Source\PSoC4/cyfitter_cfg.c **** #elif defined(__ICCARM__)
  45:Generated_Source\PSoC4/cyfitter_cfg.c ****     #include <intrinsics.h>
  46:Generated_Source\PSoC4/cyfitter_cfg.c **** 
  47:Generated_Source\PSoC4/cyfitter_cfg.c ****     #define CYPACKED __packed
  48:Generated_Source\PSoC4/cyfitter_cfg.c ****     #define CYPACKED_ATTR 
  49:Generated_Source\PSoC4/cyfitter_cfg.c ****     #define CYALIGNED _Pragma("data_alignment=4")
  50:Generated_Source\PSoC4/cyfitter_cfg.c ****     #define CY_CFG_UNUSED _Pragma("diag_suppress=Pe177")
  51:Generated_Source\PSoC4/cyfitter_cfg.c ****     #define CY_CFG_SECTION _Pragma("location=\".psocinit\"")
  52:Generated_Source\PSoC4/cyfitter_cfg.c ****     
  53:Generated_Source\PSoC4/cyfitter_cfg.c ****     #define CY_CFG_MEMORY_BARRIER() __DMB()
  54:Generated_Source\PSoC4/cyfitter_cfg.c ****     
  55:Generated_Source\PSoC4/cyfitter_cfg.c **** #else
  56:Generated_Source\PSoC4/cyfitter_cfg.c ****     #error Unsupported toolchain
  57:Generated_Source\PSoC4/cyfitter_cfg.c **** #endif
  58:Generated_Source\PSoC4/cyfitter_cfg.c **** 
  59:Generated_Source\PSoC4/cyfitter_cfg.c **** #ifndef CYCODE
  60:Generated_Source\PSoC4/cyfitter_cfg.c ****     #define CYCODE
  61:Generated_Source\PSoC4/cyfitter_cfg.c **** #endif
  62:Generated_Source\PSoC4/cyfitter_cfg.c **** #ifndef CYDATA
  63:Generated_Source\PSoC4/cyfitter_cfg.c ****     #define CYDATA
  64:Generated_Source\PSoC4/cyfitter_cfg.c **** #endif
  65:Generated_Source\PSoC4/cyfitter_cfg.c **** #ifndef CYFAR
  66:Generated_Source\PSoC4/cyfitter_cfg.c ****     #define CYFAR
  67:Generated_Source\PSoC4/cyfitter_cfg.c **** #endif
  68:Generated_Source\PSoC4/cyfitter_cfg.c **** #ifndef CYXDATA
  69:Generated_Source\PSoC4/cyfitter_cfg.c ****     #define CYXDATA
  70:Generated_Source\PSoC4/cyfitter_cfg.c **** #endif
  71:Generated_Source\PSoC4/cyfitter_cfg.c **** 
  72:Generated_Source\PSoC4/cyfitter_cfg.c **** 
  73:Generated_Source\PSoC4/cyfitter_cfg.c **** CY_CFG_UNUSED
  74:Generated_Source\PSoC4/cyfitter_cfg.c **** static void CYMEMZERO(void *s, size_t n);
  75:Generated_Source\PSoC4/cyfitter_cfg.c **** CY_CFG_UNUSED
  76:Generated_Source\PSoC4/cyfitter_cfg.c **** static void CYMEMZERO(void *s, size_t n)
  77:Generated_Source\PSoC4/cyfitter_cfg.c **** {
  27              		.loc 1 77 0
  28              		.cfi_startproc
  29              		@ args = 0, pretend = 0, frame = 0
  30              		@ frame_needed = 0, uses_anonymous_args = 0
  31              	.LVL0:
  32 0000 10B5     		push	{r4, lr}
  33              		.cfi_def_cfa_offset 8
  34              		.cfi_offset 4, -8
  35              		.cfi_offset 14, -4
  36 0002 0A00     		movs	r2, r1
  78:Generated_Source\PSoC4/cyfitter_cfg.c **** 	(void)memset(s, 0, n);
ARM GAS  C:\Users\user\AppData\Local\Temp\ccrAmbpE.s 			page 3


  37              		.loc 1 78 0
  38 0004 0021     		movs	r1, #0
  39              	.LVL1:
  40 0006 FFF7FEFF 		bl	memset
  41              	.LVL2:
  79:Generated_Source\PSoC4/cyfitter_cfg.c **** }
  42              		.loc 1 79 0
  43              		@ sp needed
  44 000a 10BD     		pop	{r4, pc}
  45              		.cfi_endproc
  46              	.LFE0:
  47              		.size	CYMEMZERO, .-CYMEMZERO
  48              		.section	.psocinit,"ax",%progbits
  49              		.align	2
  50              		.code	16
  51              		.thumb_func
  52              		.type	ClockSetup, %function
  53              	ClockSetup:
  54              	.LFB3:
  80:Generated_Source\PSoC4/cyfitter_cfg.c **** CY_CFG_UNUSED
  81:Generated_Source\PSoC4/cyfitter_cfg.c **** static void CYCONFIGCPY(void *dest, const void *src, size_t n);
  82:Generated_Source\PSoC4/cyfitter_cfg.c **** CY_CFG_UNUSED
  83:Generated_Source\PSoC4/cyfitter_cfg.c **** static void CYCONFIGCPY(void *dest, const void *src, size_t n)
  84:Generated_Source\PSoC4/cyfitter_cfg.c **** {
  85:Generated_Source\PSoC4/cyfitter_cfg.c **** 	(void)memcpy(dest, src, n);
  86:Generated_Source\PSoC4/cyfitter_cfg.c **** }
  87:Generated_Source\PSoC4/cyfitter_cfg.c **** CY_CFG_UNUSED
  88:Generated_Source\PSoC4/cyfitter_cfg.c **** static void CYCONFIGCPYCODE(void *dest, const void *src, size_t n);
  89:Generated_Source\PSoC4/cyfitter_cfg.c **** CY_CFG_UNUSED
  90:Generated_Source\PSoC4/cyfitter_cfg.c **** static void CYCONFIGCPYCODE(void *dest, const void *src, size_t n)
  91:Generated_Source\PSoC4/cyfitter_cfg.c **** {
  92:Generated_Source\PSoC4/cyfitter_cfg.c **** 	(void)memcpy(dest, src, n);
  93:Generated_Source\PSoC4/cyfitter_cfg.c **** }
  94:Generated_Source\PSoC4/cyfitter_cfg.c **** 
  95:Generated_Source\PSoC4/cyfitter_cfg.c **** 
  96:Generated_Source\PSoC4/cyfitter_cfg.c **** 
  97:Generated_Source\PSoC4/cyfitter_cfg.c **** 
  98:Generated_Source\PSoC4/cyfitter_cfg.c **** /* Clock startup error codes                                                   */
  99:Generated_Source\PSoC4/cyfitter_cfg.c **** #define CYCLOCKSTART_NO_ERROR    0u
 100:Generated_Source\PSoC4/cyfitter_cfg.c **** #define CYCLOCKSTART_XTAL_ERROR  1u
 101:Generated_Source\PSoC4/cyfitter_cfg.c **** #define CYCLOCKSTART_32KHZ_ERROR 2u
 102:Generated_Source\PSoC4/cyfitter_cfg.c **** #define CYCLOCKSTART_PLL_ERROR   3u
 103:Generated_Source\PSoC4/cyfitter_cfg.c **** #define CYCLOCKSTART_FLL_ERROR   4u
 104:Generated_Source\PSoC4/cyfitter_cfg.c **** #define CYCLOCKSTART_WCO_ERROR   5u
 105:Generated_Source\PSoC4/cyfitter_cfg.c **** 
 106:Generated_Source\PSoC4/cyfitter_cfg.c **** 
 107:Generated_Source\PSoC4/cyfitter_cfg.c **** #ifdef CY_NEED_CYCLOCKSTARTUPERROR
 108:Generated_Source\PSoC4/cyfitter_cfg.c **** /*******************************************************************************
 109:Generated_Source\PSoC4/cyfitter_cfg.c **** * Function Name: CyClockStartupError
 110:Generated_Source\PSoC4/cyfitter_cfg.c **** ********************************************************************************
 111:Generated_Source\PSoC4/cyfitter_cfg.c **** * Summary:
 112:Generated_Source\PSoC4/cyfitter_cfg.c **** *  If an error is encountered during clock configuration (crystal startup error,
 113:Generated_Source\PSoC4/cyfitter_cfg.c **** *  PLL lock error, etc.), the system will end up here.  Unless reimplemented by
 114:Generated_Source\PSoC4/cyfitter_cfg.c **** *  the customer, this function will stop in an infinite loop.
 115:Generated_Source\PSoC4/cyfitter_cfg.c **** *
 116:Generated_Source\PSoC4/cyfitter_cfg.c **** * Parameters:
 117:Generated_Source\PSoC4/cyfitter_cfg.c **** *   void
ARM GAS  C:\Users\user\AppData\Local\Temp\ccrAmbpE.s 			page 4


 118:Generated_Source\PSoC4/cyfitter_cfg.c **** *
 119:Generated_Source\PSoC4/cyfitter_cfg.c **** * Return:
 120:Generated_Source\PSoC4/cyfitter_cfg.c **** *   void
 121:Generated_Source\PSoC4/cyfitter_cfg.c **** *
 122:Generated_Source\PSoC4/cyfitter_cfg.c **** *******************************************************************************/
 123:Generated_Source\PSoC4/cyfitter_cfg.c **** CY_CFG_UNUSED
 124:Generated_Source\PSoC4/cyfitter_cfg.c **** static void CyClockStartupError(uint8 errorCode);
 125:Generated_Source\PSoC4/cyfitter_cfg.c **** CY_CFG_UNUSED
 126:Generated_Source\PSoC4/cyfitter_cfg.c **** static void CyClockStartupError(uint8 errorCode)
 127:Generated_Source\PSoC4/cyfitter_cfg.c **** {
 128:Generated_Source\PSoC4/cyfitter_cfg.c ****     /* To remove the compiler warning if errorCode not used.                */
 129:Generated_Source\PSoC4/cyfitter_cfg.c ****     errorCode = errorCode;
 130:Generated_Source\PSoC4/cyfitter_cfg.c **** 
 131:Generated_Source\PSoC4/cyfitter_cfg.c ****     /* If we have a clock startup error (bad MHz crystal, PLL lock, etc.),  */
 132:Generated_Source\PSoC4/cyfitter_cfg.c ****     /* we will end up here to allow the customer to implement something to  */
 133:Generated_Source\PSoC4/cyfitter_cfg.c ****     /* deal with the clock condition.                                       */
 134:Generated_Source\PSoC4/cyfitter_cfg.c **** 
 135:Generated_Source\PSoC4/cyfitter_cfg.c **** #ifdef CY_CFG_CLOCK_STARTUP_ERROR_CALLBACK
 136:Generated_Source\PSoC4/cyfitter_cfg.c ****     CY_CFG_Clock_Startup_ErrorCallback();
 137:Generated_Source\PSoC4/cyfitter_cfg.c **** #else
 138:Generated_Source\PSoC4/cyfitter_cfg.c ****     /*  If not using CY_CFG_CLOCK_STARTUP_ERROR_CALLBACK, place your clock startup code here. */
 139:Generated_Source\PSoC4/cyfitter_cfg.c ****     /* `#START CyClockStartupError` */
 140:Generated_Source\PSoC4/cyfitter_cfg.c **** 
 141:Generated_Source\PSoC4/cyfitter_cfg.c **** 
 142:Generated_Source\PSoC4/cyfitter_cfg.c **** 
 143:Generated_Source\PSoC4/cyfitter_cfg.c ****     /* `#END` */
 144:Generated_Source\PSoC4/cyfitter_cfg.c **** 
 145:Generated_Source\PSoC4/cyfitter_cfg.c ****     while(1) {}
 146:Generated_Source\PSoC4/cyfitter_cfg.c **** #endif /* CY_CFG_CLOCK_STARTUP_ERROR_CALLBACK */
 147:Generated_Source\PSoC4/cyfitter_cfg.c **** }
 148:Generated_Source\PSoC4/cyfitter_cfg.c **** #endif
 149:Generated_Source\PSoC4/cyfitter_cfg.c **** 
 150:Generated_Source\PSoC4/cyfitter_cfg.c **** 
 151:Generated_Source\PSoC4/cyfitter_cfg.c **** 
 152:Generated_Source\PSoC4/cyfitter_cfg.c **** /*******************************************************************************
 153:Generated_Source\PSoC4/cyfitter_cfg.c **** * Function Name: ClockSetup
 154:Generated_Source\PSoC4/cyfitter_cfg.c **** ********************************************************************************
 155:Generated_Source\PSoC4/cyfitter_cfg.c **** *
 156:Generated_Source\PSoC4/cyfitter_cfg.c **** * Summary:
 157:Generated_Source\PSoC4/cyfitter_cfg.c **** *   Performs the initialization of all of the clocks in the device based on the
 158:Generated_Source\PSoC4/cyfitter_cfg.c **** *   settings in the Clock tab of the DWR.  This includes enabling the requested
 159:Generated_Source\PSoC4/cyfitter_cfg.c **** *   clocks and setting the necessary dividers to produce the desired frequency. 
 160:Generated_Source\PSoC4/cyfitter_cfg.c **** *
 161:Generated_Source\PSoC4/cyfitter_cfg.c **** * Parameters:
 162:Generated_Source\PSoC4/cyfitter_cfg.c **** *   void
 163:Generated_Source\PSoC4/cyfitter_cfg.c **** *
 164:Generated_Source\PSoC4/cyfitter_cfg.c **** * Return:
 165:Generated_Source\PSoC4/cyfitter_cfg.c **** *   void
 166:Generated_Source\PSoC4/cyfitter_cfg.c **** *
 167:Generated_Source\PSoC4/cyfitter_cfg.c **** *******************************************************************************/
 168:Generated_Source\PSoC4/cyfitter_cfg.c **** static void ClockSetup(void);
 169:Generated_Source\PSoC4/cyfitter_cfg.c **** CY_CFG_SECTION
 170:Generated_Source\PSoC4/cyfitter_cfg.c **** static void ClockSetup(void)
 171:Generated_Source\PSoC4/cyfitter_cfg.c **** {
  55              		.loc 1 171 0
  56              		.cfi_startproc
  57              		@ args = 0, pretend = 0, frame = 0
ARM GAS  C:\Users\user\AppData\Local\Temp\ccrAmbpE.s 			page 5


  58              		@ frame_needed = 0, uses_anonymous_args = 0
  59 0000 70B5     		push	{r4, r5, r6, lr}
  60              		.cfi_def_cfa_offset 16
  61              		.cfi_offset 4, -16
  62              		.cfi_offset 5, -12
  63              		.cfi_offset 6, -8
  64              		.cfi_offset 14, -4
 172:Generated_Source\PSoC4/cyfitter_cfg.c **** 	/* Enable HALF_EN before trimming for the flash accelerator. */
 173:Generated_Source\PSoC4/cyfitter_cfg.c **** 	CY_SET_REG32((void CYXDATA *)(CYREG_CLK_SELECT), (CY_GET_REG32((void *)CYREG_CLK_SELECT) | 0x00040
  65              		.loc 1 173 0
  66 0002 164C     		ldr	r4, .L3
  67 0004 2368     		ldr	r3, [r4]
  68 0006 8022     		movs	r2, #128
  69 0008 D202     		lsls	r2, r2, #11
  70 000a 1343     		orrs	r3, r2
  71 000c 2360     		str	r3, [r4]
 174:Generated_Source\PSoC4/cyfitter_cfg.c **** 
 175:Generated_Source\PSoC4/cyfitter_cfg.c **** 	/* Setup and trim IMO based on desired frequency. */
 176:Generated_Source\PSoC4/cyfitter_cfg.c **** 	CySysClkWriteImoFreq(24u);
  72              		.loc 1 176 0
  73 000e 1820     		movs	r0, #24
  74 0010 FFF7FEFF 		bl	CySysClkWriteImoFreq
  75              	.LVL3:
 177:Generated_Source\PSoC4/cyfitter_cfg.c **** 
 178:Generated_Source\PSoC4/cyfitter_cfg.c **** 	/* Disable HALF_EN since it is not required at this IMO frequency. */
 179:Generated_Source\PSoC4/cyfitter_cfg.c **** 	CY_SET_REG32((void CYXDATA *)(CYREG_CLK_SELECT), (CY_GET_REG32((void *)CYREG_CLK_SELECT) & 0xFFFBF
  76              		.loc 1 179 0
  77 0014 2268     		ldr	r2, [r4]
  78 0016 124B     		ldr	r3, .L3+4
  79 0018 1340     		ands	r3, r2
  80 001a 2360     		str	r3, [r4]
 180:Generated_Source\PSoC4/cyfitter_cfg.c **** 	/* CYDEV_CLK_ILO_CONFIG Starting address: CYDEV_CLK_ILO_CONFIG */
 181:Generated_Source\PSoC4/cyfitter_cfg.c **** 	CY_SET_REG32((void *)(CYREG_CLK_ILO_CONFIG), 0x80000006u);
  81              		.loc 1 181 0
  82 001c 114A     		ldr	r2, .L3+8
  83 001e 124B     		ldr	r3, .L3+12
  84 0020 1A60     		str	r2, [r3]
 182:Generated_Source\PSoC4/cyfitter_cfg.c **** 
 183:Generated_Source\PSoC4/cyfitter_cfg.c **** 
 184:Generated_Source\PSoC4/cyfitter_cfg.c **** 	/* CYDEV_CLK_SELECT00 Starting address: CYDEV_CLK_SELECT00 */
 185:Generated_Source\PSoC4/cyfitter_cfg.c **** 	CY_SET_REG32((void *)(CYREG_CLK_SELECT03), 0x00000020u);
  85              		.loc 1 185 0
  86 0022 2022     		movs	r2, #32
  87 0024 114B     		ldr	r3, .L3+16
  88 0026 1A60     		str	r2, [r3]
 186:Generated_Source\PSoC4/cyfitter_cfg.c **** 	CY_SET_REG32((void *)(CYREG_CLK_SELECT08), 0x00000010u);
  89              		.loc 1 186 0
  90 0028 103A     		subs	r2, r2, #16
  91 002a 114B     		ldr	r3, .L3+20
  92 002c 1A60     		str	r2, [r3]
 187:Generated_Source\PSoC4/cyfitter_cfg.c **** 
 188:Generated_Source\PSoC4/cyfitter_cfg.c **** 	/* CYDEV_CLK_IMO_CONFIG Starting address: CYDEV_CLK_IMO_CONFIG */
 189:Generated_Source\PSoC4/cyfitter_cfg.c **** 	CY_SET_REG32((void *)(CYREG_CLK_IMO_CONFIG), 0x80000000u);
  93              		.loc 1 189 0
  94 002e 8022     		movs	r2, #128
  95 0030 1206     		lsls	r2, r2, #24
  96 0032 104B     		ldr	r3, .L3+24
ARM GAS  C:\Users\user\AppData\Local\Temp\ccrAmbpE.s 			page 6


  97 0034 1A60     		str	r2, [r3]
 190:Generated_Source\PSoC4/cyfitter_cfg.c **** 
 191:Generated_Source\PSoC4/cyfitter_cfg.c **** 	/* CYDEV_CLK_SELECT Starting address: CYDEV_CLK_SELECT */
 192:Generated_Source\PSoC4/cyfitter_cfg.c **** 	CY_SET_REG32((void *)(CYREG_CLK_SELECT), 0x00000000u);
  98              		.loc 1 192 0
  99 0036 0025     		movs	r5, #0
 100 0038 2560     		str	r5, [r4]
 193:Generated_Source\PSoC4/cyfitter_cfg.c **** 
 194:Generated_Source\PSoC4/cyfitter_cfg.c **** 	/* CYDEV_CLK_DIVIDER_A00 Starting address: CYDEV_CLK_DIVIDER_A00 */
 195:Generated_Source\PSoC4/cyfitter_cfg.c **** 	CY_SET_REG32((void *)(CYREG_CLK_DIVIDER_A00), 0x80000001u);
 101              		.loc 1 195 0
 102 003a 0F4A     		ldr	r2, .L3+28
 103 003c 0F4B     		ldr	r3, .L3+32
 104 003e 1A60     		str	r2, [r3]
 196:Generated_Source\PSoC4/cyfitter_cfg.c **** 
 197:Generated_Source\PSoC4/cyfitter_cfg.c **** 	/* CYDEV_CLK_DIVIDER_B00 Starting address: CYDEV_CLK_DIVIDER_B00 */
 198:Generated_Source\PSoC4/cyfitter_cfg.c **** 	CY_SET_REG32((void *)(CYREG_CLK_DIVIDER_B00), 0x80000010u);
 105              		.loc 1 198 0
 106 0040 0F4A     		ldr	r2, .L3+36
 107 0042 104B     		ldr	r3, .L3+40
 108 0044 1A60     		str	r2, [r3]
 199:Generated_Source\PSoC4/cyfitter_cfg.c **** 
 200:Generated_Source\PSoC4/cyfitter_cfg.c **** 	(void)CyIntSetVector(9u, &CySysWdtIsr);
 109              		.loc 1 200 0
 110 0046 1049     		ldr	r1, .L3+44
 111 0048 0920     		movs	r0, #9
 112 004a FFF7FEFF 		bl	CyIntSetVector
 113              	.LVL4:
 201:Generated_Source\PSoC4/cyfitter_cfg.c **** 	CyIntEnable(9u);
 114              		.loc 1 201 0
 115 004e 0920     		movs	r0, #9
 116 0050 FFF7FEFF 		bl	CyIntEnable
 117              	.LVL5:
 202:Generated_Source\PSoC4/cyfitter_cfg.c **** 	CY_SET_REG32((void *)(CYREG_WDT_CONFIG), 0x00000000u);
 118              		.loc 1 202 0
 119 0054 0D4B     		ldr	r3, .L3+48
 120 0056 1D60     		str	r5, [r3]
 203:Generated_Source\PSoC4/cyfitter_cfg.c **** }
 121              		.loc 1 203 0
 122              		@ sp needed
 123 0058 70BD     		pop	{r4, r5, r6, pc}
 124              	.L4:
 125 005a C046     		.align	2
 126              	.L3:
 127 005c 00010B40 		.word	1074462976
 128 0060 FFFFFBFF 		.word	-262145
 129 0064 06000080 		.word	-2147483642
 130 0068 04010B40 		.word	1074462980
 131 006c 0C020240 		.word	1073873420
 132 0070 20020240 		.word	1073873440
 133 0074 08010B40 		.word	1074462984
 134 0078 01000080 		.word	-2147483647
 135 007c 00000240 		.word	1073872896
 136 0080 10000080 		.word	-2147483632
 137 0084 40000240 		.word	1073872960
 138 0088 00000000 		.word	CySysWdtIsr
 139 008c 0C020B40 		.word	1074463244
ARM GAS  C:\Users\user\AppData\Local\Temp\ccrAmbpE.s 			page 7


 140              		.cfi_endproc
 141              	.LFE3:
 142              		.size	ClockSetup, .-ClockSetup
 143              		.align	2
 144              		.global	cyfitter_cfg
 145              		.code	16
 146              		.thumb_func
 147              		.type	cyfitter_cfg, %function
 148              	cyfitter_cfg:
 149              	.LFB5:
 204:Generated_Source\PSoC4/cyfitter_cfg.c **** 
 205:Generated_Source\PSoC4/cyfitter_cfg.c **** 
 206:Generated_Source\PSoC4/cyfitter_cfg.c **** /* Analog API Functions */
 207:Generated_Source\PSoC4/cyfitter_cfg.c **** 
 208:Generated_Source\PSoC4/cyfitter_cfg.c **** 
 209:Generated_Source\PSoC4/cyfitter_cfg.c **** /*******************************************************************************
 210:Generated_Source\PSoC4/cyfitter_cfg.c **** * Function Name: AnalogSetDefault
 211:Generated_Source\PSoC4/cyfitter_cfg.c **** ********************************************************************************
 212:Generated_Source\PSoC4/cyfitter_cfg.c **** *
 213:Generated_Source\PSoC4/cyfitter_cfg.c **** * Summary:
 214:Generated_Source\PSoC4/cyfitter_cfg.c **** *  Sets up the analog portions of the chip to default values based on chip
 215:Generated_Source\PSoC4/cyfitter_cfg.c **** *  configuration options from the project.
 216:Generated_Source\PSoC4/cyfitter_cfg.c **** *
 217:Generated_Source\PSoC4/cyfitter_cfg.c **** * Parameters:
 218:Generated_Source\PSoC4/cyfitter_cfg.c **** *  void
 219:Generated_Source\PSoC4/cyfitter_cfg.c **** *
 220:Generated_Source\PSoC4/cyfitter_cfg.c **** * Return:
 221:Generated_Source\PSoC4/cyfitter_cfg.c **** *  void
 222:Generated_Source\PSoC4/cyfitter_cfg.c **** *
 223:Generated_Source\PSoC4/cyfitter_cfg.c **** *******************************************************************************/
 224:Generated_Source\PSoC4/cyfitter_cfg.c **** static void AnalogSetDefault(void);
 225:Generated_Source\PSoC4/cyfitter_cfg.c **** static void AnalogSetDefault(void)
 226:Generated_Source\PSoC4/cyfitter_cfg.c **** {
 227:Generated_Source\PSoC4/cyfitter_cfg.c **** }
 228:Generated_Source\PSoC4/cyfitter_cfg.c **** 
 229:Generated_Source\PSoC4/cyfitter_cfg.c **** 
 230:Generated_Source\PSoC4/cyfitter_cfg.c **** 
 231:Generated_Source\PSoC4/cyfitter_cfg.c **** 
 232:Generated_Source\PSoC4/cyfitter_cfg.c **** /*******************************************************************************
 233:Generated_Source\PSoC4/cyfitter_cfg.c **** * Function Name: cyfitter_cfg
 234:Generated_Source\PSoC4/cyfitter_cfg.c **** ********************************************************************************
 235:Generated_Source\PSoC4/cyfitter_cfg.c **** * Summary:
 236:Generated_Source\PSoC4/cyfitter_cfg.c **** *  This function is called by the start-up code for the selected device. It
 237:Generated_Source\PSoC4/cyfitter_cfg.c **** *  performs all of the necessary device configuration based on the design
 238:Generated_Source\PSoC4/cyfitter_cfg.c **** *  settings.  This includes settings from the Design Wide Resources (DWR) such
 239:Generated_Source\PSoC4/cyfitter_cfg.c **** *  as Clocks and Pins as well as any component configuration that is necessary.
 240:Generated_Source\PSoC4/cyfitter_cfg.c **** *
 241:Generated_Source\PSoC4/cyfitter_cfg.c **** * Parameters:
 242:Generated_Source\PSoC4/cyfitter_cfg.c **** *   void
 243:Generated_Source\PSoC4/cyfitter_cfg.c **** *
 244:Generated_Source\PSoC4/cyfitter_cfg.c **** * Return:
 245:Generated_Source\PSoC4/cyfitter_cfg.c **** *   void
 246:Generated_Source\PSoC4/cyfitter_cfg.c **** *
 247:Generated_Source\PSoC4/cyfitter_cfg.c **** *******************************************************************************/
 248:Generated_Source\PSoC4/cyfitter_cfg.c **** CY_CFG_SECTION
 249:Generated_Source\PSoC4/cyfitter_cfg.c **** void cyfitter_cfg(void)
 250:Generated_Source\PSoC4/cyfitter_cfg.c **** {
ARM GAS  C:\Users\user\AppData\Local\Temp\ccrAmbpE.s 			page 8


 150              		.loc 1 250 0
 151              		.cfi_startproc
 152              		@ args = 0, pretend = 0, frame = 0
 153              		@ frame_needed = 0, uses_anonymous_args = 0
 154 0090 10B5     		push	{r4, lr}
 155              		.cfi_def_cfa_offset 8
 156              		.cfi_offset 4, -8
 157              		.cfi_offset 14, -4
 251:Generated_Source\PSoC4/cyfitter_cfg.c **** 	/* Disable interrupts by default. Let user enable if/when they want. */
 252:Generated_Source\PSoC4/cyfitter_cfg.c **** 	CyGlobalIntDisable;
 158              		.loc 1 252 0
 159              		.syntax divided
 160              	@ 252 "Generated_Source\PSoC4\cyfitter_cfg.c" 1
 161 0092 72B6     		CPSID   i
 162              	@ 0 "" 2
 163              	.LVL6:
 164              		.thumb
 165              		.syntax unified
 166              	.LBB2:
 253:Generated_Source\PSoC4/cyfitter_cfg.c **** 
 254:Generated_Source\PSoC4/cyfitter_cfg.c **** 	{
 255:Generated_Source\PSoC4/cyfitter_cfg.c **** 
 256:Generated_Source\PSoC4/cyfitter_cfg.c **** 		CYPACKED typedef struct {
 257:Generated_Source\PSoC4/cyfitter_cfg.c **** 			void CYFAR *address;
 258:Generated_Source\PSoC4/cyfitter_cfg.c **** 			uint16 size;
 259:Generated_Source\PSoC4/cyfitter_cfg.c **** 		} CYPACKED_ATTR cfg_memset_t;
 260:Generated_Source\PSoC4/cyfitter_cfg.c **** 
 261:Generated_Source\PSoC4/cyfitter_cfg.c **** 		static const cfg_memset_t CYCODE cfg_memset_list[] = {
 262:Generated_Source\PSoC4/cyfitter_cfg.c **** 			/* address, size */
 263:Generated_Source\PSoC4/cyfitter_cfg.c **** 			{(void CYFAR *)(CYDEV_UDB_P0_U0_BASE), 1024u},
 264:Generated_Source\PSoC4/cyfitter_cfg.c **** 			{(void CYFAR *)(CYDEV_UDB_DSI0_BASE), 1024u},
 265:Generated_Source\PSoC4/cyfitter_cfg.c **** 		};
 266:Generated_Source\PSoC4/cyfitter_cfg.c **** 
 267:Generated_Source\PSoC4/cyfitter_cfg.c **** 		uint8 CYDATA i;
 268:Generated_Source\PSoC4/cyfitter_cfg.c **** 
 269:Generated_Source\PSoC4/cyfitter_cfg.c **** 		/* Zero out critical memory blocks before beginning configuration */
 270:Generated_Source\PSoC4/cyfitter_cfg.c **** 		for (i = 0u; i < (sizeof(cfg_memset_list)/sizeof(cfg_memset_list[0])); i++)
 167              		.loc 1 270 0
 168 0094 0024     		movs	r4, #0
 169 0096 0FE0     		b	.L6
 170              	.LVL7:
 171              	.L7:
 172              	.LBB3:
 271:Generated_Source\PSoC4/cyfitter_cfg.c **** 		{
 272:Generated_Source\PSoC4/cyfitter_cfg.c **** 			const cfg_memset_t CYCODE * CYDATA ms = &cfg_memset_list[i];
 273:Generated_Source\PSoC4/cyfitter_cfg.c **** 			CYMEMZERO(ms->address, (size_t)(uint32)(ms->size));
 173              		.loc 1 273 0 discriminator 3
 174 0098 1C48     		ldr	r0, .L8
 175 009a 6200     		lsls	r2, r4, #1
 176 009c 1319     		adds	r3, r2, r4
 177 009e 5900     		lsls	r1, r3, #1
 178 00a0 0B00     		movs	r3, r1
 179 00a2 4118     		adds	r1, r0, r1
 180 00a4 8988     		ldrh	r1, [r1, #4]
 181 00a6 1A5A     		ldrh	r2, [r3, r0]
 182 00a8 C318     		adds	r3, r0, r3
 183 00aa 5888     		ldrh	r0, [r3, #2]
ARM GAS  C:\Users\user\AppData\Local\Temp\ccrAmbpE.s 			page 9


 184 00ac 0004     		lsls	r0, r0, #16
 185 00ae 1043     		orrs	r0, r2
 186 00b0 FFF7FEFF 		bl	CYMEMZERO
 187              	.LVL8:
 188              	.LBE3:
 270:Generated_Source\PSoC4/cyfitter_cfg.c **** 		{
 189              		.loc 1 270 0 discriminator 3
 190 00b4 0134     		adds	r4, r4, #1
 191              	.LVL9:
 192 00b6 E4B2     		uxtb	r4, r4
 193              	.LVL10:
 194              	.L6:
 270:Generated_Source\PSoC4/cyfitter_cfg.c **** 		{
 195              		.loc 1 270 0 is_stmt 0 discriminator 1
 196 00b8 012C     		cmp	r4, #1
 197 00ba EDD9     		bls	.L7
 274:Generated_Source\PSoC4/cyfitter_cfg.c **** 		}
 275:Generated_Source\PSoC4/cyfitter_cfg.c **** 
 276:Generated_Source\PSoC4/cyfitter_cfg.c **** 		/* HSIOM Starting address: CYDEV_HSIOM_BASE */
 277:Generated_Source\PSoC4/cyfitter_cfg.c **** 		CY_SET_REG32((void *)(CYDEV_HSIOM_BASE), 0x00990000u);
 198              		.loc 1 277 0 is_stmt 1
 199 00bc 9923     		movs	r3, #153
 200 00be 1B04     		lsls	r3, r3, #16
 201 00c0 134A     		ldr	r2, .L8+4
 202 00c2 1360     		str	r3, [r2]
 278:Generated_Source\PSoC4/cyfitter_cfg.c **** 		CY_SET_REG32((void *)(CYREG_HSIOM_PORT_SEL3), 0x0000EE00u);
 203              		.loc 1 278 0
 204 00c4 EE21     		movs	r1, #238
 205 00c6 0902     		lsls	r1, r1, #8
 206 00c8 124A     		ldr	r2, .L8+8
 207 00ca 1160     		str	r1, [r2]
 279:Generated_Source\PSoC4/cyfitter_cfg.c **** 
 280:Generated_Source\PSoC4/cyfitter_cfg.c **** 		/* UDB_PA_0 Starting address: CYDEV_UDB_PA0_BASE */
 281:Generated_Source\PSoC4/cyfitter_cfg.c **** 		CY_SET_REG32((void *)(CYDEV_UDB_PA0_BASE), 0x00990000u);
 208              		.loc 1 281 0
 209 00cc 124A     		ldr	r2, .L8+12
 210 00ce 1360     		str	r3, [r2]
 282:Generated_Source\PSoC4/cyfitter_cfg.c **** 
 283:Generated_Source\PSoC4/cyfitter_cfg.c **** 		/* UDB_PA_2 Starting address: CYDEV_UDB_PA2_BASE */
 284:Generated_Source\PSoC4/cyfitter_cfg.c **** 		CY_SET_REG32((void *)(CYDEV_UDB_PA2_BASE), 0x00990000u);
 211              		.loc 1 284 0
 212 00d0 124A     		ldr	r2, .L8+16
 213 00d2 1360     		str	r3, [r2]
 285:Generated_Source\PSoC4/cyfitter_cfg.c **** 
 286:Generated_Source\PSoC4/cyfitter_cfg.c **** 		/* UDB_PA_3 Starting address: CYDEV_UDB_PA3_BASE */
 287:Generated_Source\PSoC4/cyfitter_cfg.c **** 		CY_SET_REG32((void *)(CYDEV_UDB_PA3_BASE), 0x00990000u);
 214              		.loc 1 287 0
 215 00d4 124A     		ldr	r2, .L8+20
 216 00d6 1360     		str	r3, [r2]
 288:Generated_Source\PSoC4/cyfitter_cfg.c **** 
 289:Generated_Source\PSoC4/cyfitter_cfg.c **** 		/* Enable digital routing */
 290:Generated_Source\PSoC4/cyfitter_cfg.c **** 		CY_SET_XTND_REG8((void *)CYREG_UDB_UDBIF_BANK_CTL, (uint8)(CY_GET_XTND_REG8((void *)CYREG_UDB_UDB
 217              		.loc 1 290 0
 218 00d8 124A     		ldr	r2, .L8+24
 219 00da 1178     		ldrb	r1, [r2]
 220 00dc 0623     		movs	r3, #6
 221 00de 0B43     		orrs	r3, r1
ARM GAS  C:\Users\user\AppData\Local\Temp\ccrAmbpE.s 			page 10


 222 00e0 DBB2     		uxtb	r3, r3
 223 00e2 1370     		strb	r3, [r2]
 224              	.LBE2:
 291:Generated_Source\PSoC4/cyfitter_cfg.c **** 	}
 292:Generated_Source\PSoC4/cyfitter_cfg.c **** 
 293:Generated_Source\PSoC4/cyfitter_cfg.c **** 	/* Perform second pass device configuration. These items must be configured in specific order afte
 294:Generated_Source\PSoC4/cyfitter_cfg.c **** 	/* IOPINS0_0 Starting address: CYDEV_PRT0_BASE */
 295:Generated_Source\PSoC4/cyfitter_cfg.c **** 	CY_SET_REG32((void *)(CYDEV_PRT0_BASE), 0x00000020u);
 225              		.loc 1 295 0
 226 00e4 2023     		movs	r3, #32
 227 00e6 104A     		ldr	r2, .L8+28
 228 00e8 1360     		str	r3, [r2]
 296:Generated_Source\PSoC4/cyfitter_cfg.c **** 	CY_SET_REG32((void *)(CYREG_PRT0_PC), 0x00031000u);
 229              		.loc 1 296 0
 230 00ea C421     		movs	r1, #196
 231 00ec 8902     		lsls	r1, r1, #10
 232 00ee 0F4A     		ldr	r2, .L8+32
 233 00f0 1160     		str	r1, [r2]
 297:Generated_Source\PSoC4/cyfitter_cfg.c **** 	CY_SET_REG32((void *)(CYREG_PRT0_PC2), 0x00000020u);
 234              		.loc 1 297 0
 235 00f2 0F4A     		ldr	r2, .L8+36
 236 00f4 1360     		str	r3, [r2]
 298:Generated_Source\PSoC4/cyfitter_cfg.c **** 
 299:Generated_Source\PSoC4/cyfitter_cfg.c **** 	/* IOPINS0_2 Starting address: CYDEV_PRT2_BASE */
 300:Generated_Source\PSoC4/cyfitter_cfg.c **** 	CY_SET_REG32((void *)(CYREG_PRT2_PC), 0x0000000Eu);
 237              		.loc 1 300 0
 238 00f6 0E22     		movs	r2, #14
 239 00f8 0E4B     		ldr	r3, .L8+40
 240 00fa 1A60     		str	r2, [r3]
 301:Generated_Source\PSoC4/cyfitter_cfg.c **** 
 302:Generated_Source\PSoC4/cyfitter_cfg.c **** 	/* IOPINS0_3 Starting address: CYDEV_PRT3_BASE */
 303:Generated_Source\PSoC4/cyfitter_cfg.c **** 	CY_SET_REG32((void *)(CYREG_PRT3_PC), 0x00000D80u);
 241              		.loc 1 303 0
 242 00fc D822     		movs	r2, #216
 243 00fe 1201     		lsls	r2, r2, #4
 244 0100 0D4B     		ldr	r3, .L8+44
 245 0102 1A60     		str	r2, [r3]
 304:Generated_Source\PSoC4/cyfitter_cfg.c **** 
 305:Generated_Source\PSoC4/cyfitter_cfg.c **** 
 306:Generated_Source\PSoC4/cyfitter_cfg.c **** 	/* Setup clocks based on selections from Clock DWR */
 307:Generated_Source\PSoC4/cyfitter_cfg.c **** 	ClockSetup();
 246              		.loc 1 307 0
 247 0104 FFF77CFF 		bl	ClockSetup
 248              	.LVL11:
 308:Generated_Source\PSoC4/cyfitter_cfg.c **** 
 309:Generated_Source\PSoC4/cyfitter_cfg.c **** 	/* Perform basic analog initialization to defaults */
 310:Generated_Source\PSoC4/cyfitter_cfg.c **** 	AnalogSetDefault();
 311:Generated_Source\PSoC4/cyfitter_cfg.c **** 
 312:Generated_Source\PSoC4/cyfitter_cfg.c **** }
 249              		.loc 1 312 0
 250              		@ sp needed
 251              	.LVL12:
 252 0108 10BD     		pop	{r4, pc}
 253              	.L9:
 254 010a C046     		.align	2
 255              	.L8:
 256 010c 00000000 		.word	.LANCHOR0
ARM GAS  C:\Users\user\AppData\Local\Temp\ccrAmbpE.s 			page 11


 257 0110 00000140 		.word	1073807360
 258 0114 0C000140 		.word	1073807372
 259 0118 00500F40 		.word	1074745344
 260 011c 20500F40 		.word	1074745376
 261 0120 30500F40 		.word	1074745392
 262 0124 00700F40 		.word	1074753536
 263 0128 00000440 		.word	1074003968
 264 012c 08000440 		.word	1074003976
 265 0130 18000440 		.word	1074003992
 266 0134 08020440 		.word	1074004488
 267 0138 08030440 		.word	1074004744
 268              		.cfi_endproc
 269              	.LFE5:
 270              		.size	cyfitter_cfg, .-cyfitter_cfg
 271              		.section	.rodata
 272              		.align	2
 273              		.set	.LANCHOR0,. + 0
 274              		.type	cfg_memset_list.4847, %object
 275              		.size	cfg_memset_list.4847, 12
 276              	cfg_memset_list.4847:
 277 0000 00300F40 		.word	1074737152
 278 0004 0004     		.short	1024
 279 0006 00400F40 		.4byte	1074741248
 280 000a 0004     		.short	1024
 281              		.text
 282              	.Letext0:
 283              		.file 2 "c:\\program files (x86)\\cypress\\psoc creator\\4.4\\psoc creator\\import\\gnu\\arm\\5.4.
 284              		.file 3 "Generated_Source\\PSoC4\\cytypes.h"
 285              		.file 4 "Generated_Source\\PSoC4\\CyLib.h"
 286              		.section	.debug_info,"",%progbits
 287              	.Ldebug_info0:
 288 0000 79020000 		.4byte	0x279
 289 0004 0400     		.2byte	0x4
 290 0006 00000000 		.4byte	.Ldebug_abbrev0
 291 000a 04       		.byte	0x4
 292 000b 01       		.uleb128 0x1
 293 000c 26010000 		.4byte	.LASF29
 294 0010 0C       		.byte	0xc
 295 0011 1D020000 		.4byte	.LASF30
 296 0015 37000000 		.4byte	.LASF31
 297 0019 00000000 		.4byte	.Ldebug_ranges0+0
 298 001d 00000000 		.4byte	0
 299 0021 00000000 		.4byte	.Ldebug_line0
 300 0025 02       		.uleb128 0x2
 301 0026 04       		.byte	0x4
 302 0027 05       		.byte	0x5
 303 0028 696E7400 		.ascii	"int\000"
 304 002c 03       		.uleb128 0x3
 305 002d 06000000 		.4byte	.LASF12
 306 0031 02       		.byte	0x2
 307 0032 D8       		.byte	0xd8
 308 0033 37000000 		.4byte	0x37
 309 0037 04       		.uleb128 0x4
 310 0038 04       		.byte	0x4
 311 0039 07       		.byte	0x7
 312 003a ED000000 		.4byte	.LASF0
 313 003e 04       		.uleb128 0x4
ARM GAS  C:\Users\user\AppData\Local\Temp\ccrAmbpE.s 			page 12


 314 003f 08       		.byte	0x8
 315 0040 05       		.byte	0x5
 316 0041 CA010000 		.4byte	.LASF1
 317 0045 04       		.uleb128 0x4
 318 0046 08       		.byte	0x8
 319 0047 04       		.byte	0x4
 320 0048 05020000 		.4byte	.LASF2
 321 004c 04       		.uleb128 0x4
 322 004d 01       		.byte	0x1
 323 004e 06       		.byte	0x6
 324 004f 11020000 		.4byte	.LASF3
 325 0053 04       		.uleb128 0x4
 326 0054 01       		.byte	0x1
 327 0055 08       		.byte	0x8
 328 0056 B7000000 		.4byte	.LASF4
 329 005a 04       		.uleb128 0x4
 330 005b 02       		.byte	0x2
 331 005c 05       		.byte	0x5
 332 005d DD010000 		.4byte	.LASF5
 333 0061 04       		.uleb128 0x4
 334 0062 02       		.byte	0x2
 335 0063 07       		.byte	0x7
 336 0064 72000000 		.4byte	.LASF6
 337 0068 04       		.uleb128 0x4
 338 0069 04       		.byte	0x4
 339 006a 05       		.byte	0x5
 340 006b FC010000 		.4byte	.LASF7
 341 006f 04       		.uleb128 0x4
 342 0070 04       		.byte	0x4
 343 0071 07       		.byte	0x7
 344 0072 95000000 		.4byte	.LASF8
 345 0076 04       		.uleb128 0x4
 346 0077 08       		.byte	0x8
 347 0078 07       		.byte	0x7
 348 0079 0F010000 		.4byte	.LASF9
 349 007d 04       		.uleb128 0x4
 350 007e 04       		.byte	0x4
 351 007f 07       		.byte	0x7
 352 0080 C1010000 		.4byte	.LASF10
 353 0084 05       		.uleb128 0x5
 354 0085 04       		.byte	0x4
 355 0086 04       		.uleb128 0x4
 356 0087 01       		.byte	0x1
 357 0088 08       		.byte	0x8
 358 0089 D8010000 		.4byte	.LASF11
 359 008d 06       		.uleb128 0x6
 360 008e A7000000 		.4byte	.LASF13
 361 0092 03       		.byte	0x3
 362 0093 FB01     		.2byte	0x1fb
 363 0095 53000000 		.4byte	0x53
 364 0099 06       		.uleb128 0x6
 365 009a DF000000 		.4byte	.LASF14
 366 009e 03       		.byte	0x3
 367 009f FC01     		.2byte	0x1fc
 368 00a1 61000000 		.4byte	0x61
 369 00a5 06       		.uleb128 0x6
 370 00a6 E6000000 		.4byte	.LASF15
ARM GAS  C:\Users\user\AppData\Local\Temp\ccrAmbpE.s 			page 13


 371 00aa 03       		.byte	0x3
 372 00ab FD01     		.2byte	0x1fd
 373 00ad 6F000000 		.4byte	0x6f
 374 00b1 04       		.uleb128 0x4
 375 00b2 04       		.byte	0x4
 376 00b3 04       		.byte	0x4
 377 00b4 85000000 		.4byte	.LASF16
 378 00b8 04       		.uleb128 0x4
 379 00b9 08       		.byte	0x8
 380 00ba 04       		.byte	0x4
 381 00bb CC000000 		.4byte	.LASF17
 382 00bf 06       		.uleb128 0x6
 383 00c0 90000000 		.4byte	.LASF18
 384 00c4 03       		.byte	0x3
 385 00c5 A502     		.2byte	0x2a5
 386 00c7 CB000000 		.4byte	0xcb
 387 00cb 07       		.uleb128 0x7
 388 00cc 8D000000 		.4byte	0x8d
 389 00d0 06       		.uleb128 0x6
 390 00d1 00000000 		.4byte	.LASF19
 391 00d5 03       		.byte	0x3
 392 00d6 A702     		.2byte	0x2a7
 393 00d8 DC000000 		.4byte	0xdc
 394 00dc 07       		.uleb128 0x7
 395 00dd A5000000 		.4byte	0xa5
 396 00e1 08       		.uleb128 0x8
 397 00e2 AD000000 		.4byte	.LASF20
 398 00e6 01       		.byte	0x1
 399 00e7 4C       		.byte	0x4c
 400 00e8 00000000 		.4byte	.LFB0
 401 00ec 0C000000 		.4byte	.LFE0-.LFB0
 402 00f0 01       		.uleb128 0x1
 403 00f1 9C       		.byte	0x9c
 404 00f2 2E010000 		.4byte	0x12e
 405 00f6 09       		.uleb128 0x9
 406 00f7 7300     		.ascii	"s\000"
 407 00f9 01       		.byte	0x1
 408 00fa 4C       		.byte	0x4c
 409 00fb 84000000 		.4byte	0x84
 410 00ff 00000000 		.4byte	.LLST0
 411 0103 09       		.uleb128 0x9
 412 0104 6E00     		.ascii	"n\000"
 413 0106 01       		.byte	0x1
 414 0107 4C       		.byte	0x4c
 415 0108 2C000000 		.4byte	0x2c
 416 010c 21000000 		.4byte	.LLST1
 417 0110 0A       		.uleb128 0xa
 418 0111 0A000000 		.4byte	.LVL2
 419 0115 52020000 		.4byte	0x252
 420 0119 0B       		.uleb128 0xb
 421 011a 01       		.uleb128 0x1
 422 011b 50       		.byte	0x50
 423 011c 03       		.uleb128 0x3
 424 011d F3       		.byte	0xf3
 425 011e 01       		.uleb128 0x1
 426 011f 50       		.byte	0x50
 427 0120 0B       		.uleb128 0xb
ARM GAS  C:\Users\user\AppData\Local\Temp\ccrAmbpE.s 			page 14


 428 0121 01       		.uleb128 0x1
 429 0122 51       		.byte	0x51
 430 0123 01       		.uleb128 0x1
 431 0124 30       		.byte	0x30
 432 0125 0B       		.uleb128 0xb
 433 0126 01       		.uleb128 0x1
 434 0127 52       		.byte	0x52
 435 0128 03       		.uleb128 0x3
 436 0129 F3       		.byte	0xf3
 437 012a 01       		.uleb128 0x1
 438 012b 51       		.byte	0x51
 439 012c 00       		.byte	0
 440 012d 00       		.byte	0
 441 012e 08       		.uleb128 0x8
 442 012f 2C000000 		.4byte	.LASF21
 443 0133 01       		.byte	0x1
 444 0134 AA       		.byte	0xaa
 445 0135 00000000 		.4byte	.LFB3
 446 0139 90000000 		.4byte	.LFE3-.LFB3
 447 013d 01       		.uleb128 0x1
 448 013e 9C       		.byte	0x9c
 449 013f 79010000 		.4byte	0x179
 450 0143 0C       		.uleb128 0xc
 451 0144 14000000 		.4byte	.LVL3
 452 0148 5B020000 		.4byte	0x25b
 453 014c 56010000 		.4byte	0x156
 454 0150 0B       		.uleb128 0xb
 455 0151 01       		.uleb128 0x1
 456 0152 50       		.byte	0x50
 457 0153 01       		.uleb128 0x1
 458 0154 48       		.byte	0x48
 459 0155 00       		.byte	0
 460 0156 0C       		.uleb128 0xc
 461 0157 4E000000 		.4byte	.LVL4
 462 015b 66020000 		.4byte	0x266
 463 015f 69010000 		.4byte	0x169
 464 0163 0B       		.uleb128 0xb
 465 0164 01       		.uleb128 0x1
 466 0165 50       		.byte	0x50
 467 0166 01       		.uleb128 0x1
 468 0167 39       		.byte	0x39
 469 0168 00       		.byte	0
 470 0169 0A       		.uleb128 0xa
 471 016a 54000000 		.4byte	.LVL5
 472 016e 71020000 		.4byte	0x271
 473 0172 0B       		.uleb128 0xb
 474 0173 01       		.uleb128 0x1
 475 0174 50       		.byte	0x50
 476 0175 01       		.uleb128 0x1
 477 0176 39       		.byte	0x39
 478 0177 00       		.byte	0
 479 0178 00       		.byte	0
 480 0179 0D       		.uleb128 0xd
 481 017a FA000000 		.4byte	.LASF32
 482 017e 01       		.byte	0x1
 483 017f F9       		.byte	0xf9
 484 0180 90000000 		.4byte	.LFB5
ARM GAS  C:\Users\user\AppData\Local\Temp\ccrAmbpE.s 			page 15


 485 0184 AC000000 		.4byte	.LFE5-.LFB5
 486 0188 01       		.uleb128 0x1
 487 0189 9C       		.byte	0x9c
 488 018a 52020000 		.4byte	0x252
 489 018e 0E       		.uleb128 0xe
 490 018f 94000000 		.4byte	.LBB2
 491 0193 50000000 		.4byte	.LBE2-.LBB2
 492 0197 48020000 		.4byte	0x248
 493 019b 0F       		.uleb128 0xf
 494 019c 06       		.byte	0x6
 495 019d 01       		.byte	0x1
 496 019e 0001     		.2byte	0x100
 497 01a0 BF010000 		.4byte	0x1bf
 498 01a4 10       		.uleb128 0x10
 499 01a5 07010000 		.4byte	.LASF22
 500 01a9 01       		.byte	0x1
 501 01aa 0101     		.2byte	0x101
 502 01ac 84000000 		.4byte	0x84
 503 01b0 00       		.byte	0
 504 01b1 10       		.uleb128 0x10
 505 01b2 8B000000 		.4byte	.LASF23
 506 01b6 01       		.byte	0x1
 507 01b7 0201     		.2byte	0x102
 508 01b9 99000000 		.4byte	0x99
 509 01bd 04       		.byte	0x4
 510 01be 00       		.byte	0
 511 01bf 06       		.uleb128 0x6
 512 01c0 B4010000 		.4byte	.LASF24
 513 01c4 01       		.byte	0x1
 514 01c5 0301     		.2byte	0x103
 515 01c7 9B010000 		.4byte	0x19b
 516 01cb 11       		.uleb128 0x11
 517 01cc DB010000 		.4byte	0x1db
 518 01d0 DB010000 		.4byte	0x1db
 519 01d4 12       		.uleb128 0x12
 520 01d5 7D000000 		.4byte	0x7d
 521 01d9 01       		.byte	0x1
 522 01da 00       		.byte	0
 523 01db 13       		.uleb128 0x13
 524 01dc BF010000 		.4byte	0x1bf
 525 01e0 14       		.uleb128 0x14
 526 01e1 1C000000 		.4byte	.LASF25
 527 01e5 01       		.byte	0x1
 528 01e6 0501     		.2byte	0x105
 529 01e8 F2010000 		.4byte	0x1f2
 530 01ec 05       		.uleb128 0x5
 531 01ed 03       		.byte	0x3
 532 01ee 00000000 		.4byte	cfg_memset_list.4847
 533 01f2 13       		.uleb128 0x13
 534 01f3 CB010000 		.4byte	0x1cb
 535 01f7 15       		.uleb128 0x15
 536 01f8 6900     		.ascii	"i\000"
 537 01fa 01       		.byte	0x1
 538 01fb 0B01     		.2byte	0x10b
 539 01fd 8D000000 		.4byte	0x8d
 540 0201 4D000000 		.4byte	.LLST2
 541 0205 16       		.uleb128 0x16
ARM GAS  C:\Users\user\AppData\Local\Temp\ccrAmbpE.s 			page 16


 542 0206 98000000 		.4byte	.LBB3
 543 020a 1C000000 		.4byte	.LBE3-.LBB3
 544 020e 15       		.uleb128 0x15
 545 020f 6D7300   		.ascii	"ms\000"
 546 0212 01       		.byte	0x1
 547 0213 1001     		.2byte	0x110
 548 0215 1D020000 		.4byte	0x21d
 549 0219 77000000 		.4byte	.LLST3
 550 021d 17       		.uleb128 0x17
 551 021e 04       		.byte	0x4
 552 021f DB010000 		.4byte	0x1db
 553 0223 0A       		.uleb128 0xa
 554 0224 B4000000 		.4byte	.LVL8
 555 0228 E1000000 		.4byte	0xe1
 556 022c 0B       		.uleb128 0xb
 557 022d 01       		.uleb128 0x1
 558 022e 51       		.byte	0x51
 559 022f 15       		.uleb128 0x15
 560 0230 74       		.byte	0x74
 561 0231 00       		.sleb128 0
 562 0232 31       		.byte	0x31
 563 0233 24       		.byte	0x24
 564 0234 74       		.byte	0x74
 565 0235 00       		.sleb128 0
 566 0236 22       		.byte	0x22
 567 0237 31       		.byte	0x31
 568 0238 24       		.byte	0x24
 569 0239 03       		.byte	0x3
 570 023a 04000000 		.4byte	.LANCHOR0+4
 571 023e 22       		.byte	0x22
 572 023f 94       		.byte	0x94
 573 0240 02       		.byte	0x2
 574 0241 0A       		.byte	0xa
 575 0242 FFFF     		.2byte	0xffff
 576 0244 1A       		.byte	0x1a
 577 0245 00       		.byte	0
 578 0246 00       		.byte	0
 579 0247 00       		.byte	0
 580 0248 18       		.uleb128 0x18
 581 0249 08010000 		.4byte	.LVL11
 582 024d 2E010000 		.4byte	0x12e
 583 0251 00       		.byte	0
 584 0252 19       		.uleb128 0x19
 585 0253 C5000000 		.4byte	.LASF33
 586 0257 C5000000 		.4byte	.LASF33
 587 025b 1A       		.uleb128 0x1a
 588 025c E7010000 		.4byte	.LASF26
 589 0260 E7010000 		.4byte	.LASF26
 590 0264 04       		.byte	0x4
 591 0265 6C       		.byte	0x6c
 592 0266 1A       		.uleb128 0x1a
 593 0267 0D000000 		.4byte	.LASF27
 594 026b 0D000000 		.4byte	.LASF27
 595 026f 04       		.byte	0x4
 596 0270 D0       		.byte	0xd0
 597 0271 1A       		.uleb128 0x1a
 598 0272 D3000000 		.4byte	.LASF28
ARM GAS  C:\Users\user\AppData\Local\Temp\ccrAmbpE.s 			page 17


 599 0276 D3000000 		.4byte	.LASF28
 600 027a 04       		.byte	0x4
 601 027b D6       		.byte	0xd6
 602 027c 00       		.byte	0
 603              		.section	.debug_abbrev,"",%progbits
 604              	.Ldebug_abbrev0:
 605 0000 01       		.uleb128 0x1
 606 0001 11       		.uleb128 0x11
 607 0002 01       		.byte	0x1
 608 0003 25       		.uleb128 0x25
 609 0004 0E       		.uleb128 0xe
 610 0005 13       		.uleb128 0x13
 611 0006 0B       		.uleb128 0xb
 612 0007 03       		.uleb128 0x3
 613 0008 0E       		.uleb128 0xe
 614 0009 1B       		.uleb128 0x1b
 615 000a 0E       		.uleb128 0xe
 616 000b 55       		.uleb128 0x55
 617 000c 17       		.uleb128 0x17
 618 000d 11       		.uleb128 0x11
 619 000e 01       		.uleb128 0x1
 620 000f 10       		.uleb128 0x10
 621 0010 17       		.uleb128 0x17
 622 0011 00       		.byte	0
 623 0012 00       		.byte	0
 624 0013 02       		.uleb128 0x2
 625 0014 24       		.uleb128 0x24
 626 0015 00       		.byte	0
 627 0016 0B       		.uleb128 0xb
 628 0017 0B       		.uleb128 0xb
 629 0018 3E       		.uleb128 0x3e
 630 0019 0B       		.uleb128 0xb
 631 001a 03       		.uleb128 0x3
 632 001b 08       		.uleb128 0x8
 633 001c 00       		.byte	0
 634 001d 00       		.byte	0
 635 001e 03       		.uleb128 0x3
 636 001f 16       		.uleb128 0x16
 637 0020 00       		.byte	0
 638 0021 03       		.uleb128 0x3
 639 0022 0E       		.uleb128 0xe
 640 0023 3A       		.uleb128 0x3a
 641 0024 0B       		.uleb128 0xb
 642 0025 3B       		.uleb128 0x3b
 643 0026 0B       		.uleb128 0xb
 644 0027 49       		.uleb128 0x49
 645 0028 13       		.uleb128 0x13
 646 0029 00       		.byte	0
 647 002a 00       		.byte	0
 648 002b 04       		.uleb128 0x4
 649 002c 24       		.uleb128 0x24
 650 002d 00       		.byte	0
 651 002e 0B       		.uleb128 0xb
 652 002f 0B       		.uleb128 0xb
 653 0030 3E       		.uleb128 0x3e
 654 0031 0B       		.uleb128 0xb
 655 0032 03       		.uleb128 0x3
ARM GAS  C:\Users\user\AppData\Local\Temp\ccrAmbpE.s 			page 18


 656 0033 0E       		.uleb128 0xe
 657 0034 00       		.byte	0
 658 0035 00       		.byte	0
 659 0036 05       		.uleb128 0x5
 660 0037 0F       		.uleb128 0xf
 661 0038 00       		.byte	0
 662 0039 0B       		.uleb128 0xb
 663 003a 0B       		.uleb128 0xb
 664 003b 00       		.byte	0
 665 003c 00       		.byte	0
 666 003d 06       		.uleb128 0x6
 667 003e 16       		.uleb128 0x16
 668 003f 00       		.byte	0
 669 0040 03       		.uleb128 0x3
 670 0041 0E       		.uleb128 0xe
 671 0042 3A       		.uleb128 0x3a
 672 0043 0B       		.uleb128 0xb
 673 0044 3B       		.uleb128 0x3b
 674 0045 05       		.uleb128 0x5
 675 0046 49       		.uleb128 0x49
 676 0047 13       		.uleb128 0x13
 677 0048 00       		.byte	0
 678 0049 00       		.byte	0
 679 004a 07       		.uleb128 0x7
 680 004b 35       		.uleb128 0x35
 681 004c 00       		.byte	0
 682 004d 49       		.uleb128 0x49
 683 004e 13       		.uleb128 0x13
 684 004f 00       		.byte	0
 685 0050 00       		.byte	0
 686 0051 08       		.uleb128 0x8
 687 0052 2E       		.uleb128 0x2e
 688 0053 01       		.byte	0x1
 689 0054 03       		.uleb128 0x3
 690 0055 0E       		.uleb128 0xe
 691 0056 3A       		.uleb128 0x3a
 692 0057 0B       		.uleb128 0xb
 693 0058 3B       		.uleb128 0x3b
 694 0059 0B       		.uleb128 0xb
 695 005a 27       		.uleb128 0x27
 696 005b 19       		.uleb128 0x19
 697 005c 11       		.uleb128 0x11
 698 005d 01       		.uleb128 0x1
 699 005e 12       		.uleb128 0x12
 700 005f 06       		.uleb128 0x6
 701 0060 40       		.uleb128 0x40
 702 0061 18       		.uleb128 0x18
 703 0062 9742     		.uleb128 0x2117
 704 0064 19       		.uleb128 0x19
 705 0065 01       		.uleb128 0x1
 706 0066 13       		.uleb128 0x13
 707 0067 00       		.byte	0
 708 0068 00       		.byte	0
 709 0069 09       		.uleb128 0x9
 710 006a 05       		.uleb128 0x5
 711 006b 00       		.byte	0
 712 006c 03       		.uleb128 0x3
ARM GAS  C:\Users\user\AppData\Local\Temp\ccrAmbpE.s 			page 19


 713 006d 08       		.uleb128 0x8
 714 006e 3A       		.uleb128 0x3a
 715 006f 0B       		.uleb128 0xb
 716 0070 3B       		.uleb128 0x3b
 717 0071 0B       		.uleb128 0xb
 718 0072 49       		.uleb128 0x49
 719 0073 13       		.uleb128 0x13
 720 0074 02       		.uleb128 0x2
 721 0075 17       		.uleb128 0x17
 722 0076 00       		.byte	0
 723 0077 00       		.byte	0
 724 0078 0A       		.uleb128 0xa
 725 0079 898201   		.uleb128 0x4109
 726 007c 01       		.byte	0x1
 727 007d 11       		.uleb128 0x11
 728 007e 01       		.uleb128 0x1
 729 007f 31       		.uleb128 0x31
 730 0080 13       		.uleb128 0x13
 731 0081 00       		.byte	0
 732 0082 00       		.byte	0
 733 0083 0B       		.uleb128 0xb
 734 0084 8A8201   		.uleb128 0x410a
 735 0087 00       		.byte	0
 736 0088 02       		.uleb128 0x2
 737 0089 18       		.uleb128 0x18
 738 008a 9142     		.uleb128 0x2111
 739 008c 18       		.uleb128 0x18
 740 008d 00       		.byte	0
 741 008e 00       		.byte	0
 742 008f 0C       		.uleb128 0xc
 743 0090 898201   		.uleb128 0x4109
 744 0093 01       		.byte	0x1
 745 0094 11       		.uleb128 0x11
 746 0095 01       		.uleb128 0x1
 747 0096 31       		.uleb128 0x31
 748 0097 13       		.uleb128 0x13
 749 0098 01       		.uleb128 0x1
 750 0099 13       		.uleb128 0x13
 751 009a 00       		.byte	0
 752 009b 00       		.byte	0
 753 009c 0D       		.uleb128 0xd
 754 009d 2E       		.uleb128 0x2e
 755 009e 01       		.byte	0x1
 756 009f 3F       		.uleb128 0x3f
 757 00a0 19       		.uleb128 0x19
 758 00a1 03       		.uleb128 0x3
 759 00a2 0E       		.uleb128 0xe
 760 00a3 3A       		.uleb128 0x3a
 761 00a4 0B       		.uleb128 0xb
 762 00a5 3B       		.uleb128 0x3b
 763 00a6 0B       		.uleb128 0xb
 764 00a7 27       		.uleb128 0x27
 765 00a8 19       		.uleb128 0x19
 766 00a9 11       		.uleb128 0x11
 767 00aa 01       		.uleb128 0x1
 768 00ab 12       		.uleb128 0x12
 769 00ac 06       		.uleb128 0x6
ARM GAS  C:\Users\user\AppData\Local\Temp\ccrAmbpE.s 			page 20


 770 00ad 40       		.uleb128 0x40
 771 00ae 18       		.uleb128 0x18
 772 00af 9742     		.uleb128 0x2117
 773 00b1 19       		.uleb128 0x19
 774 00b2 01       		.uleb128 0x1
 775 00b3 13       		.uleb128 0x13
 776 00b4 00       		.byte	0
 777 00b5 00       		.byte	0
 778 00b6 0E       		.uleb128 0xe
 779 00b7 0B       		.uleb128 0xb
 780 00b8 01       		.byte	0x1
 781 00b9 11       		.uleb128 0x11
 782 00ba 01       		.uleb128 0x1
 783 00bb 12       		.uleb128 0x12
 784 00bc 06       		.uleb128 0x6
 785 00bd 01       		.uleb128 0x1
 786 00be 13       		.uleb128 0x13
 787 00bf 00       		.byte	0
 788 00c0 00       		.byte	0
 789 00c1 0F       		.uleb128 0xf
 790 00c2 13       		.uleb128 0x13
 791 00c3 01       		.byte	0x1
 792 00c4 0B       		.uleb128 0xb
 793 00c5 0B       		.uleb128 0xb
 794 00c6 3A       		.uleb128 0x3a
 795 00c7 0B       		.uleb128 0xb
 796 00c8 3B       		.uleb128 0x3b
 797 00c9 05       		.uleb128 0x5
 798 00ca 01       		.uleb128 0x1
 799 00cb 13       		.uleb128 0x13
 800 00cc 00       		.byte	0
 801 00cd 00       		.byte	0
 802 00ce 10       		.uleb128 0x10
 803 00cf 0D       		.uleb128 0xd
 804 00d0 00       		.byte	0
 805 00d1 03       		.uleb128 0x3
 806 00d2 0E       		.uleb128 0xe
 807 00d3 3A       		.uleb128 0x3a
 808 00d4 0B       		.uleb128 0xb
 809 00d5 3B       		.uleb128 0x3b
 810 00d6 05       		.uleb128 0x5
 811 00d7 49       		.uleb128 0x49
 812 00d8 13       		.uleb128 0x13
 813 00d9 38       		.uleb128 0x38
 814 00da 0B       		.uleb128 0xb
 815 00db 00       		.byte	0
 816 00dc 00       		.byte	0
 817 00dd 11       		.uleb128 0x11
 818 00de 01       		.uleb128 0x1
 819 00df 01       		.byte	0x1
 820 00e0 49       		.uleb128 0x49
 821 00e1 13       		.uleb128 0x13
 822 00e2 01       		.uleb128 0x1
 823 00e3 13       		.uleb128 0x13
 824 00e4 00       		.byte	0
 825 00e5 00       		.byte	0
 826 00e6 12       		.uleb128 0x12
ARM GAS  C:\Users\user\AppData\Local\Temp\ccrAmbpE.s 			page 21


 827 00e7 21       		.uleb128 0x21
 828 00e8 00       		.byte	0
 829 00e9 49       		.uleb128 0x49
 830 00ea 13       		.uleb128 0x13
 831 00eb 2F       		.uleb128 0x2f
 832 00ec 0B       		.uleb128 0xb
 833 00ed 00       		.byte	0
 834 00ee 00       		.byte	0
 835 00ef 13       		.uleb128 0x13
 836 00f0 26       		.uleb128 0x26
 837 00f1 00       		.byte	0
 838 00f2 49       		.uleb128 0x49
 839 00f3 13       		.uleb128 0x13
 840 00f4 00       		.byte	0
 841 00f5 00       		.byte	0
 842 00f6 14       		.uleb128 0x14
 843 00f7 34       		.uleb128 0x34
 844 00f8 00       		.byte	0
 845 00f9 03       		.uleb128 0x3
 846 00fa 0E       		.uleb128 0xe
 847 00fb 3A       		.uleb128 0x3a
 848 00fc 0B       		.uleb128 0xb
 849 00fd 3B       		.uleb128 0x3b
 850 00fe 05       		.uleb128 0x5
 851 00ff 49       		.uleb128 0x49
 852 0100 13       		.uleb128 0x13
 853 0101 02       		.uleb128 0x2
 854 0102 18       		.uleb128 0x18
 855 0103 00       		.byte	0
 856 0104 00       		.byte	0
 857 0105 15       		.uleb128 0x15
 858 0106 34       		.uleb128 0x34
 859 0107 00       		.byte	0
 860 0108 03       		.uleb128 0x3
 861 0109 08       		.uleb128 0x8
 862 010a 3A       		.uleb128 0x3a
 863 010b 0B       		.uleb128 0xb
 864 010c 3B       		.uleb128 0x3b
 865 010d 05       		.uleb128 0x5
 866 010e 49       		.uleb128 0x49
 867 010f 13       		.uleb128 0x13
 868 0110 02       		.uleb128 0x2
 869 0111 17       		.uleb128 0x17
 870 0112 00       		.byte	0
 871 0113 00       		.byte	0
 872 0114 16       		.uleb128 0x16
 873 0115 0B       		.uleb128 0xb
 874 0116 01       		.byte	0x1
 875 0117 11       		.uleb128 0x11
 876 0118 01       		.uleb128 0x1
 877 0119 12       		.uleb128 0x12
 878 011a 06       		.uleb128 0x6
 879 011b 00       		.byte	0
 880 011c 00       		.byte	0
 881 011d 17       		.uleb128 0x17
 882 011e 0F       		.uleb128 0xf
 883 011f 00       		.byte	0
ARM GAS  C:\Users\user\AppData\Local\Temp\ccrAmbpE.s 			page 22


 884 0120 0B       		.uleb128 0xb
 885 0121 0B       		.uleb128 0xb
 886 0122 49       		.uleb128 0x49
 887 0123 13       		.uleb128 0x13
 888 0124 00       		.byte	0
 889 0125 00       		.byte	0
 890 0126 18       		.uleb128 0x18
 891 0127 898201   		.uleb128 0x4109
 892 012a 00       		.byte	0
 893 012b 11       		.uleb128 0x11
 894 012c 01       		.uleb128 0x1
 895 012d 31       		.uleb128 0x31
 896 012e 13       		.uleb128 0x13
 897 012f 00       		.byte	0
 898 0130 00       		.byte	0
 899 0131 19       		.uleb128 0x19
 900 0132 2E       		.uleb128 0x2e
 901 0133 00       		.byte	0
 902 0134 3F       		.uleb128 0x3f
 903 0135 19       		.uleb128 0x19
 904 0136 3C       		.uleb128 0x3c
 905 0137 19       		.uleb128 0x19
 906 0138 6E       		.uleb128 0x6e
 907 0139 0E       		.uleb128 0xe
 908 013a 03       		.uleb128 0x3
 909 013b 0E       		.uleb128 0xe
 910 013c 00       		.byte	0
 911 013d 00       		.byte	0
 912 013e 1A       		.uleb128 0x1a
 913 013f 2E       		.uleb128 0x2e
 914 0140 00       		.byte	0
 915 0141 3F       		.uleb128 0x3f
 916 0142 19       		.uleb128 0x19
 917 0143 3C       		.uleb128 0x3c
 918 0144 19       		.uleb128 0x19
 919 0145 6E       		.uleb128 0x6e
 920 0146 0E       		.uleb128 0xe
 921 0147 03       		.uleb128 0x3
 922 0148 0E       		.uleb128 0xe
 923 0149 3A       		.uleb128 0x3a
 924 014a 0B       		.uleb128 0xb
 925 014b 3B       		.uleb128 0x3b
 926 014c 0B       		.uleb128 0xb
 927 014d 00       		.byte	0
 928 014e 00       		.byte	0
 929 014f 00       		.byte	0
 930              		.section	.debug_loc,"",%progbits
 931              	.Ldebug_loc0:
 932              	.LLST0:
 933 0000 00000000 		.4byte	.LVL0
 934 0004 09000000 		.4byte	.LVL2-1
 935 0008 0100     		.2byte	0x1
 936 000a 50       		.byte	0x50
 937 000b 09000000 		.4byte	.LVL2-1
 938 000f 0C000000 		.4byte	.LFE0
 939 0013 0400     		.2byte	0x4
 940 0015 F3       		.byte	0xf3
ARM GAS  C:\Users\user\AppData\Local\Temp\ccrAmbpE.s 			page 23


 941 0016 01       		.uleb128 0x1
 942 0017 50       		.byte	0x50
 943 0018 9F       		.byte	0x9f
 944 0019 00000000 		.4byte	0
 945 001d 00000000 		.4byte	0
 946              	.LLST1:
 947 0021 00000000 		.4byte	.LVL0
 948 0025 06000000 		.4byte	.LVL1
 949 0029 0100     		.2byte	0x1
 950 002b 51       		.byte	0x51
 951 002c 06000000 		.4byte	.LVL1
 952 0030 09000000 		.4byte	.LVL2-1
 953 0034 0100     		.2byte	0x1
 954 0036 52       		.byte	0x52
 955 0037 09000000 		.4byte	.LVL2-1
 956 003b 0C000000 		.4byte	.LFE0
 957 003f 0400     		.2byte	0x4
 958 0041 F3       		.byte	0xf3
 959 0042 01       		.uleb128 0x1
 960 0043 51       		.byte	0x51
 961 0044 9F       		.byte	0x9f
 962 0045 00000000 		.4byte	0
 963 0049 00000000 		.4byte	0
 964              	.LLST2:
 965 004d 94000000 		.4byte	.LVL6
 966 0051 98000000 		.4byte	.LVL7
 967 0055 0200     		.2byte	0x2
 968 0057 30       		.byte	0x30
 969 0058 9F       		.byte	0x9f
 970 0059 98000000 		.4byte	.LVL7
 971 005d B6000000 		.4byte	.LVL9
 972 0061 0100     		.2byte	0x1
 973 0063 54       		.byte	0x54
 974 0064 B8000000 		.4byte	.LVL10
 975 0068 08010000 		.4byte	.LVL12
 976 006c 0100     		.2byte	0x1
 977 006e 54       		.byte	0x54
 978 006f 00000000 		.4byte	0
 979 0073 00000000 		.4byte	0
 980              	.LLST3:
 981 0077 98000000 		.4byte	.LVL7
 982 007b B6000000 		.4byte	.LVL9
 983 007f 0B00     		.2byte	0xb
 984 0081 74       		.byte	0x74
 985 0082 00       		.sleb128 0
 986 0083 36       		.byte	0x36
 987 0084 1E       		.byte	0x1e
 988 0085 03       		.byte	0x3
 989 0086 00000000 		.4byte	cfg_memset_list.4847
 990 008a 22       		.byte	0x22
 991 008b 9F       		.byte	0x9f
 992 008c B6000000 		.4byte	.LVL9
 993 0090 B8000000 		.4byte	.LVL10
 994 0094 0B00     		.2byte	0xb
 995 0096 74       		.byte	0x74
 996 0097 7F       		.sleb128 -1
 997 0098 36       		.byte	0x36
ARM GAS  C:\Users\user\AppData\Local\Temp\ccrAmbpE.s 			page 24


 998 0099 1E       		.byte	0x1e
 999 009a 03       		.byte	0x3
 1000 009b 00000000 		.4byte	cfg_memset_list.4847
 1001 009f 22       		.byte	0x22
 1002 00a0 9F       		.byte	0x9f
 1003 00a1 00000000 		.4byte	0
 1004 00a5 00000000 		.4byte	0
 1005              		.section	.debug_aranges,"",%progbits
 1006 0000 2C000000 		.4byte	0x2c
 1007 0004 0200     		.2byte	0x2
 1008 0006 00000000 		.4byte	.Ldebug_info0
 1009 000a 04       		.byte	0x4
 1010 000b 00       		.byte	0
 1011 000c 0000     		.2byte	0
 1012 000e 0000     		.2byte	0
 1013 0010 00000000 		.4byte	.LFB0
 1014 0014 0C000000 		.4byte	.LFE0-.LFB0
 1015 0018 00000000 		.4byte	.LFB3
 1016 001c 90000000 		.4byte	.LFE3-.LFB3
 1017 0020 90000000 		.4byte	.LFB5
 1018 0024 AC000000 		.4byte	.LFE5-.LFB5
 1019 0028 00000000 		.4byte	0
 1020 002c 00000000 		.4byte	0
 1021              		.section	.debug_ranges,"",%progbits
 1022              	.Ldebug_ranges0:
 1023 0000 00000000 		.4byte	.LFB0
 1024 0004 0C000000 		.4byte	.LFE0
 1025 0008 00000000 		.4byte	.LFB3
 1026 000c 90000000 		.4byte	.LFE3
 1027 0010 90000000 		.4byte	.LFB5
 1028 0014 3C010000 		.4byte	.LFE5
 1029 0018 00000000 		.4byte	0
 1030 001c 00000000 		.4byte	0
 1031              		.section	.debug_line,"",%progbits
 1032              	.Ldebug_line0:
 1033 0000 32010000 		.section	.debug_str,"MS",%progbits,1
 1033      0200D600 
 1033      00000201 
 1033      FB0E0D00 
 1033      01010101 
 1034              	.LASF19:
 1035 0000 72656733 		.ascii	"reg32\000"
 1035      3200
 1036              	.LASF12:
 1037 0006 73697A65 		.ascii	"size_t\000"
 1037      5F7400
 1038              	.LASF27:
 1039 000d 4379496E 		.ascii	"CyIntSetVector\000"
 1039      74536574 
 1039      56656374 
 1039      6F7200
 1040              	.LASF25:
 1041 001c 6366675F 		.ascii	"cfg_memset_list\000"
 1041      6D656D73 
 1041      65745F6C 
 1041      69737400 
 1042              	.LASF21:
ARM GAS  C:\Users\user\AppData\Local\Temp\ccrAmbpE.s 			page 25


 1043 002c 436C6F63 		.ascii	"ClockSetup\000"
 1043      6B536574 
 1043      757000
 1044              	.LASF31:
 1045 0037 433A5C55 		.ascii	"C:\\Users\\user\\Desktop\\UltraSonic180715.cydsn\\u"
 1045      73657273 
 1045      5C757365 
 1045      725C4465 
 1045      736B746F 
 1046 0065 7A616B6C 		.ascii	"zaklik.cydsn\000"
 1046      696B2E63 
 1046      7964736E 
 1046      00
 1047              	.LASF6:
 1048 0072 73686F72 		.ascii	"short unsigned int\000"
 1048      7420756E 
 1048      7369676E 
 1048      65642069 
 1048      6E7400
 1049              	.LASF16:
 1050 0085 666C6F61 		.ascii	"float\000"
 1050      7400
 1051              	.LASF23:
 1052 008b 73697A65 		.ascii	"size\000"
 1052      00
 1053              	.LASF18:
 1054 0090 72656738 		.ascii	"reg8\000"
 1054      00
 1055              	.LASF8:
 1056 0095 6C6F6E67 		.ascii	"long unsigned int\000"
 1056      20756E73 
 1056      69676E65 
 1056      6420696E 
 1056      7400
 1057              	.LASF13:
 1058 00a7 75696E74 		.ascii	"uint8\000"
 1058      3800
 1059              	.LASF20:
 1060 00ad 43594D45 		.ascii	"CYMEMZERO\000"
 1060      4D5A4552 
 1060      4F00
 1061              	.LASF4:
 1062 00b7 756E7369 		.ascii	"unsigned char\000"
 1062      676E6564 
 1062      20636861 
 1062      7200
 1063              	.LASF33:
 1064 00c5 6D656D73 		.ascii	"memset\000"
 1064      657400
 1065              	.LASF17:
 1066 00cc 646F7562 		.ascii	"double\000"
 1066      6C6500
 1067              	.LASF28:
 1068 00d3 4379496E 		.ascii	"CyIntEnable\000"
 1068      74456E61 
 1068      626C6500 
 1069              	.LASF14:
ARM GAS  C:\Users\user\AppData\Local\Temp\ccrAmbpE.s 			page 26


 1070 00df 75696E74 		.ascii	"uint16\000"
 1070      313600
 1071              	.LASF15:
 1072 00e6 75696E74 		.ascii	"uint32\000"
 1072      333200
 1073              	.LASF0:
 1074 00ed 756E7369 		.ascii	"unsigned int\000"
 1074      676E6564 
 1074      20696E74 
 1074      00
 1075              	.LASF32:
 1076 00fa 63796669 		.ascii	"cyfitter_cfg\000"
 1076      74746572 
 1076      5F636667 
 1076      00
 1077              	.LASF22:
 1078 0107 61646472 		.ascii	"address\000"
 1078      65737300 
 1079              	.LASF9:
 1080 010f 6C6F6E67 		.ascii	"long long unsigned int\000"
 1080      206C6F6E 
 1080      6720756E 
 1080      7369676E 
 1080      65642069 
 1081              	.LASF29:
 1082 0126 474E5520 		.ascii	"GNU C11 5.4.1 20160609 (release) [ARM/embedded-5-br"
 1082      43313120 
 1082      352E342E 
 1082      31203230 
 1082      31363036 
 1083 0159 616E6368 		.ascii	"anch revision 237715] -mcpu=cortex-m0 -mthumb -g -O"
 1083      20726576 
 1083      6973696F 
 1083      6E203233 
 1083      37373135 
 1084 018c 67202D66 		.ascii	"g -ffunction-sections -ffat-lto-objects\000"
 1084      66756E63 
 1084      74696F6E 
 1084      2D736563 
 1084      74696F6E 
 1085              	.LASF24:
 1086 01b4 6366675F 		.ascii	"cfg_memset_t\000"
 1086      6D656D73 
 1086      65745F74 
 1086      00
 1087              	.LASF10:
 1088 01c1 73697A65 		.ascii	"sizetype\000"
 1088      74797065 
 1088      00
 1089              	.LASF1:
 1090 01ca 6C6F6E67 		.ascii	"long long int\000"
 1090      206C6F6E 
 1090      6720696E 
 1090      7400
 1091              	.LASF11:
 1092 01d8 63686172 		.ascii	"char\000"
 1092      00
ARM GAS  C:\Users\user\AppData\Local\Temp\ccrAmbpE.s 			page 27


 1093              	.LASF5:
 1094 01dd 73686F72 		.ascii	"short int\000"
 1094      7420696E 
 1094      7400
 1095              	.LASF26:
 1096 01e7 43795379 		.ascii	"CySysClkWriteImoFreq\000"
 1096      73436C6B 
 1096      57726974 
 1096      65496D6F 
 1096      46726571 
 1097              	.LASF7:
 1098 01fc 6C6F6E67 		.ascii	"long int\000"
 1098      20696E74 
 1098      00
 1099              	.LASF2:
 1100 0205 6C6F6E67 		.ascii	"long double\000"
 1100      20646F75 
 1100      626C6500 
 1101              	.LASF3:
 1102 0211 7369676E 		.ascii	"signed char\000"
 1102      65642063 
 1102      68617200 
 1103              	.LASF30:
 1104 021d 47656E65 		.ascii	"Generated_Source\\PSoC4\\cyfitter_cfg.c\000"
 1104      72617465 
 1104      645F536F 
 1104      75726365 
 1104      5C50536F 
 1105              		.ident	"GCC: (GNU Tools for ARM Embedded Processors) 5.4.1 20160609 (release) [ARM/embedded-5-bran
