ARM GAS  C:\Users\Zeynep\AppData\Local\Temp\ccneGoLd.s 			page 1


   1              		.syntax unified
   2              		.cpu cortex-m0
   3              		.fpu softvfp
   4              		.eabi_attribute 20, 1
   5              		.eabi_attribute 21, 1
   6              		.eabi_attribute 23, 3
   7              		.eabi_attribute 24, 1
   8              		.eabi_attribute 25, 1
   9              		.eabi_attribute 26, 1
  10              		.eabi_attribute 30, 1
  11              		.eabi_attribute 34, 0
  12              		.eabi_attribute 18, 4
  13              		.thumb
  14              		.syntax unified
  15              		.file	"main.c"
  16              		.text
  17              	.Ltext0:
  18              		.cfi_sections	.debug_frame
  19              		.section	.text.main,"ax",%progbits
  20              		.align	2
  21              		.global	main
  22              		.code	16
  23              		.thumb_func
  24              		.type	main, %function
  25              	main:
  26              	.LFB32:
  27              		.file 1 "main.c"
   1:main.c        **** /* ========================================
   2:main.c        ****  *
   3:main.c        ****  * Copyright YOUR COMPANY, THE YEAR
   4:main.c        ****  * All Rights Reserved
   5:main.c        ****  * UNPUBLISHED, LICENSED SOFTWARE.
   6:main.c        ****  *
   7:main.c        ****  * CONFIDENTIAL AND PROPRIETARY INFORMATION
   8:main.c        ****  * WHICH IS THE PROPERTY OF your company.
   9:main.c        ****  *
  10:main.c        ****  * ========================================
  11:main.c        **** */
  12:main.c        **** #include "project.h"
  13:main.c        **** 
  14:main.c        **** int main(void)
  15:main.c        **** {
  28              		.loc 1 15 0
  29              		.cfi_startproc
  30              		@ Volatile: function does not return.
  31              		@ args = 0, pretend = 0, frame = 0
  32              		@ frame_needed = 0, uses_anonymous_args = 0
  33 0000 10B5     		push	{r4, lr}
  34              		.cfi_def_cfa_offset 8
  35              		.cfi_offset 4, -8
  36              		.cfi_offset 14, -4
  16:main.c        ****     CyGlobalIntEnable; /* Enable global interrupts. */
  37              		.loc 1 16 0
  38              		.syntax divided
  39              	@ 16 "main.c" 1
  40 0002 62B6     		CPSIE   i
  41              	@ 0 "" 2
ARM GAS  C:\Users\Zeynep\AppData\Local\Temp\ccneGoLd.s 			page 2


  42              		.thumb
  43              		.syntax unified
  44              	.L2:
  17:main.c        **** 
  18:main.c        ****     /* Place your initialization/startup code here (e.g. MyInst_Start()) */
  19:main.c        ****     // Bootloadable_1_Load();
  20:main.c        ****     for(;;)
  21:main.c        ****     {
  22:main.c        ****         Led_blink_Write(1);
  45              		.loc 1 22 0 discriminator 1
  46 0004 0120     		movs	r0, #1
  47 0006 FFF7FEFF 		bl	Led_blink_Write
  48              	.LVL0:
  23:main.c        ****         CyDelay(500);
  49              		.loc 1 23 0 discriminator 1
  50 000a FA24     		movs	r4, #250
  51 000c 6400     		lsls	r4, r4, #1
  52 000e 2000     		movs	r0, r4
  53 0010 FFF7FEFF 		bl	CyDelay
  54              	.LVL1:
  24:main.c        ****         Led_blink_Write(0);
  55              		.loc 1 24 0 discriminator 1
  56 0014 0020     		movs	r0, #0
  57 0016 FFF7FEFF 		bl	Led_blink_Write
  58              	.LVL2:
  25:main.c        ****         CyDelay(500);
  59              		.loc 1 25 0 discriminator 1
  60 001a 2000     		movs	r0, r4
  61 001c FFF7FEFF 		bl	CyDelay
  62              	.LVL3:
  63 0020 F0E7     		b	.L2
  64              		.cfi_endproc
  65              	.LFE32:
  66              		.size	main, .-main
  67 0022 C046     		.text
  68              	.Letext0:
  69              		.file 2 "Generated_Source\\PSoC4/Led_blink.h"
  70              		.file 3 "Generated_Source\\PSoC4/CyLib.h"
  71              		.section	.debug_info,"",%progbits
  72              	.Ldebug_info0:
  73 0000 05010000 		.4byte	0x105
  74 0004 0400     		.2byte	0x4
  75 0006 00000000 		.4byte	.Ldebug_abbrev0
  76 000a 04       		.byte	0x4
  77 000b 01       		.uleb128 0x1
  78 000c CA000000 		.4byte	.LASF16
  79 0010 0C       		.byte	0xc
  80 0011 54000000 		.4byte	.LASF17
  81 0015 0E000000 		.4byte	.LASF18
  82 0019 00000000 		.4byte	.Ldebug_ranges0+0
  83 001d 00000000 		.4byte	0
  84 0021 00000000 		.4byte	.Ldebug_line0
  85 0025 02       		.uleb128 0x2
  86 0026 01       		.byte	0x1
  87 0027 06       		.byte	0x6
  88 0028 6B010000 		.4byte	.LASF0
  89 002c 02       		.uleb128 0x2
ARM GAS  C:\Users\Zeynep\AppData\Local\Temp\ccneGoLd.s 			page 3


  90 002d 01       		.byte	0x1
  91 002e 08       		.byte	0x8
  92 002f A7000000 		.4byte	.LASF1
  93 0033 02       		.uleb128 0x2
  94 0034 02       		.byte	0x2
  95 0035 05       		.byte	0x5
  96 0036 83010000 		.4byte	.LASF2
  97 003a 02       		.uleb128 0x2
  98 003b 02       		.byte	0x2
  99 003c 07       		.byte	0x7
 100 003d 58010000 		.4byte	.LASF3
 101 0041 02       		.uleb128 0x2
 102 0042 04       		.byte	0x4
 103 0043 05       		.byte	0x5
 104 0044 BA000000 		.4byte	.LASF4
 105 0048 02       		.uleb128 0x2
 106 0049 04       		.byte	0x4
 107 004a 07       		.byte	0x7
 108 004b 68000000 		.4byte	.LASF5
 109 004f 02       		.uleb128 0x2
 110 0050 08       		.byte	0x8
 111 0051 05       		.byte	0x5
 112 0052 00000000 		.4byte	.LASF6
 113 0056 02       		.uleb128 0x2
 114 0057 08       		.byte	0x8
 115 0058 07       		.byte	0x7
 116 0059 7A000000 		.4byte	.LASF7
 117 005d 03       		.uleb128 0x3
 118 005e 04       		.byte	0x4
 119 005f 05       		.byte	0x5
 120 0060 696E7400 		.ascii	"int\000"
 121 0064 02       		.uleb128 0x2
 122 0065 04       		.byte	0x4
 123 0066 07       		.byte	0x7
 124 0067 47000000 		.4byte	.LASF8
 125 006b 02       		.uleb128 0x2
 126 006c 04       		.byte	0x4
 127 006d 04       		.byte	0x4
 128 006e 91000000 		.4byte	.LASF9
 129 0072 02       		.uleb128 0x2
 130 0073 08       		.byte	0x8
 131 0074 04       		.byte	0x4
 132 0075 C3000000 		.4byte	.LASF10
 133 0079 02       		.uleb128 0x2
 134 007a 01       		.byte	0x1
 135 007b 08       		.byte	0x8
 136 007c B5000000 		.4byte	.LASF11
 137 0080 02       		.uleb128 0x2
 138 0081 08       		.byte	0x8
 139 0082 04       		.byte	0x4
 140 0083 77010000 		.4byte	.LASF12
 141 0087 02       		.uleb128 0x2
 142 0088 04       		.byte	0x4
 143 0089 07       		.byte	0x7
 144 008a 8D010000 		.4byte	.LASF13
 145 008e 04       		.uleb128 0x4
 146 008f 5B000000 		.4byte	.LASF19
ARM GAS  C:\Users\Zeynep\AppData\Local\Temp\ccneGoLd.s 			page 4


 147 0093 01       		.byte	0x1
 148 0094 0E       		.byte	0xe
 149 0095 5D000000 		.4byte	0x5d
 150 0099 00000000 		.4byte	.LFB32
 151 009d 22000000 		.4byte	.LFE32-.LFB32
 152 00a1 01       		.uleb128 0x1
 153 00a2 9C       		.byte	0x9c
 154 00a3 F2000000 		.4byte	0xf2
 155 00a7 05       		.uleb128 0x5
 156 00a8 0A000000 		.4byte	.LVL0
 157 00ac F2000000 		.4byte	0xf2
 158 00b0 BA000000 		.4byte	0xba
 159 00b4 06       		.uleb128 0x6
 160 00b5 01       		.uleb128 0x1
 161 00b6 50       		.byte	0x50
 162 00b7 01       		.uleb128 0x1
 163 00b8 31       		.byte	0x31
 164 00b9 00       		.byte	0
 165 00ba 05       		.uleb128 0x5
 166 00bb 14000000 		.4byte	.LVL1
 167 00bf FD000000 		.4byte	0xfd
 168 00c3 CE000000 		.4byte	0xce
 169 00c7 06       		.uleb128 0x6
 170 00c8 01       		.uleb128 0x1
 171 00c9 50       		.byte	0x50
 172 00ca 02       		.uleb128 0x2
 173 00cb 74       		.byte	0x74
 174 00cc 00       		.sleb128 0
 175 00cd 00       		.byte	0
 176 00ce 05       		.uleb128 0x5
 177 00cf 1A000000 		.4byte	.LVL2
 178 00d3 F2000000 		.4byte	0xf2
 179 00d7 E1000000 		.4byte	0xe1
 180 00db 06       		.uleb128 0x6
 181 00dc 01       		.uleb128 0x1
 182 00dd 50       		.byte	0x50
 183 00de 01       		.uleb128 0x1
 184 00df 30       		.byte	0x30
 185 00e0 00       		.byte	0
 186 00e1 07       		.uleb128 0x7
 187 00e2 20000000 		.4byte	.LVL3
 188 00e6 FD000000 		.4byte	0xfd
 189 00ea 06       		.uleb128 0x6
 190 00eb 01       		.uleb128 0x1
 191 00ec 50       		.byte	0x50
 192 00ed 02       		.uleb128 0x2
 193 00ee 74       		.byte	0x74
 194 00ef 00       		.sleb128 0
 195 00f0 00       		.byte	0
 196 00f1 00       		.byte	0
 197 00f2 08       		.uleb128 0x8
 198 00f3 97000000 		.4byte	.LASF14
 199 00f7 97000000 		.4byte	.LASF14
 200 00fb 02       		.byte	0x2
 201 00fc 33       		.byte	0x33
 202 00fd 08       		.uleb128 0x8
 203 00fe 60000000 		.4byte	.LASF15
ARM GAS  C:\Users\Zeynep\AppData\Local\Temp\ccneGoLd.s 			page 5


 204 0102 60000000 		.4byte	.LASF15
 205 0106 03       		.byte	0x3
 206 0107 EC       		.byte	0xec
 207 0108 00       		.byte	0
 208              		.section	.debug_abbrev,"",%progbits
 209              	.Ldebug_abbrev0:
 210 0000 01       		.uleb128 0x1
 211 0001 11       		.uleb128 0x11
 212 0002 01       		.byte	0x1
 213 0003 25       		.uleb128 0x25
 214 0004 0E       		.uleb128 0xe
 215 0005 13       		.uleb128 0x13
 216 0006 0B       		.uleb128 0xb
 217 0007 03       		.uleb128 0x3
 218 0008 0E       		.uleb128 0xe
 219 0009 1B       		.uleb128 0x1b
 220 000a 0E       		.uleb128 0xe
 221 000b 55       		.uleb128 0x55
 222 000c 17       		.uleb128 0x17
 223 000d 11       		.uleb128 0x11
 224 000e 01       		.uleb128 0x1
 225 000f 10       		.uleb128 0x10
 226 0010 17       		.uleb128 0x17
 227 0011 00       		.byte	0
 228 0012 00       		.byte	0
 229 0013 02       		.uleb128 0x2
 230 0014 24       		.uleb128 0x24
 231 0015 00       		.byte	0
 232 0016 0B       		.uleb128 0xb
 233 0017 0B       		.uleb128 0xb
 234 0018 3E       		.uleb128 0x3e
 235 0019 0B       		.uleb128 0xb
 236 001a 03       		.uleb128 0x3
 237 001b 0E       		.uleb128 0xe
 238 001c 00       		.byte	0
 239 001d 00       		.byte	0
 240 001e 03       		.uleb128 0x3
 241 001f 24       		.uleb128 0x24
 242 0020 00       		.byte	0
 243 0021 0B       		.uleb128 0xb
 244 0022 0B       		.uleb128 0xb
 245 0023 3E       		.uleb128 0x3e
 246 0024 0B       		.uleb128 0xb
 247 0025 03       		.uleb128 0x3
 248 0026 08       		.uleb128 0x8
 249 0027 00       		.byte	0
 250 0028 00       		.byte	0
 251 0029 04       		.uleb128 0x4
 252 002a 2E       		.uleb128 0x2e
 253 002b 01       		.byte	0x1
 254 002c 3F       		.uleb128 0x3f
 255 002d 19       		.uleb128 0x19
 256 002e 03       		.uleb128 0x3
 257 002f 0E       		.uleb128 0xe
 258 0030 3A       		.uleb128 0x3a
 259 0031 0B       		.uleb128 0xb
 260 0032 3B       		.uleb128 0x3b
ARM GAS  C:\Users\Zeynep\AppData\Local\Temp\ccneGoLd.s 			page 6


 261 0033 0B       		.uleb128 0xb
 262 0034 27       		.uleb128 0x27
 263 0035 19       		.uleb128 0x19
 264 0036 49       		.uleb128 0x49
 265 0037 13       		.uleb128 0x13
 266 0038 8701     		.uleb128 0x87
 267 003a 19       		.uleb128 0x19
 268 003b 11       		.uleb128 0x11
 269 003c 01       		.uleb128 0x1
 270 003d 12       		.uleb128 0x12
 271 003e 06       		.uleb128 0x6
 272 003f 40       		.uleb128 0x40
 273 0040 18       		.uleb128 0x18
 274 0041 9742     		.uleb128 0x2117
 275 0043 19       		.uleb128 0x19
 276 0044 01       		.uleb128 0x1
 277 0045 13       		.uleb128 0x13
 278 0046 00       		.byte	0
 279 0047 00       		.byte	0
 280 0048 05       		.uleb128 0x5
 281 0049 898201   		.uleb128 0x4109
 282 004c 01       		.byte	0x1
 283 004d 11       		.uleb128 0x11
 284 004e 01       		.uleb128 0x1
 285 004f 31       		.uleb128 0x31
 286 0050 13       		.uleb128 0x13
 287 0051 01       		.uleb128 0x1
 288 0052 13       		.uleb128 0x13
 289 0053 00       		.byte	0
 290 0054 00       		.byte	0
 291 0055 06       		.uleb128 0x6
 292 0056 8A8201   		.uleb128 0x410a
 293 0059 00       		.byte	0
 294 005a 02       		.uleb128 0x2
 295 005b 18       		.uleb128 0x18
 296 005c 9142     		.uleb128 0x2111
 297 005e 18       		.uleb128 0x18
 298 005f 00       		.byte	0
 299 0060 00       		.byte	0
 300 0061 07       		.uleb128 0x7
 301 0062 898201   		.uleb128 0x4109
 302 0065 01       		.byte	0x1
 303 0066 11       		.uleb128 0x11
 304 0067 01       		.uleb128 0x1
 305 0068 31       		.uleb128 0x31
 306 0069 13       		.uleb128 0x13
 307 006a 00       		.byte	0
 308 006b 00       		.byte	0
 309 006c 08       		.uleb128 0x8
 310 006d 2E       		.uleb128 0x2e
 311 006e 00       		.byte	0
 312 006f 3F       		.uleb128 0x3f
 313 0070 19       		.uleb128 0x19
 314 0071 3C       		.uleb128 0x3c
 315 0072 19       		.uleb128 0x19
 316 0073 6E       		.uleb128 0x6e
 317 0074 0E       		.uleb128 0xe
ARM GAS  C:\Users\Zeynep\AppData\Local\Temp\ccneGoLd.s 			page 7


 318 0075 03       		.uleb128 0x3
 319 0076 0E       		.uleb128 0xe
 320 0077 3A       		.uleb128 0x3a
 321 0078 0B       		.uleb128 0xb
 322 0079 3B       		.uleb128 0x3b
 323 007a 0B       		.uleb128 0xb
 324 007b 00       		.byte	0
 325 007c 00       		.byte	0
 326 007d 00       		.byte	0
 327              		.section	.debug_aranges,"",%progbits
 328 0000 1C000000 		.4byte	0x1c
 329 0004 0200     		.2byte	0x2
 330 0006 00000000 		.4byte	.Ldebug_info0
 331 000a 04       		.byte	0x4
 332 000b 00       		.byte	0
 333 000c 0000     		.2byte	0
 334 000e 0000     		.2byte	0
 335 0010 00000000 		.4byte	.LFB32
 336 0014 22000000 		.4byte	.LFE32-.LFB32
 337 0018 00000000 		.4byte	0
 338 001c 00000000 		.4byte	0
 339              		.section	.debug_ranges,"",%progbits
 340              	.Ldebug_ranges0:
 341 0000 00000000 		.4byte	.LFB32
 342 0004 22000000 		.4byte	.LFE32
 343 0008 00000000 		.4byte	0
 344 000c 00000000 		.4byte	0
 345              		.section	.debug_line,"",%progbits
 346              	.Ldebug_line0:
 347 0000 78000000 		.section	.debug_str,"MS",%progbits,1
 347      02004E00 
 347      00000201 
 347      FB0E0D00 
 347      01010101 
 348              	.LASF6:
 349 0000 6C6F6E67 		.ascii	"long long int\000"
 349      206C6F6E 
 349      6720696E 
 349      7400
 350              	.LASF18:
 351 000e 443A5C54 		.ascii	"D:\\TUTORIALS\\PSOC_LAB3\\LAB_3_PSOC\\049kit_LED_Bl"
 351      55544F52 
 351      49414C53 
 351      5C50534F 
 351      435F4C41 
 352 003d 696E6B2E 		.ascii	"ink.cydsn\000"
 352      63796473 
 352      6E00
 353              	.LASF8:
 354 0047 756E7369 		.ascii	"unsigned int\000"
 354      676E6564 
 354      20696E74 
 354      00
 355              	.LASF17:
 356 0054 6D61696E 		.ascii	"main.c\000"
 356      2E6300
 357              	.LASF19:
ARM GAS  C:\Users\Zeynep\AppData\Local\Temp\ccneGoLd.s 			page 8


 358 005b 6D61696E 		.ascii	"main\000"
 358      00
 359              	.LASF15:
 360 0060 43794465 		.ascii	"CyDelay\000"
 360      6C617900 
 361              	.LASF5:
 362 0068 6C6F6E67 		.ascii	"long unsigned int\000"
 362      20756E73 
 362      69676E65 
 362      6420696E 
 362      7400
 363              	.LASF7:
 364 007a 6C6F6E67 		.ascii	"long long unsigned int\000"
 364      206C6F6E 
 364      6720756E 
 364      7369676E 
 364      65642069 
 365              	.LASF9:
 366 0091 666C6F61 		.ascii	"float\000"
 366      7400
 367              	.LASF14:
 368 0097 4C65645F 		.ascii	"Led_blink_Write\000"
 368      626C696E 
 368      6B5F5772 
 368      69746500 
 369              	.LASF1:
 370 00a7 756E7369 		.ascii	"unsigned char\000"
 370      676E6564 
 370      20636861 
 370      7200
 371              	.LASF11:
 372 00b5 63686172 		.ascii	"char\000"
 372      00
 373              	.LASF4:
 374 00ba 6C6F6E67 		.ascii	"long int\000"
 374      20696E74 
 374      00
 375              	.LASF10:
 376 00c3 646F7562 		.ascii	"double\000"
 376      6C6500
 377              	.LASF16:
 378 00ca 474E5520 		.ascii	"GNU C11 5.4.1 20160609 (release) [ARM/embedded-5-br"
 378      43313120 
 378      352E342E 
 378      31203230 
 378      31363036 
 379 00fd 616E6368 		.ascii	"anch revision 237715] -mcpu=cortex-m0 -mthumb -g -O"
 379      20726576 
 379      6973696F 
 379      6E203233 
 379      37373135 
 380 0130 67202D66 		.ascii	"g -ffunction-sections -ffat-lto-objects\000"
 380      66756E63 
 380      74696F6E 
 380      2D736563 
 380      74696F6E 
 381              	.LASF3:
ARM GAS  C:\Users\Zeynep\AppData\Local\Temp\ccneGoLd.s 			page 9


 382 0158 73686F72 		.ascii	"short unsigned int\000"
 382      7420756E 
 382      7369676E 
 382      65642069 
 382      6E7400
 383              	.LASF0:
 384 016b 7369676E 		.ascii	"signed char\000"
 384      65642063 
 384      68617200 
 385              	.LASF12:
 386 0177 6C6F6E67 		.ascii	"long double\000"
 386      20646F75 
 386      626C6500 
 387              	.LASF2:
 388 0183 73686F72 		.ascii	"short int\000"
 388      7420696E 
 388      7400
 389              	.LASF13:
 390 018d 73697A65 		.ascii	"sizetype\000"
 390      74797065 
 390      00
 391              		.ident	"GCC: (GNU Tools for ARM Embedded Processors) 5.4.1 20160609 (release) [ARM/embedded-5-bran
