ARM GAS  C:\Users\Zeynep\AppData\Local\Temp\cck4G4mI.s 			page 1


   1              		.syntax unified
   2              		.cpu cortex-m0
   3              		.fpu softvfp
   4              		.eabi_attribute 20, 1
   5              		.eabi_attribute 21, 1
   6              		.eabi_attribute 23, 3
   7              		.eabi_attribute 24, 1
   8              		.eabi_attribute 25, 1
   9              		.eabi_attribute 26, 1
  10              		.eabi_attribute 30, 1
  11              		.eabi_attribute 34, 0
  12              		.eabi_attribute 18, 4
  13              		.thumb
  14              		.syntax unified
  15              		.file	"cyfitter_cfg.c"
  16              		.text
  17              	.Ltext0:
  18              		.cfi_sections	.debug_frame
  19              		.section	.text.CYMEMZERO,"ax",%progbits
  20              		.align	2
  21              		.code	16
  22              		.thumb_func
  23              		.type	CYMEMZERO, %function
  24              	CYMEMZERO:
  25              	.LFB0:
  26              		.file 1 "Generated_Source\\PSoC4\\cyfitter_cfg.c"
   1:Generated_Source\PSoC4/cyfitter_cfg.c **** 
   2:Generated_Source\PSoC4/cyfitter_cfg.c **** /*******************************************************************************
   3:Generated_Source\PSoC4/cyfitter_cfg.c **** * File Name: cyfitter_cfg.c
   4:Generated_Source\PSoC4/cyfitter_cfg.c **** * 
   5:Generated_Source\PSoC4/cyfitter_cfg.c **** * PSoC Creator  4.4
   6:Generated_Source\PSoC4/cyfitter_cfg.c **** *
   7:Generated_Source\PSoC4/cyfitter_cfg.c **** * Description:
   8:Generated_Source\PSoC4/cyfitter_cfg.c **** * This file contains device initialization code.
   9:Generated_Source\PSoC4/cyfitter_cfg.c **** * Except for the user defined sections in CyClockStartupError(), this file should not be modified.
  10:Generated_Source\PSoC4/cyfitter_cfg.c **** * This file is automatically generated by PSoC Creator.
  11:Generated_Source\PSoC4/cyfitter_cfg.c **** *
  12:Generated_Source\PSoC4/cyfitter_cfg.c **** ********************************************************************************
  13:Generated_Source\PSoC4/cyfitter_cfg.c **** * Copyright (c) 2007-2020 Cypress Semiconductor.  All rights reserved.
  14:Generated_Source\PSoC4/cyfitter_cfg.c **** * You may use this file only in accordance with the license, terms, conditions, 
  15:Generated_Source\PSoC4/cyfitter_cfg.c **** * disclaimers, and limitations in the end user license agreement accompanying 
  16:Generated_Source\PSoC4/cyfitter_cfg.c **** * the software package with which this file was provided.
  17:Generated_Source\PSoC4/cyfitter_cfg.c **** ********************************************************************************/
  18:Generated_Source\PSoC4/cyfitter_cfg.c **** 
  19:Generated_Source\PSoC4/cyfitter_cfg.c **** #include <string.h>
  20:Generated_Source\PSoC4/cyfitter_cfg.c **** #include "cytypes.h"
  21:Generated_Source\PSoC4/cyfitter_cfg.c **** #include "cydevice_trm.h"
  22:Generated_Source\PSoC4/cyfitter_cfg.c **** #include "cyfitter.h"
  23:Generated_Source\PSoC4/cyfitter_cfg.c **** #include "CyLib.h"
  24:Generated_Source\PSoC4/cyfitter_cfg.c **** #include "CyLFClk.h"
  25:Generated_Source\PSoC4/cyfitter_cfg.c **** #include "cyfitter_cfg.h"
  26:Generated_Source\PSoC4/cyfitter_cfg.c **** #include "cyapicallbacks.h"
  27:Generated_Source\PSoC4/cyfitter_cfg.c **** 
  28:Generated_Source\PSoC4/cyfitter_cfg.c **** 
  29:Generated_Source\PSoC4/cyfitter_cfg.c **** #if defined(__GNUC__) || defined(__ARMCC_VERSION)
  30:Generated_Source\PSoC4/cyfitter_cfg.c ****     #define CYPACKED 
  31:Generated_Source\PSoC4/cyfitter_cfg.c ****     #define CYPACKED_ATTR __attribute__ ((packed))
ARM GAS  C:\Users\Zeynep\AppData\Local\Temp\cck4G4mI.s 			page 2


  32:Generated_Source\PSoC4/cyfitter_cfg.c ****     #define CYALIGNED __attribute__ ((aligned))
  33:Generated_Source\PSoC4/cyfitter_cfg.c ****     #define CY_CFG_UNUSED __attribute__ ((unused))
  34:Generated_Source\PSoC4/cyfitter_cfg.c ****     #ifndef CY_CFG_SECTION
  35:Generated_Source\PSoC4/cyfitter_cfg.c ****         #define CY_CFG_SECTION __attribute__ ((section(".psocinit")))
  36:Generated_Source\PSoC4/cyfitter_cfg.c ****     #endif
  37:Generated_Source\PSoC4/cyfitter_cfg.c ****     
  38:Generated_Source\PSoC4/cyfitter_cfg.c ****     #if defined(__ARMCC_VERSION)
  39:Generated_Source\PSoC4/cyfitter_cfg.c ****         #define CY_CFG_MEMORY_BARRIER() __memory_changed()
  40:Generated_Source\PSoC4/cyfitter_cfg.c ****     #else
  41:Generated_Source\PSoC4/cyfitter_cfg.c ****         #define CY_CFG_MEMORY_BARRIER() __sync_synchronize()
  42:Generated_Source\PSoC4/cyfitter_cfg.c ****     #endif
  43:Generated_Source\PSoC4/cyfitter_cfg.c ****     
  44:Generated_Source\PSoC4/cyfitter_cfg.c **** #elif defined(__ICCARM__)
  45:Generated_Source\PSoC4/cyfitter_cfg.c ****     #include <intrinsics.h>
  46:Generated_Source\PSoC4/cyfitter_cfg.c **** 
  47:Generated_Source\PSoC4/cyfitter_cfg.c ****     #define CYPACKED __packed
  48:Generated_Source\PSoC4/cyfitter_cfg.c ****     #define CYPACKED_ATTR 
  49:Generated_Source\PSoC4/cyfitter_cfg.c ****     #define CYALIGNED _Pragma("data_alignment=4")
  50:Generated_Source\PSoC4/cyfitter_cfg.c ****     #define CY_CFG_UNUSED _Pragma("diag_suppress=Pe177")
  51:Generated_Source\PSoC4/cyfitter_cfg.c ****     #define CY_CFG_SECTION _Pragma("location=\".psocinit\"")
  52:Generated_Source\PSoC4/cyfitter_cfg.c ****     
  53:Generated_Source\PSoC4/cyfitter_cfg.c ****     #define CY_CFG_MEMORY_BARRIER() __DMB()
  54:Generated_Source\PSoC4/cyfitter_cfg.c ****     
  55:Generated_Source\PSoC4/cyfitter_cfg.c **** #else
  56:Generated_Source\PSoC4/cyfitter_cfg.c ****     #error Unsupported toolchain
  57:Generated_Source\PSoC4/cyfitter_cfg.c **** #endif
  58:Generated_Source\PSoC4/cyfitter_cfg.c **** 
  59:Generated_Source\PSoC4/cyfitter_cfg.c **** #ifndef CYCODE
  60:Generated_Source\PSoC4/cyfitter_cfg.c ****     #define CYCODE
  61:Generated_Source\PSoC4/cyfitter_cfg.c **** #endif
  62:Generated_Source\PSoC4/cyfitter_cfg.c **** #ifndef CYDATA
  63:Generated_Source\PSoC4/cyfitter_cfg.c ****     #define CYDATA
  64:Generated_Source\PSoC4/cyfitter_cfg.c **** #endif
  65:Generated_Source\PSoC4/cyfitter_cfg.c **** #ifndef CYFAR
  66:Generated_Source\PSoC4/cyfitter_cfg.c ****     #define CYFAR
  67:Generated_Source\PSoC4/cyfitter_cfg.c **** #endif
  68:Generated_Source\PSoC4/cyfitter_cfg.c **** #ifndef CYXDATA
  69:Generated_Source\PSoC4/cyfitter_cfg.c ****     #define CYXDATA
  70:Generated_Source\PSoC4/cyfitter_cfg.c **** #endif
  71:Generated_Source\PSoC4/cyfitter_cfg.c **** 
  72:Generated_Source\PSoC4/cyfitter_cfg.c **** 
  73:Generated_Source\PSoC4/cyfitter_cfg.c **** CY_CFG_UNUSED
  74:Generated_Source\PSoC4/cyfitter_cfg.c **** static void CYMEMZERO(void *s, size_t n);
  75:Generated_Source\PSoC4/cyfitter_cfg.c **** CY_CFG_UNUSED
  76:Generated_Source\PSoC4/cyfitter_cfg.c **** static void CYMEMZERO(void *s, size_t n)
  77:Generated_Source\PSoC4/cyfitter_cfg.c **** {
  27              		.loc 1 77 0
  28              		.cfi_startproc
  29              		@ args = 0, pretend = 0, frame = 0
  30              		@ frame_needed = 0, uses_anonymous_args = 0
  31              	.LVL0:
  32 0000 10B5     		push	{r4, lr}
  33              		.cfi_def_cfa_offset 8
  34              		.cfi_offset 4, -8
  35              		.cfi_offset 14, -4
  36 0002 0A00     		movs	r2, r1
  78:Generated_Source\PSoC4/cyfitter_cfg.c **** 	(void)memset(s, 0, n);
ARM GAS  C:\Users\Zeynep\AppData\Local\Temp\cck4G4mI.s 			page 3


  37              		.loc 1 78 0
  38 0004 0021     		movs	r1, #0
  39              	.LVL1:
  40 0006 FFF7FEFF 		bl	memset
  41              	.LVL2:
  79:Generated_Source\PSoC4/cyfitter_cfg.c **** }
  42              		.loc 1 79 0
  43              		@ sp needed
  44 000a 10BD     		pop	{r4, pc}
  45              		.cfi_endproc
  46              	.LFE0:
  47              		.size	CYMEMZERO, .-CYMEMZERO
  48              		.section	.psocinit,"ax",%progbits
  49              		.align	2
  50              		.code	16
  51              		.thumb_func
  52              		.type	ClockSetup, %function
  53              	ClockSetup:
  54              	.LFB3:
  80:Generated_Source\PSoC4/cyfitter_cfg.c **** CY_CFG_UNUSED
  81:Generated_Source\PSoC4/cyfitter_cfg.c **** static void CYCONFIGCPY(void *dest, const void *src, size_t n);
  82:Generated_Source\PSoC4/cyfitter_cfg.c **** CY_CFG_UNUSED
  83:Generated_Source\PSoC4/cyfitter_cfg.c **** static void CYCONFIGCPY(void *dest, const void *src, size_t n)
  84:Generated_Source\PSoC4/cyfitter_cfg.c **** {
  85:Generated_Source\PSoC4/cyfitter_cfg.c **** 	(void)memcpy(dest, src, n);
  86:Generated_Source\PSoC4/cyfitter_cfg.c **** }
  87:Generated_Source\PSoC4/cyfitter_cfg.c **** CY_CFG_UNUSED
  88:Generated_Source\PSoC4/cyfitter_cfg.c **** static void CYCONFIGCPYCODE(void *dest, const void *src, size_t n);
  89:Generated_Source\PSoC4/cyfitter_cfg.c **** CY_CFG_UNUSED
  90:Generated_Source\PSoC4/cyfitter_cfg.c **** static void CYCONFIGCPYCODE(void *dest, const void *src, size_t n)
  91:Generated_Source\PSoC4/cyfitter_cfg.c **** {
  92:Generated_Source\PSoC4/cyfitter_cfg.c **** 	(void)memcpy(dest, src, n);
  93:Generated_Source\PSoC4/cyfitter_cfg.c **** }
  94:Generated_Source\PSoC4/cyfitter_cfg.c **** 
  95:Generated_Source\PSoC4/cyfitter_cfg.c **** 
  96:Generated_Source\PSoC4/cyfitter_cfg.c **** 
  97:Generated_Source\PSoC4/cyfitter_cfg.c **** 
  98:Generated_Source\PSoC4/cyfitter_cfg.c **** /* Clock startup error codes                                                   */
  99:Generated_Source\PSoC4/cyfitter_cfg.c **** #define CYCLOCKSTART_NO_ERROR    0u
 100:Generated_Source\PSoC4/cyfitter_cfg.c **** #define CYCLOCKSTART_XTAL_ERROR  1u
 101:Generated_Source\PSoC4/cyfitter_cfg.c **** #define CYCLOCKSTART_32KHZ_ERROR 2u
 102:Generated_Source\PSoC4/cyfitter_cfg.c **** #define CYCLOCKSTART_PLL_ERROR   3u
 103:Generated_Source\PSoC4/cyfitter_cfg.c **** #define CYCLOCKSTART_FLL_ERROR   4u
 104:Generated_Source\PSoC4/cyfitter_cfg.c **** #define CYCLOCKSTART_WCO_ERROR   5u
 105:Generated_Source\PSoC4/cyfitter_cfg.c **** 
 106:Generated_Source\PSoC4/cyfitter_cfg.c **** 
 107:Generated_Source\PSoC4/cyfitter_cfg.c **** #ifdef CY_NEED_CYCLOCKSTARTUPERROR
 108:Generated_Source\PSoC4/cyfitter_cfg.c **** /*******************************************************************************
 109:Generated_Source\PSoC4/cyfitter_cfg.c **** * Function Name: CyClockStartupError
 110:Generated_Source\PSoC4/cyfitter_cfg.c **** ********************************************************************************
 111:Generated_Source\PSoC4/cyfitter_cfg.c **** * Summary:
 112:Generated_Source\PSoC4/cyfitter_cfg.c **** *  If an error is encountered during clock configuration (crystal startup error,
 113:Generated_Source\PSoC4/cyfitter_cfg.c **** *  PLL lock error, etc.), the system will end up here.  Unless reimplemented by
 114:Generated_Source\PSoC4/cyfitter_cfg.c **** *  the customer, this function will stop in an infinite loop.
 115:Generated_Source\PSoC4/cyfitter_cfg.c **** *
 116:Generated_Source\PSoC4/cyfitter_cfg.c **** * Parameters:
 117:Generated_Source\PSoC4/cyfitter_cfg.c **** *   void
ARM GAS  C:\Users\Zeynep\AppData\Local\Temp\cck4G4mI.s 			page 4


 118:Generated_Source\PSoC4/cyfitter_cfg.c **** *
 119:Generated_Source\PSoC4/cyfitter_cfg.c **** * Return:
 120:Generated_Source\PSoC4/cyfitter_cfg.c **** *   void
 121:Generated_Source\PSoC4/cyfitter_cfg.c **** *
 122:Generated_Source\PSoC4/cyfitter_cfg.c **** *******************************************************************************/
 123:Generated_Source\PSoC4/cyfitter_cfg.c **** CY_CFG_UNUSED
 124:Generated_Source\PSoC4/cyfitter_cfg.c **** static void CyClockStartupError(uint8 errorCode);
 125:Generated_Source\PSoC4/cyfitter_cfg.c **** CY_CFG_UNUSED
 126:Generated_Source\PSoC4/cyfitter_cfg.c **** static void CyClockStartupError(uint8 errorCode)
 127:Generated_Source\PSoC4/cyfitter_cfg.c **** {
 128:Generated_Source\PSoC4/cyfitter_cfg.c ****     /* To remove the compiler warning if errorCode not used.                */
 129:Generated_Source\PSoC4/cyfitter_cfg.c ****     errorCode = errorCode;
 130:Generated_Source\PSoC4/cyfitter_cfg.c **** 
 131:Generated_Source\PSoC4/cyfitter_cfg.c ****     /* If we have a clock startup error (bad MHz crystal, PLL lock, etc.),  */
 132:Generated_Source\PSoC4/cyfitter_cfg.c ****     /* we will end up here to allow the customer to implement something to  */
 133:Generated_Source\PSoC4/cyfitter_cfg.c ****     /* deal with the clock condition.                                       */
 134:Generated_Source\PSoC4/cyfitter_cfg.c **** 
 135:Generated_Source\PSoC4/cyfitter_cfg.c **** #ifdef CY_CFG_CLOCK_STARTUP_ERROR_CALLBACK
 136:Generated_Source\PSoC4/cyfitter_cfg.c ****     CY_CFG_Clock_Startup_ErrorCallback();
 137:Generated_Source\PSoC4/cyfitter_cfg.c **** #else
 138:Generated_Source\PSoC4/cyfitter_cfg.c ****     /*  If not using CY_CFG_CLOCK_STARTUP_ERROR_CALLBACK, place your clock startup code here. */
 139:Generated_Source\PSoC4/cyfitter_cfg.c ****     /* `#START CyClockStartupError` */
 140:Generated_Source\PSoC4/cyfitter_cfg.c **** 
 141:Generated_Source\PSoC4/cyfitter_cfg.c **** 
 142:Generated_Source\PSoC4/cyfitter_cfg.c **** 
 143:Generated_Source\PSoC4/cyfitter_cfg.c ****     /* `#END` */
 144:Generated_Source\PSoC4/cyfitter_cfg.c **** 
 145:Generated_Source\PSoC4/cyfitter_cfg.c ****     while(1) {}
 146:Generated_Source\PSoC4/cyfitter_cfg.c **** #endif /* CY_CFG_CLOCK_STARTUP_ERROR_CALLBACK */
 147:Generated_Source\PSoC4/cyfitter_cfg.c **** }
 148:Generated_Source\PSoC4/cyfitter_cfg.c **** #endif
 149:Generated_Source\PSoC4/cyfitter_cfg.c **** 
 150:Generated_Source\PSoC4/cyfitter_cfg.c **** 
 151:Generated_Source\PSoC4/cyfitter_cfg.c **** 
 152:Generated_Source\PSoC4/cyfitter_cfg.c **** /*******************************************************************************
 153:Generated_Source\PSoC4/cyfitter_cfg.c **** * Function Name: ClockSetup
 154:Generated_Source\PSoC4/cyfitter_cfg.c **** ********************************************************************************
 155:Generated_Source\PSoC4/cyfitter_cfg.c **** *
 156:Generated_Source\PSoC4/cyfitter_cfg.c **** * Summary:
 157:Generated_Source\PSoC4/cyfitter_cfg.c **** *   Performs the initialization of all of the clocks in the device based on the
 158:Generated_Source\PSoC4/cyfitter_cfg.c **** *   settings in the Clock tab of the DWR.  This includes enabling the requested
 159:Generated_Source\PSoC4/cyfitter_cfg.c **** *   clocks and setting the necessary dividers to produce the desired frequency. 
 160:Generated_Source\PSoC4/cyfitter_cfg.c **** *
 161:Generated_Source\PSoC4/cyfitter_cfg.c **** * Parameters:
 162:Generated_Source\PSoC4/cyfitter_cfg.c **** *   void
 163:Generated_Source\PSoC4/cyfitter_cfg.c **** *
 164:Generated_Source\PSoC4/cyfitter_cfg.c **** * Return:
 165:Generated_Source\PSoC4/cyfitter_cfg.c **** *   void
 166:Generated_Source\PSoC4/cyfitter_cfg.c **** *
 167:Generated_Source\PSoC4/cyfitter_cfg.c **** *******************************************************************************/
 168:Generated_Source\PSoC4/cyfitter_cfg.c **** static void ClockSetup(void);
 169:Generated_Source\PSoC4/cyfitter_cfg.c **** CY_CFG_SECTION
 170:Generated_Source\PSoC4/cyfitter_cfg.c **** static void ClockSetup(void)
 171:Generated_Source\PSoC4/cyfitter_cfg.c **** {
  55              		.loc 1 171 0
  56              		.cfi_startproc
  57              		@ args = 0, pretend = 0, frame = 0
ARM GAS  C:\Users\Zeynep\AppData\Local\Temp\cck4G4mI.s 			page 5


  58              		@ frame_needed = 0, uses_anonymous_args = 0
  59 0000 70B5     		push	{r4, r5, r6, lr}
  60              		.cfi_def_cfa_offset 16
  61              		.cfi_offset 4, -16
  62              		.cfi_offset 5, -12
  63              		.cfi_offset 6, -8
  64              		.cfi_offset 14, -4
 172:Generated_Source\PSoC4/cyfitter_cfg.c **** 	/* Enable HALF_EN before trimming for the flash accelerator. */
 173:Generated_Source\PSoC4/cyfitter_cfg.c **** 	CY_SET_REG32((void CYXDATA *)(CYREG_CLK_SELECT), (CY_GET_REG32((void *)CYREG_CLK_SELECT) | 0x00040
  65              		.loc 1 173 0
  66 0002 0F4C     		ldr	r4, .L3
  67 0004 2368     		ldr	r3, [r4]
  68 0006 8022     		movs	r2, #128
  69 0008 D202     		lsls	r2, r2, #11
  70 000a 1343     		orrs	r3, r2
  71 000c 2360     		str	r3, [r4]
 174:Generated_Source\PSoC4/cyfitter_cfg.c **** 
 175:Generated_Source\PSoC4/cyfitter_cfg.c **** 	/* Setup and trim IMO based on desired frequency. */
 176:Generated_Source\PSoC4/cyfitter_cfg.c **** 	CySysClkWriteImoFreq(24u);
  72              		.loc 1 176 0
  73 000e 1820     		movs	r0, #24
  74 0010 FFF7FEFF 		bl	CySysClkWriteImoFreq
  75              	.LVL3:
 177:Generated_Source\PSoC4/cyfitter_cfg.c **** 
 178:Generated_Source\PSoC4/cyfitter_cfg.c **** 	/* Disable HALF_EN since it is not required at this IMO frequency. */
 179:Generated_Source\PSoC4/cyfitter_cfg.c **** 	CY_SET_REG32((void CYXDATA *)(CYREG_CLK_SELECT), (CY_GET_REG32((void *)CYREG_CLK_SELECT) & 0xFFFBF
  76              		.loc 1 179 0
  77 0014 2268     		ldr	r2, [r4]
  78 0016 0B4B     		ldr	r3, .L3+4
  79 0018 1340     		ands	r3, r2
  80 001a 2360     		str	r3, [r4]
 180:Generated_Source\PSoC4/cyfitter_cfg.c **** 	/* CYDEV_CLK_ILO_CONFIG Starting address: CYDEV_CLK_ILO_CONFIG */
 181:Generated_Source\PSoC4/cyfitter_cfg.c **** 	CY_SET_REG32((void *)(CYREG_CLK_ILO_CONFIG), 0x80000006u);
  81              		.loc 1 181 0
  82 001c 0A4A     		ldr	r2, .L3+8
  83 001e 0B4B     		ldr	r3, .L3+12
  84 0020 1A60     		str	r2, [r3]
 182:Generated_Source\PSoC4/cyfitter_cfg.c **** 
 183:Generated_Source\PSoC4/cyfitter_cfg.c **** 
 184:Generated_Source\PSoC4/cyfitter_cfg.c **** 	/* CYDEV_CLK_IMO_CONFIG Starting address: CYDEV_CLK_IMO_CONFIG */
 185:Generated_Source\PSoC4/cyfitter_cfg.c **** 	CY_SET_REG32((void *)(CYREG_CLK_IMO_CONFIG), 0x80000000u);
  85              		.loc 1 185 0
  86 0022 063A     		subs	r2, r2, #6
  87 0024 0A4B     		ldr	r3, .L3+16
  88 0026 1A60     		str	r2, [r3]
 186:Generated_Source\PSoC4/cyfitter_cfg.c **** 
 187:Generated_Source\PSoC4/cyfitter_cfg.c **** 	/* CYDEV_CLK_SELECT Starting address: CYDEV_CLK_SELECT */
 188:Generated_Source\PSoC4/cyfitter_cfg.c **** 	CY_SET_REG32((void *)(CYREG_CLK_SELECT), 0x00000000u);
  89              		.loc 1 188 0
  90 0028 0025     		movs	r5, #0
  91 002a 2560     		str	r5, [r4]
 189:Generated_Source\PSoC4/cyfitter_cfg.c **** 
 190:Generated_Source\PSoC4/cyfitter_cfg.c **** 	(void)CyIntSetVector(9u, &CySysWdtIsr);
  92              		.loc 1 190 0
  93 002c 0949     		ldr	r1, .L3+20
  94 002e 0920     		movs	r0, #9
  95 0030 FFF7FEFF 		bl	CyIntSetVector
ARM GAS  C:\Users\Zeynep\AppData\Local\Temp\cck4G4mI.s 			page 6


  96              	.LVL4:
 191:Generated_Source\PSoC4/cyfitter_cfg.c **** 	CyIntEnable(9u);
  97              		.loc 1 191 0
  98 0034 0920     		movs	r0, #9
  99 0036 FFF7FEFF 		bl	CyIntEnable
 100              	.LVL5:
 192:Generated_Source\PSoC4/cyfitter_cfg.c **** 	CY_SET_REG32((void *)(CYREG_WDT_CONFIG), 0x00000000u);
 101              		.loc 1 192 0
 102 003a 074B     		ldr	r3, .L3+24
 103 003c 1D60     		str	r5, [r3]
 193:Generated_Source\PSoC4/cyfitter_cfg.c **** }
 104              		.loc 1 193 0
 105              		@ sp needed
 106 003e 70BD     		pop	{r4, r5, r6, pc}
 107              	.L4:
 108              		.align	2
 109              	.L3:
 110 0040 00010B40 		.word	1074462976
 111 0044 FFFFFBFF 		.word	-262145
 112 0048 06000080 		.word	-2147483642
 113 004c 04010B40 		.word	1074462980
 114 0050 08010B40 		.word	1074462984
 115 0054 00000000 		.word	CySysWdtIsr
 116 0058 0C020B40 		.word	1074463244
 117              		.cfi_endproc
 118              	.LFE3:
 119              		.size	ClockSetup, .-ClockSetup
 120              		.align	2
 121              		.global	cyfitter_cfg
 122              		.code	16
 123              		.thumb_func
 124              		.type	cyfitter_cfg, %function
 125              	cyfitter_cfg:
 126              	.LFB5:
 194:Generated_Source\PSoC4/cyfitter_cfg.c **** 
 195:Generated_Source\PSoC4/cyfitter_cfg.c **** 
 196:Generated_Source\PSoC4/cyfitter_cfg.c **** /* Analog API Functions */
 197:Generated_Source\PSoC4/cyfitter_cfg.c **** 
 198:Generated_Source\PSoC4/cyfitter_cfg.c **** 
 199:Generated_Source\PSoC4/cyfitter_cfg.c **** /*******************************************************************************
 200:Generated_Source\PSoC4/cyfitter_cfg.c **** * Function Name: AnalogSetDefault
 201:Generated_Source\PSoC4/cyfitter_cfg.c **** ********************************************************************************
 202:Generated_Source\PSoC4/cyfitter_cfg.c **** *
 203:Generated_Source\PSoC4/cyfitter_cfg.c **** * Summary:
 204:Generated_Source\PSoC4/cyfitter_cfg.c **** *  Sets up the analog portions of the chip to default values based on chip
 205:Generated_Source\PSoC4/cyfitter_cfg.c **** *  configuration options from the project.
 206:Generated_Source\PSoC4/cyfitter_cfg.c **** *
 207:Generated_Source\PSoC4/cyfitter_cfg.c **** * Parameters:
 208:Generated_Source\PSoC4/cyfitter_cfg.c **** *  void
 209:Generated_Source\PSoC4/cyfitter_cfg.c **** *
 210:Generated_Source\PSoC4/cyfitter_cfg.c **** * Return:
 211:Generated_Source\PSoC4/cyfitter_cfg.c **** *  void
 212:Generated_Source\PSoC4/cyfitter_cfg.c **** *
 213:Generated_Source\PSoC4/cyfitter_cfg.c **** *******************************************************************************/
 214:Generated_Source\PSoC4/cyfitter_cfg.c **** static void AnalogSetDefault(void);
 215:Generated_Source\PSoC4/cyfitter_cfg.c **** static void AnalogSetDefault(void)
 216:Generated_Source\PSoC4/cyfitter_cfg.c **** {
ARM GAS  C:\Users\Zeynep\AppData\Local\Temp\cck4G4mI.s 			page 7


 217:Generated_Source\PSoC4/cyfitter_cfg.c **** }
 218:Generated_Source\PSoC4/cyfitter_cfg.c **** 
 219:Generated_Source\PSoC4/cyfitter_cfg.c **** 
 220:Generated_Source\PSoC4/cyfitter_cfg.c **** 
 221:Generated_Source\PSoC4/cyfitter_cfg.c **** 
 222:Generated_Source\PSoC4/cyfitter_cfg.c **** /*******************************************************************************
 223:Generated_Source\PSoC4/cyfitter_cfg.c **** * Function Name: cyfitter_cfg
 224:Generated_Source\PSoC4/cyfitter_cfg.c **** ********************************************************************************
 225:Generated_Source\PSoC4/cyfitter_cfg.c **** * Summary:
 226:Generated_Source\PSoC4/cyfitter_cfg.c **** *  This function is called by the start-up code for the selected device. It
 227:Generated_Source\PSoC4/cyfitter_cfg.c **** *  performs all of the necessary device configuration based on the design
 228:Generated_Source\PSoC4/cyfitter_cfg.c **** *  settings.  This includes settings from the Design Wide Resources (DWR) such
 229:Generated_Source\PSoC4/cyfitter_cfg.c **** *  as Clocks and Pins as well as any component configuration that is necessary.
 230:Generated_Source\PSoC4/cyfitter_cfg.c **** *
 231:Generated_Source\PSoC4/cyfitter_cfg.c **** * Parameters:
 232:Generated_Source\PSoC4/cyfitter_cfg.c **** *   void
 233:Generated_Source\PSoC4/cyfitter_cfg.c **** *
 234:Generated_Source\PSoC4/cyfitter_cfg.c **** * Return:
 235:Generated_Source\PSoC4/cyfitter_cfg.c **** *   void
 236:Generated_Source\PSoC4/cyfitter_cfg.c **** *
 237:Generated_Source\PSoC4/cyfitter_cfg.c **** *******************************************************************************/
 238:Generated_Source\PSoC4/cyfitter_cfg.c **** CY_CFG_SECTION
 239:Generated_Source\PSoC4/cyfitter_cfg.c **** void cyfitter_cfg(void)
 240:Generated_Source\PSoC4/cyfitter_cfg.c **** {
 127              		.loc 1 240 0
 128              		.cfi_startproc
 129              		@ args = 0, pretend = 0, frame = 0
 130              		@ frame_needed = 0, uses_anonymous_args = 0
 131 005c 10B5     		push	{r4, lr}
 132              		.cfi_def_cfa_offset 8
 133              		.cfi_offset 4, -8
 134              		.cfi_offset 14, -4
 241:Generated_Source\PSoC4/cyfitter_cfg.c **** 	/* Disable interrupts by default. Let user enable if/when they want. */
 242:Generated_Source\PSoC4/cyfitter_cfg.c **** 	CyGlobalIntDisable;
 135              		.loc 1 242 0
 136              		.syntax divided
 137              	@ 242 "Generated_Source\PSoC4\cyfitter_cfg.c" 1
 138 005e 72B6     		CPSID   i
 139              	@ 0 "" 2
 140              	.LVL6:
 141              		.thumb
 142              		.syntax unified
 143              	.LBB2:
 243:Generated_Source\PSoC4/cyfitter_cfg.c **** 
 244:Generated_Source\PSoC4/cyfitter_cfg.c **** 	{
 245:Generated_Source\PSoC4/cyfitter_cfg.c **** 
 246:Generated_Source\PSoC4/cyfitter_cfg.c **** 		CYPACKED typedef struct {
 247:Generated_Source\PSoC4/cyfitter_cfg.c **** 			void CYFAR *address;
 248:Generated_Source\PSoC4/cyfitter_cfg.c **** 			uint16 size;
 249:Generated_Source\PSoC4/cyfitter_cfg.c **** 		} CYPACKED_ATTR cfg_memset_t;
 250:Generated_Source\PSoC4/cyfitter_cfg.c **** 
 251:Generated_Source\PSoC4/cyfitter_cfg.c **** 		static const cfg_memset_t CYCODE cfg_memset_list[] = {
 252:Generated_Source\PSoC4/cyfitter_cfg.c **** 			/* address, size */
 253:Generated_Source\PSoC4/cyfitter_cfg.c **** 			{(void CYFAR *)(CYDEV_UDB_P0_U0_BASE), 1024u},
 254:Generated_Source\PSoC4/cyfitter_cfg.c **** 			{(void CYFAR *)(CYDEV_UDB_DSI0_BASE), 1024u},
 255:Generated_Source\PSoC4/cyfitter_cfg.c **** 		};
 256:Generated_Source\PSoC4/cyfitter_cfg.c **** 
ARM GAS  C:\Users\Zeynep\AppData\Local\Temp\cck4G4mI.s 			page 8


 257:Generated_Source\PSoC4/cyfitter_cfg.c **** 		uint8 CYDATA i;
 258:Generated_Source\PSoC4/cyfitter_cfg.c **** 
 259:Generated_Source\PSoC4/cyfitter_cfg.c **** 		/* Zero out critical memory blocks before beginning configuration */
 260:Generated_Source\PSoC4/cyfitter_cfg.c **** 		for (i = 0u; i < (sizeof(cfg_memset_list)/sizeof(cfg_memset_list[0])); i++)
 144              		.loc 1 260 0
 145 0060 0024     		movs	r4, #0
 146 0062 0FE0     		b	.L6
 147              	.LVL7:
 148              	.L7:
 149              	.LBB3:
 261:Generated_Source\PSoC4/cyfitter_cfg.c **** 		{
 262:Generated_Source\PSoC4/cyfitter_cfg.c **** 			const cfg_memset_t CYCODE * CYDATA ms = &cfg_memset_list[i];
 263:Generated_Source\PSoC4/cyfitter_cfg.c **** 			CYMEMZERO(ms->address, (size_t)(uint32)(ms->size));
 150              		.loc 1 263 0 discriminator 3
 151 0064 1A48     		ldr	r0, .L8
 152 0066 6200     		lsls	r2, r4, #1
 153 0068 1319     		adds	r3, r2, r4
 154 006a 5900     		lsls	r1, r3, #1
 155 006c 0B00     		movs	r3, r1
 156 006e 4118     		adds	r1, r0, r1
 157 0070 8988     		ldrh	r1, [r1, #4]
 158 0072 1A5A     		ldrh	r2, [r3, r0]
 159 0074 C318     		adds	r3, r0, r3
 160 0076 5888     		ldrh	r0, [r3, #2]
 161 0078 0004     		lsls	r0, r0, #16
 162 007a 1043     		orrs	r0, r2
 163 007c FFF7FEFF 		bl	CYMEMZERO
 164              	.LVL8:
 165              	.LBE3:
 260:Generated_Source\PSoC4/cyfitter_cfg.c **** 		{
 166              		.loc 1 260 0 discriminator 3
 167 0080 0134     		adds	r4, r4, #1
 168              	.LVL9:
 169 0082 E4B2     		uxtb	r4, r4
 170              	.LVL10:
 171              	.L6:
 260:Generated_Source\PSoC4/cyfitter_cfg.c **** 		{
 172              		.loc 1 260 0 is_stmt 0 discriminator 1
 173 0084 012C     		cmp	r4, #1
 174 0086 EDD9     		bls	.L7
 264:Generated_Source\PSoC4/cyfitter_cfg.c **** 		}
 265:Generated_Source\PSoC4/cyfitter_cfg.c **** 
 266:Generated_Source\PSoC4/cyfitter_cfg.c **** 		/* HSIOM Starting address: CYDEV_HSIOM_BASE */
 267:Generated_Source\PSoC4/cyfitter_cfg.c **** 		CY_SET_REG32((void *)(CYREG_HSIOM_PORT_SEL3), 0x0000EE00u);
 175              		.loc 1 267 0 is_stmt 1
 176 0088 EE22     		movs	r2, #238
 177 008a 1202     		lsls	r2, r2, #8
 178 008c 114B     		ldr	r3, .L8+4
 179 008e 1A60     		str	r2, [r3]
 268:Generated_Source\PSoC4/cyfitter_cfg.c **** 
 269:Generated_Source\PSoC4/cyfitter_cfg.c **** 		/* UDB_PA_0 Starting address: CYDEV_UDB_PA0_BASE */
 270:Generated_Source\PSoC4/cyfitter_cfg.c **** 		CY_SET_REG32((void *)(CYDEV_UDB_PA0_BASE), 0x00990000u);
 180              		.loc 1 270 0
 181 0090 9923     		movs	r3, #153
 182 0092 1B04     		lsls	r3, r3, #16
 183 0094 104A     		ldr	r2, .L8+8
 184 0096 1360     		str	r3, [r2]
ARM GAS  C:\Users\Zeynep\AppData\Local\Temp\cck4G4mI.s 			page 9


 271:Generated_Source\PSoC4/cyfitter_cfg.c **** 
 272:Generated_Source\PSoC4/cyfitter_cfg.c **** 		/* UDB_PA_1 Starting address: CYDEV_UDB_PA1_BASE */
 273:Generated_Source\PSoC4/cyfitter_cfg.c **** 		CY_SET_REG32((void *)(CYDEV_UDB_PA1_BASE), 0x00990000u);
 185              		.loc 1 273 0
 186 0098 104A     		ldr	r2, .L8+12
 187 009a 1360     		str	r3, [r2]
 274:Generated_Source\PSoC4/cyfitter_cfg.c **** 
 275:Generated_Source\PSoC4/cyfitter_cfg.c **** 		/* UDB_PA_2 Starting address: CYDEV_UDB_PA2_BASE */
 276:Generated_Source\PSoC4/cyfitter_cfg.c **** 		CY_SET_REG32((void *)(CYDEV_UDB_PA2_BASE), 0x00990000u);
 188              		.loc 1 276 0
 189 009c 104A     		ldr	r2, .L8+16
 190 009e 1360     		str	r3, [r2]
 277:Generated_Source\PSoC4/cyfitter_cfg.c **** 
 278:Generated_Source\PSoC4/cyfitter_cfg.c **** 		/* UDB_PA_3 Starting address: CYDEV_UDB_PA3_BASE */
 279:Generated_Source\PSoC4/cyfitter_cfg.c **** 		CY_SET_REG32((void *)(CYDEV_UDB_PA3_BASE), 0x00990000u);
 191              		.loc 1 279 0
 192 00a0 104A     		ldr	r2, .L8+20
 193 00a2 1360     		str	r3, [r2]
 280:Generated_Source\PSoC4/cyfitter_cfg.c **** 
 281:Generated_Source\PSoC4/cyfitter_cfg.c **** 		/* Enable digital routing */
 282:Generated_Source\PSoC4/cyfitter_cfg.c **** 		CY_SET_XTND_REG8((void *)CYREG_UDB_UDBIF_BANK_CTL, (uint8)(CY_GET_XTND_REG8((void *)CYREG_UDB_UDB
 194              		.loc 1 282 0
 195 00a4 104A     		ldr	r2, .L8+24
 196 00a6 1178     		ldrb	r1, [r2]
 197 00a8 0623     		movs	r3, #6
 198 00aa 0B43     		orrs	r3, r1
 199 00ac DBB2     		uxtb	r3, r3
 200 00ae 1370     		strb	r3, [r2]
 201              	.LBE2:
 283:Generated_Source\PSoC4/cyfitter_cfg.c **** 	}
 284:Generated_Source\PSoC4/cyfitter_cfg.c **** 
 285:Generated_Source\PSoC4/cyfitter_cfg.c **** 	/* Perform second pass device configuration. These items must be configured in specific order afte
 286:Generated_Source\PSoC4/cyfitter_cfg.c **** 	/* IOPINS0_0 Starting address: CYDEV_PRT0_BASE */
 287:Generated_Source\PSoC4/cyfitter_cfg.c **** 	CY_SET_REG32((void *)(CYREG_PRT0_PC), 0x00C36006u);
 202              		.loc 1 287 0
 203 00b0 0E4A     		ldr	r2, .L8+28
 204 00b2 0F4B     		ldr	r3, .L8+32
 205 00b4 1A60     		str	r2, [r3]
 288:Generated_Source\PSoC4/cyfitter_cfg.c **** 
 289:Generated_Source\PSoC4/cyfitter_cfg.c **** 	/* IOPINS0_1 Starting address: CYDEV_PRT1_BASE */
 290:Generated_Source\PSoC4/cyfitter_cfg.c **** 	CY_SET_REG32((void *)(CYREG_PRT1_PC), 0x00000006u);
 206              		.loc 1 290 0
 207 00b6 0F4B     		ldr	r3, .L8+36
 208 00b8 0622     		movs	r2, #6
 209 00ba 1A60     		str	r2, [r3]
 291:Generated_Source\PSoC4/cyfitter_cfg.c **** 
 292:Generated_Source\PSoC4/cyfitter_cfg.c **** 	/* IOPINS0_2 Starting address: CYDEV_PRT2_BASE */
 293:Generated_Source\PSoC4/cyfitter_cfg.c **** 	CY_SET_REG32((void *)(CYREG_PRT2_PC), 0x00C00000u);
 210              		.loc 1 293 0
 211 00bc C022     		movs	r2, #192
 212 00be 1204     		lsls	r2, r2, #16
 213 00c0 0D4B     		ldr	r3, .L8+40
 214 00c2 1A60     		str	r2, [r3]
 294:Generated_Source\PSoC4/cyfitter_cfg.c **** 
 295:Generated_Source\PSoC4/cyfitter_cfg.c **** 	/* IOPINS0_3 Starting address: CYDEV_PRT3_BASE */
 296:Generated_Source\PSoC4/cyfitter_cfg.c **** 	CY_SET_REG32((void *)(CYREG_PRT3_PC), 0x00C30D80u);
 215              		.loc 1 296 0
ARM GAS  C:\Users\Zeynep\AppData\Local\Temp\cck4G4mI.s 			page 10


 216 00c4 0D4A     		ldr	r2, .L8+44
 217 00c6 0E4B     		ldr	r3, .L8+48
 218 00c8 1A60     		str	r2, [r3]
 297:Generated_Source\PSoC4/cyfitter_cfg.c **** 
 298:Generated_Source\PSoC4/cyfitter_cfg.c **** 
 299:Generated_Source\PSoC4/cyfitter_cfg.c **** 	/* Setup clocks based on selections from Clock DWR */
 300:Generated_Source\PSoC4/cyfitter_cfg.c **** 	ClockSetup();
 219              		.loc 1 300 0
 220 00ca FFF799FF 		bl	ClockSetup
 221              	.LVL11:
 301:Generated_Source\PSoC4/cyfitter_cfg.c **** 
 302:Generated_Source\PSoC4/cyfitter_cfg.c **** 	/* Perform basic analog initialization to defaults */
 303:Generated_Source\PSoC4/cyfitter_cfg.c **** 	AnalogSetDefault();
 304:Generated_Source\PSoC4/cyfitter_cfg.c **** 
 305:Generated_Source\PSoC4/cyfitter_cfg.c **** }
 222              		.loc 1 305 0
 223              		@ sp needed
 224              	.LVL12:
 225 00ce 10BD     		pop	{r4, pc}
 226              	.L9:
 227              		.align	2
 228              	.L8:
 229 00d0 00000000 		.word	.LANCHOR0
 230 00d4 0C000140 		.word	1073807372
 231 00d8 00500F40 		.word	1074745344
 232 00dc 10500F40 		.word	1074745360
 233 00e0 20500F40 		.word	1074745376
 234 00e4 30500F40 		.word	1074745392
 235 00e8 00700F40 		.word	1074753536
 236 00ec 0660C300 		.word	12804102
 237 00f0 08000440 		.word	1074003976
 238 00f4 08010440 		.word	1074004232
 239 00f8 08020440 		.word	1074004488
 240 00fc 800DC300 		.word	12782976
 241 0100 08030440 		.word	1074004744
 242              		.cfi_endproc
 243              	.LFE5:
 244              		.size	cyfitter_cfg, .-cyfitter_cfg
 245              		.section	.rodata
 246              		.align	2
 247              		.set	.LANCHOR0,. + 0
 248              		.type	cfg_memset_list.4847, %object
 249              		.size	cfg_memset_list.4847, 12
 250              	cfg_memset_list.4847:
 251 0000 00300F40 		.word	1074737152
 252 0004 0004     		.short	1024
 253 0006 00400F40 		.4byte	1074741248
 254 000a 0004     		.short	1024
 255              		.text
 256              	.Letext0:
 257              		.file 2 "d:\\psoc creator\\4.4\\psoc creator\\import\\gnu\\arm\\5.4.1\\lib\\gcc\\arm-none-eabi\\5.
 258              		.file 3 "Generated_Source\\PSoC4\\cytypes.h"
 259              		.file 4 "Generated_Source\\PSoC4\\CyLib.h"
 260              		.section	.debug_info,"",%progbits
 261              	.Ldebug_info0:
 262 0000 74020000 		.4byte	0x274
 263 0004 0400     		.2byte	0x4
ARM GAS  C:\Users\Zeynep\AppData\Local\Temp\cck4G4mI.s 			page 11


 264 0006 00000000 		.4byte	.Ldebug_abbrev0
 265 000a 04       		.byte	0x4
 266 000b 01       		.uleb128 0x1
 267 000c 13010000 		.4byte	.LASF29
 268 0010 0C       		.byte	0xc
 269 0011 0A020000 		.4byte	.LASF30
 270 0015 7C000000 		.4byte	.LASF31
 271 0019 00000000 		.4byte	.Ldebug_ranges0+0
 272 001d 00000000 		.4byte	0
 273 0021 00000000 		.4byte	.Ldebug_line0
 274 0025 02       		.uleb128 0x2
 275 0026 04       		.byte	0x4
 276 0027 05       		.byte	0x5
 277 0028 696E7400 		.ascii	"int\000"
 278 002c 03       		.uleb128 0x3
 279 002d 06000000 		.4byte	.LASF12
 280 0031 02       		.byte	0x2
 281 0032 D8       		.byte	0xd8
 282 0033 37000000 		.4byte	0x37
 283 0037 04       		.uleb128 0x4
 284 0038 04       		.byte	0x4
 285 0039 07       		.byte	0x7
 286 003a DA000000 		.4byte	.LASF0
 287 003e 04       		.uleb128 0x4
 288 003f 08       		.byte	0x8
 289 0040 05       		.byte	0x5
 290 0041 B7010000 		.4byte	.LASF1
 291 0045 04       		.uleb128 0x4
 292 0046 08       		.byte	0x8
 293 0047 04       		.byte	0x4
 294 0048 F2010000 		.4byte	.LASF2
 295 004c 04       		.uleb128 0x4
 296 004d 01       		.byte	0x1
 297 004e 06       		.byte	0x6
 298 004f FE010000 		.4byte	.LASF3
 299 0053 04       		.uleb128 0x4
 300 0054 01       		.byte	0x1
 301 0055 08       		.byte	0x8
 302 0056 A4000000 		.4byte	.LASF4
 303 005a 04       		.uleb128 0x4
 304 005b 02       		.byte	0x2
 305 005c 05       		.byte	0x5
 306 005d CA010000 		.4byte	.LASF5
 307 0061 04       		.uleb128 0x4
 308 0062 02       		.byte	0x2
 309 0063 07       		.byte	0x7
 310 0064 37000000 		.4byte	.LASF6
 311 0068 04       		.uleb128 0x4
 312 0069 04       		.byte	0x4
 313 006a 05       		.byte	0x5
 314 006b E9010000 		.4byte	.LASF7
 315 006f 04       		.uleb128 0x4
 316 0070 04       		.byte	0x4
 317 0071 07       		.byte	0x7
 318 0072 5A000000 		.4byte	.LASF8
 319 0076 04       		.uleb128 0x4
 320 0077 08       		.byte	0x8
ARM GAS  C:\Users\Zeynep\AppData\Local\Temp\cck4G4mI.s 			page 12


 321 0078 07       		.byte	0x7
 322 0079 FC000000 		.4byte	.LASF9
 323 007d 04       		.uleb128 0x4
 324 007e 04       		.byte	0x4
 325 007f 07       		.byte	0x7
 326 0080 AE010000 		.4byte	.LASF10
 327 0084 05       		.uleb128 0x5
 328 0085 04       		.byte	0x4
 329 0086 04       		.uleb128 0x4
 330 0087 01       		.byte	0x1
 331 0088 08       		.byte	0x8
 332 0089 C5010000 		.4byte	.LASF11
 333 008d 06       		.uleb128 0x6
 334 008e 6C000000 		.4byte	.LASF13
 335 0092 03       		.byte	0x3
 336 0093 FB01     		.2byte	0x1fb
 337 0095 53000000 		.4byte	0x53
 338 0099 06       		.uleb128 0x6
 339 009a CC000000 		.4byte	.LASF14
 340 009e 03       		.byte	0x3
 341 009f FC01     		.2byte	0x1fc
 342 00a1 61000000 		.4byte	0x61
 343 00a5 06       		.uleb128 0x6
 344 00a6 D3000000 		.4byte	.LASF15
 345 00aa 03       		.byte	0x3
 346 00ab FD01     		.2byte	0x1fd
 347 00ad 6F000000 		.4byte	0x6f
 348 00b1 04       		.uleb128 0x4
 349 00b2 04       		.byte	0x4
 350 00b3 04       		.byte	0x4
 351 00b4 4A000000 		.4byte	.LASF16
 352 00b8 04       		.uleb128 0x4
 353 00b9 08       		.byte	0x8
 354 00ba 04       		.byte	0x4
 355 00bb B9000000 		.4byte	.LASF17
 356 00bf 06       		.uleb128 0x6
 357 00c0 55000000 		.4byte	.LASF18
 358 00c4 03       		.byte	0x3
 359 00c5 A502     		.2byte	0x2a5
 360 00c7 CB000000 		.4byte	0xcb
 361 00cb 07       		.uleb128 0x7
 362 00cc 8D000000 		.4byte	0x8d
 363 00d0 06       		.uleb128 0x6
 364 00d1 00000000 		.4byte	.LASF19
 365 00d5 03       		.byte	0x3
 366 00d6 A702     		.2byte	0x2a7
 367 00d8 DC000000 		.4byte	0xdc
 368 00dc 07       		.uleb128 0x7
 369 00dd A5000000 		.4byte	0xa5
 370 00e1 08       		.uleb128 0x8
 371 00e2 72000000 		.4byte	.LASF20
 372 00e6 01       		.byte	0x1
 373 00e7 4C       		.byte	0x4c
 374 00e8 00000000 		.4byte	.LFB0
 375 00ec 0C000000 		.4byte	.LFE0-.LFB0
 376 00f0 01       		.uleb128 0x1
 377 00f1 9C       		.byte	0x9c
ARM GAS  C:\Users\Zeynep\AppData\Local\Temp\cck4G4mI.s 			page 13


 378 00f2 2E010000 		.4byte	0x12e
 379 00f6 09       		.uleb128 0x9
 380 00f7 7300     		.ascii	"s\000"
 381 00f9 01       		.byte	0x1
 382 00fa 4C       		.byte	0x4c
 383 00fb 84000000 		.4byte	0x84
 384 00ff 00000000 		.4byte	.LLST0
 385 0103 09       		.uleb128 0x9
 386 0104 6E00     		.ascii	"n\000"
 387 0106 01       		.byte	0x1
 388 0107 4C       		.byte	0x4c
 389 0108 2C000000 		.4byte	0x2c
 390 010c 21000000 		.4byte	.LLST1
 391 0110 0A       		.uleb128 0xa
 392 0111 0A000000 		.4byte	.LVL2
 393 0115 4D020000 		.4byte	0x24d
 394 0119 0B       		.uleb128 0xb
 395 011a 01       		.uleb128 0x1
 396 011b 50       		.byte	0x50
 397 011c 03       		.uleb128 0x3
 398 011d F3       		.byte	0xf3
 399 011e 01       		.uleb128 0x1
 400 011f 50       		.byte	0x50
 401 0120 0B       		.uleb128 0xb
 402 0121 01       		.uleb128 0x1
 403 0122 51       		.byte	0x51
 404 0123 01       		.uleb128 0x1
 405 0124 30       		.byte	0x30
 406 0125 0B       		.uleb128 0xb
 407 0126 01       		.uleb128 0x1
 408 0127 52       		.byte	0x52
 409 0128 03       		.uleb128 0x3
 410 0129 F3       		.byte	0xf3
 411 012a 01       		.uleb128 0x1
 412 012b 51       		.byte	0x51
 413 012c 00       		.byte	0
 414 012d 00       		.byte	0
 415 012e 08       		.uleb128 0x8
 416 012f 2C000000 		.4byte	.LASF21
 417 0133 01       		.byte	0x1
 418 0134 AA       		.byte	0xaa
 419 0135 00000000 		.4byte	.LFB3
 420 0139 5C000000 		.4byte	.LFE3-.LFB3
 421 013d 01       		.uleb128 0x1
 422 013e 9C       		.byte	0x9c
 423 013f 79010000 		.4byte	0x179
 424 0143 0C       		.uleb128 0xc
 425 0144 14000000 		.4byte	.LVL3
 426 0148 56020000 		.4byte	0x256
 427 014c 56010000 		.4byte	0x156
 428 0150 0B       		.uleb128 0xb
 429 0151 01       		.uleb128 0x1
 430 0152 50       		.byte	0x50
 431 0153 01       		.uleb128 0x1
 432 0154 48       		.byte	0x48
 433 0155 00       		.byte	0
 434 0156 0C       		.uleb128 0xc
ARM GAS  C:\Users\Zeynep\AppData\Local\Temp\cck4G4mI.s 			page 14


 435 0157 34000000 		.4byte	.LVL4
 436 015b 61020000 		.4byte	0x261
 437 015f 69010000 		.4byte	0x169
 438 0163 0B       		.uleb128 0xb
 439 0164 01       		.uleb128 0x1
 440 0165 50       		.byte	0x50
 441 0166 01       		.uleb128 0x1
 442 0167 39       		.byte	0x39
 443 0168 00       		.byte	0
 444 0169 0A       		.uleb128 0xa
 445 016a 3A000000 		.4byte	.LVL5
 446 016e 6C020000 		.4byte	0x26c
 447 0172 0B       		.uleb128 0xb
 448 0173 01       		.uleb128 0x1
 449 0174 50       		.byte	0x50
 450 0175 01       		.uleb128 0x1
 451 0176 39       		.byte	0x39
 452 0177 00       		.byte	0
 453 0178 00       		.byte	0
 454 0179 0D       		.uleb128 0xd
 455 017a E7000000 		.4byte	.LASF32
 456 017e 01       		.byte	0x1
 457 017f EF       		.byte	0xef
 458 0180 5C000000 		.4byte	.LFB5
 459 0184 A8000000 		.4byte	.LFE5-.LFB5
 460 0188 01       		.uleb128 0x1
 461 0189 9C       		.byte	0x9c
 462 018a 4D020000 		.4byte	0x24d
 463 018e 0E       		.uleb128 0xe
 464 018f 60000000 		.4byte	.LBB2
 465 0193 50000000 		.4byte	.LBE2-.LBB2
 466 0197 43020000 		.4byte	0x243
 467 019b 0F       		.uleb128 0xf
 468 019c 06       		.byte	0x6
 469 019d 01       		.byte	0x1
 470 019e F6       		.byte	0xf6
 471 019f BC010000 		.4byte	0x1bc
 472 01a3 10       		.uleb128 0x10
 473 01a4 F4000000 		.4byte	.LASF22
 474 01a8 01       		.byte	0x1
 475 01a9 F7       		.byte	0xf7
 476 01aa 84000000 		.4byte	0x84
 477 01ae 00       		.byte	0
 478 01af 10       		.uleb128 0x10
 479 01b0 50000000 		.4byte	.LASF23
 480 01b4 01       		.byte	0x1
 481 01b5 F8       		.byte	0xf8
 482 01b6 99000000 		.4byte	0x99
 483 01ba 04       		.byte	0x4
 484 01bb 00       		.byte	0
 485 01bc 03       		.uleb128 0x3
 486 01bd A1010000 		.4byte	.LASF24
 487 01c1 01       		.byte	0x1
 488 01c2 F9       		.byte	0xf9
 489 01c3 9B010000 		.4byte	0x19b
 490 01c7 11       		.uleb128 0x11
 491 01c8 D7010000 		.4byte	0x1d7
ARM GAS  C:\Users\Zeynep\AppData\Local\Temp\cck4G4mI.s 			page 15


 492 01cc D7010000 		.4byte	0x1d7
 493 01d0 12       		.uleb128 0x12
 494 01d1 7D000000 		.4byte	0x7d
 495 01d5 01       		.byte	0x1
 496 01d6 00       		.byte	0
 497 01d7 13       		.uleb128 0x13
 498 01d8 BC010000 		.4byte	0x1bc
 499 01dc 14       		.uleb128 0x14
 500 01dd 1C000000 		.4byte	.LASF25
 501 01e1 01       		.byte	0x1
 502 01e2 FB       		.byte	0xfb
 503 01e3 ED010000 		.4byte	0x1ed
 504 01e7 05       		.uleb128 0x5
 505 01e8 03       		.byte	0x3
 506 01e9 00000000 		.4byte	cfg_memset_list.4847
 507 01ed 13       		.uleb128 0x13
 508 01ee C7010000 		.4byte	0x1c7
 509 01f2 15       		.uleb128 0x15
 510 01f3 6900     		.ascii	"i\000"
 511 01f5 01       		.byte	0x1
 512 01f6 0101     		.2byte	0x101
 513 01f8 8D000000 		.4byte	0x8d
 514 01fc 4D000000 		.4byte	.LLST2
 515 0200 16       		.uleb128 0x16
 516 0201 64000000 		.4byte	.LBB3
 517 0205 1C000000 		.4byte	.LBE3-.LBB3
 518 0209 15       		.uleb128 0x15
 519 020a 6D7300   		.ascii	"ms\000"
 520 020d 01       		.byte	0x1
 521 020e 0601     		.2byte	0x106
 522 0210 18020000 		.4byte	0x218
 523 0214 77000000 		.4byte	.LLST3
 524 0218 17       		.uleb128 0x17
 525 0219 04       		.byte	0x4
 526 021a D7010000 		.4byte	0x1d7
 527 021e 0A       		.uleb128 0xa
 528 021f 80000000 		.4byte	.LVL8
 529 0223 E1000000 		.4byte	0xe1
 530 0227 0B       		.uleb128 0xb
 531 0228 01       		.uleb128 0x1
 532 0229 51       		.byte	0x51
 533 022a 15       		.uleb128 0x15
 534 022b 74       		.byte	0x74
 535 022c 00       		.sleb128 0
 536 022d 31       		.byte	0x31
 537 022e 24       		.byte	0x24
 538 022f 74       		.byte	0x74
 539 0230 00       		.sleb128 0
 540 0231 22       		.byte	0x22
 541 0232 31       		.byte	0x31
 542 0233 24       		.byte	0x24
 543 0234 03       		.byte	0x3
 544 0235 04000000 		.4byte	.LANCHOR0+4
 545 0239 22       		.byte	0x22
 546 023a 94       		.byte	0x94
 547 023b 02       		.byte	0x2
 548 023c 0A       		.byte	0xa
ARM GAS  C:\Users\Zeynep\AppData\Local\Temp\cck4G4mI.s 			page 16


 549 023d FFFF     		.2byte	0xffff
 550 023f 1A       		.byte	0x1a
 551 0240 00       		.byte	0
 552 0241 00       		.byte	0
 553 0242 00       		.byte	0
 554 0243 18       		.uleb128 0x18
 555 0244 CE000000 		.4byte	.LVL11
 556 0248 2E010000 		.4byte	0x12e
 557 024c 00       		.byte	0
 558 024d 19       		.uleb128 0x19
 559 024e B2000000 		.4byte	.LASF33
 560 0252 B2000000 		.4byte	.LASF33
 561 0256 1A       		.uleb128 0x1a
 562 0257 D4010000 		.4byte	.LASF26
 563 025b D4010000 		.4byte	.LASF26
 564 025f 04       		.byte	0x4
 565 0260 6C       		.byte	0x6c
 566 0261 1A       		.uleb128 0x1a
 567 0262 0D000000 		.4byte	.LASF27
 568 0266 0D000000 		.4byte	.LASF27
 569 026a 04       		.byte	0x4
 570 026b D0       		.byte	0xd0
 571 026c 1A       		.uleb128 0x1a
 572 026d C0000000 		.4byte	.LASF28
 573 0271 C0000000 		.4byte	.LASF28
 574 0275 04       		.byte	0x4
 575 0276 D6       		.byte	0xd6
 576 0277 00       		.byte	0
 577              		.section	.debug_abbrev,"",%progbits
 578              	.Ldebug_abbrev0:
 579 0000 01       		.uleb128 0x1
 580 0001 11       		.uleb128 0x11
 581 0002 01       		.byte	0x1
 582 0003 25       		.uleb128 0x25
 583 0004 0E       		.uleb128 0xe
 584 0005 13       		.uleb128 0x13
 585 0006 0B       		.uleb128 0xb
 586 0007 03       		.uleb128 0x3
 587 0008 0E       		.uleb128 0xe
 588 0009 1B       		.uleb128 0x1b
 589 000a 0E       		.uleb128 0xe
 590 000b 55       		.uleb128 0x55
 591 000c 17       		.uleb128 0x17
 592 000d 11       		.uleb128 0x11
 593 000e 01       		.uleb128 0x1
 594 000f 10       		.uleb128 0x10
 595 0010 17       		.uleb128 0x17
 596 0011 00       		.byte	0
 597 0012 00       		.byte	0
 598 0013 02       		.uleb128 0x2
 599 0014 24       		.uleb128 0x24
 600 0015 00       		.byte	0
 601 0016 0B       		.uleb128 0xb
 602 0017 0B       		.uleb128 0xb
 603 0018 3E       		.uleb128 0x3e
 604 0019 0B       		.uleb128 0xb
 605 001a 03       		.uleb128 0x3
ARM GAS  C:\Users\Zeynep\AppData\Local\Temp\cck4G4mI.s 			page 17


 606 001b 08       		.uleb128 0x8
 607 001c 00       		.byte	0
 608 001d 00       		.byte	0
 609 001e 03       		.uleb128 0x3
 610 001f 16       		.uleb128 0x16
 611 0020 00       		.byte	0
 612 0021 03       		.uleb128 0x3
 613 0022 0E       		.uleb128 0xe
 614 0023 3A       		.uleb128 0x3a
 615 0024 0B       		.uleb128 0xb
 616 0025 3B       		.uleb128 0x3b
 617 0026 0B       		.uleb128 0xb
 618 0027 49       		.uleb128 0x49
 619 0028 13       		.uleb128 0x13
 620 0029 00       		.byte	0
 621 002a 00       		.byte	0
 622 002b 04       		.uleb128 0x4
 623 002c 24       		.uleb128 0x24
 624 002d 00       		.byte	0
 625 002e 0B       		.uleb128 0xb
 626 002f 0B       		.uleb128 0xb
 627 0030 3E       		.uleb128 0x3e
 628 0031 0B       		.uleb128 0xb
 629 0032 03       		.uleb128 0x3
 630 0033 0E       		.uleb128 0xe
 631 0034 00       		.byte	0
 632 0035 00       		.byte	0
 633 0036 05       		.uleb128 0x5
 634 0037 0F       		.uleb128 0xf
 635 0038 00       		.byte	0
 636 0039 0B       		.uleb128 0xb
 637 003a 0B       		.uleb128 0xb
 638 003b 00       		.byte	0
 639 003c 00       		.byte	0
 640 003d 06       		.uleb128 0x6
 641 003e 16       		.uleb128 0x16
 642 003f 00       		.byte	0
 643 0040 03       		.uleb128 0x3
 644 0041 0E       		.uleb128 0xe
 645 0042 3A       		.uleb128 0x3a
 646 0043 0B       		.uleb128 0xb
 647 0044 3B       		.uleb128 0x3b
 648 0045 05       		.uleb128 0x5
 649 0046 49       		.uleb128 0x49
 650 0047 13       		.uleb128 0x13
 651 0048 00       		.byte	0
 652 0049 00       		.byte	0
 653 004a 07       		.uleb128 0x7
 654 004b 35       		.uleb128 0x35
 655 004c 00       		.byte	0
 656 004d 49       		.uleb128 0x49
 657 004e 13       		.uleb128 0x13
 658 004f 00       		.byte	0
 659 0050 00       		.byte	0
 660 0051 08       		.uleb128 0x8
 661 0052 2E       		.uleb128 0x2e
 662 0053 01       		.byte	0x1
ARM GAS  C:\Users\Zeynep\AppData\Local\Temp\cck4G4mI.s 			page 18


 663 0054 03       		.uleb128 0x3
 664 0055 0E       		.uleb128 0xe
 665 0056 3A       		.uleb128 0x3a
 666 0057 0B       		.uleb128 0xb
 667 0058 3B       		.uleb128 0x3b
 668 0059 0B       		.uleb128 0xb
 669 005a 27       		.uleb128 0x27
 670 005b 19       		.uleb128 0x19
 671 005c 11       		.uleb128 0x11
 672 005d 01       		.uleb128 0x1
 673 005e 12       		.uleb128 0x12
 674 005f 06       		.uleb128 0x6
 675 0060 40       		.uleb128 0x40
 676 0061 18       		.uleb128 0x18
 677 0062 9742     		.uleb128 0x2117
 678 0064 19       		.uleb128 0x19
 679 0065 01       		.uleb128 0x1
 680 0066 13       		.uleb128 0x13
 681 0067 00       		.byte	0
 682 0068 00       		.byte	0
 683 0069 09       		.uleb128 0x9
 684 006a 05       		.uleb128 0x5
 685 006b 00       		.byte	0
 686 006c 03       		.uleb128 0x3
 687 006d 08       		.uleb128 0x8
 688 006e 3A       		.uleb128 0x3a
 689 006f 0B       		.uleb128 0xb
 690 0070 3B       		.uleb128 0x3b
 691 0071 0B       		.uleb128 0xb
 692 0072 49       		.uleb128 0x49
 693 0073 13       		.uleb128 0x13
 694 0074 02       		.uleb128 0x2
 695 0075 17       		.uleb128 0x17
 696 0076 00       		.byte	0
 697 0077 00       		.byte	0
 698 0078 0A       		.uleb128 0xa
 699 0079 898201   		.uleb128 0x4109
 700 007c 01       		.byte	0x1
 701 007d 11       		.uleb128 0x11
 702 007e 01       		.uleb128 0x1
 703 007f 31       		.uleb128 0x31
 704 0080 13       		.uleb128 0x13
 705 0081 00       		.byte	0
 706 0082 00       		.byte	0
 707 0083 0B       		.uleb128 0xb
 708 0084 8A8201   		.uleb128 0x410a
 709 0087 00       		.byte	0
 710 0088 02       		.uleb128 0x2
 711 0089 18       		.uleb128 0x18
 712 008a 9142     		.uleb128 0x2111
 713 008c 18       		.uleb128 0x18
 714 008d 00       		.byte	0
 715 008e 00       		.byte	0
 716 008f 0C       		.uleb128 0xc
 717 0090 898201   		.uleb128 0x4109
 718 0093 01       		.byte	0x1
 719 0094 11       		.uleb128 0x11
ARM GAS  C:\Users\Zeynep\AppData\Local\Temp\cck4G4mI.s 			page 19


 720 0095 01       		.uleb128 0x1
 721 0096 31       		.uleb128 0x31
 722 0097 13       		.uleb128 0x13
 723 0098 01       		.uleb128 0x1
 724 0099 13       		.uleb128 0x13
 725 009a 00       		.byte	0
 726 009b 00       		.byte	0
 727 009c 0D       		.uleb128 0xd
 728 009d 2E       		.uleb128 0x2e
 729 009e 01       		.byte	0x1
 730 009f 3F       		.uleb128 0x3f
 731 00a0 19       		.uleb128 0x19
 732 00a1 03       		.uleb128 0x3
 733 00a2 0E       		.uleb128 0xe
 734 00a3 3A       		.uleb128 0x3a
 735 00a4 0B       		.uleb128 0xb
 736 00a5 3B       		.uleb128 0x3b
 737 00a6 0B       		.uleb128 0xb
 738 00a7 27       		.uleb128 0x27
 739 00a8 19       		.uleb128 0x19
 740 00a9 11       		.uleb128 0x11
 741 00aa 01       		.uleb128 0x1
 742 00ab 12       		.uleb128 0x12
 743 00ac 06       		.uleb128 0x6
 744 00ad 40       		.uleb128 0x40
 745 00ae 18       		.uleb128 0x18
 746 00af 9742     		.uleb128 0x2117
 747 00b1 19       		.uleb128 0x19
 748 00b2 01       		.uleb128 0x1
 749 00b3 13       		.uleb128 0x13
 750 00b4 00       		.byte	0
 751 00b5 00       		.byte	0
 752 00b6 0E       		.uleb128 0xe
 753 00b7 0B       		.uleb128 0xb
 754 00b8 01       		.byte	0x1
 755 00b9 11       		.uleb128 0x11
 756 00ba 01       		.uleb128 0x1
 757 00bb 12       		.uleb128 0x12
 758 00bc 06       		.uleb128 0x6
 759 00bd 01       		.uleb128 0x1
 760 00be 13       		.uleb128 0x13
 761 00bf 00       		.byte	0
 762 00c0 00       		.byte	0
 763 00c1 0F       		.uleb128 0xf
 764 00c2 13       		.uleb128 0x13
 765 00c3 01       		.byte	0x1
 766 00c4 0B       		.uleb128 0xb
 767 00c5 0B       		.uleb128 0xb
 768 00c6 3A       		.uleb128 0x3a
 769 00c7 0B       		.uleb128 0xb
 770 00c8 3B       		.uleb128 0x3b
 771 00c9 0B       		.uleb128 0xb
 772 00ca 01       		.uleb128 0x1
 773 00cb 13       		.uleb128 0x13
 774 00cc 00       		.byte	0
 775 00cd 00       		.byte	0
 776 00ce 10       		.uleb128 0x10
ARM GAS  C:\Users\Zeynep\AppData\Local\Temp\cck4G4mI.s 			page 20


 777 00cf 0D       		.uleb128 0xd
 778 00d0 00       		.byte	0
 779 00d1 03       		.uleb128 0x3
 780 00d2 0E       		.uleb128 0xe
 781 00d3 3A       		.uleb128 0x3a
 782 00d4 0B       		.uleb128 0xb
 783 00d5 3B       		.uleb128 0x3b
 784 00d6 0B       		.uleb128 0xb
 785 00d7 49       		.uleb128 0x49
 786 00d8 13       		.uleb128 0x13
 787 00d9 38       		.uleb128 0x38
 788 00da 0B       		.uleb128 0xb
 789 00db 00       		.byte	0
 790 00dc 00       		.byte	0
 791 00dd 11       		.uleb128 0x11
 792 00de 01       		.uleb128 0x1
 793 00df 01       		.byte	0x1
 794 00e0 49       		.uleb128 0x49
 795 00e1 13       		.uleb128 0x13
 796 00e2 01       		.uleb128 0x1
 797 00e3 13       		.uleb128 0x13
 798 00e4 00       		.byte	0
 799 00e5 00       		.byte	0
 800 00e6 12       		.uleb128 0x12
 801 00e7 21       		.uleb128 0x21
 802 00e8 00       		.byte	0
 803 00e9 49       		.uleb128 0x49
 804 00ea 13       		.uleb128 0x13
 805 00eb 2F       		.uleb128 0x2f
 806 00ec 0B       		.uleb128 0xb
 807 00ed 00       		.byte	0
 808 00ee 00       		.byte	0
 809 00ef 13       		.uleb128 0x13
 810 00f0 26       		.uleb128 0x26
 811 00f1 00       		.byte	0
 812 00f2 49       		.uleb128 0x49
 813 00f3 13       		.uleb128 0x13
 814 00f4 00       		.byte	0
 815 00f5 00       		.byte	0
 816 00f6 14       		.uleb128 0x14
 817 00f7 34       		.uleb128 0x34
 818 00f8 00       		.byte	0
 819 00f9 03       		.uleb128 0x3
 820 00fa 0E       		.uleb128 0xe
 821 00fb 3A       		.uleb128 0x3a
 822 00fc 0B       		.uleb128 0xb
 823 00fd 3B       		.uleb128 0x3b
 824 00fe 0B       		.uleb128 0xb
 825 00ff 49       		.uleb128 0x49
 826 0100 13       		.uleb128 0x13
 827 0101 02       		.uleb128 0x2
 828 0102 18       		.uleb128 0x18
 829 0103 00       		.byte	0
 830 0104 00       		.byte	0
 831 0105 15       		.uleb128 0x15
 832 0106 34       		.uleb128 0x34
 833 0107 00       		.byte	0
ARM GAS  C:\Users\Zeynep\AppData\Local\Temp\cck4G4mI.s 			page 21


 834 0108 03       		.uleb128 0x3
 835 0109 08       		.uleb128 0x8
 836 010a 3A       		.uleb128 0x3a
 837 010b 0B       		.uleb128 0xb
 838 010c 3B       		.uleb128 0x3b
 839 010d 05       		.uleb128 0x5
 840 010e 49       		.uleb128 0x49
 841 010f 13       		.uleb128 0x13
 842 0110 02       		.uleb128 0x2
 843 0111 17       		.uleb128 0x17
 844 0112 00       		.byte	0
 845 0113 00       		.byte	0
 846 0114 16       		.uleb128 0x16
 847 0115 0B       		.uleb128 0xb
 848 0116 01       		.byte	0x1
 849 0117 11       		.uleb128 0x11
 850 0118 01       		.uleb128 0x1
 851 0119 12       		.uleb128 0x12
 852 011a 06       		.uleb128 0x6
 853 011b 00       		.byte	0
 854 011c 00       		.byte	0
 855 011d 17       		.uleb128 0x17
 856 011e 0F       		.uleb128 0xf
 857 011f 00       		.byte	0
 858 0120 0B       		.uleb128 0xb
 859 0121 0B       		.uleb128 0xb
 860 0122 49       		.uleb128 0x49
 861 0123 13       		.uleb128 0x13
 862 0124 00       		.byte	0
 863 0125 00       		.byte	0
 864 0126 18       		.uleb128 0x18
 865 0127 898201   		.uleb128 0x4109
 866 012a 00       		.byte	0
 867 012b 11       		.uleb128 0x11
 868 012c 01       		.uleb128 0x1
 869 012d 31       		.uleb128 0x31
 870 012e 13       		.uleb128 0x13
 871 012f 00       		.byte	0
 872 0130 00       		.byte	0
 873 0131 19       		.uleb128 0x19
 874 0132 2E       		.uleb128 0x2e
 875 0133 00       		.byte	0
 876 0134 3F       		.uleb128 0x3f
 877 0135 19       		.uleb128 0x19
 878 0136 3C       		.uleb128 0x3c
 879 0137 19       		.uleb128 0x19
 880 0138 6E       		.uleb128 0x6e
 881 0139 0E       		.uleb128 0xe
 882 013a 03       		.uleb128 0x3
 883 013b 0E       		.uleb128 0xe
 884 013c 00       		.byte	0
 885 013d 00       		.byte	0
 886 013e 1A       		.uleb128 0x1a
 887 013f 2E       		.uleb128 0x2e
 888 0140 00       		.byte	0
 889 0141 3F       		.uleb128 0x3f
 890 0142 19       		.uleb128 0x19
ARM GAS  C:\Users\Zeynep\AppData\Local\Temp\cck4G4mI.s 			page 22


 891 0143 3C       		.uleb128 0x3c
 892 0144 19       		.uleb128 0x19
 893 0145 6E       		.uleb128 0x6e
 894 0146 0E       		.uleb128 0xe
 895 0147 03       		.uleb128 0x3
 896 0148 0E       		.uleb128 0xe
 897 0149 3A       		.uleb128 0x3a
 898 014a 0B       		.uleb128 0xb
 899 014b 3B       		.uleb128 0x3b
 900 014c 0B       		.uleb128 0xb
 901 014d 00       		.byte	0
 902 014e 00       		.byte	0
 903 014f 00       		.byte	0
 904              		.section	.debug_loc,"",%progbits
 905              	.Ldebug_loc0:
 906              	.LLST0:
 907 0000 00000000 		.4byte	.LVL0
 908 0004 09000000 		.4byte	.LVL2-1
 909 0008 0100     		.2byte	0x1
 910 000a 50       		.byte	0x50
 911 000b 09000000 		.4byte	.LVL2-1
 912 000f 0C000000 		.4byte	.LFE0
 913 0013 0400     		.2byte	0x4
 914 0015 F3       		.byte	0xf3
 915 0016 01       		.uleb128 0x1
 916 0017 50       		.byte	0x50
 917 0018 9F       		.byte	0x9f
 918 0019 00000000 		.4byte	0
 919 001d 00000000 		.4byte	0
 920              	.LLST1:
 921 0021 00000000 		.4byte	.LVL0
 922 0025 06000000 		.4byte	.LVL1
 923 0029 0100     		.2byte	0x1
 924 002b 51       		.byte	0x51
 925 002c 06000000 		.4byte	.LVL1
 926 0030 09000000 		.4byte	.LVL2-1
 927 0034 0100     		.2byte	0x1
 928 0036 52       		.byte	0x52
 929 0037 09000000 		.4byte	.LVL2-1
 930 003b 0C000000 		.4byte	.LFE0
 931 003f 0400     		.2byte	0x4
 932 0041 F3       		.byte	0xf3
 933 0042 01       		.uleb128 0x1
 934 0043 51       		.byte	0x51
 935 0044 9F       		.byte	0x9f
 936 0045 00000000 		.4byte	0
 937 0049 00000000 		.4byte	0
 938              	.LLST2:
 939 004d 60000000 		.4byte	.LVL6
 940 0051 64000000 		.4byte	.LVL7
 941 0055 0200     		.2byte	0x2
 942 0057 30       		.byte	0x30
 943 0058 9F       		.byte	0x9f
 944 0059 64000000 		.4byte	.LVL7
 945 005d 82000000 		.4byte	.LVL9
 946 0061 0100     		.2byte	0x1
 947 0063 54       		.byte	0x54
ARM GAS  C:\Users\Zeynep\AppData\Local\Temp\cck4G4mI.s 			page 23


 948 0064 84000000 		.4byte	.LVL10
 949 0068 CE000000 		.4byte	.LVL12
 950 006c 0100     		.2byte	0x1
 951 006e 54       		.byte	0x54
 952 006f 00000000 		.4byte	0
 953 0073 00000000 		.4byte	0
 954              	.LLST3:
 955 0077 64000000 		.4byte	.LVL7
 956 007b 82000000 		.4byte	.LVL9
 957 007f 0B00     		.2byte	0xb
 958 0081 74       		.byte	0x74
 959 0082 00       		.sleb128 0
 960 0083 36       		.byte	0x36
 961 0084 1E       		.byte	0x1e
 962 0085 03       		.byte	0x3
 963 0086 00000000 		.4byte	cfg_memset_list.4847
 964 008a 22       		.byte	0x22
 965 008b 9F       		.byte	0x9f
 966 008c 82000000 		.4byte	.LVL9
 967 0090 84000000 		.4byte	.LVL10
 968 0094 0B00     		.2byte	0xb
 969 0096 74       		.byte	0x74
 970 0097 7F       		.sleb128 -1
 971 0098 36       		.byte	0x36
 972 0099 1E       		.byte	0x1e
 973 009a 03       		.byte	0x3
 974 009b 00000000 		.4byte	cfg_memset_list.4847
 975 009f 22       		.byte	0x22
 976 00a0 9F       		.byte	0x9f
 977 00a1 00000000 		.4byte	0
 978 00a5 00000000 		.4byte	0
 979              		.section	.debug_aranges,"",%progbits
 980 0000 2C000000 		.4byte	0x2c
 981 0004 0200     		.2byte	0x2
 982 0006 00000000 		.4byte	.Ldebug_info0
 983 000a 04       		.byte	0x4
 984 000b 00       		.byte	0
 985 000c 0000     		.2byte	0
 986 000e 0000     		.2byte	0
 987 0010 00000000 		.4byte	.LFB0
 988 0014 0C000000 		.4byte	.LFE0-.LFB0
 989 0018 00000000 		.4byte	.LFB3
 990 001c 5C000000 		.4byte	.LFE3-.LFB3
 991 0020 5C000000 		.4byte	.LFB5
 992 0024 A8000000 		.4byte	.LFE5-.LFB5
 993 0028 00000000 		.4byte	0
 994 002c 00000000 		.4byte	0
 995              		.section	.debug_ranges,"",%progbits
 996              	.Ldebug_ranges0:
 997 0000 00000000 		.4byte	.LFB0
 998 0004 0C000000 		.4byte	.LFE0
 999 0008 00000000 		.4byte	.LFB3
 1000 000c 5C000000 		.4byte	.LFE3
 1001 0010 5C000000 		.4byte	.LFB5
 1002 0014 04010000 		.4byte	.LFE5
 1003 0018 00000000 		.4byte	0
 1004 001c 00000000 		.4byte	0
ARM GAS  C:\Users\Zeynep\AppData\Local\Temp\cck4G4mI.s 			page 24


 1005              		.section	.debug_line,"",%progbits
 1006              	.Ldebug_line0:
 1007 0000 10010000 		.section	.debug_str,"MS",%progbits,1
 1007      0200BA00 
 1007      00000201 
 1007      FB0E0D00 
 1007      01010101 
 1008              	.LASF19:
 1009 0000 72656733 		.ascii	"reg32\000"
 1009      3200
 1010              	.LASF12:
 1011 0006 73697A65 		.ascii	"size_t\000"
 1011      5F7400
 1012              	.LASF27:
 1013 000d 4379496E 		.ascii	"CyIntSetVector\000"
 1013      74536574 
 1013      56656374 
 1013      6F7200
 1014              	.LASF25:
 1015 001c 6366675F 		.ascii	"cfg_memset_list\000"
 1015      6D656D73 
 1015      65745F6C 
 1015      69737400 
 1016              	.LASF21:
 1017 002c 436C6F63 		.ascii	"ClockSetup\000"
 1017      6B536574 
 1017      757000
 1018              	.LASF6:
 1019 0037 73686F72 		.ascii	"short unsigned int\000"
 1019      7420756E 
 1019      7369676E 
 1019      65642069 
 1019      6E7400
 1020              	.LASF16:
 1021 004a 666C6F61 		.ascii	"float\000"
 1021      7400
 1022              	.LASF23:
 1023 0050 73697A65 		.ascii	"size\000"
 1023      00
 1024              	.LASF18:
 1025 0055 72656738 		.ascii	"reg8\000"
 1025      00
 1026              	.LASF8:
 1027 005a 6C6F6E67 		.ascii	"long unsigned int\000"
 1027      20756E73 
 1027      69676E65 
 1027      6420696E 
 1027      7400
 1028              	.LASF13:
 1029 006c 75696E74 		.ascii	"uint8\000"
 1029      3800
 1030              	.LASF20:
 1031 0072 43594D45 		.ascii	"CYMEMZERO\000"
 1031      4D5A4552 
 1031      4F00
 1032              	.LASF31:
 1033 007c 443A5C54 		.ascii	"D:\\TUTORIALS\\PSOC_LAB2\\karasimsek.cydsn\000"
ARM GAS  C:\Users\Zeynep\AppData\Local\Temp\cck4G4mI.s 			page 25


 1033      55544F52 
 1033      49414C53 
 1033      5C50534F 
 1033      435F4C41 
 1034              	.LASF4:
 1035 00a4 756E7369 		.ascii	"unsigned char\000"
 1035      676E6564 
 1035      20636861 
 1035      7200
 1036              	.LASF33:
 1037 00b2 6D656D73 		.ascii	"memset\000"
 1037      657400
 1038              	.LASF17:
 1039 00b9 646F7562 		.ascii	"double\000"
 1039      6C6500
 1040              	.LASF28:
 1041 00c0 4379496E 		.ascii	"CyIntEnable\000"
 1041      74456E61 
 1041      626C6500 
 1042              	.LASF14:
 1043 00cc 75696E74 		.ascii	"uint16\000"
 1043      313600
 1044              	.LASF15:
 1045 00d3 75696E74 		.ascii	"uint32\000"
 1045      333200
 1046              	.LASF0:
 1047 00da 756E7369 		.ascii	"unsigned int\000"
 1047      676E6564 
 1047      20696E74 
 1047      00
 1048              	.LASF32:
 1049 00e7 63796669 		.ascii	"cyfitter_cfg\000"
 1049      74746572 
 1049      5F636667 
 1049      00
 1050              	.LASF22:
 1051 00f4 61646472 		.ascii	"address\000"
 1051      65737300 
 1052              	.LASF9:
 1053 00fc 6C6F6E67 		.ascii	"long long unsigned int\000"
 1053      206C6F6E 
 1053      6720756E 
 1053      7369676E 
 1053      65642069 
 1054              	.LASF29:
 1055 0113 474E5520 		.ascii	"GNU C11 5.4.1 20160609 (release) [ARM/embedded-5-br"
 1055      43313120 
 1055      352E342E 
 1055      31203230 
 1055      31363036 
 1056 0146 616E6368 		.ascii	"anch revision 237715] -mcpu=cortex-m0 -mthumb -g -O"
 1056      20726576 
 1056      6973696F 
 1056      6E203233 
 1056      37373135 
 1057 0179 67202D66 		.ascii	"g -ffunction-sections -ffat-lto-objects\000"
 1057      66756E63 
ARM GAS  C:\Users\Zeynep\AppData\Local\Temp\cck4G4mI.s 			page 26


 1057      74696F6E 
 1057      2D736563 
 1057      74696F6E 
 1058              	.LASF24:
 1059 01a1 6366675F 		.ascii	"cfg_memset_t\000"
 1059      6D656D73 
 1059      65745F74 
 1059      00
 1060              	.LASF10:
 1061 01ae 73697A65 		.ascii	"sizetype\000"
 1061      74797065 
 1061      00
 1062              	.LASF1:
 1063 01b7 6C6F6E67 		.ascii	"long long int\000"
 1063      206C6F6E 
 1063      6720696E 
 1063      7400
 1064              	.LASF11:
 1065 01c5 63686172 		.ascii	"char\000"
 1065      00
 1066              	.LASF5:
 1067 01ca 73686F72 		.ascii	"short int\000"
 1067      7420696E 
 1067      7400
 1068              	.LASF26:
 1069 01d4 43795379 		.ascii	"CySysClkWriteImoFreq\000"
 1069      73436C6B 
 1069      57726974 
 1069      65496D6F 
 1069      46726571 
 1070              	.LASF7:
 1071 01e9 6C6F6E67 		.ascii	"long int\000"
 1071      20696E74 
 1071      00
 1072              	.LASF2:
 1073 01f2 6C6F6E67 		.ascii	"long double\000"
 1073      20646F75 
 1073      626C6500 
 1074              	.LASF3:
 1075 01fe 7369676E 		.ascii	"signed char\000"
 1075      65642063 
 1075      68617200 
 1076              	.LASF30:
 1077 020a 47656E65 		.ascii	"Generated_Source\\PSoC4\\cyfitter_cfg.c\000"
 1077      72617465 
 1077      645F536F 
 1077      75726365 
 1077      5C50536F 
 1078              		.ident	"GCC: (GNU Tools for ARM Embedded Processors) 5.4.1 20160609 (release) [ARM/embedded-5-bran
