ARM GAS  C:\Users\Zeynep\AppData\Local\Temp\ccegaUaD.s 			page 1


   1              		.syntax unified
   2              		.cpu cortex-m0
   3              		.fpu softvfp
   4              		.eabi_attribute 20, 1
   5              		.eabi_attribute 21, 1
   6              		.eabi_attribute 23, 3
   7              		.eabi_attribute 24, 1
   8              		.eabi_attribute 25, 1
   9              		.eabi_attribute 26, 1
  10              		.eabi_attribute 30, 1
  11              		.eabi_attribute 34, 0
  12              		.eabi_attribute 18, 4
  13              		.thumb
  14              		.syntax unified
  15              		.file	"cyfitter_cfg.c"
  16              		.text
  17              	.Ltext0:
  18              		.cfi_sections	.debug_frame
  19              		.section	.text.CYMEMZERO,"ax",%progbits
  20              		.align	2
  21              		.code	16
  22              		.thumb_func
  23              		.type	CYMEMZERO, %function
  24              	CYMEMZERO:
  25              	.LFB0:
  26              		.file 1 "Generated_Source\\PSoC4\\cyfitter_cfg.c"
   1:Generated_Source\PSoC4/cyfitter_cfg.c **** 
   2:Generated_Source\PSoC4/cyfitter_cfg.c **** /*******************************************************************************
   3:Generated_Source\PSoC4/cyfitter_cfg.c **** * File Name: cyfitter_cfg.c
   4:Generated_Source\PSoC4/cyfitter_cfg.c **** * 
   5:Generated_Source\PSoC4/cyfitter_cfg.c **** * PSoC Creator  4.4
   6:Generated_Source\PSoC4/cyfitter_cfg.c **** *
   7:Generated_Source\PSoC4/cyfitter_cfg.c **** * Description:
   8:Generated_Source\PSoC4/cyfitter_cfg.c **** * This file contains device initialization code.
   9:Generated_Source\PSoC4/cyfitter_cfg.c **** * Except for the user defined sections in CyClockStartupError(), this file should not be modified.
  10:Generated_Source\PSoC4/cyfitter_cfg.c **** * This file is automatically generated by PSoC Creator.
  11:Generated_Source\PSoC4/cyfitter_cfg.c **** *
  12:Generated_Source\PSoC4/cyfitter_cfg.c **** ********************************************************************************
  13:Generated_Source\PSoC4/cyfitter_cfg.c **** * Copyright (c) 2007-2020 Cypress Semiconductor.  All rights reserved.
  14:Generated_Source\PSoC4/cyfitter_cfg.c **** * You may use this file only in accordance with the license, terms, conditions, 
  15:Generated_Source\PSoC4/cyfitter_cfg.c **** * disclaimers, and limitations in the end user license agreement accompanying 
  16:Generated_Source\PSoC4/cyfitter_cfg.c **** * the software package with which this file was provided.
  17:Generated_Source\PSoC4/cyfitter_cfg.c **** ********************************************************************************/
  18:Generated_Source\PSoC4/cyfitter_cfg.c **** 
  19:Generated_Source\PSoC4/cyfitter_cfg.c **** #include <string.h>
  20:Generated_Source\PSoC4/cyfitter_cfg.c **** #include "cytypes.h"
  21:Generated_Source\PSoC4/cyfitter_cfg.c **** #include "cydevice_trm.h"
  22:Generated_Source\PSoC4/cyfitter_cfg.c **** #include "cyfitter.h"
  23:Generated_Source\PSoC4/cyfitter_cfg.c **** #include "CyLib.h"
  24:Generated_Source\PSoC4/cyfitter_cfg.c **** #include "CyLFClk.h"
  25:Generated_Source\PSoC4/cyfitter_cfg.c **** #include "cyfitter_cfg.h"
  26:Generated_Source\PSoC4/cyfitter_cfg.c **** #include "cyapicallbacks.h"
  27:Generated_Source\PSoC4/cyfitter_cfg.c **** 
  28:Generated_Source\PSoC4/cyfitter_cfg.c **** 
  29:Generated_Source\PSoC4/cyfitter_cfg.c **** #if defined(__GNUC__) || defined(__ARMCC_VERSION)
  30:Generated_Source\PSoC4/cyfitter_cfg.c ****     #define CYPACKED 
  31:Generated_Source\PSoC4/cyfitter_cfg.c ****     #define CYPACKED_ATTR __attribute__ ((packed))
ARM GAS  C:\Users\Zeynep\AppData\Local\Temp\ccegaUaD.s 			page 2


  32:Generated_Source\PSoC4/cyfitter_cfg.c ****     #define CYALIGNED __attribute__ ((aligned))
  33:Generated_Source\PSoC4/cyfitter_cfg.c ****     #define CY_CFG_UNUSED __attribute__ ((unused))
  34:Generated_Source\PSoC4/cyfitter_cfg.c ****     #ifndef CY_CFG_SECTION
  35:Generated_Source\PSoC4/cyfitter_cfg.c ****         #define CY_CFG_SECTION __attribute__ ((section(".psocinit")))
  36:Generated_Source\PSoC4/cyfitter_cfg.c ****     #endif
  37:Generated_Source\PSoC4/cyfitter_cfg.c ****     
  38:Generated_Source\PSoC4/cyfitter_cfg.c ****     #if defined(__ARMCC_VERSION)
  39:Generated_Source\PSoC4/cyfitter_cfg.c ****         #define CY_CFG_MEMORY_BARRIER() __memory_changed()
  40:Generated_Source\PSoC4/cyfitter_cfg.c ****     #else
  41:Generated_Source\PSoC4/cyfitter_cfg.c ****         #define CY_CFG_MEMORY_BARRIER() __sync_synchronize()
  42:Generated_Source\PSoC4/cyfitter_cfg.c ****     #endif
  43:Generated_Source\PSoC4/cyfitter_cfg.c ****     
  44:Generated_Source\PSoC4/cyfitter_cfg.c **** #elif defined(__ICCARM__)
  45:Generated_Source\PSoC4/cyfitter_cfg.c ****     #include <intrinsics.h>
  46:Generated_Source\PSoC4/cyfitter_cfg.c **** 
  47:Generated_Source\PSoC4/cyfitter_cfg.c ****     #define CYPACKED __packed
  48:Generated_Source\PSoC4/cyfitter_cfg.c ****     #define CYPACKED_ATTR 
  49:Generated_Source\PSoC4/cyfitter_cfg.c ****     #define CYALIGNED _Pragma("data_alignment=4")
  50:Generated_Source\PSoC4/cyfitter_cfg.c ****     #define CY_CFG_UNUSED _Pragma("diag_suppress=Pe177")
  51:Generated_Source\PSoC4/cyfitter_cfg.c ****     #define CY_CFG_SECTION _Pragma("location=\".psocinit\"")
  52:Generated_Source\PSoC4/cyfitter_cfg.c ****     
  53:Generated_Source\PSoC4/cyfitter_cfg.c ****     #define CY_CFG_MEMORY_BARRIER() __DMB()
  54:Generated_Source\PSoC4/cyfitter_cfg.c ****     
  55:Generated_Source\PSoC4/cyfitter_cfg.c **** #else
  56:Generated_Source\PSoC4/cyfitter_cfg.c ****     #error Unsupported toolchain
  57:Generated_Source\PSoC4/cyfitter_cfg.c **** #endif
  58:Generated_Source\PSoC4/cyfitter_cfg.c **** 
  59:Generated_Source\PSoC4/cyfitter_cfg.c **** #ifndef CYCODE
  60:Generated_Source\PSoC4/cyfitter_cfg.c ****     #define CYCODE
  61:Generated_Source\PSoC4/cyfitter_cfg.c **** #endif
  62:Generated_Source\PSoC4/cyfitter_cfg.c **** #ifndef CYDATA
  63:Generated_Source\PSoC4/cyfitter_cfg.c ****     #define CYDATA
  64:Generated_Source\PSoC4/cyfitter_cfg.c **** #endif
  65:Generated_Source\PSoC4/cyfitter_cfg.c **** #ifndef CYFAR
  66:Generated_Source\PSoC4/cyfitter_cfg.c ****     #define CYFAR
  67:Generated_Source\PSoC4/cyfitter_cfg.c **** #endif
  68:Generated_Source\PSoC4/cyfitter_cfg.c **** #ifndef CYXDATA
  69:Generated_Source\PSoC4/cyfitter_cfg.c ****     #define CYXDATA
  70:Generated_Source\PSoC4/cyfitter_cfg.c **** #endif
  71:Generated_Source\PSoC4/cyfitter_cfg.c **** 
  72:Generated_Source\PSoC4/cyfitter_cfg.c **** 
  73:Generated_Source\PSoC4/cyfitter_cfg.c **** CY_CFG_UNUSED
  74:Generated_Source\PSoC4/cyfitter_cfg.c **** static void CYMEMZERO(void *s, size_t n);
  75:Generated_Source\PSoC4/cyfitter_cfg.c **** CY_CFG_UNUSED
  76:Generated_Source\PSoC4/cyfitter_cfg.c **** static void CYMEMZERO(void *s, size_t n)
  77:Generated_Source\PSoC4/cyfitter_cfg.c **** {
  27              		.loc 1 77 0
  28              		.cfi_startproc
  29              		@ args = 0, pretend = 0, frame = 0
  30              		@ frame_needed = 0, uses_anonymous_args = 0
  31              	.LVL0:
  32 0000 10B5     		push	{r4, lr}
  33              		.cfi_def_cfa_offset 8
  34              		.cfi_offset 4, -8
  35              		.cfi_offset 14, -4
  36 0002 0A00     		movs	r2, r1
  78:Generated_Source\PSoC4/cyfitter_cfg.c **** 	(void)memset(s, 0, n);
ARM GAS  C:\Users\Zeynep\AppData\Local\Temp\ccegaUaD.s 			page 3


  37              		.loc 1 78 0
  38 0004 0021     		movs	r1, #0
  39              	.LVL1:
  40 0006 FFF7FEFF 		bl	memset
  41              	.LVL2:
  79:Generated_Source\PSoC4/cyfitter_cfg.c **** }
  42              		.loc 1 79 0
  43              		@ sp needed
  44 000a 10BD     		pop	{r4, pc}
  45              		.cfi_endproc
  46              	.LFE0:
  47              		.size	CYMEMZERO, .-CYMEMZERO
  48              		.section	.psocinit,"ax",%progbits
  49              		.align	2
  50              		.code	16
  51              		.thumb_func
  52              		.type	ClockSetup, %function
  53              	ClockSetup:
  54              	.LFB3:
  80:Generated_Source\PSoC4/cyfitter_cfg.c **** CY_CFG_UNUSED
  81:Generated_Source\PSoC4/cyfitter_cfg.c **** static void CYCONFIGCPY(void *dest, const void *src, size_t n);
  82:Generated_Source\PSoC4/cyfitter_cfg.c **** CY_CFG_UNUSED
  83:Generated_Source\PSoC4/cyfitter_cfg.c **** static void CYCONFIGCPY(void *dest, const void *src, size_t n)
  84:Generated_Source\PSoC4/cyfitter_cfg.c **** {
  85:Generated_Source\PSoC4/cyfitter_cfg.c **** 	(void)memcpy(dest, src, n);
  86:Generated_Source\PSoC4/cyfitter_cfg.c **** }
  87:Generated_Source\PSoC4/cyfitter_cfg.c **** CY_CFG_UNUSED
  88:Generated_Source\PSoC4/cyfitter_cfg.c **** static void CYCONFIGCPYCODE(void *dest, const void *src, size_t n);
  89:Generated_Source\PSoC4/cyfitter_cfg.c **** CY_CFG_UNUSED
  90:Generated_Source\PSoC4/cyfitter_cfg.c **** static void CYCONFIGCPYCODE(void *dest, const void *src, size_t n)
  91:Generated_Source\PSoC4/cyfitter_cfg.c **** {
  92:Generated_Source\PSoC4/cyfitter_cfg.c **** 	(void)memcpy(dest, src, n);
  93:Generated_Source\PSoC4/cyfitter_cfg.c **** }
  94:Generated_Source\PSoC4/cyfitter_cfg.c **** 
  95:Generated_Source\PSoC4/cyfitter_cfg.c **** 
  96:Generated_Source\PSoC4/cyfitter_cfg.c **** 
  97:Generated_Source\PSoC4/cyfitter_cfg.c **** 
  98:Generated_Source\PSoC4/cyfitter_cfg.c **** /* Clock startup error codes                                                   */
  99:Generated_Source\PSoC4/cyfitter_cfg.c **** #define CYCLOCKSTART_NO_ERROR    0u
 100:Generated_Source\PSoC4/cyfitter_cfg.c **** #define CYCLOCKSTART_XTAL_ERROR  1u
 101:Generated_Source\PSoC4/cyfitter_cfg.c **** #define CYCLOCKSTART_32KHZ_ERROR 2u
 102:Generated_Source\PSoC4/cyfitter_cfg.c **** #define CYCLOCKSTART_PLL_ERROR   3u
 103:Generated_Source\PSoC4/cyfitter_cfg.c **** #define CYCLOCKSTART_FLL_ERROR   4u
 104:Generated_Source\PSoC4/cyfitter_cfg.c **** #define CYCLOCKSTART_WCO_ERROR   5u
 105:Generated_Source\PSoC4/cyfitter_cfg.c **** 
 106:Generated_Source\PSoC4/cyfitter_cfg.c **** 
 107:Generated_Source\PSoC4/cyfitter_cfg.c **** #ifdef CY_NEED_CYCLOCKSTARTUPERROR
 108:Generated_Source\PSoC4/cyfitter_cfg.c **** /*******************************************************************************
 109:Generated_Source\PSoC4/cyfitter_cfg.c **** * Function Name: CyClockStartupError
 110:Generated_Source\PSoC4/cyfitter_cfg.c **** ********************************************************************************
 111:Generated_Source\PSoC4/cyfitter_cfg.c **** * Summary:
 112:Generated_Source\PSoC4/cyfitter_cfg.c **** *  If an error is encountered during clock configuration (crystal startup error,
 113:Generated_Source\PSoC4/cyfitter_cfg.c **** *  PLL lock error, etc.), the system will end up here.  Unless reimplemented by
 114:Generated_Source\PSoC4/cyfitter_cfg.c **** *  the customer, this function will stop in an infinite loop.
 115:Generated_Source\PSoC4/cyfitter_cfg.c **** *
 116:Generated_Source\PSoC4/cyfitter_cfg.c **** * Parameters:
 117:Generated_Source\PSoC4/cyfitter_cfg.c **** *   void
ARM GAS  C:\Users\Zeynep\AppData\Local\Temp\ccegaUaD.s 			page 4


 118:Generated_Source\PSoC4/cyfitter_cfg.c **** *
 119:Generated_Source\PSoC4/cyfitter_cfg.c **** * Return:
 120:Generated_Source\PSoC4/cyfitter_cfg.c **** *   void
 121:Generated_Source\PSoC4/cyfitter_cfg.c **** *
 122:Generated_Source\PSoC4/cyfitter_cfg.c **** *******************************************************************************/
 123:Generated_Source\PSoC4/cyfitter_cfg.c **** CY_CFG_UNUSED
 124:Generated_Source\PSoC4/cyfitter_cfg.c **** static void CyClockStartupError(uint8 errorCode);
 125:Generated_Source\PSoC4/cyfitter_cfg.c **** CY_CFG_UNUSED
 126:Generated_Source\PSoC4/cyfitter_cfg.c **** static void CyClockStartupError(uint8 errorCode)
 127:Generated_Source\PSoC4/cyfitter_cfg.c **** {
 128:Generated_Source\PSoC4/cyfitter_cfg.c ****     /* To remove the compiler warning if errorCode not used.                */
 129:Generated_Source\PSoC4/cyfitter_cfg.c ****     errorCode = errorCode;
 130:Generated_Source\PSoC4/cyfitter_cfg.c **** 
 131:Generated_Source\PSoC4/cyfitter_cfg.c ****     /* If we have a clock startup error (bad MHz crystal, PLL lock, etc.),  */
 132:Generated_Source\PSoC4/cyfitter_cfg.c ****     /* we will end up here to allow the customer to implement something to  */
 133:Generated_Source\PSoC4/cyfitter_cfg.c ****     /* deal with the clock condition.                                       */
 134:Generated_Source\PSoC4/cyfitter_cfg.c **** 
 135:Generated_Source\PSoC4/cyfitter_cfg.c **** #ifdef CY_CFG_CLOCK_STARTUP_ERROR_CALLBACK
 136:Generated_Source\PSoC4/cyfitter_cfg.c ****     CY_CFG_Clock_Startup_ErrorCallback();
 137:Generated_Source\PSoC4/cyfitter_cfg.c **** #else
 138:Generated_Source\PSoC4/cyfitter_cfg.c ****     /*  If not using CY_CFG_CLOCK_STARTUP_ERROR_CALLBACK, place your clock startup code here. */
 139:Generated_Source\PSoC4/cyfitter_cfg.c ****     /* `#START CyClockStartupError` */
 140:Generated_Source\PSoC4/cyfitter_cfg.c **** 
 141:Generated_Source\PSoC4/cyfitter_cfg.c **** 
 142:Generated_Source\PSoC4/cyfitter_cfg.c **** 
 143:Generated_Source\PSoC4/cyfitter_cfg.c ****     /* `#END` */
 144:Generated_Source\PSoC4/cyfitter_cfg.c **** 
 145:Generated_Source\PSoC4/cyfitter_cfg.c ****     while(1) {}
 146:Generated_Source\PSoC4/cyfitter_cfg.c **** #endif /* CY_CFG_CLOCK_STARTUP_ERROR_CALLBACK */
 147:Generated_Source\PSoC4/cyfitter_cfg.c **** }
 148:Generated_Source\PSoC4/cyfitter_cfg.c **** #endif
 149:Generated_Source\PSoC4/cyfitter_cfg.c **** 
 150:Generated_Source\PSoC4/cyfitter_cfg.c **** 
 151:Generated_Source\PSoC4/cyfitter_cfg.c **** 
 152:Generated_Source\PSoC4/cyfitter_cfg.c **** /*******************************************************************************
 153:Generated_Source\PSoC4/cyfitter_cfg.c **** * Function Name: ClockSetup
 154:Generated_Source\PSoC4/cyfitter_cfg.c **** ********************************************************************************
 155:Generated_Source\PSoC4/cyfitter_cfg.c **** *
 156:Generated_Source\PSoC4/cyfitter_cfg.c **** * Summary:
 157:Generated_Source\PSoC4/cyfitter_cfg.c **** *   Performs the initialization of all of the clocks in the device based on the
 158:Generated_Source\PSoC4/cyfitter_cfg.c **** *   settings in the Clock tab of the DWR.  This includes enabling the requested
 159:Generated_Source\PSoC4/cyfitter_cfg.c **** *   clocks and setting the necessary dividers to produce the desired frequency. 
 160:Generated_Source\PSoC4/cyfitter_cfg.c **** *
 161:Generated_Source\PSoC4/cyfitter_cfg.c **** * Parameters:
 162:Generated_Source\PSoC4/cyfitter_cfg.c **** *   void
 163:Generated_Source\PSoC4/cyfitter_cfg.c **** *
 164:Generated_Source\PSoC4/cyfitter_cfg.c **** * Return:
 165:Generated_Source\PSoC4/cyfitter_cfg.c **** *   void
 166:Generated_Source\PSoC4/cyfitter_cfg.c **** *
 167:Generated_Source\PSoC4/cyfitter_cfg.c **** *******************************************************************************/
 168:Generated_Source\PSoC4/cyfitter_cfg.c **** static void ClockSetup(void);
 169:Generated_Source\PSoC4/cyfitter_cfg.c **** CY_CFG_SECTION
 170:Generated_Source\PSoC4/cyfitter_cfg.c **** static void ClockSetup(void)
 171:Generated_Source\PSoC4/cyfitter_cfg.c **** {
  55              		.loc 1 171 0
  56              		.cfi_startproc
  57              		@ args = 0, pretend = 0, frame = 0
ARM GAS  C:\Users\Zeynep\AppData\Local\Temp\ccegaUaD.s 			page 5


  58              		@ frame_needed = 0, uses_anonymous_args = 0
  59 0000 70B5     		push	{r4, r5, r6, lr}
  60              		.cfi_def_cfa_offset 16
  61              		.cfi_offset 4, -16
  62              		.cfi_offset 5, -12
  63              		.cfi_offset 6, -8
  64              		.cfi_offset 14, -4
 172:Generated_Source\PSoC4/cyfitter_cfg.c **** 	/* Enable HALF_EN before trimming for the flash accelerator. */
 173:Generated_Source\PSoC4/cyfitter_cfg.c **** 	CY_SET_REG32((void CYXDATA *)(CYREG_CLK_SELECT), (CY_GET_REG32((void *)CYREG_CLK_SELECT) | 0x00040
  65              		.loc 1 173 0
  66 0002 0F4C     		ldr	r4, .L3
  67 0004 2368     		ldr	r3, [r4]
  68 0006 8022     		movs	r2, #128
  69 0008 D202     		lsls	r2, r2, #11
  70 000a 1343     		orrs	r3, r2
  71 000c 2360     		str	r3, [r4]
 174:Generated_Source\PSoC4/cyfitter_cfg.c **** 
 175:Generated_Source\PSoC4/cyfitter_cfg.c **** 	/* Setup and trim IMO based on desired frequency. */
 176:Generated_Source\PSoC4/cyfitter_cfg.c **** 	CySysClkWriteImoFreq(24u);
  72              		.loc 1 176 0
  73 000e 1820     		movs	r0, #24
  74 0010 FFF7FEFF 		bl	CySysClkWriteImoFreq
  75              	.LVL3:
 177:Generated_Source\PSoC4/cyfitter_cfg.c **** 
 178:Generated_Source\PSoC4/cyfitter_cfg.c **** 	/* Disable HALF_EN since it is not required at this IMO frequency. */
 179:Generated_Source\PSoC4/cyfitter_cfg.c **** 	CY_SET_REG32((void CYXDATA *)(CYREG_CLK_SELECT), (CY_GET_REG32((void *)CYREG_CLK_SELECT) & 0xFFFBF
  76              		.loc 1 179 0
  77 0014 2268     		ldr	r2, [r4]
  78 0016 0B4B     		ldr	r3, .L3+4
  79 0018 1340     		ands	r3, r2
  80 001a 2360     		str	r3, [r4]
 180:Generated_Source\PSoC4/cyfitter_cfg.c **** 	/* CYDEV_CLK_ILO_CONFIG Starting address: CYDEV_CLK_ILO_CONFIG */
 181:Generated_Source\PSoC4/cyfitter_cfg.c **** 	CY_SET_REG32((void *)(CYREG_CLK_ILO_CONFIG), 0x80000006u);
  81              		.loc 1 181 0
  82 001c 0A4A     		ldr	r2, .L3+8
  83 001e 0B4B     		ldr	r3, .L3+12
  84 0020 1A60     		str	r2, [r3]
 182:Generated_Source\PSoC4/cyfitter_cfg.c **** 
 183:Generated_Source\PSoC4/cyfitter_cfg.c **** 
 184:Generated_Source\PSoC4/cyfitter_cfg.c **** 	/* CYDEV_CLK_IMO_CONFIG Starting address: CYDEV_CLK_IMO_CONFIG */
 185:Generated_Source\PSoC4/cyfitter_cfg.c **** 	CY_SET_REG32((void *)(CYREG_CLK_IMO_CONFIG), 0x80000000u);
  85              		.loc 1 185 0
  86 0022 063A     		subs	r2, r2, #6
  87 0024 0A4B     		ldr	r3, .L3+16
  88 0026 1A60     		str	r2, [r3]
 186:Generated_Source\PSoC4/cyfitter_cfg.c **** 
 187:Generated_Source\PSoC4/cyfitter_cfg.c **** 	/* CYDEV_CLK_SELECT Starting address: CYDEV_CLK_SELECT */
 188:Generated_Source\PSoC4/cyfitter_cfg.c **** 	CY_SET_REG32((void *)(CYREG_CLK_SELECT), 0x00000000u);
  89              		.loc 1 188 0
  90 0028 0025     		movs	r5, #0
  91 002a 2560     		str	r5, [r4]
 189:Generated_Source\PSoC4/cyfitter_cfg.c **** 
 190:Generated_Source\PSoC4/cyfitter_cfg.c **** 	(void)CyIntSetVector(9u, &CySysWdtIsr);
  92              		.loc 1 190 0
  93 002c 0949     		ldr	r1, .L3+20
  94 002e 0920     		movs	r0, #9
  95 0030 FFF7FEFF 		bl	CyIntSetVector
ARM GAS  C:\Users\Zeynep\AppData\Local\Temp\ccegaUaD.s 			page 6


  96              	.LVL4:
 191:Generated_Source\PSoC4/cyfitter_cfg.c **** 	CyIntEnable(9u);
  97              		.loc 1 191 0
  98 0034 0920     		movs	r0, #9
  99 0036 FFF7FEFF 		bl	CyIntEnable
 100              	.LVL5:
 192:Generated_Source\PSoC4/cyfitter_cfg.c **** 	CY_SET_REG32((void *)(CYREG_WDT_CONFIG), 0x00000000u);
 101              		.loc 1 192 0
 102 003a 074B     		ldr	r3, .L3+24
 103 003c 1D60     		str	r5, [r3]
 193:Generated_Source\PSoC4/cyfitter_cfg.c **** }
 104              		.loc 1 193 0
 105              		@ sp needed
 106 003e 70BD     		pop	{r4, r5, r6, pc}
 107              	.L4:
 108              		.align	2
 109              	.L3:
 110 0040 00010B40 		.word	1074462976
 111 0044 FFFFFBFF 		.word	-262145
 112 0048 06000080 		.word	-2147483642
 113 004c 04010B40 		.word	1074462980
 114 0050 08010B40 		.word	1074462984
 115 0054 00000000 		.word	CySysWdtIsr
 116 0058 0C020B40 		.word	1074463244
 117              		.cfi_endproc
 118              	.LFE3:
 119              		.size	ClockSetup, .-ClockSetup
 120              		.align	2
 121              		.global	cyfitter_cfg
 122              		.code	16
 123              		.thumb_func
 124              		.type	cyfitter_cfg, %function
 125              	cyfitter_cfg:
 126              	.LFB5:
 194:Generated_Source\PSoC4/cyfitter_cfg.c **** 
 195:Generated_Source\PSoC4/cyfitter_cfg.c **** 
 196:Generated_Source\PSoC4/cyfitter_cfg.c **** /* Analog API Functions */
 197:Generated_Source\PSoC4/cyfitter_cfg.c **** 
 198:Generated_Source\PSoC4/cyfitter_cfg.c **** 
 199:Generated_Source\PSoC4/cyfitter_cfg.c **** /*******************************************************************************
 200:Generated_Source\PSoC4/cyfitter_cfg.c **** * Function Name: AnalogSetDefault
 201:Generated_Source\PSoC4/cyfitter_cfg.c **** ********************************************************************************
 202:Generated_Source\PSoC4/cyfitter_cfg.c **** *
 203:Generated_Source\PSoC4/cyfitter_cfg.c **** * Summary:
 204:Generated_Source\PSoC4/cyfitter_cfg.c **** *  Sets up the analog portions of the chip to default values based on chip
 205:Generated_Source\PSoC4/cyfitter_cfg.c **** *  configuration options from the project.
 206:Generated_Source\PSoC4/cyfitter_cfg.c **** *
 207:Generated_Source\PSoC4/cyfitter_cfg.c **** * Parameters:
 208:Generated_Source\PSoC4/cyfitter_cfg.c **** *  void
 209:Generated_Source\PSoC4/cyfitter_cfg.c **** *
 210:Generated_Source\PSoC4/cyfitter_cfg.c **** * Return:
 211:Generated_Source\PSoC4/cyfitter_cfg.c **** *  void
 212:Generated_Source\PSoC4/cyfitter_cfg.c **** *
 213:Generated_Source\PSoC4/cyfitter_cfg.c **** *******************************************************************************/
 214:Generated_Source\PSoC4/cyfitter_cfg.c **** static void AnalogSetDefault(void);
 215:Generated_Source\PSoC4/cyfitter_cfg.c **** static void AnalogSetDefault(void)
 216:Generated_Source\PSoC4/cyfitter_cfg.c **** {
ARM GAS  C:\Users\Zeynep\AppData\Local\Temp\ccegaUaD.s 			page 7


 217:Generated_Source\PSoC4/cyfitter_cfg.c **** }
 218:Generated_Source\PSoC4/cyfitter_cfg.c **** 
 219:Generated_Source\PSoC4/cyfitter_cfg.c **** 
 220:Generated_Source\PSoC4/cyfitter_cfg.c **** 
 221:Generated_Source\PSoC4/cyfitter_cfg.c **** 
 222:Generated_Source\PSoC4/cyfitter_cfg.c **** /*******************************************************************************
 223:Generated_Source\PSoC4/cyfitter_cfg.c **** * Function Name: cyfitter_cfg
 224:Generated_Source\PSoC4/cyfitter_cfg.c **** ********************************************************************************
 225:Generated_Source\PSoC4/cyfitter_cfg.c **** * Summary:
 226:Generated_Source\PSoC4/cyfitter_cfg.c **** *  This function is called by the start-up code for the selected device. It
 227:Generated_Source\PSoC4/cyfitter_cfg.c **** *  performs all of the necessary device configuration based on the design
 228:Generated_Source\PSoC4/cyfitter_cfg.c **** *  settings.  This includes settings from the Design Wide Resources (DWR) such
 229:Generated_Source\PSoC4/cyfitter_cfg.c **** *  as Clocks and Pins as well as any component configuration that is necessary.
 230:Generated_Source\PSoC4/cyfitter_cfg.c **** *
 231:Generated_Source\PSoC4/cyfitter_cfg.c **** * Parameters:
 232:Generated_Source\PSoC4/cyfitter_cfg.c **** *   void
 233:Generated_Source\PSoC4/cyfitter_cfg.c **** *
 234:Generated_Source\PSoC4/cyfitter_cfg.c **** * Return:
 235:Generated_Source\PSoC4/cyfitter_cfg.c **** *   void
 236:Generated_Source\PSoC4/cyfitter_cfg.c **** *
 237:Generated_Source\PSoC4/cyfitter_cfg.c **** *******************************************************************************/
 238:Generated_Source\PSoC4/cyfitter_cfg.c **** CY_CFG_SECTION
 239:Generated_Source\PSoC4/cyfitter_cfg.c **** void cyfitter_cfg(void)
 240:Generated_Source\PSoC4/cyfitter_cfg.c **** {
 127              		.loc 1 240 0
 128              		.cfi_startproc
 129              		@ args = 0, pretend = 0, frame = 0
 130              		@ frame_needed = 0, uses_anonymous_args = 0
 131 005c 10B5     		push	{r4, lr}
 132              		.cfi_def_cfa_offset 8
 133              		.cfi_offset 4, -8
 134              		.cfi_offset 14, -4
 241:Generated_Source\PSoC4/cyfitter_cfg.c **** 	/* Disable interrupts by default. Let user enable if/when they want. */
 242:Generated_Source\PSoC4/cyfitter_cfg.c **** 	CyGlobalIntDisable;
 135              		.loc 1 242 0
 136              		.syntax divided
 137              	@ 242 "Generated_Source\PSoC4\cyfitter_cfg.c" 1
 138 005e 72B6     		CPSID   i
 139              	@ 0 "" 2
 140              	.LVL6:
 141              		.thumb
 142              		.syntax unified
 143              	.LBB2:
 243:Generated_Source\PSoC4/cyfitter_cfg.c **** 
 244:Generated_Source\PSoC4/cyfitter_cfg.c **** 	{
 245:Generated_Source\PSoC4/cyfitter_cfg.c **** 
 246:Generated_Source\PSoC4/cyfitter_cfg.c **** 		CYPACKED typedef struct {
 247:Generated_Source\PSoC4/cyfitter_cfg.c **** 			void CYFAR *address;
 248:Generated_Source\PSoC4/cyfitter_cfg.c **** 			uint16 size;
 249:Generated_Source\PSoC4/cyfitter_cfg.c **** 		} CYPACKED_ATTR cfg_memset_t;
 250:Generated_Source\PSoC4/cyfitter_cfg.c **** 
 251:Generated_Source\PSoC4/cyfitter_cfg.c **** 		static const cfg_memset_t CYCODE cfg_memset_list[] = {
 252:Generated_Source\PSoC4/cyfitter_cfg.c **** 			/* address, size */
 253:Generated_Source\PSoC4/cyfitter_cfg.c **** 			{(void CYFAR *)(CYDEV_UDB_P0_U0_BASE), 1024u},
 254:Generated_Source\PSoC4/cyfitter_cfg.c **** 			{(void CYFAR *)(CYDEV_UDB_DSI0_BASE), 1024u},
 255:Generated_Source\PSoC4/cyfitter_cfg.c **** 		};
 256:Generated_Source\PSoC4/cyfitter_cfg.c **** 
ARM GAS  C:\Users\Zeynep\AppData\Local\Temp\ccegaUaD.s 			page 8


 257:Generated_Source\PSoC4/cyfitter_cfg.c **** 		uint8 CYDATA i;
 258:Generated_Source\PSoC4/cyfitter_cfg.c **** 
 259:Generated_Source\PSoC4/cyfitter_cfg.c **** 		/* Zero out critical memory blocks before beginning configuration */
 260:Generated_Source\PSoC4/cyfitter_cfg.c **** 		for (i = 0u; i < (sizeof(cfg_memset_list)/sizeof(cfg_memset_list[0])); i++)
 144              		.loc 1 260 0
 145 0060 0024     		movs	r4, #0
 146 0062 0FE0     		b	.L6
 147              	.LVL7:
 148              	.L7:
 149              	.LBB3:
 261:Generated_Source\PSoC4/cyfitter_cfg.c **** 		{
 262:Generated_Source\PSoC4/cyfitter_cfg.c **** 			const cfg_memset_t CYCODE * CYDATA ms = &cfg_memset_list[i];
 263:Generated_Source\PSoC4/cyfitter_cfg.c **** 			CYMEMZERO(ms->address, (size_t)(uint32)(ms->size));
 150              		.loc 1 263 0 discriminator 3
 151 0064 1548     		ldr	r0, .L8
 152 0066 6200     		lsls	r2, r4, #1
 153 0068 1319     		adds	r3, r2, r4
 154 006a 5900     		lsls	r1, r3, #1
 155 006c 0B00     		movs	r3, r1
 156 006e 4118     		adds	r1, r0, r1
 157 0070 8988     		ldrh	r1, [r1, #4]
 158 0072 1A5A     		ldrh	r2, [r3, r0]
 159 0074 C318     		adds	r3, r0, r3
 160 0076 5888     		ldrh	r0, [r3, #2]
 161 0078 0004     		lsls	r0, r0, #16
 162 007a 1043     		orrs	r0, r2
 163 007c FFF7FEFF 		bl	CYMEMZERO
 164              	.LVL8:
 165              	.LBE3:
 260:Generated_Source\PSoC4/cyfitter_cfg.c **** 		{
 166              		.loc 1 260 0 discriminator 3
 167 0080 0134     		adds	r4, r4, #1
 168              	.LVL9:
 169 0082 E4B2     		uxtb	r4, r4
 170              	.LVL10:
 171              	.L6:
 260:Generated_Source\PSoC4/cyfitter_cfg.c **** 		{
 172              		.loc 1 260 0 is_stmt 0 discriminator 1
 173 0084 012C     		cmp	r4, #1
 174 0086 EDD9     		bls	.L7
 264:Generated_Source\PSoC4/cyfitter_cfg.c **** 		}
 265:Generated_Source\PSoC4/cyfitter_cfg.c **** 
 266:Generated_Source\PSoC4/cyfitter_cfg.c **** 		/* HSIOM Starting address: CYDEV_HSIOM_BASE */
 267:Generated_Source\PSoC4/cyfitter_cfg.c **** 		CY_SET_REG32((void *)(CYREG_HSIOM_PORT_SEL3), 0x0000EE00u);
 175              		.loc 1 267 0 is_stmt 1
 176 0088 EE22     		movs	r2, #238
 177 008a 1202     		lsls	r2, r2, #8
 178 008c 0C4B     		ldr	r3, .L8+4
 179 008e 1A60     		str	r2, [r3]
 268:Generated_Source\PSoC4/cyfitter_cfg.c **** 
 269:Generated_Source\PSoC4/cyfitter_cfg.c **** 		/* UDB_PA_0 Starting address: CYDEV_UDB_PA0_BASE */
 270:Generated_Source\PSoC4/cyfitter_cfg.c **** 		CY_SET_REG32((void *)(CYDEV_UDB_PA0_BASE), 0x00990000u);
 180              		.loc 1 270 0
 181 0090 9923     		movs	r3, #153
 182 0092 1B04     		lsls	r3, r3, #16
 183 0094 0B4A     		ldr	r2, .L8+8
 184 0096 1360     		str	r3, [r2]
ARM GAS  C:\Users\Zeynep\AppData\Local\Temp\ccegaUaD.s 			page 9


 271:Generated_Source\PSoC4/cyfitter_cfg.c **** 
 272:Generated_Source\PSoC4/cyfitter_cfg.c **** 		/* UDB_PA_3 Starting address: CYDEV_UDB_PA3_BASE */
 273:Generated_Source\PSoC4/cyfitter_cfg.c **** 		CY_SET_REG32((void *)(CYDEV_UDB_PA3_BASE), 0x00990000u);
 185              		.loc 1 273 0
 186 0098 0B4A     		ldr	r2, .L8+12
 187 009a 1360     		str	r3, [r2]
 274:Generated_Source\PSoC4/cyfitter_cfg.c **** 
 275:Generated_Source\PSoC4/cyfitter_cfg.c **** 		/* Enable digital routing */
 276:Generated_Source\PSoC4/cyfitter_cfg.c **** 		CY_SET_XTND_REG8((void *)CYREG_UDB_UDBIF_BANK_CTL, (uint8)(CY_GET_XTND_REG8((void *)CYREG_UDB_UDB
 188              		.loc 1 276 0
 189 009c 0B4A     		ldr	r2, .L8+16
 190 009e 1178     		ldrb	r1, [r2]
 191 00a0 0623     		movs	r3, #6
 192 00a2 0B43     		orrs	r3, r1
 193 00a4 DBB2     		uxtb	r3, r3
 194 00a6 1370     		strb	r3, [r2]
 195              	.LBE2:
 277:Generated_Source\PSoC4/cyfitter_cfg.c **** 	}
 278:Generated_Source\PSoC4/cyfitter_cfg.c **** 
 279:Generated_Source\PSoC4/cyfitter_cfg.c **** 	/* Perform second pass device configuration. These items must be configured in specific order afte
 280:Generated_Source\PSoC4/cyfitter_cfg.c **** 	/* IOPINS0_0 Starting address: CYDEV_PRT0_BASE */
 281:Generated_Source\PSoC4/cyfitter_cfg.c **** 	CY_SET_REG32((void *)(CYREG_PRT0_PC), 0x00DB6DB6u);
 196              		.loc 1 281 0
 197 00a8 094A     		ldr	r2, .L8+20
 198 00aa 0A4B     		ldr	r3, .L8+24
 199 00ac 1A60     		str	r2, [r3]
 282:Generated_Source\PSoC4/cyfitter_cfg.c **** 
 283:Generated_Source\PSoC4/cyfitter_cfg.c **** 	/* IOPINS0_3 Starting address: CYDEV_PRT3_BASE */
 284:Generated_Source\PSoC4/cyfitter_cfg.c **** 	CY_SET_REG32((void *)(CYREG_PRT3_PC), 0x00000D80u);
 200              		.loc 1 284 0
 201 00ae D822     		movs	r2, #216
 202 00b0 1201     		lsls	r2, r2, #4
 203 00b2 094B     		ldr	r3, .L8+28
 204 00b4 1A60     		str	r2, [r3]
 285:Generated_Source\PSoC4/cyfitter_cfg.c **** 
 286:Generated_Source\PSoC4/cyfitter_cfg.c **** 
 287:Generated_Source\PSoC4/cyfitter_cfg.c **** 	/* Setup clocks based on selections from Clock DWR */
 288:Generated_Source\PSoC4/cyfitter_cfg.c **** 	ClockSetup();
 205              		.loc 1 288 0
 206 00b6 FFF7A3FF 		bl	ClockSetup
 207              	.LVL11:
 289:Generated_Source\PSoC4/cyfitter_cfg.c **** 
 290:Generated_Source\PSoC4/cyfitter_cfg.c **** 	/* Perform basic analog initialization to defaults */
 291:Generated_Source\PSoC4/cyfitter_cfg.c **** 	AnalogSetDefault();
 292:Generated_Source\PSoC4/cyfitter_cfg.c **** 
 293:Generated_Source\PSoC4/cyfitter_cfg.c **** }
 208              		.loc 1 293 0
 209              		@ sp needed
 210              	.LVL12:
 211 00ba 10BD     		pop	{r4, pc}
 212              	.L9:
 213              		.align	2
 214              	.L8:
 215 00bc 00000000 		.word	.LANCHOR0
 216 00c0 0C000140 		.word	1073807372
 217 00c4 00500F40 		.word	1074745344
 218 00c8 30500F40 		.word	1074745392
ARM GAS  C:\Users\Zeynep\AppData\Local\Temp\ccegaUaD.s 			page 10


 219 00cc 00700F40 		.word	1074753536
 220 00d0 B66DDB00 		.word	14380470
 221 00d4 08000440 		.word	1074003976
 222 00d8 08030440 		.word	1074004744
 223              		.cfi_endproc
 224              	.LFE5:
 225              		.size	cyfitter_cfg, .-cyfitter_cfg
 226              		.section	.rodata
 227              		.align	2
 228              		.set	.LANCHOR0,. + 0
 229              		.type	cfg_memset_list.4847, %object
 230              		.size	cfg_memset_list.4847, 12
 231              	cfg_memset_list.4847:
 232 0000 00300F40 		.word	1074737152
 233 0004 0004     		.short	1024
 234 0006 00400F40 		.4byte	1074741248
 235 000a 0004     		.short	1024
 236              		.text
 237              	.Letext0:
 238              		.file 2 "d:\\psoc creator\\4.4\\psoc creator\\import\\gnu\\arm\\5.4.1\\lib\\gcc\\arm-none-eabi\\5.
 239              		.file 3 "Generated_Source\\PSoC4\\cytypes.h"
 240              		.file 4 "Generated_Source\\PSoC4\\CyLib.h"
 241              		.section	.debug_info,"",%progbits
 242              	.Ldebug_info0:
 243 0000 74020000 		.4byte	0x274
 244 0004 0400     		.2byte	0x4
 245 0006 00000000 		.4byte	.Ldebug_abbrev0
 246 000a 04       		.byte	0x4
 247 000b 01       		.uleb128 0x1
 248 000c 1C010000 		.4byte	.LASF29
 249 0010 0C       		.byte	0xc
 250 0011 13020000 		.4byte	.LASF30
 251 0015 EB000000 		.4byte	.LASF31
 252 0019 00000000 		.4byte	.Ldebug_ranges0+0
 253 001d 00000000 		.4byte	0
 254 0021 00000000 		.4byte	.Ldebug_line0
 255 0025 02       		.uleb128 0x2
 256 0026 04       		.byte	0x4
 257 0027 05       		.byte	0x5
 258 0028 696E7400 		.ascii	"int\000"
 259 002c 03       		.uleb128 0x3
 260 002d 06000000 		.4byte	.LASF12
 261 0031 02       		.byte	0x2
 262 0032 D8       		.byte	0xd8
 263 0033 37000000 		.4byte	0x37
 264 0037 04       		.uleb128 0x4
 265 0038 04       		.byte	0x4
 266 0039 07       		.byte	0x7
 267 003a B2000000 		.4byte	.LASF0
 268 003e 04       		.uleb128 0x4
 269 003f 08       		.byte	0x8
 270 0040 05       		.byte	0x5
 271 0041 C0010000 		.4byte	.LASF1
 272 0045 04       		.uleb128 0x4
 273 0046 08       		.byte	0x8
 274 0047 04       		.byte	0x4
 275 0048 FB010000 		.4byte	.LASF2
ARM GAS  C:\Users\Zeynep\AppData\Local\Temp\ccegaUaD.s 			page 11


 276 004c 04       		.uleb128 0x4
 277 004d 01       		.byte	0x1
 278 004e 06       		.byte	0x6
 279 004f 07020000 		.4byte	.LASF3
 280 0053 04       		.uleb128 0x4
 281 0054 01       		.byte	0x1
 282 0055 08       		.byte	0x8
 283 0056 7C000000 		.4byte	.LASF4
 284 005a 04       		.uleb128 0x4
 285 005b 02       		.byte	0x2
 286 005c 05       		.byte	0x5
 287 005d D3010000 		.4byte	.LASF5
 288 0061 04       		.uleb128 0x4
 289 0062 02       		.byte	0x2
 290 0063 07       		.byte	0x7
 291 0064 37000000 		.4byte	.LASF6
 292 0068 04       		.uleb128 0x4
 293 0069 04       		.byte	0x4
 294 006a 05       		.byte	0x5
 295 006b F2010000 		.4byte	.LASF7
 296 006f 04       		.uleb128 0x4
 297 0070 04       		.byte	0x4
 298 0071 07       		.byte	0x7
 299 0072 5A000000 		.4byte	.LASF8
 300 0076 04       		.uleb128 0x4
 301 0077 08       		.byte	0x8
 302 0078 07       		.byte	0x7
 303 0079 D4000000 		.4byte	.LASF9
 304 007d 04       		.uleb128 0x4
 305 007e 04       		.byte	0x4
 306 007f 07       		.byte	0x7
 307 0080 B7010000 		.4byte	.LASF10
 308 0084 05       		.uleb128 0x5
 309 0085 04       		.byte	0x4
 310 0086 04       		.uleb128 0x4
 311 0087 01       		.byte	0x1
 312 0088 08       		.byte	0x8
 313 0089 CE010000 		.4byte	.LASF11
 314 008d 06       		.uleb128 0x6
 315 008e 6C000000 		.4byte	.LASF13
 316 0092 03       		.byte	0x3
 317 0093 FB01     		.2byte	0x1fb
 318 0095 53000000 		.4byte	0x53
 319 0099 06       		.uleb128 0x6
 320 009a A4000000 		.4byte	.LASF14
 321 009e 03       		.byte	0x3
 322 009f FC01     		.2byte	0x1fc
 323 00a1 61000000 		.4byte	0x61
 324 00a5 06       		.uleb128 0x6
 325 00a6 AB000000 		.4byte	.LASF15
 326 00aa 03       		.byte	0x3
 327 00ab FD01     		.2byte	0x1fd
 328 00ad 6F000000 		.4byte	0x6f
 329 00b1 04       		.uleb128 0x4
 330 00b2 04       		.byte	0x4
 331 00b3 04       		.byte	0x4
 332 00b4 4A000000 		.4byte	.LASF16
ARM GAS  C:\Users\Zeynep\AppData\Local\Temp\ccegaUaD.s 			page 12


 333 00b8 04       		.uleb128 0x4
 334 00b9 08       		.byte	0x8
 335 00ba 04       		.byte	0x4
 336 00bb 91000000 		.4byte	.LASF17
 337 00bf 06       		.uleb128 0x6
 338 00c0 55000000 		.4byte	.LASF18
 339 00c4 03       		.byte	0x3
 340 00c5 A502     		.2byte	0x2a5
 341 00c7 CB000000 		.4byte	0xcb
 342 00cb 07       		.uleb128 0x7
 343 00cc 8D000000 		.4byte	0x8d
 344 00d0 06       		.uleb128 0x6
 345 00d1 00000000 		.4byte	.LASF19
 346 00d5 03       		.byte	0x3
 347 00d6 A702     		.2byte	0x2a7
 348 00d8 DC000000 		.4byte	0xdc
 349 00dc 07       		.uleb128 0x7
 350 00dd A5000000 		.4byte	0xa5
 351 00e1 08       		.uleb128 0x8
 352 00e2 72000000 		.4byte	.LASF20
 353 00e6 01       		.byte	0x1
 354 00e7 4C       		.byte	0x4c
 355 00e8 00000000 		.4byte	.LFB0
 356 00ec 0C000000 		.4byte	.LFE0-.LFB0
 357 00f0 01       		.uleb128 0x1
 358 00f1 9C       		.byte	0x9c
 359 00f2 2E010000 		.4byte	0x12e
 360 00f6 09       		.uleb128 0x9
 361 00f7 7300     		.ascii	"s\000"
 362 00f9 01       		.byte	0x1
 363 00fa 4C       		.byte	0x4c
 364 00fb 84000000 		.4byte	0x84
 365 00ff 00000000 		.4byte	.LLST0
 366 0103 09       		.uleb128 0x9
 367 0104 6E00     		.ascii	"n\000"
 368 0106 01       		.byte	0x1
 369 0107 4C       		.byte	0x4c
 370 0108 2C000000 		.4byte	0x2c
 371 010c 21000000 		.4byte	.LLST1
 372 0110 0A       		.uleb128 0xa
 373 0111 0A000000 		.4byte	.LVL2
 374 0115 4D020000 		.4byte	0x24d
 375 0119 0B       		.uleb128 0xb
 376 011a 01       		.uleb128 0x1
 377 011b 50       		.byte	0x50
 378 011c 03       		.uleb128 0x3
 379 011d F3       		.byte	0xf3
 380 011e 01       		.uleb128 0x1
 381 011f 50       		.byte	0x50
 382 0120 0B       		.uleb128 0xb
 383 0121 01       		.uleb128 0x1
 384 0122 51       		.byte	0x51
 385 0123 01       		.uleb128 0x1
 386 0124 30       		.byte	0x30
 387 0125 0B       		.uleb128 0xb
 388 0126 01       		.uleb128 0x1
 389 0127 52       		.byte	0x52
ARM GAS  C:\Users\Zeynep\AppData\Local\Temp\ccegaUaD.s 			page 13


 390 0128 03       		.uleb128 0x3
 391 0129 F3       		.byte	0xf3
 392 012a 01       		.uleb128 0x1
 393 012b 51       		.byte	0x51
 394 012c 00       		.byte	0
 395 012d 00       		.byte	0
 396 012e 08       		.uleb128 0x8
 397 012f 2C000000 		.4byte	.LASF21
 398 0133 01       		.byte	0x1
 399 0134 AA       		.byte	0xaa
 400 0135 00000000 		.4byte	.LFB3
 401 0139 5C000000 		.4byte	.LFE3-.LFB3
 402 013d 01       		.uleb128 0x1
 403 013e 9C       		.byte	0x9c
 404 013f 79010000 		.4byte	0x179
 405 0143 0C       		.uleb128 0xc
 406 0144 14000000 		.4byte	.LVL3
 407 0148 56020000 		.4byte	0x256
 408 014c 56010000 		.4byte	0x156
 409 0150 0B       		.uleb128 0xb
 410 0151 01       		.uleb128 0x1
 411 0152 50       		.byte	0x50
 412 0153 01       		.uleb128 0x1
 413 0154 48       		.byte	0x48
 414 0155 00       		.byte	0
 415 0156 0C       		.uleb128 0xc
 416 0157 34000000 		.4byte	.LVL4
 417 015b 61020000 		.4byte	0x261
 418 015f 69010000 		.4byte	0x169
 419 0163 0B       		.uleb128 0xb
 420 0164 01       		.uleb128 0x1
 421 0165 50       		.byte	0x50
 422 0166 01       		.uleb128 0x1
 423 0167 39       		.byte	0x39
 424 0168 00       		.byte	0
 425 0169 0A       		.uleb128 0xa
 426 016a 3A000000 		.4byte	.LVL5
 427 016e 6C020000 		.4byte	0x26c
 428 0172 0B       		.uleb128 0xb
 429 0173 01       		.uleb128 0x1
 430 0174 50       		.byte	0x50
 431 0175 01       		.uleb128 0x1
 432 0176 39       		.byte	0x39
 433 0177 00       		.byte	0
 434 0178 00       		.byte	0
 435 0179 0D       		.uleb128 0xd
 436 017a BF000000 		.4byte	.LASF32
 437 017e 01       		.byte	0x1
 438 017f EF       		.byte	0xef
 439 0180 5C000000 		.4byte	.LFB5
 440 0184 80000000 		.4byte	.LFE5-.LFB5
 441 0188 01       		.uleb128 0x1
 442 0189 9C       		.byte	0x9c
 443 018a 4D020000 		.4byte	0x24d
 444 018e 0E       		.uleb128 0xe
 445 018f 60000000 		.4byte	.LBB2
 446 0193 48000000 		.4byte	.LBE2-.LBB2
ARM GAS  C:\Users\Zeynep\AppData\Local\Temp\ccegaUaD.s 			page 14


 447 0197 43020000 		.4byte	0x243
 448 019b 0F       		.uleb128 0xf
 449 019c 06       		.byte	0x6
 450 019d 01       		.byte	0x1
 451 019e F6       		.byte	0xf6
 452 019f BC010000 		.4byte	0x1bc
 453 01a3 10       		.uleb128 0x10
 454 01a4 CC000000 		.4byte	.LASF22
 455 01a8 01       		.byte	0x1
 456 01a9 F7       		.byte	0xf7
 457 01aa 84000000 		.4byte	0x84
 458 01ae 00       		.byte	0
 459 01af 10       		.uleb128 0x10
 460 01b0 50000000 		.4byte	.LASF23
 461 01b4 01       		.byte	0x1
 462 01b5 F8       		.byte	0xf8
 463 01b6 99000000 		.4byte	0x99
 464 01ba 04       		.byte	0x4
 465 01bb 00       		.byte	0
 466 01bc 03       		.uleb128 0x3
 467 01bd AA010000 		.4byte	.LASF24
 468 01c1 01       		.byte	0x1
 469 01c2 F9       		.byte	0xf9
 470 01c3 9B010000 		.4byte	0x19b
 471 01c7 11       		.uleb128 0x11
 472 01c8 D7010000 		.4byte	0x1d7
 473 01cc D7010000 		.4byte	0x1d7
 474 01d0 12       		.uleb128 0x12
 475 01d1 7D000000 		.4byte	0x7d
 476 01d5 01       		.byte	0x1
 477 01d6 00       		.byte	0
 478 01d7 13       		.uleb128 0x13
 479 01d8 BC010000 		.4byte	0x1bc
 480 01dc 14       		.uleb128 0x14
 481 01dd 1C000000 		.4byte	.LASF25
 482 01e1 01       		.byte	0x1
 483 01e2 FB       		.byte	0xfb
 484 01e3 ED010000 		.4byte	0x1ed
 485 01e7 05       		.uleb128 0x5
 486 01e8 03       		.byte	0x3
 487 01e9 00000000 		.4byte	cfg_memset_list.4847
 488 01ed 13       		.uleb128 0x13
 489 01ee C7010000 		.4byte	0x1c7
 490 01f2 15       		.uleb128 0x15
 491 01f3 6900     		.ascii	"i\000"
 492 01f5 01       		.byte	0x1
 493 01f6 0101     		.2byte	0x101
 494 01f8 8D000000 		.4byte	0x8d
 495 01fc 4D000000 		.4byte	.LLST2
 496 0200 16       		.uleb128 0x16
 497 0201 64000000 		.4byte	.LBB3
 498 0205 1C000000 		.4byte	.LBE3-.LBB3
 499 0209 15       		.uleb128 0x15
 500 020a 6D7300   		.ascii	"ms\000"
 501 020d 01       		.byte	0x1
 502 020e 0601     		.2byte	0x106
 503 0210 18020000 		.4byte	0x218
ARM GAS  C:\Users\Zeynep\AppData\Local\Temp\ccegaUaD.s 			page 15


 504 0214 77000000 		.4byte	.LLST3
 505 0218 17       		.uleb128 0x17
 506 0219 04       		.byte	0x4
 507 021a D7010000 		.4byte	0x1d7
 508 021e 0A       		.uleb128 0xa
 509 021f 80000000 		.4byte	.LVL8
 510 0223 E1000000 		.4byte	0xe1
 511 0227 0B       		.uleb128 0xb
 512 0228 01       		.uleb128 0x1
 513 0229 51       		.byte	0x51
 514 022a 15       		.uleb128 0x15
 515 022b 74       		.byte	0x74
 516 022c 00       		.sleb128 0
 517 022d 31       		.byte	0x31
 518 022e 24       		.byte	0x24
 519 022f 74       		.byte	0x74
 520 0230 00       		.sleb128 0
 521 0231 22       		.byte	0x22
 522 0232 31       		.byte	0x31
 523 0233 24       		.byte	0x24
 524 0234 03       		.byte	0x3
 525 0235 04000000 		.4byte	.LANCHOR0+4
 526 0239 22       		.byte	0x22
 527 023a 94       		.byte	0x94
 528 023b 02       		.byte	0x2
 529 023c 0A       		.byte	0xa
 530 023d FFFF     		.2byte	0xffff
 531 023f 1A       		.byte	0x1a
 532 0240 00       		.byte	0
 533 0241 00       		.byte	0
 534 0242 00       		.byte	0
 535 0243 18       		.uleb128 0x18
 536 0244 BA000000 		.4byte	.LVL11
 537 0248 2E010000 		.4byte	0x12e
 538 024c 00       		.byte	0
 539 024d 19       		.uleb128 0x19
 540 024e 8A000000 		.4byte	.LASF33
 541 0252 8A000000 		.4byte	.LASF33
 542 0256 1A       		.uleb128 0x1a
 543 0257 DD010000 		.4byte	.LASF26
 544 025b DD010000 		.4byte	.LASF26
 545 025f 04       		.byte	0x4
 546 0260 6C       		.byte	0x6c
 547 0261 1A       		.uleb128 0x1a
 548 0262 0D000000 		.4byte	.LASF27
 549 0266 0D000000 		.4byte	.LASF27
 550 026a 04       		.byte	0x4
 551 026b D0       		.byte	0xd0
 552 026c 1A       		.uleb128 0x1a
 553 026d 98000000 		.4byte	.LASF28
 554 0271 98000000 		.4byte	.LASF28
 555 0275 04       		.byte	0x4
 556 0276 D6       		.byte	0xd6
 557 0277 00       		.byte	0
 558              		.section	.debug_abbrev,"",%progbits
 559              	.Ldebug_abbrev0:
 560 0000 01       		.uleb128 0x1
ARM GAS  C:\Users\Zeynep\AppData\Local\Temp\ccegaUaD.s 			page 16


 561 0001 11       		.uleb128 0x11
 562 0002 01       		.byte	0x1
 563 0003 25       		.uleb128 0x25
 564 0004 0E       		.uleb128 0xe
 565 0005 13       		.uleb128 0x13
 566 0006 0B       		.uleb128 0xb
 567 0007 03       		.uleb128 0x3
 568 0008 0E       		.uleb128 0xe
 569 0009 1B       		.uleb128 0x1b
 570 000a 0E       		.uleb128 0xe
 571 000b 55       		.uleb128 0x55
 572 000c 17       		.uleb128 0x17
 573 000d 11       		.uleb128 0x11
 574 000e 01       		.uleb128 0x1
 575 000f 10       		.uleb128 0x10
 576 0010 17       		.uleb128 0x17
 577 0011 00       		.byte	0
 578 0012 00       		.byte	0
 579 0013 02       		.uleb128 0x2
 580 0014 24       		.uleb128 0x24
 581 0015 00       		.byte	0
 582 0016 0B       		.uleb128 0xb
 583 0017 0B       		.uleb128 0xb
 584 0018 3E       		.uleb128 0x3e
 585 0019 0B       		.uleb128 0xb
 586 001a 03       		.uleb128 0x3
 587 001b 08       		.uleb128 0x8
 588 001c 00       		.byte	0
 589 001d 00       		.byte	0
 590 001e 03       		.uleb128 0x3
 591 001f 16       		.uleb128 0x16
 592 0020 00       		.byte	0
 593 0021 03       		.uleb128 0x3
 594 0022 0E       		.uleb128 0xe
 595 0023 3A       		.uleb128 0x3a
 596 0024 0B       		.uleb128 0xb
 597 0025 3B       		.uleb128 0x3b
 598 0026 0B       		.uleb128 0xb
 599 0027 49       		.uleb128 0x49
 600 0028 13       		.uleb128 0x13
 601 0029 00       		.byte	0
 602 002a 00       		.byte	0
 603 002b 04       		.uleb128 0x4
 604 002c 24       		.uleb128 0x24
 605 002d 00       		.byte	0
 606 002e 0B       		.uleb128 0xb
 607 002f 0B       		.uleb128 0xb
 608 0030 3E       		.uleb128 0x3e
 609 0031 0B       		.uleb128 0xb
 610 0032 03       		.uleb128 0x3
 611 0033 0E       		.uleb128 0xe
 612 0034 00       		.byte	0
 613 0035 00       		.byte	0
 614 0036 05       		.uleb128 0x5
 615 0037 0F       		.uleb128 0xf
 616 0038 00       		.byte	0
 617 0039 0B       		.uleb128 0xb
ARM GAS  C:\Users\Zeynep\AppData\Local\Temp\ccegaUaD.s 			page 17


 618 003a 0B       		.uleb128 0xb
 619 003b 00       		.byte	0
 620 003c 00       		.byte	0
 621 003d 06       		.uleb128 0x6
 622 003e 16       		.uleb128 0x16
 623 003f 00       		.byte	0
 624 0040 03       		.uleb128 0x3
 625 0041 0E       		.uleb128 0xe
 626 0042 3A       		.uleb128 0x3a
 627 0043 0B       		.uleb128 0xb
 628 0044 3B       		.uleb128 0x3b
 629 0045 05       		.uleb128 0x5
 630 0046 49       		.uleb128 0x49
 631 0047 13       		.uleb128 0x13
 632 0048 00       		.byte	0
 633 0049 00       		.byte	0
 634 004a 07       		.uleb128 0x7
 635 004b 35       		.uleb128 0x35
 636 004c 00       		.byte	0
 637 004d 49       		.uleb128 0x49
 638 004e 13       		.uleb128 0x13
 639 004f 00       		.byte	0
 640 0050 00       		.byte	0
 641 0051 08       		.uleb128 0x8
 642 0052 2E       		.uleb128 0x2e
 643 0053 01       		.byte	0x1
 644 0054 03       		.uleb128 0x3
 645 0055 0E       		.uleb128 0xe
 646 0056 3A       		.uleb128 0x3a
 647 0057 0B       		.uleb128 0xb
 648 0058 3B       		.uleb128 0x3b
 649 0059 0B       		.uleb128 0xb
 650 005a 27       		.uleb128 0x27
 651 005b 19       		.uleb128 0x19
 652 005c 11       		.uleb128 0x11
 653 005d 01       		.uleb128 0x1
 654 005e 12       		.uleb128 0x12
 655 005f 06       		.uleb128 0x6
 656 0060 40       		.uleb128 0x40
 657 0061 18       		.uleb128 0x18
 658 0062 9742     		.uleb128 0x2117
 659 0064 19       		.uleb128 0x19
 660 0065 01       		.uleb128 0x1
 661 0066 13       		.uleb128 0x13
 662 0067 00       		.byte	0
 663 0068 00       		.byte	0
 664 0069 09       		.uleb128 0x9
 665 006a 05       		.uleb128 0x5
 666 006b 00       		.byte	0
 667 006c 03       		.uleb128 0x3
 668 006d 08       		.uleb128 0x8
 669 006e 3A       		.uleb128 0x3a
 670 006f 0B       		.uleb128 0xb
 671 0070 3B       		.uleb128 0x3b
 672 0071 0B       		.uleb128 0xb
 673 0072 49       		.uleb128 0x49
 674 0073 13       		.uleb128 0x13
ARM GAS  C:\Users\Zeynep\AppData\Local\Temp\ccegaUaD.s 			page 18


 675 0074 02       		.uleb128 0x2
 676 0075 17       		.uleb128 0x17
 677 0076 00       		.byte	0
 678 0077 00       		.byte	0
 679 0078 0A       		.uleb128 0xa
 680 0079 898201   		.uleb128 0x4109
 681 007c 01       		.byte	0x1
 682 007d 11       		.uleb128 0x11
 683 007e 01       		.uleb128 0x1
 684 007f 31       		.uleb128 0x31
 685 0080 13       		.uleb128 0x13
 686 0081 00       		.byte	0
 687 0082 00       		.byte	0
 688 0083 0B       		.uleb128 0xb
 689 0084 8A8201   		.uleb128 0x410a
 690 0087 00       		.byte	0
 691 0088 02       		.uleb128 0x2
 692 0089 18       		.uleb128 0x18
 693 008a 9142     		.uleb128 0x2111
 694 008c 18       		.uleb128 0x18
 695 008d 00       		.byte	0
 696 008e 00       		.byte	0
 697 008f 0C       		.uleb128 0xc
 698 0090 898201   		.uleb128 0x4109
 699 0093 01       		.byte	0x1
 700 0094 11       		.uleb128 0x11
 701 0095 01       		.uleb128 0x1
 702 0096 31       		.uleb128 0x31
 703 0097 13       		.uleb128 0x13
 704 0098 01       		.uleb128 0x1
 705 0099 13       		.uleb128 0x13
 706 009a 00       		.byte	0
 707 009b 00       		.byte	0
 708 009c 0D       		.uleb128 0xd
 709 009d 2E       		.uleb128 0x2e
 710 009e 01       		.byte	0x1
 711 009f 3F       		.uleb128 0x3f
 712 00a0 19       		.uleb128 0x19
 713 00a1 03       		.uleb128 0x3
 714 00a2 0E       		.uleb128 0xe
 715 00a3 3A       		.uleb128 0x3a
 716 00a4 0B       		.uleb128 0xb
 717 00a5 3B       		.uleb128 0x3b
 718 00a6 0B       		.uleb128 0xb
 719 00a7 27       		.uleb128 0x27
 720 00a8 19       		.uleb128 0x19
 721 00a9 11       		.uleb128 0x11
 722 00aa 01       		.uleb128 0x1
 723 00ab 12       		.uleb128 0x12
 724 00ac 06       		.uleb128 0x6
 725 00ad 40       		.uleb128 0x40
 726 00ae 18       		.uleb128 0x18
 727 00af 9742     		.uleb128 0x2117
 728 00b1 19       		.uleb128 0x19
 729 00b2 01       		.uleb128 0x1
 730 00b3 13       		.uleb128 0x13
 731 00b4 00       		.byte	0
ARM GAS  C:\Users\Zeynep\AppData\Local\Temp\ccegaUaD.s 			page 19


 732 00b5 00       		.byte	0
 733 00b6 0E       		.uleb128 0xe
 734 00b7 0B       		.uleb128 0xb
 735 00b8 01       		.byte	0x1
 736 00b9 11       		.uleb128 0x11
 737 00ba 01       		.uleb128 0x1
 738 00bb 12       		.uleb128 0x12
 739 00bc 06       		.uleb128 0x6
 740 00bd 01       		.uleb128 0x1
 741 00be 13       		.uleb128 0x13
 742 00bf 00       		.byte	0
 743 00c0 00       		.byte	0
 744 00c1 0F       		.uleb128 0xf
 745 00c2 13       		.uleb128 0x13
 746 00c3 01       		.byte	0x1
 747 00c4 0B       		.uleb128 0xb
 748 00c5 0B       		.uleb128 0xb
 749 00c6 3A       		.uleb128 0x3a
 750 00c7 0B       		.uleb128 0xb
 751 00c8 3B       		.uleb128 0x3b
 752 00c9 0B       		.uleb128 0xb
 753 00ca 01       		.uleb128 0x1
 754 00cb 13       		.uleb128 0x13
 755 00cc 00       		.byte	0
 756 00cd 00       		.byte	0
 757 00ce 10       		.uleb128 0x10
 758 00cf 0D       		.uleb128 0xd
 759 00d0 00       		.byte	0
 760 00d1 03       		.uleb128 0x3
 761 00d2 0E       		.uleb128 0xe
 762 00d3 3A       		.uleb128 0x3a
 763 00d4 0B       		.uleb128 0xb
 764 00d5 3B       		.uleb128 0x3b
 765 00d6 0B       		.uleb128 0xb
 766 00d7 49       		.uleb128 0x49
 767 00d8 13       		.uleb128 0x13
 768 00d9 38       		.uleb128 0x38
 769 00da 0B       		.uleb128 0xb
 770 00db 00       		.byte	0
 771 00dc 00       		.byte	0
 772 00dd 11       		.uleb128 0x11
 773 00de 01       		.uleb128 0x1
 774 00df 01       		.byte	0x1
 775 00e0 49       		.uleb128 0x49
 776 00e1 13       		.uleb128 0x13
 777 00e2 01       		.uleb128 0x1
 778 00e3 13       		.uleb128 0x13
 779 00e4 00       		.byte	0
 780 00e5 00       		.byte	0
 781 00e6 12       		.uleb128 0x12
 782 00e7 21       		.uleb128 0x21
 783 00e8 00       		.byte	0
 784 00e9 49       		.uleb128 0x49
 785 00ea 13       		.uleb128 0x13
 786 00eb 2F       		.uleb128 0x2f
 787 00ec 0B       		.uleb128 0xb
 788 00ed 00       		.byte	0
ARM GAS  C:\Users\Zeynep\AppData\Local\Temp\ccegaUaD.s 			page 20


 789 00ee 00       		.byte	0
 790 00ef 13       		.uleb128 0x13
 791 00f0 26       		.uleb128 0x26
 792 00f1 00       		.byte	0
 793 00f2 49       		.uleb128 0x49
 794 00f3 13       		.uleb128 0x13
 795 00f4 00       		.byte	0
 796 00f5 00       		.byte	0
 797 00f6 14       		.uleb128 0x14
 798 00f7 34       		.uleb128 0x34
 799 00f8 00       		.byte	0
 800 00f9 03       		.uleb128 0x3
 801 00fa 0E       		.uleb128 0xe
 802 00fb 3A       		.uleb128 0x3a
 803 00fc 0B       		.uleb128 0xb
 804 00fd 3B       		.uleb128 0x3b
 805 00fe 0B       		.uleb128 0xb
 806 00ff 49       		.uleb128 0x49
 807 0100 13       		.uleb128 0x13
 808 0101 02       		.uleb128 0x2
 809 0102 18       		.uleb128 0x18
 810 0103 00       		.byte	0
 811 0104 00       		.byte	0
 812 0105 15       		.uleb128 0x15
 813 0106 34       		.uleb128 0x34
 814 0107 00       		.byte	0
 815 0108 03       		.uleb128 0x3
 816 0109 08       		.uleb128 0x8
 817 010a 3A       		.uleb128 0x3a
 818 010b 0B       		.uleb128 0xb
 819 010c 3B       		.uleb128 0x3b
 820 010d 05       		.uleb128 0x5
 821 010e 49       		.uleb128 0x49
 822 010f 13       		.uleb128 0x13
 823 0110 02       		.uleb128 0x2
 824 0111 17       		.uleb128 0x17
 825 0112 00       		.byte	0
 826 0113 00       		.byte	0
 827 0114 16       		.uleb128 0x16
 828 0115 0B       		.uleb128 0xb
 829 0116 01       		.byte	0x1
 830 0117 11       		.uleb128 0x11
 831 0118 01       		.uleb128 0x1
 832 0119 12       		.uleb128 0x12
 833 011a 06       		.uleb128 0x6
 834 011b 00       		.byte	0
 835 011c 00       		.byte	0
 836 011d 17       		.uleb128 0x17
 837 011e 0F       		.uleb128 0xf
 838 011f 00       		.byte	0
 839 0120 0B       		.uleb128 0xb
 840 0121 0B       		.uleb128 0xb
 841 0122 49       		.uleb128 0x49
 842 0123 13       		.uleb128 0x13
 843 0124 00       		.byte	0
 844 0125 00       		.byte	0
 845 0126 18       		.uleb128 0x18
ARM GAS  C:\Users\Zeynep\AppData\Local\Temp\ccegaUaD.s 			page 21


 846 0127 898201   		.uleb128 0x4109
 847 012a 00       		.byte	0
 848 012b 11       		.uleb128 0x11
 849 012c 01       		.uleb128 0x1
 850 012d 31       		.uleb128 0x31
 851 012e 13       		.uleb128 0x13
 852 012f 00       		.byte	0
 853 0130 00       		.byte	0
 854 0131 19       		.uleb128 0x19
 855 0132 2E       		.uleb128 0x2e
 856 0133 00       		.byte	0
 857 0134 3F       		.uleb128 0x3f
 858 0135 19       		.uleb128 0x19
 859 0136 3C       		.uleb128 0x3c
 860 0137 19       		.uleb128 0x19
 861 0138 6E       		.uleb128 0x6e
 862 0139 0E       		.uleb128 0xe
 863 013a 03       		.uleb128 0x3
 864 013b 0E       		.uleb128 0xe
 865 013c 00       		.byte	0
 866 013d 00       		.byte	0
 867 013e 1A       		.uleb128 0x1a
 868 013f 2E       		.uleb128 0x2e
 869 0140 00       		.byte	0
 870 0141 3F       		.uleb128 0x3f
 871 0142 19       		.uleb128 0x19
 872 0143 3C       		.uleb128 0x3c
 873 0144 19       		.uleb128 0x19
 874 0145 6E       		.uleb128 0x6e
 875 0146 0E       		.uleb128 0xe
 876 0147 03       		.uleb128 0x3
 877 0148 0E       		.uleb128 0xe
 878 0149 3A       		.uleb128 0x3a
 879 014a 0B       		.uleb128 0xb
 880 014b 3B       		.uleb128 0x3b
 881 014c 0B       		.uleb128 0xb
 882 014d 00       		.byte	0
 883 014e 00       		.byte	0
 884 014f 00       		.byte	0
 885              		.section	.debug_loc,"",%progbits
 886              	.Ldebug_loc0:
 887              	.LLST0:
 888 0000 00000000 		.4byte	.LVL0
 889 0004 09000000 		.4byte	.LVL2-1
 890 0008 0100     		.2byte	0x1
 891 000a 50       		.byte	0x50
 892 000b 09000000 		.4byte	.LVL2-1
 893 000f 0C000000 		.4byte	.LFE0
 894 0013 0400     		.2byte	0x4
 895 0015 F3       		.byte	0xf3
 896 0016 01       		.uleb128 0x1
 897 0017 50       		.byte	0x50
 898 0018 9F       		.byte	0x9f
 899 0019 00000000 		.4byte	0
 900 001d 00000000 		.4byte	0
 901              	.LLST1:
 902 0021 00000000 		.4byte	.LVL0
ARM GAS  C:\Users\Zeynep\AppData\Local\Temp\ccegaUaD.s 			page 22


 903 0025 06000000 		.4byte	.LVL1
 904 0029 0100     		.2byte	0x1
 905 002b 51       		.byte	0x51
 906 002c 06000000 		.4byte	.LVL1
 907 0030 09000000 		.4byte	.LVL2-1
 908 0034 0100     		.2byte	0x1
 909 0036 52       		.byte	0x52
 910 0037 09000000 		.4byte	.LVL2-1
 911 003b 0C000000 		.4byte	.LFE0
 912 003f 0400     		.2byte	0x4
 913 0041 F3       		.byte	0xf3
 914 0042 01       		.uleb128 0x1
 915 0043 51       		.byte	0x51
 916 0044 9F       		.byte	0x9f
 917 0045 00000000 		.4byte	0
 918 0049 00000000 		.4byte	0
 919              	.LLST2:
 920 004d 60000000 		.4byte	.LVL6
 921 0051 64000000 		.4byte	.LVL7
 922 0055 0200     		.2byte	0x2
 923 0057 30       		.byte	0x30
 924 0058 9F       		.byte	0x9f
 925 0059 64000000 		.4byte	.LVL7
 926 005d 82000000 		.4byte	.LVL9
 927 0061 0100     		.2byte	0x1
 928 0063 54       		.byte	0x54
 929 0064 84000000 		.4byte	.LVL10
 930 0068 BA000000 		.4byte	.LVL12
 931 006c 0100     		.2byte	0x1
 932 006e 54       		.byte	0x54
 933 006f 00000000 		.4byte	0
 934 0073 00000000 		.4byte	0
 935              	.LLST3:
 936 0077 64000000 		.4byte	.LVL7
 937 007b 82000000 		.4byte	.LVL9
 938 007f 0B00     		.2byte	0xb
 939 0081 74       		.byte	0x74
 940 0082 00       		.sleb128 0
 941 0083 36       		.byte	0x36
 942 0084 1E       		.byte	0x1e
 943 0085 03       		.byte	0x3
 944 0086 00000000 		.4byte	cfg_memset_list.4847
 945 008a 22       		.byte	0x22
 946 008b 9F       		.byte	0x9f
 947 008c 82000000 		.4byte	.LVL9
 948 0090 84000000 		.4byte	.LVL10
 949 0094 0B00     		.2byte	0xb
 950 0096 74       		.byte	0x74
 951 0097 7F       		.sleb128 -1
 952 0098 36       		.byte	0x36
 953 0099 1E       		.byte	0x1e
 954 009a 03       		.byte	0x3
 955 009b 00000000 		.4byte	cfg_memset_list.4847
 956 009f 22       		.byte	0x22
 957 00a0 9F       		.byte	0x9f
 958 00a1 00000000 		.4byte	0
 959 00a5 00000000 		.4byte	0
ARM GAS  C:\Users\Zeynep\AppData\Local\Temp\ccegaUaD.s 			page 23


 960              		.section	.debug_aranges,"",%progbits
 961 0000 2C000000 		.4byte	0x2c
 962 0004 0200     		.2byte	0x2
 963 0006 00000000 		.4byte	.Ldebug_info0
 964 000a 04       		.byte	0x4
 965 000b 00       		.byte	0
 966 000c 0000     		.2byte	0
 967 000e 0000     		.2byte	0
 968 0010 00000000 		.4byte	.LFB0
 969 0014 0C000000 		.4byte	.LFE0-.LFB0
 970 0018 00000000 		.4byte	.LFB3
 971 001c 5C000000 		.4byte	.LFE3-.LFB3
 972 0020 5C000000 		.4byte	.LFB5
 973 0024 80000000 		.4byte	.LFE5-.LFB5
 974 0028 00000000 		.4byte	0
 975 002c 00000000 		.4byte	0
 976              		.section	.debug_ranges,"",%progbits
 977              	.Ldebug_ranges0:
 978 0000 00000000 		.4byte	.LFB0
 979 0004 0C000000 		.4byte	.LFE0
 980 0008 00000000 		.4byte	.LFB3
 981 000c 5C000000 		.4byte	.LFE3
 982 0010 5C000000 		.4byte	.LFB5
 983 0014 DC000000 		.4byte	.LFE5
 984 0018 00000000 		.4byte	0
 985 001c 00000000 		.4byte	0
 986              		.section	.debug_line,"",%progbits
 987              	.Ldebug_line0:
 988 0000 0B010000 		.section	.debug_str,"MS",%progbits,1
 988      0200BA00 
 988      00000201 
 988      FB0E0D00 
 988      01010101 
 989              	.LASF19:
 990 0000 72656733 		.ascii	"reg32\000"
 990      3200
 991              	.LASF12:
 992 0006 73697A65 		.ascii	"size_t\000"
 992      5F7400
 993              	.LASF27:
 994 000d 4379496E 		.ascii	"CyIntSetVector\000"
 994      74536574 
 994      56656374 
 994      6F7200
 995              	.LASF25:
 996 001c 6366675F 		.ascii	"cfg_memset_list\000"
 996      6D656D73 
 996      65745F6C 
 996      69737400 
 997              	.LASF21:
 998 002c 436C6F63 		.ascii	"ClockSetup\000"
 998      6B536574 
 998      757000
 999              	.LASF6:
 1000 0037 73686F72 		.ascii	"short unsigned int\000"
 1000      7420756E 
 1000      7369676E 
ARM GAS  C:\Users\Zeynep\AppData\Local\Temp\ccegaUaD.s 			page 24


 1000      65642069 
 1000      6E7400
 1001              	.LASF16:
 1002 004a 666C6F61 		.ascii	"float\000"
 1002      7400
 1003              	.LASF23:
 1004 0050 73697A65 		.ascii	"size\000"
 1004      00
 1005              	.LASF18:
 1006 0055 72656738 		.ascii	"reg8\000"
 1006      00
 1007              	.LASF8:
 1008 005a 6C6F6E67 		.ascii	"long unsigned int\000"
 1008      20756E73 
 1008      69676E65 
 1008      6420696E 
 1008      7400
 1009              	.LASF13:
 1010 006c 75696E74 		.ascii	"uint8\000"
 1010      3800
 1011              	.LASF20:
 1012 0072 43594D45 		.ascii	"CYMEMZERO\000"
 1012      4D5A4552 
 1012      4F00
 1013              	.LASF4:
 1014 007c 756E7369 		.ascii	"unsigned char\000"
 1014      676E6564 
 1014      20636861 
 1014      7200
 1015              	.LASF33:
 1016 008a 6D656D73 		.ascii	"memset\000"
 1016      657400
 1017              	.LASF17:
 1018 0091 646F7562 		.ascii	"double\000"
 1018      6C6500
 1019              	.LASF28:
 1020 0098 4379496E 		.ascii	"CyIntEnable\000"
 1020      74456E61 
 1020      626C6500 
 1021              	.LASF14:
 1022 00a4 75696E74 		.ascii	"uint16\000"
 1022      313600
 1023              	.LASF15:
 1024 00ab 75696E74 		.ascii	"uint32\000"
 1024      333200
 1025              	.LASF0:
 1026 00b2 756E7369 		.ascii	"unsigned int\000"
 1026      676E6564 
 1026      20696E74 
 1026      00
 1027              	.LASF32:
 1028 00bf 63796669 		.ascii	"cyfitter_cfg\000"
 1028      74746572 
 1028      5F636667 
 1028      00
 1029              	.LASF22:
 1030 00cc 61646472 		.ascii	"address\000"
ARM GAS  C:\Users\Zeynep\AppData\Local\Temp\ccegaUaD.s 			page 25


 1030      65737300 
 1031              	.LASF9:
 1032 00d4 6C6F6E67 		.ascii	"long long unsigned int\000"
 1032      206C6F6E 
 1032      6720756E 
 1032      7369676E 
 1032      65642069 
 1033              	.LASF31:
 1034 00eb 443A5C54 		.ascii	"D:\\TUTORIALS\\PSOC_LAB2\\karasimsek_uygulama.cydsn"
 1034      55544F52 
 1034      49414C53 
 1034      5C50534F 
 1034      435F4C41 
 1035 011b 00       		.ascii	"\000"
 1036              	.LASF29:
 1037 011c 474E5520 		.ascii	"GNU C11 5.4.1 20160609 (release) [ARM/embedded-5-br"
 1037      43313120 
 1037      352E342E 
 1037      31203230 
 1037      31363036 
 1038 014f 616E6368 		.ascii	"anch revision 237715] -mcpu=cortex-m0 -mthumb -g -O"
 1038      20726576 
 1038      6973696F 
 1038      6E203233 
 1038      37373135 
 1039 0182 67202D66 		.ascii	"g -ffunction-sections -ffat-lto-objects\000"
 1039      66756E63 
 1039      74696F6E 
 1039      2D736563 
 1039      74696F6E 
 1040              	.LASF24:
 1041 01aa 6366675F 		.ascii	"cfg_memset_t\000"
 1041      6D656D73 
 1041      65745F74 
 1041      00
 1042              	.LASF10:
 1043 01b7 73697A65 		.ascii	"sizetype\000"
 1043      74797065 
 1043      00
 1044              	.LASF1:
 1045 01c0 6C6F6E67 		.ascii	"long long int\000"
 1045      206C6F6E 
 1045      6720696E 
 1045      7400
 1046              	.LASF11:
 1047 01ce 63686172 		.ascii	"char\000"
 1047      00
 1048              	.LASF5:
 1049 01d3 73686F72 		.ascii	"short int\000"
 1049      7420696E 
 1049      7400
 1050              	.LASF26:
 1051 01dd 43795379 		.ascii	"CySysClkWriteImoFreq\000"
 1051      73436C6B 
 1051      57726974 
 1051      65496D6F 
 1051      46726571 
ARM GAS  C:\Users\Zeynep\AppData\Local\Temp\ccegaUaD.s 			page 26


 1052              	.LASF7:
 1053 01f2 6C6F6E67 		.ascii	"long int\000"
 1053      20696E74 
 1053      00
 1054              	.LASF2:
 1055 01fb 6C6F6E67 		.ascii	"long double\000"
 1055      20646F75 
 1055      626C6500 
 1056              	.LASF3:
 1057 0207 7369676E 		.ascii	"signed char\000"
 1057      65642063 
 1057      68617200 
 1058              	.LASF30:
 1059 0213 47656E65 		.ascii	"Generated_Source\\PSoC4\\cyfitter_cfg.c\000"
 1059      72617465 
 1059      645F536F 
 1059      75726365 
 1059      5C50536F 
 1060              		.ident	"GCC: (GNU Tools for ARM Embedded Processors) 5.4.1 20160609 (release) [ARM/embedded-5-bran
