ARM GAS  C:\Users\Zeynep\AppData\Local\Temp\ccmplRQG.s 			page 1


   1              		.syntax unified
   2              		.cpu cortex-m0
   3              		.fpu softvfp
   4              		.eabi_attribute 20, 1
   5              		.eabi_attribute 21, 1
   6              		.eabi_attribute 23, 3
   7              		.eabi_attribute 24, 1
   8              		.eabi_attribute 25, 1
   9              		.eabi_attribute 26, 1
  10              		.eabi_attribute 30, 1
  11              		.eabi_attribute 34, 0
  12              		.eabi_attribute 18, 4
  13              		.thumb
  14              		.syntax unified
  15              		.file	"main.c"
  16              		.text
  17              	.Ltext0:
  18              		.cfi_sections	.debug_frame
  19              		.section	.text.main,"ax",%progbits
  20              		.align	2
  21              		.global	main
  22              		.code	16
  23              		.thumb_func
  24              		.type	main, %function
  25              	main:
  26              	.LFB32:
  27              		.file 1 "main.c"
   1:main.c        **** /* ========================================
   2:main.c        ****  *
   3:main.c        ****  * zeysaklii@gmail.com, 2021
   4:main.c        ****  * Open Source
   5:main.c        ****  * 
   6:main.c        ****  *
   7:main.c        ****  * 
   8:main.c        ****  * 
   9:main.c        ****  *
  10:main.c        ****  * ========================================
  11:main.c        **** */
  12:main.c        **** #include "project.h"
  13:main.c        **** 
  14:main.c        **** const int dizi[16]={0x01,0x02,0x04,0x08,0x10,0x20,0x40,0x80,0x80,0x40,0x20,0x10,0x08,0x04,0x02,0x01
  15:main.c        **** //Her bir ledi tanımlamak için binary olarak sayı dizisi oluşturuldu. 
  16:main.c        **** 
  17:main.c        **** int main(void)
  18:main.c        **** {
  28              		.loc 1 18 0
  29              		.cfi_startproc
  30              		@ args = 0, pretend = 0, frame = 0
  31              		@ frame_needed = 0, uses_anonymous_args = 0
  32 0000 10B5     		push	{r4, lr}
  33              		.cfi_def_cfa_offset 8
  34              		.cfi_offset 4, -8
  35              		.cfi_offset 14, -4
  19:main.c        ****     CyGlobalIntEnable; //Genel Kesme
  36              		.loc 1 19 0
  37              		.syntax divided
  38              	@ 19 "main.c" 1
ARM GAS  C:\Users\Zeynep\AppData\Local\Temp\ccmplRQG.s 			page 2


  39 0002 62B6     		CPSIE   i
  40              	@ 0 "" 2
  41              		.thumb
  42              		.syntax unified
  43              	.L4:
  44              	.LVL0:
  20:main.c        ****     
  21:main.c        ****     int i;   //Degisken Tanımlandı
  22:main.c        ****     
  23:main.c        ****     for(;;)
  24:main.c        ****     {
  25:main.c        ****         for(i=0;i<16;i++) //LEdleri sırayla yakmak için for döngüsü
  45              		.loc 1 25 0
  46 0004 0024     		movs	r4, #0
  47 0006 08E0     		b	.L2
  48              	.LVL1:
  49              	.L3:
  26:main.c        ****         {
  27:main.c        ****           Ledler_Write(dizi[i]);  //Dizi elemanları sırayla çağırılarak Ledler yanar
  50              		.loc 1 27 0 discriminator 3
  51 0008 A300     		lsls	r3, r4, #2
  52 000a 054A     		ldr	r2, .L5
  53 000c D05C     		ldrb	r0, [r2, r3]
  54 000e FFF7FEFF 		bl	Ledler_Write
  55              	.LVL2:
  28:main.c        ****           CyDelay(200);    // 200 ms aralıklarla bekleme fonksiyonu
  56              		.loc 1 28 0 discriminator 3
  57 0012 C820     		movs	r0, #200
  58 0014 FFF7FEFF 		bl	CyDelay
  59              	.LVL3:
  25:main.c        ****         {
  60              		.loc 1 25 0 discriminator 3
  61 0018 0134     		adds	r4, r4, #1
  62              	.LVL4:
  63              	.L2:
  25:main.c        ****         {
  64              		.loc 1 25 0 is_stmt 0 discriminator 1
  65 001a 0F2C     		cmp	r4, #15
  66 001c F4DD     		ble	.L3
  67 001e F1E7     		b	.L4
  68              	.L6:
  69              		.align	2
  70              	.L5:
  71 0020 00000000 		.word	.LANCHOR0
  72              		.cfi_endproc
  73              	.LFE32:
  74              		.size	main, .-main
  75              		.global	dizi
  76              		.section	.rodata
  77              		.align	2
  78              		.set	.LANCHOR0,. + 0
  79              		.type	dizi, %object
  80              		.size	dizi, 64
  81              	dizi:
  82 0000 01000000 		.word	1
  83 0004 02000000 		.word	2
  84 0008 04000000 		.word	4
ARM GAS  C:\Users\Zeynep\AppData\Local\Temp\ccmplRQG.s 			page 3


  85 000c 08000000 		.word	8
  86 0010 10000000 		.word	16
  87 0014 20000000 		.word	32
  88 0018 40000000 		.word	64
  89 001c 80000000 		.word	128
  90 0020 80000000 		.word	128
  91 0024 40000000 		.word	64
  92 0028 20000000 		.word	32
  93 002c 10000000 		.word	16
  94 0030 08000000 		.word	8
  95 0034 04000000 		.word	4
  96 0038 02000000 		.word	2
  97 003c 01000000 		.word	1
  98              		.text
  99              	.Letext0:
 100              		.file 2 "Generated_Source\\PSoC4/Ledler.h"
 101              		.file 3 "Generated_Source\\PSoC4/CyLib.h"
 102              		.section	.debug_info,"",%progbits
 103              	.Ldebug_info0:
 104 0000 21010000 		.4byte	0x121
 105 0004 0400     		.2byte	0x4
 106 0006 00000000 		.4byte	.Ldebug_abbrev0
 107 000a 04       		.byte	0x4
 108 000b 01       		.uleb128 0x1
 109 000c BF000000 		.4byte	.LASF16
 110 0010 0C       		.byte	0xc
 111 0011 4C000000 		.4byte	.LASF17
 112 0015 1B000000 		.4byte	.LASF18
 113 0019 00000000 		.4byte	.Ldebug_ranges0+0
 114 001d 00000000 		.4byte	0
 115 0021 00000000 		.4byte	.Ldebug_line0
 116 0025 02       		.uleb128 0x2
 117 0026 01       		.byte	0x1
 118 0027 06       		.byte	0x6
 119 0028 60010000 		.4byte	.LASF0
 120 002c 02       		.uleb128 0x2
 121 002d 01       		.byte	0x1
 122 002e 08       		.byte	0x8
 123 002f 9C000000 		.4byte	.LASF1
 124 0033 02       		.uleb128 0x2
 125 0034 02       		.byte	0x2
 126 0035 05       		.byte	0x5
 127 0036 78010000 		.4byte	.LASF2
 128 003a 02       		.uleb128 0x2
 129 003b 02       		.byte	0x2
 130 003c 07       		.byte	0x7
 131 003d 4D010000 		.4byte	.LASF3
 132 0041 02       		.uleb128 0x2
 133 0042 04       		.byte	0x4
 134 0043 05       		.byte	0x5
 135 0044 AF000000 		.4byte	.LASF4
 136 0048 02       		.uleb128 0x2
 137 0049 04       		.byte	0x4
 138 004a 07       		.byte	0x7
 139 004b 6D000000 		.4byte	.LASF5
 140 004f 02       		.uleb128 0x2
 141 0050 08       		.byte	0x8
ARM GAS  C:\Users\Zeynep\AppData\Local\Temp\ccmplRQG.s 			page 4


 142 0051 05       		.byte	0x5
 143 0052 00000000 		.4byte	.LASF6
 144 0056 02       		.uleb128 0x2
 145 0057 08       		.byte	0x8
 146 0058 07       		.byte	0x7
 147 0059 7F000000 		.4byte	.LASF7
 148 005d 03       		.uleb128 0x3
 149 005e 04       		.byte	0x4
 150 005f 05       		.byte	0x5
 151 0060 696E7400 		.ascii	"int\000"
 152 0064 02       		.uleb128 0x2
 153 0065 04       		.byte	0x4
 154 0066 07       		.byte	0x7
 155 0067 0E000000 		.4byte	.LASF8
 156 006b 02       		.uleb128 0x2
 157 006c 04       		.byte	0x4
 158 006d 04       		.byte	0x4
 159 006e 96000000 		.4byte	.LASF9
 160 0072 02       		.uleb128 0x2
 161 0073 08       		.byte	0x8
 162 0074 04       		.byte	0x4
 163 0075 B8000000 		.4byte	.LASF10
 164 0079 02       		.uleb128 0x2
 165 007a 01       		.byte	0x1
 166 007b 08       		.byte	0x8
 167 007c AA000000 		.4byte	.LASF11
 168 0080 02       		.uleb128 0x2
 169 0081 04       		.byte	0x4
 170 0082 07       		.byte	0x7
 171 0083 87010000 		.4byte	.LASF12
 172 0087 02       		.uleb128 0x2
 173 0088 08       		.byte	0x8
 174 0089 04       		.byte	0x4
 175 008a 6C010000 		.4byte	.LASF13
 176 008e 04       		.uleb128 0x4
 177 008f 53000000 		.4byte	.LASF19
 178 0093 01       		.byte	0x1
 179 0094 11       		.byte	0x11
 180 0095 5D000000 		.4byte	0x5d
 181 0099 00000000 		.4byte	.LFB32
 182 009d 24000000 		.4byte	.LFE32-.LFB32
 183 00a1 01       		.uleb128 0x1
 184 00a2 9C       		.byte	0x9c
 185 00a3 E3000000 		.4byte	0xe3
 186 00a7 05       		.uleb128 0x5
 187 00a8 6900     		.ascii	"i\000"
 188 00aa 01       		.byte	0x1
 189 00ab 15       		.byte	0x15
 190 00ac 5D000000 		.4byte	0x5d
 191 00b0 00000000 		.4byte	.LLST0
 192 00b4 06       		.uleb128 0x6
 193 00b5 12000000 		.4byte	.LVL2
 194 00b9 0E010000 		.4byte	0x10e
 195 00bd D2000000 		.4byte	0xd2
 196 00c1 07       		.uleb128 0x7
 197 00c2 01       		.uleb128 0x1
 198 00c3 50       		.byte	0x50
ARM GAS  C:\Users\Zeynep\AppData\Local\Temp\ccmplRQG.s 			page 5


 199 00c4 0C       		.uleb128 0xc
 200 00c5 74       		.byte	0x74
 201 00c6 00       		.sleb128 0
 202 00c7 32       		.byte	0x32
 203 00c8 24       		.byte	0x24
 204 00c9 03       		.byte	0x3
 205 00ca 00000000 		.4byte	.LANCHOR0
 206 00ce 22       		.byte	0x22
 207 00cf 94       		.byte	0x94
 208 00d0 01       		.byte	0x1
 209 00d1 00       		.byte	0
 210 00d2 08       		.uleb128 0x8
 211 00d3 18000000 		.4byte	.LVL3
 212 00d7 19010000 		.4byte	0x119
 213 00db 07       		.uleb128 0x7
 214 00dc 01       		.uleb128 0x1
 215 00dd 50       		.byte	0x50
 216 00de 02       		.uleb128 0x2
 217 00df 08       		.byte	0x8
 218 00e0 C8       		.byte	0xc8
 219 00e1 00       		.byte	0
 220 00e2 00       		.byte	0
 221 00e3 09       		.uleb128 0x9
 222 00e4 F3000000 		.4byte	0xf3
 223 00e8 F3000000 		.4byte	0xf3
 224 00ec 0A       		.uleb128 0xa
 225 00ed 80000000 		.4byte	0x80
 226 00f1 0F       		.byte	0xf
 227 00f2 00       		.byte	0
 228 00f3 0B       		.uleb128 0xb
 229 00f4 5D000000 		.4byte	0x5d
 230 00f8 0C       		.uleb128 0xc
 231 00f9 82010000 		.4byte	.LASF20
 232 00fd 01       		.byte	0x1
 233 00fe 0E       		.byte	0xe
 234 00ff 09010000 		.4byte	0x109
 235 0103 05       		.uleb128 0x5
 236 0104 03       		.byte	0x3
 237 0105 00000000 		.4byte	dizi
 238 0109 0B       		.uleb128 0xb
 239 010a E3000000 		.4byte	0xe3
 240 010e 0D       		.uleb128 0xd
 241 010f 58000000 		.4byte	.LASF14
 242 0113 58000000 		.4byte	.LASF14
 243 0117 02       		.byte	0x2
 244 0118 33       		.byte	0x33
 245 0119 0D       		.uleb128 0xd
 246 011a 65000000 		.4byte	.LASF15
 247 011e 65000000 		.4byte	.LASF15
 248 0122 03       		.byte	0x3
 249 0123 EC       		.byte	0xec
 250 0124 00       		.byte	0
 251              		.section	.debug_abbrev,"",%progbits
 252              	.Ldebug_abbrev0:
 253 0000 01       		.uleb128 0x1
 254 0001 11       		.uleb128 0x11
 255 0002 01       		.byte	0x1
ARM GAS  C:\Users\Zeynep\AppData\Local\Temp\ccmplRQG.s 			page 6


 256 0003 25       		.uleb128 0x25
 257 0004 0E       		.uleb128 0xe
 258 0005 13       		.uleb128 0x13
 259 0006 0B       		.uleb128 0xb
 260 0007 03       		.uleb128 0x3
 261 0008 0E       		.uleb128 0xe
 262 0009 1B       		.uleb128 0x1b
 263 000a 0E       		.uleb128 0xe
 264 000b 55       		.uleb128 0x55
 265 000c 17       		.uleb128 0x17
 266 000d 11       		.uleb128 0x11
 267 000e 01       		.uleb128 0x1
 268 000f 10       		.uleb128 0x10
 269 0010 17       		.uleb128 0x17
 270 0011 00       		.byte	0
 271 0012 00       		.byte	0
 272 0013 02       		.uleb128 0x2
 273 0014 24       		.uleb128 0x24
 274 0015 00       		.byte	0
 275 0016 0B       		.uleb128 0xb
 276 0017 0B       		.uleb128 0xb
 277 0018 3E       		.uleb128 0x3e
 278 0019 0B       		.uleb128 0xb
 279 001a 03       		.uleb128 0x3
 280 001b 0E       		.uleb128 0xe
 281 001c 00       		.byte	0
 282 001d 00       		.byte	0
 283 001e 03       		.uleb128 0x3
 284 001f 24       		.uleb128 0x24
 285 0020 00       		.byte	0
 286 0021 0B       		.uleb128 0xb
 287 0022 0B       		.uleb128 0xb
 288 0023 3E       		.uleb128 0x3e
 289 0024 0B       		.uleb128 0xb
 290 0025 03       		.uleb128 0x3
 291 0026 08       		.uleb128 0x8
 292 0027 00       		.byte	0
 293 0028 00       		.byte	0
 294 0029 04       		.uleb128 0x4
 295 002a 2E       		.uleb128 0x2e
 296 002b 01       		.byte	0x1
 297 002c 3F       		.uleb128 0x3f
 298 002d 19       		.uleb128 0x19
 299 002e 03       		.uleb128 0x3
 300 002f 0E       		.uleb128 0xe
 301 0030 3A       		.uleb128 0x3a
 302 0031 0B       		.uleb128 0xb
 303 0032 3B       		.uleb128 0x3b
 304 0033 0B       		.uleb128 0xb
 305 0034 27       		.uleb128 0x27
 306 0035 19       		.uleb128 0x19
 307 0036 49       		.uleb128 0x49
 308 0037 13       		.uleb128 0x13
 309 0038 8701     		.uleb128 0x87
 310 003a 19       		.uleb128 0x19
 311 003b 11       		.uleb128 0x11
 312 003c 01       		.uleb128 0x1
ARM GAS  C:\Users\Zeynep\AppData\Local\Temp\ccmplRQG.s 			page 7


 313 003d 12       		.uleb128 0x12
 314 003e 06       		.uleb128 0x6
 315 003f 40       		.uleb128 0x40
 316 0040 18       		.uleb128 0x18
 317 0041 9742     		.uleb128 0x2117
 318 0043 19       		.uleb128 0x19
 319 0044 01       		.uleb128 0x1
 320 0045 13       		.uleb128 0x13
 321 0046 00       		.byte	0
 322 0047 00       		.byte	0
 323 0048 05       		.uleb128 0x5
 324 0049 34       		.uleb128 0x34
 325 004a 00       		.byte	0
 326 004b 03       		.uleb128 0x3
 327 004c 08       		.uleb128 0x8
 328 004d 3A       		.uleb128 0x3a
 329 004e 0B       		.uleb128 0xb
 330 004f 3B       		.uleb128 0x3b
 331 0050 0B       		.uleb128 0xb
 332 0051 49       		.uleb128 0x49
 333 0052 13       		.uleb128 0x13
 334 0053 02       		.uleb128 0x2
 335 0054 17       		.uleb128 0x17
 336 0055 00       		.byte	0
 337 0056 00       		.byte	0
 338 0057 06       		.uleb128 0x6
 339 0058 898201   		.uleb128 0x4109
 340 005b 01       		.byte	0x1
 341 005c 11       		.uleb128 0x11
 342 005d 01       		.uleb128 0x1
 343 005e 31       		.uleb128 0x31
 344 005f 13       		.uleb128 0x13
 345 0060 01       		.uleb128 0x1
 346 0061 13       		.uleb128 0x13
 347 0062 00       		.byte	0
 348 0063 00       		.byte	0
 349 0064 07       		.uleb128 0x7
 350 0065 8A8201   		.uleb128 0x410a
 351 0068 00       		.byte	0
 352 0069 02       		.uleb128 0x2
 353 006a 18       		.uleb128 0x18
 354 006b 9142     		.uleb128 0x2111
 355 006d 18       		.uleb128 0x18
 356 006e 00       		.byte	0
 357 006f 00       		.byte	0
 358 0070 08       		.uleb128 0x8
 359 0071 898201   		.uleb128 0x4109
 360 0074 01       		.byte	0x1
 361 0075 11       		.uleb128 0x11
 362 0076 01       		.uleb128 0x1
 363 0077 31       		.uleb128 0x31
 364 0078 13       		.uleb128 0x13
 365 0079 00       		.byte	0
 366 007a 00       		.byte	0
 367 007b 09       		.uleb128 0x9
 368 007c 01       		.uleb128 0x1
 369 007d 01       		.byte	0x1
ARM GAS  C:\Users\Zeynep\AppData\Local\Temp\ccmplRQG.s 			page 8


 370 007e 49       		.uleb128 0x49
 371 007f 13       		.uleb128 0x13
 372 0080 01       		.uleb128 0x1
 373 0081 13       		.uleb128 0x13
 374 0082 00       		.byte	0
 375 0083 00       		.byte	0
 376 0084 0A       		.uleb128 0xa
 377 0085 21       		.uleb128 0x21
 378 0086 00       		.byte	0
 379 0087 49       		.uleb128 0x49
 380 0088 13       		.uleb128 0x13
 381 0089 2F       		.uleb128 0x2f
 382 008a 0B       		.uleb128 0xb
 383 008b 00       		.byte	0
 384 008c 00       		.byte	0
 385 008d 0B       		.uleb128 0xb
 386 008e 26       		.uleb128 0x26
 387 008f 00       		.byte	0
 388 0090 49       		.uleb128 0x49
 389 0091 13       		.uleb128 0x13
 390 0092 00       		.byte	0
 391 0093 00       		.byte	0
 392 0094 0C       		.uleb128 0xc
 393 0095 34       		.uleb128 0x34
 394 0096 00       		.byte	0
 395 0097 03       		.uleb128 0x3
 396 0098 0E       		.uleb128 0xe
 397 0099 3A       		.uleb128 0x3a
 398 009a 0B       		.uleb128 0xb
 399 009b 3B       		.uleb128 0x3b
 400 009c 0B       		.uleb128 0xb
 401 009d 49       		.uleb128 0x49
 402 009e 13       		.uleb128 0x13
 403 009f 3F       		.uleb128 0x3f
 404 00a0 19       		.uleb128 0x19
 405 00a1 02       		.uleb128 0x2
 406 00a2 18       		.uleb128 0x18
 407 00a3 00       		.byte	0
 408 00a4 00       		.byte	0
 409 00a5 0D       		.uleb128 0xd
 410 00a6 2E       		.uleb128 0x2e
 411 00a7 00       		.byte	0
 412 00a8 3F       		.uleb128 0x3f
 413 00a9 19       		.uleb128 0x19
 414 00aa 3C       		.uleb128 0x3c
 415 00ab 19       		.uleb128 0x19
 416 00ac 6E       		.uleb128 0x6e
 417 00ad 0E       		.uleb128 0xe
 418 00ae 03       		.uleb128 0x3
 419 00af 0E       		.uleb128 0xe
 420 00b0 3A       		.uleb128 0x3a
 421 00b1 0B       		.uleb128 0xb
 422 00b2 3B       		.uleb128 0x3b
 423 00b3 0B       		.uleb128 0xb
 424 00b4 00       		.byte	0
 425 00b5 00       		.byte	0
 426 00b6 00       		.byte	0
ARM GAS  C:\Users\Zeynep\AppData\Local\Temp\ccmplRQG.s 			page 9


 427              		.section	.debug_loc,"",%progbits
 428              	.Ldebug_loc0:
 429              	.LLST0:
 430 0000 04000000 		.4byte	.LVL0
 431 0004 08000000 		.4byte	.LVL1
 432 0008 0200     		.2byte	0x2
 433 000a 30       		.byte	0x30
 434 000b 9F       		.byte	0x9f
 435 000c 08000000 		.4byte	.LVL1
 436 0010 24000000 		.4byte	.LFE32
 437 0014 0100     		.2byte	0x1
 438 0016 54       		.byte	0x54
 439 0017 00000000 		.4byte	0
 440 001b 00000000 		.4byte	0
 441              		.section	.debug_aranges,"",%progbits
 442 0000 1C000000 		.4byte	0x1c
 443 0004 0200     		.2byte	0x2
 444 0006 00000000 		.4byte	.Ldebug_info0
 445 000a 04       		.byte	0x4
 446 000b 00       		.byte	0
 447 000c 0000     		.2byte	0
 448 000e 0000     		.2byte	0
 449 0010 00000000 		.4byte	.LFB32
 450 0014 24000000 		.4byte	.LFE32-.LFB32
 451 0018 00000000 		.4byte	0
 452 001c 00000000 		.4byte	0
 453              		.section	.debug_ranges,"",%progbits
 454              	.Ldebug_ranges0:
 455 0000 00000000 		.4byte	.LFB32
 456 0004 24000000 		.4byte	.LFE32
 457 0008 00000000 		.4byte	0
 458 000c 00000000 		.4byte	0
 459              		.section	.debug_line,"",%progbits
 460              	.Ldebug_line0:
 461 0000 77000000 		.section	.debug_str,"MS",%progbits,1
 461      02004B00 
 461      00000201 
 461      FB0E0D00 
 461      01010101 
 462              	.LASF6:
 463 0000 6C6F6E67 		.ascii	"long long int\000"
 463      206C6F6E 
 463      6720696E 
 463      7400
 464              	.LASF8:
 465 000e 756E7369 		.ascii	"unsigned int\000"
 465      676E6564 
 465      20696E74 
 465      00
 466              	.LASF18:
 467 001b 443A5C54 		.ascii	"D:\\TUTORIALS\\PSOC_LAB2\\karasimsek_uygulama.cydsn"
 467      55544F52 
 467      49414C53 
 467      5C50534F 
 467      435F4C41 
 468 004b 00       		.ascii	"\000"
 469              	.LASF17:
ARM GAS  C:\Users\Zeynep\AppData\Local\Temp\ccmplRQG.s 			page 10


 470 004c 6D61696E 		.ascii	"main.c\000"
 470      2E6300
 471              	.LASF19:
 472 0053 6D61696E 		.ascii	"main\000"
 472      00
 473              	.LASF14:
 474 0058 4C65646C 		.ascii	"Ledler_Write\000"
 474      65725F57 
 474      72697465 
 474      00
 475              	.LASF15:
 476 0065 43794465 		.ascii	"CyDelay\000"
 476      6C617900 
 477              	.LASF5:
 478 006d 6C6F6E67 		.ascii	"long unsigned int\000"
 478      20756E73 
 478      69676E65 
 478      6420696E 
 478      7400
 479              	.LASF7:
 480 007f 6C6F6E67 		.ascii	"long long unsigned int\000"
 480      206C6F6E 
 480      6720756E 
 480      7369676E 
 480      65642069 
 481              	.LASF9:
 482 0096 666C6F61 		.ascii	"float\000"
 482      7400
 483              	.LASF1:
 484 009c 756E7369 		.ascii	"unsigned char\000"
 484      676E6564 
 484      20636861 
 484      7200
 485              	.LASF11:
 486 00aa 63686172 		.ascii	"char\000"
 486      00
 487              	.LASF4:
 488 00af 6C6F6E67 		.ascii	"long int\000"
 488      20696E74 
 488      00
 489              	.LASF10:
 490 00b8 646F7562 		.ascii	"double\000"
 490      6C6500
 491              	.LASF16:
 492 00bf 474E5520 		.ascii	"GNU C11 5.4.1 20160609 (release) [ARM/embedded-5-br"
 492      43313120 
 492      352E342E 
 492      31203230 
 492      31363036 
 493 00f2 616E6368 		.ascii	"anch revision 237715] -mcpu=cortex-m0 -mthumb -g -O"
 493      20726576 
 493      6973696F 
 493      6E203233 
 493      37373135 
 494 0125 67202D66 		.ascii	"g -ffunction-sections -ffat-lto-objects\000"
 494      66756E63 
 494      74696F6E 
ARM GAS  C:\Users\Zeynep\AppData\Local\Temp\ccmplRQG.s 			page 11


 494      2D736563 
 494      74696F6E 
 495              	.LASF3:
 496 014d 73686F72 		.ascii	"short unsigned int\000"
 496      7420756E 
 496      7369676E 
 496      65642069 
 496      6E7400
 497              	.LASF0:
 498 0160 7369676E 		.ascii	"signed char\000"
 498      65642063 
 498      68617200 
 499              	.LASF13:
 500 016c 6C6F6E67 		.ascii	"long double\000"
 500      20646F75 
 500      626C6500 
 501              	.LASF2:
 502 0178 73686F72 		.ascii	"short int\000"
 502      7420696E 
 502      7400
 503              	.LASF20:
 504 0182 64697A69 		.ascii	"dizi\000"
 504      00
 505              	.LASF12:
 506 0187 73697A65 		.ascii	"sizetype\000"
 506      74797065 
 506      00
 507              		.ident	"GCC: (GNU Tools for ARM Embedded Processors) 5.4.1 20160609 (release) [ARM/embedded-5-bran
