ARM GAS  C:\Users\Zeynep\AppData\Local\Temp\ccoiL9AI.s 			page 1


   1              		.syntax unified
   2              		.cpu cortex-m0
   3              		.fpu softvfp
   4              		.eabi_attribute 20, 1
   5              		.eabi_attribute 21, 1
   6              		.eabi_attribute 23, 3
   7              		.eabi_attribute 24, 1
   8              		.eabi_attribute 25, 1
   9              		.eabi_attribute 26, 1
  10              		.eabi_attribute 30, 1
  11              		.eabi_attribute 34, 0
  12              		.eabi_attribute 18, 4
  13              		.thumb
  14              		.syntax unified
  15              		.file	"main.c"
  16              		.text
  17              	.Ltext0:
  18              		.cfi_sections	.debug_frame
  19              		.section	.text.main,"ax",%progbits
  20              		.align	2
  21              		.global	main
  22              		.code	16
  23              		.thumb_func
  24              		.type	main, %function
  25              	main:
  26              	.LFB32:
  27              		.file 1 "main.c"
   1:main.c        **** /* ========================================
   2:main.c        ****  *
   3:main.c        ****  * Copyright YOUR COMPANY, THE YEAR
   4:main.c        ****  * All Rights Reserved
   5:main.c        ****  * UNPUBLISHED, LICENSED SOFTWARE.
   6:main.c        ****  *
   7:main.c        ****  * CONFIDENTIAL AND PROPRIETARY INFORMATION
   8:main.c        ****  * WHICH IS THE PROPERTY OF your company.
   9:main.c        ****  *
  10:main.c        ****  * ========================================
  11:main.c        **** */
  12:main.c        **** #include "project.h"
  13:main.c        **** 
  14:main.c        **** int main(void)
  15:main.c        **** {
  28              		.loc 1 15 0
  29              		.cfi_startproc
  30              		@ Volatile: function does not return.
  31              		@ args = 0, pretend = 0, frame = 0
  32              		@ frame_needed = 0, uses_anonymous_args = 0
  33 0000 10B5     		push	{r4, lr}
  34              		.cfi_def_cfa_offset 8
  35              		.cfi_offset 4, -8
  36              		.cfi_offset 14, -4
  16:main.c        ****     CyGlobalIntEnable; /* Enable global interrupts. */
  37              		.loc 1 16 0
  38              		.syntax divided
  39              	@ 16 "main.c" 1
  40 0002 62B6     		CPSIE   i
  41              	@ 0 "" 2
ARM GAS  C:\Users\Zeynep\AppData\Local\Temp\ccoiL9AI.s 			page 2


  42              		.thumb
  43              		.syntax unified
  44              	.L2:
  17:main.c        **** 
  18:main.c        ****     /* Place your initialization/startup code here (e.g. MyInst_Start()) */
  19:main.c        **** 
  20:main.c        ****     for(;;)
  21:main.c        ****     {
  22:main.c        ****         /* Place your application code here. */
  23:main.c        ****         led_red_Write(!led_red_Read());
  45              		.loc 1 23 0 discriminator 1
  46 0004 FFF7FEFF 		bl	led_red_Read
  47              	.LVL0:
  48 0008 4342     		rsbs	r3, r0, #0
  49 000a 5841     		adcs	r0, r0, r3
  50 000c C0B2     		uxtb	r0, r0
  51 000e FFF7FEFF 		bl	led_red_Write
  52              	.LVL1:
  24:main.c        ****         CyDelay(500);
  53              		.loc 1 24 0 discriminator 1
  54 0012 FA20     		movs	r0, #250
  55 0014 4000     		lsls	r0, r0, #1
  56 0016 FFF7FEFF 		bl	CyDelay
  57              	.LVL2:
  58 001a F3E7     		b	.L2
  59              		.cfi_endproc
  60              	.LFE32:
  61              		.size	main, .-main
  62              		.text
  63              	.Letext0:
  64              		.file 2 "Generated_Source\\PSoC4/led_red.h"
  65              		.file 3 "Generated_Source\\PSoC4/CyLib.h"
  66              		.section	.debug_info,"",%progbits
  67              	.Ldebug_info0:
  68 0000 E9000000 		.4byte	0xe9
  69 0004 0400     		.2byte	0x4
  70 0006 00000000 		.4byte	.Ldebug_abbrev0
  71 000a 04       		.byte	0x4
  72 000b 01       		.uleb128 0x1
  73 000c 8F000000 		.4byte	.LASF17
  74 0010 0C       		.byte	0xc
  75 0011 1B000000 		.4byte	.LASF18
  76 0015 3C010000 		.4byte	.LASF19
  77 0019 00000000 		.4byte	.Ldebug_ranges0+0
  78 001d 00000000 		.4byte	0
  79 0021 00000000 		.4byte	.Ldebug_line0
  80 0025 02       		.uleb128 0x2
  81 0026 01       		.byte	0x1
  82 0027 06       		.byte	0x6
  83 0028 30010000 		.4byte	.LASF0
  84 002c 02       		.uleb128 0x2
  85 002d 01       		.byte	0x1
  86 002e 08       		.byte	0x8
  87 002f 6C000000 		.4byte	.LASF1
  88 0033 02       		.uleb128 0x2
  89 0034 02       		.byte	0x2
  90 0035 05       		.byte	0x5
ARM GAS  C:\Users\Zeynep\AppData\Local\Temp\ccoiL9AI.s 			page 3


  91 0036 6F010000 		.4byte	.LASF2
  92 003a 02       		.uleb128 0x2
  93 003b 02       		.byte	0x2
  94 003c 07       		.byte	0x7
  95 003d 1D010000 		.4byte	.LASF3
  96 0041 02       		.uleb128 0x2
  97 0042 04       		.byte	0x4
  98 0043 05       		.byte	0x5
  99 0044 7F000000 		.4byte	.LASF4
 100 0048 02       		.uleb128 0x2
 101 0049 04       		.byte	0x4
 102 004a 07       		.byte	0x7
 103 004b 2F000000 		.4byte	.LASF5
 104 004f 02       		.uleb128 0x2
 105 0050 08       		.byte	0x8
 106 0051 05       		.byte	0x5
 107 0052 00000000 		.4byte	.LASF6
 108 0056 02       		.uleb128 0x2
 109 0057 08       		.byte	0x8
 110 0058 07       		.byte	0x7
 111 0059 41000000 		.4byte	.LASF7
 112 005d 03       		.uleb128 0x3
 113 005e 04       		.byte	0x4
 114 005f 05       		.byte	0x5
 115 0060 696E7400 		.ascii	"int\000"
 116 0064 02       		.uleb128 0x2
 117 0065 04       		.byte	0x4
 118 0066 07       		.byte	0x7
 119 0067 0E000000 		.4byte	.LASF8
 120 006b 02       		.uleb128 0x2
 121 006c 04       		.byte	0x4
 122 006d 04       		.byte	0x4
 123 006e 58000000 		.4byte	.LASF9
 124 0072 02       		.uleb128 0x2
 125 0073 08       		.byte	0x8
 126 0074 04       		.byte	0x4
 127 0075 88000000 		.4byte	.LASF10
 128 0079 02       		.uleb128 0x2
 129 007a 01       		.byte	0x1
 130 007b 08       		.byte	0x8
 131 007c 7A000000 		.4byte	.LASF11
 132 0080 02       		.uleb128 0x2
 133 0081 04       		.byte	0x4
 134 0082 07       		.byte	0x7
 135 0083 86010000 		.4byte	.LASF12
 136 0087 02       		.uleb128 0x2
 137 0088 08       		.byte	0x8
 138 0089 04       		.byte	0x4
 139 008a 63010000 		.4byte	.LASF13
 140 008e 04       		.uleb128 0x4
 141 008f 22000000 		.4byte	.LASF20
 142 0093 01       		.byte	0x1
 143 0094 0E       		.byte	0xe
 144 0095 5D000000 		.4byte	0x5d
 145 0099 00000000 		.4byte	.LFB32
 146 009d 1C000000 		.4byte	.LFE32-.LFB32
 147 00a1 01       		.uleb128 0x1
ARM GAS  C:\Users\Zeynep\AppData\Local\Temp\ccoiL9AI.s 			page 4


 148 00a2 9C       		.byte	0x9c
 149 00a3 CB000000 		.4byte	0xcb
 150 00a7 05       		.uleb128 0x5
 151 00a8 08000000 		.4byte	.LVL0
 152 00ac CB000000 		.4byte	0xcb
 153 00b0 05       		.uleb128 0x5
 154 00b1 12000000 		.4byte	.LVL1
 155 00b5 D6000000 		.4byte	0xd6
 156 00b9 06       		.uleb128 0x6
 157 00ba 1A000000 		.4byte	.LVL2
 158 00be E1000000 		.4byte	0xe1
 159 00c2 07       		.uleb128 0x7
 160 00c3 01       		.uleb128 0x1
 161 00c4 50       		.byte	0x50
 162 00c5 03       		.uleb128 0x3
 163 00c6 0A       		.byte	0xa
 164 00c7 F401     		.2byte	0x1f4
 165 00c9 00       		.byte	0
 166 00ca 00       		.byte	0
 167 00cb 08       		.uleb128 0x8
 168 00cc 79010000 		.4byte	.LASF14
 169 00d0 79010000 		.4byte	.LASF14
 170 00d4 02       		.byte	0x2
 171 00d5 32       		.byte	0x32
 172 00d6 08       		.uleb128 0x8
 173 00d7 5E000000 		.4byte	.LASF15
 174 00db 5E000000 		.4byte	.LASF15
 175 00df 02       		.byte	0x2
 176 00e0 33       		.byte	0x33
 177 00e1 08       		.uleb128 0x8
 178 00e2 27000000 		.4byte	.LASF16
 179 00e6 27000000 		.4byte	.LASF16
 180 00ea 03       		.byte	0x3
 181 00eb EC       		.byte	0xec
 182 00ec 00       		.byte	0
 183              		.section	.debug_abbrev,"",%progbits
 184              	.Ldebug_abbrev0:
 185 0000 01       		.uleb128 0x1
 186 0001 11       		.uleb128 0x11
 187 0002 01       		.byte	0x1
 188 0003 25       		.uleb128 0x25
 189 0004 0E       		.uleb128 0xe
 190 0005 13       		.uleb128 0x13
 191 0006 0B       		.uleb128 0xb
 192 0007 03       		.uleb128 0x3
 193 0008 0E       		.uleb128 0xe
 194 0009 1B       		.uleb128 0x1b
 195 000a 0E       		.uleb128 0xe
 196 000b 55       		.uleb128 0x55
 197 000c 17       		.uleb128 0x17
 198 000d 11       		.uleb128 0x11
 199 000e 01       		.uleb128 0x1
 200 000f 10       		.uleb128 0x10
 201 0010 17       		.uleb128 0x17
 202 0011 00       		.byte	0
 203 0012 00       		.byte	0
 204 0013 02       		.uleb128 0x2
ARM GAS  C:\Users\Zeynep\AppData\Local\Temp\ccoiL9AI.s 			page 5


 205 0014 24       		.uleb128 0x24
 206 0015 00       		.byte	0
 207 0016 0B       		.uleb128 0xb
 208 0017 0B       		.uleb128 0xb
 209 0018 3E       		.uleb128 0x3e
 210 0019 0B       		.uleb128 0xb
 211 001a 03       		.uleb128 0x3
 212 001b 0E       		.uleb128 0xe
 213 001c 00       		.byte	0
 214 001d 00       		.byte	0
 215 001e 03       		.uleb128 0x3
 216 001f 24       		.uleb128 0x24
 217 0020 00       		.byte	0
 218 0021 0B       		.uleb128 0xb
 219 0022 0B       		.uleb128 0xb
 220 0023 3E       		.uleb128 0x3e
 221 0024 0B       		.uleb128 0xb
 222 0025 03       		.uleb128 0x3
 223 0026 08       		.uleb128 0x8
 224 0027 00       		.byte	0
 225 0028 00       		.byte	0
 226 0029 04       		.uleb128 0x4
 227 002a 2E       		.uleb128 0x2e
 228 002b 01       		.byte	0x1
 229 002c 3F       		.uleb128 0x3f
 230 002d 19       		.uleb128 0x19
 231 002e 03       		.uleb128 0x3
 232 002f 0E       		.uleb128 0xe
 233 0030 3A       		.uleb128 0x3a
 234 0031 0B       		.uleb128 0xb
 235 0032 3B       		.uleb128 0x3b
 236 0033 0B       		.uleb128 0xb
 237 0034 27       		.uleb128 0x27
 238 0035 19       		.uleb128 0x19
 239 0036 49       		.uleb128 0x49
 240 0037 13       		.uleb128 0x13
 241 0038 8701     		.uleb128 0x87
 242 003a 19       		.uleb128 0x19
 243 003b 11       		.uleb128 0x11
 244 003c 01       		.uleb128 0x1
 245 003d 12       		.uleb128 0x12
 246 003e 06       		.uleb128 0x6
 247 003f 40       		.uleb128 0x40
 248 0040 18       		.uleb128 0x18
 249 0041 9742     		.uleb128 0x2117
 250 0043 19       		.uleb128 0x19
 251 0044 01       		.uleb128 0x1
 252 0045 13       		.uleb128 0x13
 253 0046 00       		.byte	0
 254 0047 00       		.byte	0
 255 0048 05       		.uleb128 0x5
 256 0049 898201   		.uleb128 0x4109
 257 004c 00       		.byte	0
 258 004d 11       		.uleb128 0x11
 259 004e 01       		.uleb128 0x1
 260 004f 31       		.uleb128 0x31
 261 0050 13       		.uleb128 0x13
ARM GAS  C:\Users\Zeynep\AppData\Local\Temp\ccoiL9AI.s 			page 6


 262 0051 00       		.byte	0
 263 0052 00       		.byte	0
 264 0053 06       		.uleb128 0x6
 265 0054 898201   		.uleb128 0x4109
 266 0057 01       		.byte	0x1
 267 0058 11       		.uleb128 0x11
 268 0059 01       		.uleb128 0x1
 269 005a 31       		.uleb128 0x31
 270 005b 13       		.uleb128 0x13
 271 005c 00       		.byte	0
 272 005d 00       		.byte	0
 273 005e 07       		.uleb128 0x7
 274 005f 8A8201   		.uleb128 0x410a
 275 0062 00       		.byte	0
 276 0063 02       		.uleb128 0x2
 277 0064 18       		.uleb128 0x18
 278 0065 9142     		.uleb128 0x2111
 279 0067 18       		.uleb128 0x18
 280 0068 00       		.byte	0
 281 0069 00       		.byte	0
 282 006a 08       		.uleb128 0x8
 283 006b 2E       		.uleb128 0x2e
 284 006c 00       		.byte	0
 285 006d 3F       		.uleb128 0x3f
 286 006e 19       		.uleb128 0x19
 287 006f 3C       		.uleb128 0x3c
 288 0070 19       		.uleb128 0x19
 289 0071 6E       		.uleb128 0x6e
 290 0072 0E       		.uleb128 0xe
 291 0073 03       		.uleb128 0x3
 292 0074 0E       		.uleb128 0xe
 293 0075 3A       		.uleb128 0x3a
 294 0076 0B       		.uleb128 0xb
 295 0077 3B       		.uleb128 0x3b
 296 0078 0B       		.uleb128 0xb
 297 0079 00       		.byte	0
 298 007a 00       		.byte	0
 299 007b 00       		.byte	0
 300              		.section	.debug_aranges,"",%progbits
 301 0000 1C000000 		.4byte	0x1c
 302 0004 0200     		.2byte	0x2
 303 0006 00000000 		.4byte	.Ldebug_info0
 304 000a 04       		.byte	0x4
 305 000b 00       		.byte	0
 306 000c 0000     		.2byte	0
 307 000e 0000     		.2byte	0
 308 0010 00000000 		.4byte	.LFB32
 309 0014 1C000000 		.4byte	.LFE32-.LFB32
 310 0018 00000000 		.4byte	0
 311 001c 00000000 		.4byte	0
 312              		.section	.debug_ranges,"",%progbits
 313              	.Ldebug_ranges0:
 314 0000 00000000 		.4byte	.LFB32
 315 0004 1C000000 		.4byte	.LFE32
 316 0008 00000000 		.4byte	0
 317 000c 00000000 		.4byte	0
 318              		.section	.debug_line,"",%progbits
ARM GAS  C:\Users\Zeynep\AppData\Local\Temp\ccoiL9AI.s 			page 7


 319              	.Ldebug_line0:
 320 0000 6C000000 		.section	.debug_str,"MS",%progbits,1
 320      02004C00 
 320      00000201 
 320      FB0E0D00 
 320      01010101 
 321              	.LASF6:
 322 0000 6C6F6E67 		.ascii	"long long int\000"
 322      206C6F6E 
 322      6720696E 
 322      7400
 323              	.LASF8:
 324 000e 756E7369 		.ascii	"unsigned int\000"
 324      676E6564 
 324      20696E74 
 324      00
 325              	.LASF18:
 326 001b 6D61696E 		.ascii	"main.c\000"
 326      2E6300
 327              	.LASF20:
 328 0022 6D61696E 		.ascii	"main\000"
 328      00
 329              	.LASF16:
 330 0027 43794465 		.ascii	"CyDelay\000"
 330      6C617900 
 331              	.LASF5:
 332 002f 6C6F6E67 		.ascii	"long unsigned int\000"
 332      20756E73 
 332      69676E65 
 332      6420696E 
 332      7400
 333              	.LASF7:
 334 0041 6C6F6E67 		.ascii	"long long unsigned int\000"
 334      206C6F6E 
 334      6720756E 
 334      7369676E 
 334      65642069 
 335              	.LASF9:
 336 0058 666C6F61 		.ascii	"float\000"
 336      7400
 337              	.LASF15:
 338 005e 6C65645F 		.ascii	"led_red_Write\000"
 338      7265645F 
 338      57726974 
 338      6500
 339              	.LASF1:
 340 006c 756E7369 		.ascii	"unsigned char\000"
 340      676E6564 
 340      20636861 
 340      7200
 341              	.LASF11:
 342 007a 63686172 		.ascii	"char\000"
 342      00
 343              	.LASF4:
 344 007f 6C6F6E67 		.ascii	"long int\000"
 344      20696E74 
 344      00
ARM GAS  C:\Users\Zeynep\AppData\Local\Temp\ccoiL9AI.s 			page 8


 345              	.LASF10:
 346 0088 646F7562 		.ascii	"double\000"
 346      6C6500
 347              	.LASF17:
 348 008f 474E5520 		.ascii	"GNU C11 5.4.1 20160609 (release) [ARM/embedded-5-br"
 348      43313120 
 348      352E342E 
 348      31203230 
 348      31363036 
 349 00c2 616E6368 		.ascii	"anch revision 237715] -mcpu=cortex-m0 -mthumb -g -O"
 349      20726576 
 349      6973696F 
 349      6E203233 
 349      37373135 
 350 00f5 67202D66 		.ascii	"g -ffunction-sections -ffat-lto-objects\000"
 350      66756E63 
 350      74696F6E 
 350      2D736563 
 350      74696F6E 
 351              	.LASF3:
 352 011d 73686F72 		.ascii	"short unsigned int\000"
 352      7420756E 
 352      7369676E 
 352      65642069 
 352      6E7400
 353              	.LASF0:
 354 0130 7369676E 		.ascii	"signed char\000"
 354      65642063 
 354      68617200 
 355              	.LASF19:
 356 013c 443A5C54 		.ascii	"D:\\TUTORIALS\\PSOC_LAB1\\LED_Blink.cydsn\000"
 356      55544F52 
 356      49414C53 
 356      5C50534F 
 356      435F4C41 
 357              	.LASF13:
 358 0163 6C6F6E67 		.ascii	"long double\000"
 358      20646F75 
 358      626C6500 
 359              	.LASF2:
 360 016f 73686F72 		.ascii	"short int\000"
 360      7420696E 
 360      7400
 361              	.LASF14:
 362 0179 6C65645F 		.ascii	"led_red_Read\000"
 362      7265645F 
 362      52656164 
 362      00
 363              	.LASF12:
 364 0186 73697A65 		.ascii	"sizetype\000"
 364      74797065 
 364      00
 365              		.ident	"GCC: (GNU Tools for ARM Embedded Processors) 5.4.1 20160609 (release) [ARM/embedded-5-bran
