ARM GAS  C:\Users\Zeynep\AppData\Local\Temp\cc7Cm1Qw.s 			page 1


   1              		.syntax unified
   2              		.cpu cortex-m0
   3              		.fpu softvfp
   4              		.eabi_attribute 20, 1
   5              		.eabi_attribute 21, 1
   6              		.eabi_attribute 23, 3
   7              		.eabi_attribute 24, 1
   8              		.eabi_attribute 25, 1
   9              		.eabi_attribute 26, 1
  10              		.eabi_attribute 30, 1
  11              		.eabi_attribute 34, 0
  12              		.eabi_attribute 18, 4
  13              		.thumb
  14              		.syntax unified
  15              		.file	"cyfitter_cfg.c"
  16              		.text
  17              	.Ltext0:
  18              		.cfi_sections	.debug_frame
  19              		.section	.text.CYMEMZERO,"ax",%progbits
  20              		.align	2
  21              		.code	16
  22              		.thumb_func
  23              		.type	CYMEMZERO, %function
  24              	CYMEMZERO:
  25              	.LFB0:
  26              		.file 1 "Generated_Source\\PSoC4\\cyfitter_cfg.c"
   1:Generated_Source\PSoC4/cyfitter_cfg.c **** 
   2:Generated_Source\PSoC4/cyfitter_cfg.c **** /*******************************************************************************
   3:Generated_Source\PSoC4/cyfitter_cfg.c **** * File Name: cyfitter_cfg.c
   4:Generated_Source\PSoC4/cyfitter_cfg.c **** * 
   5:Generated_Source\PSoC4/cyfitter_cfg.c **** * PSoC Creator  4.4
   6:Generated_Source\PSoC4/cyfitter_cfg.c **** *
   7:Generated_Source\PSoC4/cyfitter_cfg.c **** * Description:
   8:Generated_Source\PSoC4/cyfitter_cfg.c **** * This file contains device initialization code.
   9:Generated_Source\PSoC4/cyfitter_cfg.c **** * Except for the user defined sections in CyClockStartupError(), this file should not be modified.
  10:Generated_Source\PSoC4/cyfitter_cfg.c **** * This file is automatically generated by PSoC Creator.
  11:Generated_Source\PSoC4/cyfitter_cfg.c **** *
  12:Generated_Source\PSoC4/cyfitter_cfg.c **** ********************************************************************************
  13:Generated_Source\PSoC4/cyfitter_cfg.c **** * Copyright (c) 2007-2020 Cypress Semiconductor.  All rights reserved.
  14:Generated_Source\PSoC4/cyfitter_cfg.c **** * You may use this file only in accordance with the license, terms, conditions, 
  15:Generated_Source\PSoC4/cyfitter_cfg.c **** * disclaimers, and limitations in the end user license agreement accompanying 
  16:Generated_Source\PSoC4/cyfitter_cfg.c **** * the software package with which this file was provided.
  17:Generated_Source\PSoC4/cyfitter_cfg.c **** ********************************************************************************/
  18:Generated_Source\PSoC4/cyfitter_cfg.c **** 
  19:Generated_Source\PSoC4/cyfitter_cfg.c **** #include <string.h>
  20:Generated_Source\PSoC4/cyfitter_cfg.c **** #include "cytypes.h"
  21:Generated_Source\PSoC4/cyfitter_cfg.c **** #include "cydevice_trm.h"
  22:Generated_Source\PSoC4/cyfitter_cfg.c **** #include "cyfitter.h"
  23:Generated_Source\PSoC4/cyfitter_cfg.c **** #include "CyLib.h"
  24:Generated_Source\PSoC4/cyfitter_cfg.c **** #include "CyLFClk.h"
  25:Generated_Source\PSoC4/cyfitter_cfg.c **** #include "cyfitter_cfg.h"
  26:Generated_Source\PSoC4/cyfitter_cfg.c **** #include "cyapicallbacks.h"
  27:Generated_Source\PSoC4/cyfitter_cfg.c **** 
  28:Generated_Source\PSoC4/cyfitter_cfg.c **** 
  29:Generated_Source\PSoC4/cyfitter_cfg.c **** #if defined(__GNUC__) || defined(__ARMCC_VERSION)
  30:Generated_Source\PSoC4/cyfitter_cfg.c ****     #define CYPACKED 
  31:Generated_Source\PSoC4/cyfitter_cfg.c ****     #define CYPACKED_ATTR __attribute__ ((packed))
ARM GAS  C:\Users\Zeynep\AppData\Local\Temp\cc7Cm1Qw.s 			page 2


  32:Generated_Source\PSoC4/cyfitter_cfg.c ****     #define CYALIGNED __attribute__ ((aligned))
  33:Generated_Source\PSoC4/cyfitter_cfg.c ****     #define CY_CFG_UNUSED __attribute__ ((unused))
  34:Generated_Source\PSoC4/cyfitter_cfg.c ****     #ifndef CY_CFG_SECTION
  35:Generated_Source\PSoC4/cyfitter_cfg.c ****         #define CY_CFG_SECTION __attribute__ ((section(".psocinit")))
  36:Generated_Source\PSoC4/cyfitter_cfg.c ****     #endif
  37:Generated_Source\PSoC4/cyfitter_cfg.c ****     
  38:Generated_Source\PSoC4/cyfitter_cfg.c ****     #if defined(__ARMCC_VERSION)
  39:Generated_Source\PSoC4/cyfitter_cfg.c ****         #define CY_CFG_MEMORY_BARRIER() __memory_changed()
  40:Generated_Source\PSoC4/cyfitter_cfg.c ****     #else
  41:Generated_Source\PSoC4/cyfitter_cfg.c ****         #define CY_CFG_MEMORY_BARRIER() __sync_synchronize()
  42:Generated_Source\PSoC4/cyfitter_cfg.c ****     #endif
  43:Generated_Source\PSoC4/cyfitter_cfg.c ****     
  44:Generated_Source\PSoC4/cyfitter_cfg.c **** #elif defined(__ICCARM__)
  45:Generated_Source\PSoC4/cyfitter_cfg.c ****     #include <intrinsics.h>
  46:Generated_Source\PSoC4/cyfitter_cfg.c **** 
  47:Generated_Source\PSoC4/cyfitter_cfg.c ****     #define CYPACKED __packed
  48:Generated_Source\PSoC4/cyfitter_cfg.c ****     #define CYPACKED_ATTR 
  49:Generated_Source\PSoC4/cyfitter_cfg.c ****     #define CYALIGNED _Pragma("data_alignment=4")
  50:Generated_Source\PSoC4/cyfitter_cfg.c ****     #define CY_CFG_UNUSED _Pragma("diag_suppress=Pe177")
  51:Generated_Source\PSoC4/cyfitter_cfg.c ****     #define CY_CFG_SECTION _Pragma("location=\".psocinit\"")
  52:Generated_Source\PSoC4/cyfitter_cfg.c ****     
  53:Generated_Source\PSoC4/cyfitter_cfg.c ****     #define CY_CFG_MEMORY_BARRIER() __DMB()
  54:Generated_Source\PSoC4/cyfitter_cfg.c ****     
  55:Generated_Source\PSoC4/cyfitter_cfg.c **** #else
  56:Generated_Source\PSoC4/cyfitter_cfg.c ****     #error Unsupported toolchain
  57:Generated_Source\PSoC4/cyfitter_cfg.c **** #endif
  58:Generated_Source\PSoC4/cyfitter_cfg.c **** 
  59:Generated_Source\PSoC4/cyfitter_cfg.c **** #ifndef CYCODE
  60:Generated_Source\PSoC4/cyfitter_cfg.c ****     #define CYCODE
  61:Generated_Source\PSoC4/cyfitter_cfg.c **** #endif
  62:Generated_Source\PSoC4/cyfitter_cfg.c **** #ifndef CYDATA
  63:Generated_Source\PSoC4/cyfitter_cfg.c ****     #define CYDATA
  64:Generated_Source\PSoC4/cyfitter_cfg.c **** #endif
  65:Generated_Source\PSoC4/cyfitter_cfg.c **** #ifndef CYFAR
  66:Generated_Source\PSoC4/cyfitter_cfg.c ****     #define CYFAR
  67:Generated_Source\PSoC4/cyfitter_cfg.c **** #endif
  68:Generated_Source\PSoC4/cyfitter_cfg.c **** #ifndef CYXDATA
  69:Generated_Source\PSoC4/cyfitter_cfg.c ****     #define CYXDATA
  70:Generated_Source\PSoC4/cyfitter_cfg.c **** #endif
  71:Generated_Source\PSoC4/cyfitter_cfg.c **** 
  72:Generated_Source\PSoC4/cyfitter_cfg.c **** 
  73:Generated_Source\PSoC4/cyfitter_cfg.c **** CY_CFG_UNUSED
  74:Generated_Source\PSoC4/cyfitter_cfg.c **** static void CYMEMZERO(void *s, size_t n);
  75:Generated_Source\PSoC4/cyfitter_cfg.c **** CY_CFG_UNUSED
  76:Generated_Source\PSoC4/cyfitter_cfg.c **** static void CYMEMZERO(void *s, size_t n)
  77:Generated_Source\PSoC4/cyfitter_cfg.c **** {
  27              		.loc 1 77 0
  28              		.cfi_startproc
  29              		@ args = 0, pretend = 0, frame = 0
  30              		@ frame_needed = 0, uses_anonymous_args = 0
  31              	.LVL0:
  32 0000 10B5     		push	{r4, lr}
  33              		.cfi_def_cfa_offset 8
  34              		.cfi_offset 4, -8
  35              		.cfi_offset 14, -4
  36 0002 0A00     		movs	r2, r1
  78:Generated_Source\PSoC4/cyfitter_cfg.c **** 	(void)memset(s, 0, n);
ARM GAS  C:\Users\Zeynep\AppData\Local\Temp\cc7Cm1Qw.s 			page 3


  37              		.loc 1 78 0
  38 0004 0021     		movs	r1, #0
  39              	.LVL1:
  40 0006 FFF7FEFF 		bl	memset
  41              	.LVL2:
  79:Generated_Source\PSoC4/cyfitter_cfg.c **** }
  42              		.loc 1 79 0
  43              		@ sp needed
  44 000a 10BD     		pop	{r4, pc}
  45              		.cfi_endproc
  46              	.LFE0:
  47              		.size	CYMEMZERO, .-CYMEMZERO
  48              		.section	.psocinit,"ax",%progbits
  49              		.align	2
  50              		.code	16
  51              		.thumb_func
  52              		.type	ClockSetup, %function
  53              	ClockSetup:
  54              	.LFB3:
  80:Generated_Source\PSoC4/cyfitter_cfg.c **** CY_CFG_UNUSED
  81:Generated_Source\PSoC4/cyfitter_cfg.c **** static void CYCONFIGCPY(void *dest, const void *src, size_t n);
  82:Generated_Source\PSoC4/cyfitter_cfg.c **** CY_CFG_UNUSED
  83:Generated_Source\PSoC4/cyfitter_cfg.c **** static void CYCONFIGCPY(void *dest, const void *src, size_t n)
  84:Generated_Source\PSoC4/cyfitter_cfg.c **** {
  85:Generated_Source\PSoC4/cyfitter_cfg.c **** 	(void)memcpy(dest, src, n);
  86:Generated_Source\PSoC4/cyfitter_cfg.c **** }
  87:Generated_Source\PSoC4/cyfitter_cfg.c **** CY_CFG_UNUSED
  88:Generated_Source\PSoC4/cyfitter_cfg.c **** static void CYCONFIGCPYCODE(void *dest, const void *src, size_t n);
  89:Generated_Source\PSoC4/cyfitter_cfg.c **** CY_CFG_UNUSED
  90:Generated_Source\PSoC4/cyfitter_cfg.c **** static void CYCONFIGCPYCODE(void *dest, const void *src, size_t n)
  91:Generated_Source\PSoC4/cyfitter_cfg.c **** {
  92:Generated_Source\PSoC4/cyfitter_cfg.c **** 	(void)memcpy(dest, src, n);
  93:Generated_Source\PSoC4/cyfitter_cfg.c **** }
  94:Generated_Source\PSoC4/cyfitter_cfg.c **** 
  95:Generated_Source\PSoC4/cyfitter_cfg.c **** 
  96:Generated_Source\PSoC4/cyfitter_cfg.c **** 
  97:Generated_Source\PSoC4/cyfitter_cfg.c **** 
  98:Generated_Source\PSoC4/cyfitter_cfg.c **** /* Clock startup error codes                                                   */
  99:Generated_Source\PSoC4/cyfitter_cfg.c **** #define CYCLOCKSTART_NO_ERROR    0u
 100:Generated_Source\PSoC4/cyfitter_cfg.c **** #define CYCLOCKSTART_XTAL_ERROR  1u
 101:Generated_Source\PSoC4/cyfitter_cfg.c **** #define CYCLOCKSTART_32KHZ_ERROR 2u
 102:Generated_Source\PSoC4/cyfitter_cfg.c **** #define CYCLOCKSTART_PLL_ERROR   3u
 103:Generated_Source\PSoC4/cyfitter_cfg.c **** #define CYCLOCKSTART_FLL_ERROR   4u
 104:Generated_Source\PSoC4/cyfitter_cfg.c **** #define CYCLOCKSTART_WCO_ERROR   5u
 105:Generated_Source\PSoC4/cyfitter_cfg.c **** 
 106:Generated_Source\PSoC4/cyfitter_cfg.c **** 
 107:Generated_Source\PSoC4/cyfitter_cfg.c **** #ifdef CY_NEED_CYCLOCKSTARTUPERROR
 108:Generated_Source\PSoC4/cyfitter_cfg.c **** /*******************************************************************************
 109:Generated_Source\PSoC4/cyfitter_cfg.c **** * Function Name: CyClockStartupError
 110:Generated_Source\PSoC4/cyfitter_cfg.c **** ********************************************************************************
 111:Generated_Source\PSoC4/cyfitter_cfg.c **** * Summary:
 112:Generated_Source\PSoC4/cyfitter_cfg.c **** *  If an error is encountered during clock configuration (crystal startup error,
 113:Generated_Source\PSoC4/cyfitter_cfg.c **** *  PLL lock error, etc.), the system will end up here.  Unless reimplemented by
 114:Generated_Source\PSoC4/cyfitter_cfg.c **** *  the customer, this function will stop in an infinite loop.
 115:Generated_Source\PSoC4/cyfitter_cfg.c **** *
 116:Generated_Source\PSoC4/cyfitter_cfg.c **** * Parameters:
 117:Generated_Source\PSoC4/cyfitter_cfg.c **** *   void
ARM GAS  C:\Users\Zeynep\AppData\Local\Temp\cc7Cm1Qw.s 			page 4


 118:Generated_Source\PSoC4/cyfitter_cfg.c **** *
 119:Generated_Source\PSoC4/cyfitter_cfg.c **** * Return:
 120:Generated_Source\PSoC4/cyfitter_cfg.c **** *   void
 121:Generated_Source\PSoC4/cyfitter_cfg.c **** *
 122:Generated_Source\PSoC4/cyfitter_cfg.c **** *******************************************************************************/
 123:Generated_Source\PSoC4/cyfitter_cfg.c **** CY_CFG_UNUSED
 124:Generated_Source\PSoC4/cyfitter_cfg.c **** static void CyClockStartupError(uint8 errorCode);
 125:Generated_Source\PSoC4/cyfitter_cfg.c **** CY_CFG_UNUSED
 126:Generated_Source\PSoC4/cyfitter_cfg.c **** static void CyClockStartupError(uint8 errorCode)
 127:Generated_Source\PSoC4/cyfitter_cfg.c **** {
 128:Generated_Source\PSoC4/cyfitter_cfg.c ****     /* To remove the compiler warning if errorCode not used.                */
 129:Generated_Source\PSoC4/cyfitter_cfg.c ****     errorCode = errorCode;
 130:Generated_Source\PSoC4/cyfitter_cfg.c **** 
 131:Generated_Source\PSoC4/cyfitter_cfg.c ****     /* If we have a clock startup error (bad MHz crystal, PLL lock, etc.),  */
 132:Generated_Source\PSoC4/cyfitter_cfg.c ****     /* we will end up here to allow the customer to implement something to  */
 133:Generated_Source\PSoC4/cyfitter_cfg.c ****     /* deal with the clock condition.                                       */
 134:Generated_Source\PSoC4/cyfitter_cfg.c **** 
 135:Generated_Source\PSoC4/cyfitter_cfg.c **** #ifdef CY_CFG_CLOCK_STARTUP_ERROR_CALLBACK
 136:Generated_Source\PSoC4/cyfitter_cfg.c ****     CY_CFG_Clock_Startup_ErrorCallback();
 137:Generated_Source\PSoC4/cyfitter_cfg.c **** #else
 138:Generated_Source\PSoC4/cyfitter_cfg.c ****     /*  If not using CY_CFG_CLOCK_STARTUP_ERROR_CALLBACK, place your clock startup code here. */
 139:Generated_Source\PSoC4/cyfitter_cfg.c ****     /* `#START CyClockStartupError` */
 140:Generated_Source\PSoC4/cyfitter_cfg.c **** 
 141:Generated_Source\PSoC4/cyfitter_cfg.c **** 
 142:Generated_Source\PSoC4/cyfitter_cfg.c **** 
 143:Generated_Source\PSoC4/cyfitter_cfg.c ****     /* `#END` */
 144:Generated_Source\PSoC4/cyfitter_cfg.c **** 
 145:Generated_Source\PSoC4/cyfitter_cfg.c ****     while(1) {}
 146:Generated_Source\PSoC4/cyfitter_cfg.c **** #endif /* CY_CFG_CLOCK_STARTUP_ERROR_CALLBACK */
 147:Generated_Source\PSoC4/cyfitter_cfg.c **** }
 148:Generated_Source\PSoC4/cyfitter_cfg.c **** #endif
 149:Generated_Source\PSoC4/cyfitter_cfg.c **** 
 150:Generated_Source\PSoC4/cyfitter_cfg.c **** 
 151:Generated_Source\PSoC4/cyfitter_cfg.c **** 
 152:Generated_Source\PSoC4/cyfitter_cfg.c **** /*******************************************************************************
 153:Generated_Source\PSoC4/cyfitter_cfg.c **** * Function Name: ClockSetup
 154:Generated_Source\PSoC4/cyfitter_cfg.c **** ********************************************************************************
 155:Generated_Source\PSoC4/cyfitter_cfg.c **** *
 156:Generated_Source\PSoC4/cyfitter_cfg.c **** * Summary:
 157:Generated_Source\PSoC4/cyfitter_cfg.c **** *   Performs the initialization of all of the clocks in the device based on the
 158:Generated_Source\PSoC4/cyfitter_cfg.c **** *   settings in the Clock tab of the DWR.  This includes enabling the requested
 159:Generated_Source\PSoC4/cyfitter_cfg.c **** *   clocks and setting the necessary dividers to produce the desired frequency. 
 160:Generated_Source\PSoC4/cyfitter_cfg.c **** *
 161:Generated_Source\PSoC4/cyfitter_cfg.c **** * Parameters:
 162:Generated_Source\PSoC4/cyfitter_cfg.c **** *   void
 163:Generated_Source\PSoC4/cyfitter_cfg.c **** *
 164:Generated_Source\PSoC4/cyfitter_cfg.c **** * Return:
 165:Generated_Source\PSoC4/cyfitter_cfg.c **** *   void
 166:Generated_Source\PSoC4/cyfitter_cfg.c **** *
 167:Generated_Source\PSoC4/cyfitter_cfg.c **** *******************************************************************************/
 168:Generated_Source\PSoC4/cyfitter_cfg.c **** static void ClockSetup(void);
 169:Generated_Source\PSoC4/cyfitter_cfg.c **** CY_CFG_SECTION
 170:Generated_Source\PSoC4/cyfitter_cfg.c **** static void ClockSetup(void)
 171:Generated_Source\PSoC4/cyfitter_cfg.c **** {
  55              		.loc 1 171 0
  56              		.cfi_startproc
  57              		@ args = 0, pretend = 0, frame = 0
ARM GAS  C:\Users\Zeynep\AppData\Local\Temp\cc7Cm1Qw.s 			page 5


  58              		@ frame_needed = 0, uses_anonymous_args = 0
  59 0000 70B5     		push	{r4, r5, r6, lr}
  60              		.cfi_def_cfa_offset 16
  61              		.cfi_offset 4, -16
  62              		.cfi_offset 5, -12
  63              		.cfi_offset 6, -8
  64              		.cfi_offset 14, -4
 172:Generated_Source\PSoC4/cyfitter_cfg.c **** 	/* Enable HALF_EN before trimming for the flash accelerator. */
 173:Generated_Source\PSoC4/cyfitter_cfg.c **** 	CY_SET_REG32((void CYXDATA *)(CYREG_CLK_SELECT), (CY_GET_REG32((void *)CYREG_CLK_SELECT) | 0x00040
  65              		.loc 1 173 0
  66 0002 0F4C     		ldr	r4, .L3
  67 0004 2368     		ldr	r3, [r4]
  68 0006 8022     		movs	r2, #128
  69 0008 D202     		lsls	r2, r2, #11
  70 000a 1343     		orrs	r3, r2
  71 000c 2360     		str	r3, [r4]
 174:Generated_Source\PSoC4/cyfitter_cfg.c **** 
 175:Generated_Source\PSoC4/cyfitter_cfg.c **** 	/* Setup and trim IMO based on desired frequency. */
 176:Generated_Source\PSoC4/cyfitter_cfg.c **** 	CySysClkWriteImoFreq(24u);
  72              		.loc 1 176 0
  73 000e 1820     		movs	r0, #24
  74 0010 FFF7FEFF 		bl	CySysClkWriteImoFreq
  75              	.LVL3:
 177:Generated_Source\PSoC4/cyfitter_cfg.c **** 
 178:Generated_Source\PSoC4/cyfitter_cfg.c **** 	/* Disable HALF_EN since it is not required at this IMO frequency. */
 179:Generated_Source\PSoC4/cyfitter_cfg.c **** 	CY_SET_REG32((void CYXDATA *)(CYREG_CLK_SELECT), (CY_GET_REG32((void *)CYREG_CLK_SELECT) & 0xFFFBF
  76              		.loc 1 179 0
  77 0014 2268     		ldr	r2, [r4]
  78 0016 0B4B     		ldr	r3, .L3+4
  79 0018 1340     		ands	r3, r2
  80 001a 2360     		str	r3, [r4]
 180:Generated_Source\PSoC4/cyfitter_cfg.c **** 	/* CYDEV_CLK_ILO_CONFIG Starting address: CYDEV_CLK_ILO_CONFIG */
 181:Generated_Source\PSoC4/cyfitter_cfg.c **** 	CY_SET_REG32((void *)(CYREG_CLK_ILO_CONFIG), 0x80000006u);
  81              		.loc 1 181 0
  82 001c 0A4A     		ldr	r2, .L3+8
  83 001e 0B4B     		ldr	r3, .L3+12
  84 0020 1A60     		str	r2, [r3]
 182:Generated_Source\PSoC4/cyfitter_cfg.c **** 
 183:Generated_Source\PSoC4/cyfitter_cfg.c **** 
 184:Generated_Source\PSoC4/cyfitter_cfg.c **** 	/* CYDEV_CLK_IMO_CONFIG Starting address: CYDEV_CLK_IMO_CONFIG */
 185:Generated_Source\PSoC4/cyfitter_cfg.c **** 	CY_SET_REG32((void *)(CYREG_CLK_IMO_CONFIG), 0x80000000u);
  85              		.loc 1 185 0
  86 0022 063A     		subs	r2, r2, #6
  87 0024 0A4B     		ldr	r3, .L3+16
  88 0026 1A60     		str	r2, [r3]
 186:Generated_Source\PSoC4/cyfitter_cfg.c **** 
 187:Generated_Source\PSoC4/cyfitter_cfg.c **** 	/* CYDEV_CLK_SELECT Starting address: CYDEV_CLK_SELECT */
 188:Generated_Source\PSoC4/cyfitter_cfg.c **** 	CY_SET_REG32((void *)(CYREG_CLK_SELECT), 0x00000000u);
  89              		.loc 1 188 0
  90 0028 0025     		movs	r5, #0
  91 002a 2560     		str	r5, [r4]
 189:Generated_Source\PSoC4/cyfitter_cfg.c **** 
 190:Generated_Source\PSoC4/cyfitter_cfg.c **** 	(void)CyIntSetVector(9u, &CySysWdtIsr);
  92              		.loc 1 190 0
  93 002c 0949     		ldr	r1, .L3+20
  94 002e 0920     		movs	r0, #9
  95 0030 FFF7FEFF 		bl	CyIntSetVector
ARM GAS  C:\Users\Zeynep\AppData\Local\Temp\cc7Cm1Qw.s 			page 6


  96              	.LVL4:
 191:Generated_Source\PSoC4/cyfitter_cfg.c **** 	CyIntEnable(9u);
  97              		.loc 1 191 0
  98 0034 0920     		movs	r0, #9
  99 0036 FFF7FEFF 		bl	CyIntEnable
 100              	.LVL5:
 192:Generated_Source\PSoC4/cyfitter_cfg.c **** 	CY_SET_REG32((void *)(CYREG_WDT_CONFIG), 0x00000000u);
 101              		.loc 1 192 0
 102 003a 074B     		ldr	r3, .L3+24
 103 003c 1D60     		str	r5, [r3]
 193:Generated_Source\PSoC4/cyfitter_cfg.c **** }
 104              		.loc 1 193 0
 105              		@ sp needed
 106 003e 70BD     		pop	{r4, r5, r6, pc}
 107              	.L4:
 108              		.align	2
 109              	.L3:
 110 0040 00010B40 		.word	1074462976
 111 0044 FFFFFBFF 		.word	-262145
 112 0048 06000080 		.word	-2147483642
 113 004c 04010B40 		.word	1074462980
 114 0050 08010B40 		.word	1074462984
 115 0054 00000000 		.word	CySysWdtIsr
 116 0058 0C020B40 		.word	1074463244
 117              		.cfi_endproc
 118              	.LFE3:
 119              		.size	ClockSetup, .-ClockSetup
 120              		.align	2
 121              		.global	cyfitter_cfg
 122              		.code	16
 123              		.thumb_func
 124              		.type	cyfitter_cfg, %function
 125              	cyfitter_cfg:
 126              	.LFB5:
 194:Generated_Source\PSoC4/cyfitter_cfg.c **** 
 195:Generated_Source\PSoC4/cyfitter_cfg.c **** 
 196:Generated_Source\PSoC4/cyfitter_cfg.c **** /* Analog API Functions */
 197:Generated_Source\PSoC4/cyfitter_cfg.c **** 
 198:Generated_Source\PSoC4/cyfitter_cfg.c **** 
 199:Generated_Source\PSoC4/cyfitter_cfg.c **** /*******************************************************************************
 200:Generated_Source\PSoC4/cyfitter_cfg.c **** * Function Name: AnalogSetDefault
 201:Generated_Source\PSoC4/cyfitter_cfg.c **** ********************************************************************************
 202:Generated_Source\PSoC4/cyfitter_cfg.c **** *
 203:Generated_Source\PSoC4/cyfitter_cfg.c **** * Summary:
 204:Generated_Source\PSoC4/cyfitter_cfg.c **** *  Sets up the analog portions of the chip to default values based on chip
 205:Generated_Source\PSoC4/cyfitter_cfg.c **** *  configuration options from the project.
 206:Generated_Source\PSoC4/cyfitter_cfg.c **** *
 207:Generated_Source\PSoC4/cyfitter_cfg.c **** * Parameters:
 208:Generated_Source\PSoC4/cyfitter_cfg.c **** *  void
 209:Generated_Source\PSoC4/cyfitter_cfg.c **** *
 210:Generated_Source\PSoC4/cyfitter_cfg.c **** * Return:
 211:Generated_Source\PSoC4/cyfitter_cfg.c **** *  void
 212:Generated_Source\PSoC4/cyfitter_cfg.c **** *
 213:Generated_Source\PSoC4/cyfitter_cfg.c **** *******************************************************************************/
 214:Generated_Source\PSoC4/cyfitter_cfg.c **** static void AnalogSetDefault(void);
 215:Generated_Source\PSoC4/cyfitter_cfg.c **** static void AnalogSetDefault(void)
 216:Generated_Source\PSoC4/cyfitter_cfg.c **** {
ARM GAS  C:\Users\Zeynep\AppData\Local\Temp\cc7Cm1Qw.s 			page 7


 217:Generated_Source\PSoC4/cyfitter_cfg.c **** }
 218:Generated_Source\PSoC4/cyfitter_cfg.c **** 
 219:Generated_Source\PSoC4/cyfitter_cfg.c **** 
 220:Generated_Source\PSoC4/cyfitter_cfg.c **** 
 221:Generated_Source\PSoC4/cyfitter_cfg.c **** 
 222:Generated_Source\PSoC4/cyfitter_cfg.c **** /*******************************************************************************
 223:Generated_Source\PSoC4/cyfitter_cfg.c **** * Function Name: cyfitter_cfg
 224:Generated_Source\PSoC4/cyfitter_cfg.c **** ********************************************************************************
 225:Generated_Source\PSoC4/cyfitter_cfg.c **** * Summary:
 226:Generated_Source\PSoC4/cyfitter_cfg.c **** *  This function is called by the start-up code for the selected device. It
 227:Generated_Source\PSoC4/cyfitter_cfg.c **** *  performs all of the necessary device configuration based on the design
 228:Generated_Source\PSoC4/cyfitter_cfg.c **** *  settings.  This includes settings from the Design Wide Resources (DWR) such
 229:Generated_Source\PSoC4/cyfitter_cfg.c **** *  as Clocks and Pins as well as any component configuration that is necessary.
 230:Generated_Source\PSoC4/cyfitter_cfg.c **** *
 231:Generated_Source\PSoC4/cyfitter_cfg.c **** * Parameters:
 232:Generated_Source\PSoC4/cyfitter_cfg.c **** *   void
 233:Generated_Source\PSoC4/cyfitter_cfg.c **** *
 234:Generated_Source\PSoC4/cyfitter_cfg.c **** * Return:
 235:Generated_Source\PSoC4/cyfitter_cfg.c **** *   void
 236:Generated_Source\PSoC4/cyfitter_cfg.c **** *
 237:Generated_Source\PSoC4/cyfitter_cfg.c **** *******************************************************************************/
 238:Generated_Source\PSoC4/cyfitter_cfg.c **** CY_CFG_SECTION
 239:Generated_Source\PSoC4/cyfitter_cfg.c **** void cyfitter_cfg(void)
 240:Generated_Source\PSoC4/cyfitter_cfg.c **** {
 127              		.loc 1 240 0
 128              		.cfi_startproc
 129              		@ args = 0, pretend = 0, frame = 0
 130              		@ frame_needed = 0, uses_anonymous_args = 0
 131 005c 10B5     		push	{r4, lr}
 132              		.cfi_def_cfa_offset 8
 133              		.cfi_offset 4, -8
 134              		.cfi_offset 14, -4
 241:Generated_Source\PSoC4/cyfitter_cfg.c **** 	/* Disable interrupts by default. Let user enable if/when they want. */
 242:Generated_Source\PSoC4/cyfitter_cfg.c **** 	CyGlobalIntDisable;
 135              		.loc 1 242 0
 136              		.syntax divided
 137              	@ 242 "Generated_Source\PSoC4\cyfitter_cfg.c" 1
 138 005e 72B6     		CPSID   i
 139              	@ 0 "" 2
 140              	.LVL6:
 141              		.thumb
 142              		.syntax unified
 143              	.LBB2:
 243:Generated_Source\PSoC4/cyfitter_cfg.c **** 
 244:Generated_Source\PSoC4/cyfitter_cfg.c **** 	{
 245:Generated_Source\PSoC4/cyfitter_cfg.c **** 
 246:Generated_Source\PSoC4/cyfitter_cfg.c **** 		CYPACKED typedef struct {
 247:Generated_Source\PSoC4/cyfitter_cfg.c **** 			void CYFAR *address;
 248:Generated_Source\PSoC4/cyfitter_cfg.c **** 			uint16 size;
 249:Generated_Source\PSoC4/cyfitter_cfg.c **** 		} CYPACKED_ATTR cfg_memset_t;
 250:Generated_Source\PSoC4/cyfitter_cfg.c **** 
 251:Generated_Source\PSoC4/cyfitter_cfg.c **** 		static const cfg_memset_t CYCODE cfg_memset_list[] = {
 252:Generated_Source\PSoC4/cyfitter_cfg.c **** 			/* address, size */
 253:Generated_Source\PSoC4/cyfitter_cfg.c **** 			{(void CYFAR *)(CYDEV_UDB_P0_U0_BASE), 1024u},
 254:Generated_Source\PSoC4/cyfitter_cfg.c **** 			{(void CYFAR *)(CYDEV_UDB_DSI0_BASE), 1024u},
 255:Generated_Source\PSoC4/cyfitter_cfg.c **** 		};
 256:Generated_Source\PSoC4/cyfitter_cfg.c **** 
ARM GAS  C:\Users\Zeynep\AppData\Local\Temp\cc7Cm1Qw.s 			page 8


 257:Generated_Source\PSoC4/cyfitter_cfg.c **** 		uint8 CYDATA i;
 258:Generated_Source\PSoC4/cyfitter_cfg.c **** 
 259:Generated_Source\PSoC4/cyfitter_cfg.c **** 		/* Zero out critical memory blocks before beginning configuration */
 260:Generated_Source\PSoC4/cyfitter_cfg.c **** 		for (i = 0u; i < (sizeof(cfg_memset_list)/sizeof(cfg_memset_list[0])); i++)
 144              		.loc 1 260 0
 145 0060 0024     		movs	r4, #0
 146 0062 0FE0     		b	.L6
 147              	.LVL7:
 148              	.L7:
 149              	.LBB3:
 261:Generated_Source\PSoC4/cyfitter_cfg.c **** 		{
 262:Generated_Source\PSoC4/cyfitter_cfg.c **** 			const cfg_memset_t CYCODE * CYDATA ms = &cfg_memset_list[i];
 263:Generated_Source\PSoC4/cyfitter_cfg.c **** 			CYMEMZERO(ms->address, (size_t)(uint32)(ms->size));
 150              		.loc 1 263 0 discriminator 3
 151 0064 1748     		ldr	r0, .L8
 152 0066 6200     		lsls	r2, r4, #1
 153 0068 1319     		adds	r3, r2, r4
 154 006a 5900     		lsls	r1, r3, #1
 155 006c 0B00     		movs	r3, r1
 156 006e 4118     		adds	r1, r0, r1
 157 0070 8988     		ldrh	r1, [r1, #4]
 158 0072 1A5A     		ldrh	r2, [r3, r0]
 159 0074 C318     		adds	r3, r0, r3
 160 0076 5888     		ldrh	r0, [r3, #2]
 161 0078 0004     		lsls	r0, r0, #16
 162 007a 1043     		orrs	r0, r2
 163 007c FFF7FEFF 		bl	CYMEMZERO
 164              	.LVL8:
 165              	.LBE3:
 260:Generated_Source\PSoC4/cyfitter_cfg.c **** 		{
 166              		.loc 1 260 0 discriminator 3
 167 0080 0134     		adds	r4, r4, #1
 168              	.LVL9:
 169 0082 E4B2     		uxtb	r4, r4
 170              	.LVL10:
 171              	.L6:
 260:Generated_Source\PSoC4/cyfitter_cfg.c **** 		{
 172              		.loc 1 260 0 is_stmt 0 discriminator 1
 173 0084 012C     		cmp	r4, #1
 174 0086 EDD9     		bls	.L7
 264:Generated_Source\PSoC4/cyfitter_cfg.c **** 		}
 265:Generated_Source\PSoC4/cyfitter_cfg.c **** 
 266:Generated_Source\PSoC4/cyfitter_cfg.c **** 		/* HSIOM Starting address: CYDEV_HSIOM_BASE */
 267:Generated_Source\PSoC4/cyfitter_cfg.c **** 		CY_SET_REG32((void *)(CYREG_HSIOM_PORT_SEL3), 0x0000EE00u);
 175              		.loc 1 267 0 is_stmt 1
 176 0088 EE22     		movs	r2, #238
 177 008a 1202     		lsls	r2, r2, #8
 178 008c 0E4B     		ldr	r3, .L8+4
 179 008e 1A60     		str	r2, [r3]
 268:Generated_Source\PSoC4/cyfitter_cfg.c **** 
 269:Generated_Source\PSoC4/cyfitter_cfg.c **** 		/* UDB_PA_1 Starting address: CYDEV_UDB_PA1_BASE */
 270:Generated_Source\PSoC4/cyfitter_cfg.c **** 		CY_SET_REG32((void *)(CYDEV_UDB_PA1_BASE), 0x00990000u);
 180              		.loc 1 270 0
 181 0090 9923     		movs	r3, #153
 182 0092 1B04     		lsls	r3, r3, #16
 183 0094 0D4A     		ldr	r2, .L8+8
 184 0096 1360     		str	r3, [r2]
ARM GAS  C:\Users\Zeynep\AppData\Local\Temp\cc7Cm1Qw.s 			page 9


 271:Generated_Source\PSoC4/cyfitter_cfg.c **** 
 272:Generated_Source\PSoC4/cyfitter_cfg.c **** 		/* UDB_PA_2 Starting address: CYDEV_UDB_PA2_BASE */
 273:Generated_Source\PSoC4/cyfitter_cfg.c **** 		CY_SET_REG32((void *)(CYDEV_UDB_PA2_BASE), 0x00990000u);
 185              		.loc 1 273 0
 186 0098 0D4A     		ldr	r2, .L8+12
 187 009a 1360     		str	r3, [r2]
 274:Generated_Source\PSoC4/cyfitter_cfg.c **** 
 275:Generated_Source\PSoC4/cyfitter_cfg.c **** 		/* UDB_PA_3 Starting address: CYDEV_UDB_PA3_BASE */
 276:Generated_Source\PSoC4/cyfitter_cfg.c **** 		CY_SET_REG32((void *)(CYDEV_UDB_PA3_BASE), 0x00990000u);
 188              		.loc 1 276 0
 189 009c 0D4A     		ldr	r2, .L8+16
 190 009e 1360     		str	r3, [r2]
 277:Generated_Source\PSoC4/cyfitter_cfg.c **** 
 278:Generated_Source\PSoC4/cyfitter_cfg.c **** 		/* Enable digital routing */
 279:Generated_Source\PSoC4/cyfitter_cfg.c **** 		CY_SET_XTND_REG8((void *)CYREG_UDB_UDBIF_BANK_CTL, (uint8)(CY_GET_XTND_REG8((void *)CYREG_UDB_UDB
 191              		.loc 1 279 0
 192 00a0 0D4A     		ldr	r2, .L8+20
 193 00a2 1178     		ldrb	r1, [r2]
 194 00a4 0623     		movs	r3, #6
 195 00a6 0B43     		orrs	r3, r1
 196 00a8 DBB2     		uxtb	r3, r3
 197 00aa 1370     		strb	r3, [r2]
 198              	.LBE2:
 280:Generated_Source\PSoC4/cyfitter_cfg.c **** 	}
 281:Generated_Source\PSoC4/cyfitter_cfg.c **** 
 282:Generated_Source\PSoC4/cyfitter_cfg.c **** 	/* Perform second pass device configuration. These items must be configured in specific order afte
 283:Generated_Source\PSoC4/cyfitter_cfg.c **** 	/* IOPINS0_1 Starting address: CYDEV_PRT1_BASE */
 284:Generated_Source\PSoC4/cyfitter_cfg.c **** 	CY_SET_REG32((void *)(CYREG_PRT1_PC), 0x00DB6DB6u);
 199              		.loc 1 284 0
 200 00ac 0B4B     		ldr	r3, .L8+24
 201 00ae 0C4A     		ldr	r2, .L8+28
 202 00b0 1360     		str	r3, [r2]
 285:Generated_Source\PSoC4/cyfitter_cfg.c **** 
 286:Generated_Source\PSoC4/cyfitter_cfg.c **** 	/* IOPINS0_2 Starting address: CYDEV_PRT2_BASE */
 287:Generated_Source\PSoC4/cyfitter_cfg.c **** 	CY_SET_REG32((void *)(CYREG_PRT2_PC), 0x00DB6DB6u);
 203              		.loc 1 287 0
 204 00b2 0C4A     		ldr	r2, .L8+32
 205 00b4 1360     		str	r3, [r2]
 288:Generated_Source\PSoC4/cyfitter_cfg.c **** 
 289:Generated_Source\PSoC4/cyfitter_cfg.c **** 	/* IOPINS0_3 Starting address: CYDEV_PRT3_BASE */
 290:Generated_Source\PSoC4/cyfitter_cfg.c **** 	CY_SET_REG32((void *)(CYREG_PRT3_PC), 0x00000D80u);
 206              		.loc 1 290 0
 207 00b6 D822     		movs	r2, #216
 208 00b8 1201     		lsls	r2, r2, #4
 209 00ba 0B4B     		ldr	r3, .L8+36
 210 00bc 1A60     		str	r2, [r3]
 291:Generated_Source\PSoC4/cyfitter_cfg.c **** 
 292:Generated_Source\PSoC4/cyfitter_cfg.c **** 
 293:Generated_Source\PSoC4/cyfitter_cfg.c **** 	/* Setup clocks based on selections from Clock DWR */
 294:Generated_Source\PSoC4/cyfitter_cfg.c **** 	ClockSetup();
 211              		.loc 1 294 0
 212 00be FFF79FFF 		bl	ClockSetup
 213              	.LVL11:
 295:Generated_Source\PSoC4/cyfitter_cfg.c **** 
 296:Generated_Source\PSoC4/cyfitter_cfg.c **** 	/* Perform basic analog initialization to defaults */
 297:Generated_Source\PSoC4/cyfitter_cfg.c **** 	AnalogSetDefault();
 298:Generated_Source\PSoC4/cyfitter_cfg.c **** 
ARM GAS  C:\Users\Zeynep\AppData\Local\Temp\cc7Cm1Qw.s 			page 10


 299:Generated_Source\PSoC4/cyfitter_cfg.c **** }
 214              		.loc 1 299 0
 215              		@ sp needed
 216              	.LVL12:
 217 00c2 10BD     		pop	{r4, pc}
 218              	.L9:
 219              		.align	2
 220              	.L8:
 221 00c4 00000000 		.word	.LANCHOR0
 222 00c8 0C000140 		.word	1073807372
 223 00cc 10500F40 		.word	1074745360
 224 00d0 20500F40 		.word	1074745376
 225 00d4 30500F40 		.word	1074745392
 226 00d8 00700F40 		.word	1074753536
 227 00dc B66DDB00 		.word	14380470
 228 00e0 08010440 		.word	1074004232
 229 00e4 08020440 		.word	1074004488
 230 00e8 08030440 		.word	1074004744
 231              		.cfi_endproc
 232              	.LFE5:
 233              		.size	cyfitter_cfg, .-cyfitter_cfg
 234              		.section	.rodata
 235              		.align	2
 236              		.set	.LANCHOR0,. + 0
 237              		.type	cfg_memset_list.4847, %object
 238              		.size	cfg_memset_list.4847, 12
 239              	cfg_memset_list.4847:
 240 0000 00300F40 		.word	1074737152
 241 0004 0004     		.short	1024
 242 0006 00400F40 		.4byte	1074741248
 243 000a 0004     		.short	1024
 244              		.text
 245              	.Letext0:
 246              		.file 2 "d:\\psoc creator\\4.4\\psoc creator\\import\\gnu\\arm\\5.4.1\\lib\\gcc\\arm-none-eabi\\5.
 247              		.file 3 "Generated_Source\\PSoC4\\cytypes.h"
 248              		.file 4 "Generated_Source\\PSoC4\\CyLib.h"
 249              		.section	.debug_info,"",%progbits
 250              	.Ldebug_info0:
 251 0000 74020000 		.4byte	0x274
 252 0004 0400     		.2byte	0x4
 253 0006 00000000 		.4byte	.Ldebug_abbrev0
 254 000a 04       		.byte	0x4
 255 000b 01       		.uleb128 0x1
 256 000c 21010000 		.4byte	.LASF29
 257 0010 0C       		.byte	0xc
 258 0011 18020000 		.4byte	.LASF30
 259 0015 98000000 		.4byte	.LASF31
 260 0019 00000000 		.4byte	.Ldebug_ranges0+0
 261 001d 00000000 		.4byte	0
 262 0021 00000000 		.4byte	.Ldebug_line0
 263 0025 02       		.uleb128 0x2
 264 0026 04       		.byte	0x4
 265 0027 05       		.byte	0x5
 266 0028 696E7400 		.ascii	"int\000"
 267 002c 03       		.uleb128 0x3
 268 002d 06000000 		.4byte	.LASF12
 269 0031 02       		.byte	0x2
ARM GAS  C:\Users\Zeynep\AppData\Local\Temp\cc7Cm1Qw.s 			page 11


 270 0032 D8       		.byte	0xd8
 271 0033 37000000 		.4byte	0x37
 272 0037 04       		.uleb128 0x4
 273 0038 04       		.byte	0x4
 274 0039 07       		.byte	0x7
 275 003a E8000000 		.4byte	.LASF0
 276 003e 04       		.uleb128 0x4
 277 003f 08       		.byte	0x8
 278 0040 05       		.byte	0x5
 279 0041 C5010000 		.4byte	.LASF1
 280 0045 04       		.uleb128 0x4
 281 0046 08       		.byte	0x8
 282 0047 04       		.byte	0x4
 283 0048 00020000 		.4byte	.LASF2
 284 004c 04       		.uleb128 0x4
 285 004d 01       		.byte	0x1
 286 004e 06       		.byte	0x6
 287 004f 0C020000 		.4byte	.LASF3
 288 0053 04       		.uleb128 0x4
 289 0054 01       		.byte	0x1
 290 0055 08       		.byte	0x8
 291 0056 7C000000 		.4byte	.LASF4
 292 005a 04       		.uleb128 0x4
 293 005b 02       		.byte	0x2
 294 005c 05       		.byte	0x5
 295 005d D8010000 		.4byte	.LASF5
 296 0061 04       		.uleb128 0x4
 297 0062 02       		.byte	0x2
 298 0063 07       		.byte	0x7
 299 0064 37000000 		.4byte	.LASF6
 300 0068 04       		.uleb128 0x4
 301 0069 04       		.byte	0x4
 302 006a 05       		.byte	0x5
 303 006b F7010000 		.4byte	.LASF7
 304 006f 04       		.uleb128 0x4
 305 0070 04       		.byte	0x4
 306 0071 07       		.byte	0x7
 307 0072 5A000000 		.4byte	.LASF8
 308 0076 04       		.uleb128 0x4
 309 0077 08       		.byte	0x8
 310 0078 07       		.byte	0x7
 311 0079 0A010000 		.4byte	.LASF9
 312 007d 04       		.uleb128 0x4
 313 007e 04       		.byte	0x4
 314 007f 07       		.byte	0x7
 315 0080 BC010000 		.4byte	.LASF10
 316 0084 05       		.uleb128 0x5
 317 0085 04       		.byte	0x4
 318 0086 04       		.uleb128 0x4
 319 0087 01       		.byte	0x1
 320 0088 08       		.byte	0x8
 321 0089 D3010000 		.4byte	.LASF11
 322 008d 06       		.uleb128 0x6
 323 008e 6C000000 		.4byte	.LASF13
 324 0092 03       		.byte	0x3
 325 0093 FB01     		.2byte	0x1fb
 326 0095 53000000 		.4byte	0x53
ARM GAS  C:\Users\Zeynep\AppData\Local\Temp\cc7Cm1Qw.s 			page 12


 327 0099 06       		.uleb128 0x6
 328 009a DA000000 		.4byte	.LASF14
 329 009e 03       		.byte	0x3
 330 009f FC01     		.2byte	0x1fc
 331 00a1 61000000 		.4byte	0x61
 332 00a5 06       		.uleb128 0x6
 333 00a6 E1000000 		.4byte	.LASF15
 334 00aa 03       		.byte	0x3
 335 00ab FD01     		.2byte	0x1fd
 336 00ad 6F000000 		.4byte	0x6f
 337 00b1 04       		.uleb128 0x4
 338 00b2 04       		.byte	0x4
 339 00b3 04       		.byte	0x4
 340 00b4 4A000000 		.4byte	.LASF16
 341 00b8 04       		.uleb128 0x4
 342 00b9 08       		.byte	0x8
 343 00ba 04       		.byte	0x4
 344 00bb 91000000 		.4byte	.LASF17
 345 00bf 06       		.uleb128 0x6
 346 00c0 55000000 		.4byte	.LASF18
 347 00c4 03       		.byte	0x3
 348 00c5 A502     		.2byte	0x2a5
 349 00c7 CB000000 		.4byte	0xcb
 350 00cb 07       		.uleb128 0x7
 351 00cc 8D000000 		.4byte	0x8d
 352 00d0 06       		.uleb128 0x6
 353 00d1 00000000 		.4byte	.LASF19
 354 00d5 03       		.byte	0x3
 355 00d6 A702     		.2byte	0x2a7
 356 00d8 DC000000 		.4byte	0xdc
 357 00dc 07       		.uleb128 0x7
 358 00dd A5000000 		.4byte	0xa5
 359 00e1 08       		.uleb128 0x8
 360 00e2 72000000 		.4byte	.LASF20
 361 00e6 01       		.byte	0x1
 362 00e7 4C       		.byte	0x4c
 363 00e8 00000000 		.4byte	.LFB0
 364 00ec 0C000000 		.4byte	.LFE0-.LFB0
 365 00f0 01       		.uleb128 0x1
 366 00f1 9C       		.byte	0x9c
 367 00f2 2E010000 		.4byte	0x12e
 368 00f6 09       		.uleb128 0x9
 369 00f7 7300     		.ascii	"s\000"
 370 00f9 01       		.byte	0x1
 371 00fa 4C       		.byte	0x4c
 372 00fb 84000000 		.4byte	0x84
 373 00ff 00000000 		.4byte	.LLST0
 374 0103 09       		.uleb128 0x9
 375 0104 6E00     		.ascii	"n\000"
 376 0106 01       		.byte	0x1
 377 0107 4C       		.byte	0x4c
 378 0108 2C000000 		.4byte	0x2c
 379 010c 21000000 		.4byte	.LLST1
 380 0110 0A       		.uleb128 0xa
 381 0111 0A000000 		.4byte	.LVL2
 382 0115 4D020000 		.4byte	0x24d
 383 0119 0B       		.uleb128 0xb
ARM GAS  C:\Users\Zeynep\AppData\Local\Temp\cc7Cm1Qw.s 			page 13


 384 011a 01       		.uleb128 0x1
 385 011b 50       		.byte	0x50
 386 011c 03       		.uleb128 0x3
 387 011d F3       		.byte	0xf3
 388 011e 01       		.uleb128 0x1
 389 011f 50       		.byte	0x50
 390 0120 0B       		.uleb128 0xb
 391 0121 01       		.uleb128 0x1
 392 0122 51       		.byte	0x51
 393 0123 01       		.uleb128 0x1
 394 0124 30       		.byte	0x30
 395 0125 0B       		.uleb128 0xb
 396 0126 01       		.uleb128 0x1
 397 0127 52       		.byte	0x52
 398 0128 03       		.uleb128 0x3
 399 0129 F3       		.byte	0xf3
 400 012a 01       		.uleb128 0x1
 401 012b 51       		.byte	0x51
 402 012c 00       		.byte	0
 403 012d 00       		.byte	0
 404 012e 08       		.uleb128 0x8
 405 012f 2C000000 		.4byte	.LASF21
 406 0133 01       		.byte	0x1
 407 0134 AA       		.byte	0xaa
 408 0135 00000000 		.4byte	.LFB3
 409 0139 5C000000 		.4byte	.LFE3-.LFB3
 410 013d 01       		.uleb128 0x1
 411 013e 9C       		.byte	0x9c
 412 013f 79010000 		.4byte	0x179
 413 0143 0C       		.uleb128 0xc
 414 0144 14000000 		.4byte	.LVL3
 415 0148 56020000 		.4byte	0x256
 416 014c 56010000 		.4byte	0x156
 417 0150 0B       		.uleb128 0xb
 418 0151 01       		.uleb128 0x1
 419 0152 50       		.byte	0x50
 420 0153 01       		.uleb128 0x1
 421 0154 48       		.byte	0x48
 422 0155 00       		.byte	0
 423 0156 0C       		.uleb128 0xc
 424 0157 34000000 		.4byte	.LVL4
 425 015b 61020000 		.4byte	0x261
 426 015f 69010000 		.4byte	0x169
 427 0163 0B       		.uleb128 0xb
 428 0164 01       		.uleb128 0x1
 429 0165 50       		.byte	0x50
 430 0166 01       		.uleb128 0x1
 431 0167 39       		.byte	0x39
 432 0168 00       		.byte	0
 433 0169 0A       		.uleb128 0xa
 434 016a 3A000000 		.4byte	.LVL5
 435 016e 6C020000 		.4byte	0x26c
 436 0172 0B       		.uleb128 0xb
 437 0173 01       		.uleb128 0x1
 438 0174 50       		.byte	0x50
 439 0175 01       		.uleb128 0x1
 440 0176 39       		.byte	0x39
ARM GAS  C:\Users\Zeynep\AppData\Local\Temp\cc7Cm1Qw.s 			page 14


 441 0177 00       		.byte	0
 442 0178 00       		.byte	0
 443 0179 0D       		.uleb128 0xd
 444 017a F5000000 		.4byte	.LASF32
 445 017e 01       		.byte	0x1
 446 017f EF       		.byte	0xef
 447 0180 5C000000 		.4byte	.LFB5
 448 0184 90000000 		.4byte	.LFE5-.LFB5
 449 0188 01       		.uleb128 0x1
 450 0189 9C       		.byte	0x9c
 451 018a 4D020000 		.4byte	0x24d
 452 018e 0E       		.uleb128 0xe
 453 018f 60000000 		.4byte	.LBB2
 454 0193 4C000000 		.4byte	.LBE2-.LBB2
 455 0197 43020000 		.4byte	0x243
 456 019b 0F       		.uleb128 0xf
 457 019c 06       		.byte	0x6
 458 019d 01       		.byte	0x1
 459 019e F6       		.byte	0xf6
 460 019f BC010000 		.4byte	0x1bc
 461 01a3 10       		.uleb128 0x10
 462 01a4 02010000 		.4byte	.LASF22
 463 01a8 01       		.byte	0x1
 464 01a9 F7       		.byte	0xf7
 465 01aa 84000000 		.4byte	0x84
 466 01ae 00       		.byte	0
 467 01af 10       		.uleb128 0x10
 468 01b0 50000000 		.4byte	.LASF23
 469 01b4 01       		.byte	0x1
 470 01b5 F8       		.byte	0xf8
 471 01b6 99000000 		.4byte	0x99
 472 01ba 04       		.byte	0x4
 473 01bb 00       		.byte	0
 474 01bc 03       		.uleb128 0x3
 475 01bd AF010000 		.4byte	.LASF24
 476 01c1 01       		.byte	0x1
 477 01c2 F9       		.byte	0xf9
 478 01c3 9B010000 		.4byte	0x19b
 479 01c7 11       		.uleb128 0x11
 480 01c8 D7010000 		.4byte	0x1d7
 481 01cc D7010000 		.4byte	0x1d7
 482 01d0 12       		.uleb128 0x12
 483 01d1 7D000000 		.4byte	0x7d
 484 01d5 01       		.byte	0x1
 485 01d6 00       		.byte	0
 486 01d7 13       		.uleb128 0x13
 487 01d8 BC010000 		.4byte	0x1bc
 488 01dc 14       		.uleb128 0x14
 489 01dd 1C000000 		.4byte	.LASF25
 490 01e1 01       		.byte	0x1
 491 01e2 FB       		.byte	0xfb
 492 01e3 ED010000 		.4byte	0x1ed
 493 01e7 05       		.uleb128 0x5
 494 01e8 03       		.byte	0x3
 495 01e9 00000000 		.4byte	cfg_memset_list.4847
 496 01ed 13       		.uleb128 0x13
 497 01ee C7010000 		.4byte	0x1c7
ARM GAS  C:\Users\Zeynep\AppData\Local\Temp\cc7Cm1Qw.s 			page 15


 498 01f2 15       		.uleb128 0x15
 499 01f3 6900     		.ascii	"i\000"
 500 01f5 01       		.byte	0x1
 501 01f6 0101     		.2byte	0x101
 502 01f8 8D000000 		.4byte	0x8d
 503 01fc 4D000000 		.4byte	.LLST2
 504 0200 16       		.uleb128 0x16
 505 0201 64000000 		.4byte	.LBB3
 506 0205 1C000000 		.4byte	.LBE3-.LBB3
 507 0209 15       		.uleb128 0x15
 508 020a 6D7300   		.ascii	"ms\000"
 509 020d 01       		.byte	0x1
 510 020e 0601     		.2byte	0x106
 511 0210 18020000 		.4byte	0x218
 512 0214 77000000 		.4byte	.LLST3
 513 0218 17       		.uleb128 0x17
 514 0219 04       		.byte	0x4
 515 021a D7010000 		.4byte	0x1d7
 516 021e 0A       		.uleb128 0xa
 517 021f 80000000 		.4byte	.LVL8
 518 0223 E1000000 		.4byte	0xe1
 519 0227 0B       		.uleb128 0xb
 520 0228 01       		.uleb128 0x1
 521 0229 51       		.byte	0x51
 522 022a 15       		.uleb128 0x15
 523 022b 74       		.byte	0x74
 524 022c 00       		.sleb128 0
 525 022d 31       		.byte	0x31
 526 022e 24       		.byte	0x24
 527 022f 74       		.byte	0x74
 528 0230 00       		.sleb128 0
 529 0231 22       		.byte	0x22
 530 0232 31       		.byte	0x31
 531 0233 24       		.byte	0x24
 532 0234 03       		.byte	0x3
 533 0235 04000000 		.4byte	.LANCHOR0+4
 534 0239 22       		.byte	0x22
 535 023a 94       		.byte	0x94
 536 023b 02       		.byte	0x2
 537 023c 0A       		.byte	0xa
 538 023d FFFF     		.2byte	0xffff
 539 023f 1A       		.byte	0x1a
 540 0240 00       		.byte	0
 541 0241 00       		.byte	0
 542 0242 00       		.byte	0
 543 0243 18       		.uleb128 0x18
 544 0244 C2000000 		.4byte	.LVL11
 545 0248 2E010000 		.4byte	0x12e
 546 024c 00       		.byte	0
 547 024d 19       		.uleb128 0x19
 548 024e 8A000000 		.4byte	.LASF33
 549 0252 8A000000 		.4byte	.LASF33
 550 0256 1A       		.uleb128 0x1a
 551 0257 E2010000 		.4byte	.LASF26
 552 025b E2010000 		.4byte	.LASF26
 553 025f 04       		.byte	0x4
 554 0260 6C       		.byte	0x6c
ARM GAS  C:\Users\Zeynep\AppData\Local\Temp\cc7Cm1Qw.s 			page 16


 555 0261 1A       		.uleb128 0x1a
 556 0262 0D000000 		.4byte	.LASF27
 557 0266 0D000000 		.4byte	.LASF27
 558 026a 04       		.byte	0x4
 559 026b D0       		.byte	0xd0
 560 026c 1A       		.uleb128 0x1a
 561 026d CE000000 		.4byte	.LASF28
 562 0271 CE000000 		.4byte	.LASF28
 563 0275 04       		.byte	0x4
 564 0276 D6       		.byte	0xd6
 565 0277 00       		.byte	0
 566              		.section	.debug_abbrev,"",%progbits
 567              	.Ldebug_abbrev0:
 568 0000 01       		.uleb128 0x1
 569 0001 11       		.uleb128 0x11
 570 0002 01       		.byte	0x1
 571 0003 25       		.uleb128 0x25
 572 0004 0E       		.uleb128 0xe
 573 0005 13       		.uleb128 0x13
 574 0006 0B       		.uleb128 0xb
 575 0007 03       		.uleb128 0x3
 576 0008 0E       		.uleb128 0xe
 577 0009 1B       		.uleb128 0x1b
 578 000a 0E       		.uleb128 0xe
 579 000b 55       		.uleb128 0x55
 580 000c 17       		.uleb128 0x17
 581 000d 11       		.uleb128 0x11
 582 000e 01       		.uleb128 0x1
 583 000f 10       		.uleb128 0x10
 584 0010 17       		.uleb128 0x17
 585 0011 00       		.byte	0
 586 0012 00       		.byte	0
 587 0013 02       		.uleb128 0x2
 588 0014 24       		.uleb128 0x24
 589 0015 00       		.byte	0
 590 0016 0B       		.uleb128 0xb
 591 0017 0B       		.uleb128 0xb
 592 0018 3E       		.uleb128 0x3e
 593 0019 0B       		.uleb128 0xb
 594 001a 03       		.uleb128 0x3
 595 001b 08       		.uleb128 0x8
 596 001c 00       		.byte	0
 597 001d 00       		.byte	0
 598 001e 03       		.uleb128 0x3
 599 001f 16       		.uleb128 0x16
 600 0020 00       		.byte	0
 601 0021 03       		.uleb128 0x3
 602 0022 0E       		.uleb128 0xe
 603 0023 3A       		.uleb128 0x3a
 604 0024 0B       		.uleb128 0xb
 605 0025 3B       		.uleb128 0x3b
 606 0026 0B       		.uleb128 0xb
 607 0027 49       		.uleb128 0x49
 608 0028 13       		.uleb128 0x13
 609 0029 00       		.byte	0
 610 002a 00       		.byte	0
 611 002b 04       		.uleb128 0x4
ARM GAS  C:\Users\Zeynep\AppData\Local\Temp\cc7Cm1Qw.s 			page 17


 612 002c 24       		.uleb128 0x24
 613 002d 00       		.byte	0
 614 002e 0B       		.uleb128 0xb
 615 002f 0B       		.uleb128 0xb
 616 0030 3E       		.uleb128 0x3e
 617 0031 0B       		.uleb128 0xb
 618 0032 03       		.uleb128 0x3
 619 0033 0E       		.uleb128 0xe
 620 0034 00       		.byte	0
 621 0035 00       		.byte	0
 622 0036 05       		.uleb128 0x5
 623 0037 0F       		.uleb128 0xf
 624 0038 00       		.byte	0
 625 0039 0B       		.uleb128 0xb
 626 003a 0B       		.uleb128 0xb
 627 003b 00       		.byte	0
 628 003c 00       		.byte	0
 629 003d 06       		.uleb128 0x6
 630 003e 16       		.uleb128 0x16
 631 003f 00       		.byte	0
 632 0040 03       		.uleb128 0x3
 633 0041 0E       		.uleb128 0xe
 634 0042 3A       		.uleb128 0x3a
 635 0043 0B       		.uleb128 0xb
 636 0044 3B       		.uleb128 0x3b
 637 0045 05       		.uleb128 0x5
 638 0046 49       		.uleb128 0x49
 639 0047 13       		.uleb128 0x13
 640 0048 00       		.byte	0
 641 0049 00       		.byte	0
 642 004a 07       		.uleb128 0x7
 643 004b 35       		.uleb128 0x35
 644 004c 00       		.byte	0
 645 004d 49       		.uleb128 0x49
 646 004e 13       		.uleb128 0x13
 647 004f 00       		.byte	0
 648 0050 00       		.byte	0
 649 0051 08       		.uleb128 0x8
 650 0052 2E       		.uleb128 0x2e
 651 0053 01       		.byte	0x1
 652 0054 03       		.uleb128 0x3
 653 0055 0E       		.uleb128 0xe
 654 0056 3A       		.uleb128 0x3a
 655 0057 0B       		.uleb128 0xb
 656 0058 3B       		.uleb128 0x3b
 657 0059 0B       		.uleb128 0xb
 658 005a 27       		.uleb128 0x27
 659 005b 19       		.uleb128 0x19
 660 005c 11       		.uleb128 0x11
 661 005d 01       		.uleb128 0x1
 662 005e 12       		.uleb128 0x12
 663 005f 06       		.uleb128 0x6
 664 0060 40       		.uleb128 0x40
 665 0061 18       		.uleb128 0x18
 666 0062 9742     		.uleb128 0x2117
 667 0064 19       		.uleb128 0x19
 668 0065 01       		.uleb128 0x1
ARM GAS  C:\Users\Zeynep\AppData\Local\Temp\cc7Cm1Qw.s 			page 18


 669 0066 13       		.uleb128 0x13
 670 0067 00       		.byte	0
 671 0068 00       		.byte	0
 672 0069 09       		.uleb128 0x9
 673 006a 05       		.uleb128 0x5
 674 006b 00       		.byte	0
 675 006c 03       		.uleb128 0x3
 676 006d 08       		.uleb128 0x8
 677 006e 3A       		.uleb128 0x3a
 678 006f 0B       		.uleb128 0xb
 679 0070 3B       		.uleb128 0x3b
 680 0071 0B       		.uleb128 0xb
 681 0072 49       		.uleb128 0x49
 682 0073 13       		.uleb128 0x13
 683 0074 02       		.uleb128 0x2
 684 0075 17       		.uleb128 0x17
 685 0076 00       		.byte	0
 686 0077 00       		.byte	0
 687 0078 0A       		.uleb128 0xa
 688 0079 898201   		.uleb128 0x4109
 689 007c 01       		.byte	0x1
 690 007d 11       		.uleb128 0x11
 691 007e 01       		.uleb128 0x1
 692 007f 31       		.uleb128 0x31
 693 0080 13       		.uleb128 0x13
 694 0081 00       		.byte	0
 695 0082 00       		.byte	0
 696 0083 0B       		.uleb128 0xb
 697 0084 8A8201   		.uleb128 0x410a
 698 0087 00       		.byte	0
 699 0088 02       		.uleb128 0x2
 700 0089 18       		.uleb128 0x18
 701 008a 9142     		.uleb128 0x2111
 702 008c 18       		.uleb128 0x18
 703 008d 00       		.byte	0
 704 008e 00       		.byte	0
 705 008f 0C       		.uleb128 0xc
 706 0090 898201   		.uleb128 0x4109
 707 0093 01       		.byte	0x1
 708 0094 11       		.uleb128 0x11
 709 0095 01       		.uleb128 0x1
 710 0096 31       		.uleb128 0x31
 711 0097 13       		.uleb128 0x13
 712 0098 01       		.uleb128 0x1
 713 0099 13       		.uleb128 0x13
 714 009a 00       		.byte	0
 715 009b 00       		.byte	0
 716 009c 0D       		.uleb128 0xd
 717 009d 2E       		.uleb128 0x2e
 718 009e 01       		.byte	0x1
 719 009f 3F       		.uleb128 0x3f
 720 00a0 19       		.uleb128 0x19
 721 00a1 03       		.uleb128 0x3
 722 00a2 0E       		.uleb128 0xe
 723 00a3 3A       		.uleb128 0x3a
 724 00a4 0B       		.uleb128 0xb
 725 00a5 3B       		.uleb128 0x3b
ARM GAS  C:\Users\Zeynep\AppData\Local\Temp\cc7Cm1Qw.s 			page 19


 726 00a6 0B       		.uleb128 0xb
 727 00a7 27       		.uleb128 0x27
 728 00a8 19       		.uleb128 0x19
 729 00a9 11       		.uleb128 0x11
 730 00aa 01       		.uleb128 0x1
 731 00ab 12       		.uleb128 0x12
 732 00ac 06       		.uleb128 0x6
 733 00ad 40       		.uleb128 0x40
 734 00ae 18       		.uleb128 0x18
 735 00af 9742     		.uleb128 0x2117
 736 00b1 19       		.uleb128 0x19
 737 00b2 01       		.uleb128 0x1
 738 00b3 13       		.uleb128 0x13
 739 00b4 00       		.byte	0
 740 00b5 00       		.byte	0
 741 00b6 0E       		.uleb128 0xe
 742 00b7 0B       		.uleb128 0xb
 743 00b8 01       		.byte	0x1
 744 00b9 11       		.uleb128 0x11
 745 00ba 01       		.uleb128 0x1
 746 00bb 12       		.uleb128 0x12
 747 00bc 06       		.uleb128 0x6
 748 00bd 01       		.uleb128 0x1
 749 00be 13       		.uleb128 0x13
 750 00bf 00       		.byte	0
 751 00c0 00       		.byte	0
 752 00c1 0F       		.uleb128 0xf
 753 00c2 13       		.uleb128 0x13
 754 00c3 01       		.byte	0x1
 755 00c4 0B       		.uleb128 0xb
 756 00c5 0B       		.uleb128 0xb
 757 00c6 3A       		.uleb128 0x3a
 758 00c7 0B       		.uleb128 0xb
 759 00c8 3B       		.uleb128 0x3b
 760 00c9 0B       		.uleb128 0xb
 761 00ca 01       		.uleb128 0x1
 762 00cb 13       		.uleb128 0x13
 763 00cc 00       		.byte	0
 764 00cd 00       		.byte	0
 765 00ce 10       		.uleb128 0x10
 766 00cf 0D       		.uleb128 0xd
 767 00d0 00       		.byte	0
 768 00d1 03       		.uleb128 0x3
 769 00d2 0E       		.uleb128 0xe
 770 00d3 3A       		.uleb128 0x3a
 771 00d4 0B       		.uleb128 0xb
 772 00d5 3B       		.uleb128 0x3b
 773 00d6 0B       		.uleb128 0xb
 774 00d7 49       		.uleb128 0x49
 775 00d8 13       		.uleb128 0x13
 776 00d9 38       		.uleb128 0x38
 777 00da 0B       		.uleb128 0xb
 778 00db 00       		.byte	0
 779 00dc 00       		.byte	0
 780 00dd 11       		.uleb128 0x11
 781 00de 01       		.uleb128 0x1
 782 00df 01       		.byte	0x1
ARM GAS  C:\Users\Zeynep\AppData\Local\Temp\cc7Cm1Qw.s 			page 20


 783 00e0 49       		.uleb128 0x49
 784 00e1 13       		.uleb128 0x13
 785 00e2 01       		.uleb128 0x1
 786 00e3 13       		.uleb128 0x13
 787 00e4 00       		.byte	0
 788 00e5 00       		.byte	0
 789 00e6 12       		.uleb128 0x12
 790 00e7 21       		.uleb128 0x21
 791 00e8 00       		.byte	0
 792 00e9 49       		.uleb128 0x49
 793 00ea 13       		.uleb128 0x13
 794 00eb 2F       		.uleb128 0x2f
 795 00ec 0B       		.uleb128 0xb
 796 00ed 00       		.byte	0
 797 00ee 00       		.byte	0
 798 00ef 13       		.uleb128 0x13
 799 00f0 26       		.uleb128 0x26
 800 00f1 00       		.byte	0
 801 00f2 49       		.uleb128 0x49
 802 00f3 13       		.uleb128 0x13
 803 00f4 00       		.byte	0
 804 00f5 00       		.byte	0
 805 00f6 14       		.uleb128 0x14
 806 00f7 34       		.uleb128 0x34
 807 00f8 00       		.byte	0
 808 00f9 03       		.uleb128 0x3
 809 00fa 0E       		.uleb128 0xe
 810 00fb 3A       		.uleb128 0x3a
 811 00fc 0B       		.uleb128 0xb
 812 00fd 3B       		.uleb128 0x3b
 813 00fe 0B       		.uleb128 0xb
 814 00ff 49       		.uleb128 0x49
 815 0100 13       		.uleb128 0x13
 816 0101 02       		.uleb128 0x2
 817 0102 18       		.uleb128 0x18
 818 0103 00       		.byte	0
 819 0104 00       		.byte	0
 820 0105 15       		.uleb128 0x15
 821 0106 34       		.uleb128 0x34
 822 0107 00       		.byte	0
 823 0108 03       		.uleb128 0x3
 824 0109 08       		.uleb128 0x8
 825 010a 3A       		.uleb128 0x3a
 826 010b 0B       		.uleb128 0xb
 827 010c 3B       		.uleb128 0x3b
 828 010d 05       		.uleb128 0x5
 829 010e 49       		.uleb128 0x49
 830 010f 13       		.uleb128 0x13
 831 0110 02       		.uleb128 0x2
 832 0111 17       		.uleb128 0x17
 833 0112 00       		.byte	0
 834 0113 00       		.byte	0
 835 0114 16       		.uleb128 0x16
 836 0115 0B       		.uleb128 0xb
 837 0116 01       		.byte	0x1
 838 0117 11       		.uleb128 0x11
 839 0118 01       		.uleb128 0x1
ARM GAS  C:\Users\Zeynep\AppData\Local\Temp\cc7Cm1Qw.s 			page 21


 840 0119 12       		.uleb128 0x12
 841 011a 06       		.uleb128 0x6
 842 011b 00       		.byte	0
 843 011c 00       		.byte	0
 844 011d 17       		.uleb128 0x17
 845 011e 0F       		.uleb128 0xf
 846 011f 00       		.byte	0
 847 0120 0B       		.uleb128 0xb
 848 0121 0B       		.uleb128 0xb
 849 0122 49       		.uleb128 0x49
 850 0123 13       		.uleb128 0x13
 851 0124 00       		.byte	0
 852 0125 00       		.byte	0
 853 0126 18       		.uleb128 0x18
 854 0127 898201   		.uleb128 0x4109
 855 012a 00       		.byte	0
 856 012b 11       		.uleb128 0x11
 857 012c 01       		.uleb128 0x1
 858 012d 31       		.uleb128 0x31
 859 012e 13       		.uleb128 0x13
 860 012f 00       		.byte	0
 861 0130 00       		.byte	0
 862 0131 19       		.uleb128 0x19
 863 0132 2E       		.uleb128 0x2e
 864 0133 00       		.byte	0
 865 0134 3F       		.uleb128 0x3f
 866 0135 19       		.uleb128 0x19
 867 0136 3C       		.uleb128 0x3c
 868 0137 19       		.uleb128 0x19
 869 0138 6E       		.uleb128 0x6e
 870 0139 0E       		.uleb128 0xe
 871 013a 03       		.uleb128 0x3
 872 013b 0E       		.uleb128 0xe
 873 013c 00       		.byte	0
 874 013d 00       		.byte	0
 875 013e 1A       		.uleb128 0x1a
 876 013f 2E       		.uleb128 0x2e
 877 0140 00       		.byte	0
 878 0141 3F       		.uleb128 0x3f
 879 0142 19       		.uleb128 0x19
 880 0143 3C       		.uleb128 0x3c
 881 0144 19       		.uleb128 0x19
 882 0145 6E       		.uleb128 0x6e
 883 0146 0E       		.uleb128 0xe
 884 0147 03       		.uleb128 0x3
 885 0148 0E       		.uleb128 0xe
 886 0149 3A       		.uleb128 0x3a
 887 014a 0B       		.uleb128 0xb
 888 014b 3B       		.uleb128 0x3b
 889 014c 0B       		.uleb128 0xb
 890 014d 00       		.byte	0
 891 014e 00       		.byte	0
 892 014f 00       		.byte	0
 893              		.section	.debug_loc,"",%progbits
 894              	.Ldebug_loc0:
 895              	.LLST0:
 896 0000 00000000 		.4byte	.LVL0
ARM GAS  C:\Users\Zeynep\AppData\Local\Temp\cc7Cm1Qw.s 			page 22


 897 0004 09000000 		.4byte	.LVL2-1
 898 0008 0100     		.2byte	0x1
 899 000a 50       		.byte	0x50
 900 000b 09000000 		.4byte	.LVL2-1
 901 000f 0C000000 		.4byte	.LFE0
 902 0013 0400     		.2byte	0x4
 903 0015 F3       		.byte	0xf3
 904 0016 01       		.uleb128 0x1
 905 0017 50       		.byte	0x50
 906 0018 9F       		.byte	0x9f
 907 0019 00000000 		.4byte	0
 908 001d 00000000 		.4byte	0
 909              	.LLST1:
 910 0021 00000000 		.4byte	.LVL0
 911 0025 06000000 		.4byte	.LVL1
 912 0029 0100     		.2byte	0x1
 913 002b 51       		.byte	0x51
 914 002c 06000000 		.4byte	.LVL1
 915 0030 09000000 		.4byte	.LVL2-1
 916 0034 0100     		.2byte	0x1
 917 0036 52       		.byte	0x52
 918 0037 09000000 		.4byte	.LVL2-1
 919 003b 0C000000 		.4byte	.LFE0
 920 003f 0400     		.2byte	0x4
 921 0041 F3       		.byte	0xf3
 922 0042 01       		.uleb128 0x1
 923 0043 51       		.byte	0x51
 924 0044 9F       		.byte	0x9f
 925 0045 00000000 		.4byte	0
 926 0049 00000000 		.4byte	0
 927              	.LLST2:
 928 004d 60000000 		.4byte	.LVL6
 929 0051 64000000 		.4byte	.LVL7
 930 0055 0200     		.2byte	0x2
 931 0057 30       		.byte	0x30
 932 0058 9F       		.byte	0x9f
 933 0059 64000000 		.4byte	.LVL7
 934 005d 82000000 		.4byte	.LVL9
 935 0061 0100     		.2byte	0x1
 936 0063 54       		.byte	0x54
 937 0064 84000000 		.4byte	.LVL10
 938 0068 C2000000 		.4byte	.LVL12
 939 006c 0100     		.2byte	0x1
 940 006e 54       		.byte	0x54
 941 006f 00000000 		.4byte	0
 942 0073 00000000 		.4byte	0
 943              	.LLST3:
 944 0077 64000000 		.4byte	.LVL7
 945 007b 82000000 		.4byte	.LVL9
 946 007f 0B00     		.2byte	0xb
 947 0081 74       		.byte	0x74
 948 0082 00       		.sleb128 0
 949 0083 36       		.byte	0x36
 950 0084 1E       		.byte	0x1e
 951 0085 03       		.byte	0x3
 952 0086 00000000 		.4byte	cfg_memset_list.4847
 953 008a 22       		.byte	0x22
ARM GAS  C:\Users\Zeynep\AppData\Local\Temp\cc7Cm1Qw.s 			page 23


 954 008b 9F       		.byte	0x9f
 955 008c 82000000 		.4byte	.LVL9
 956 0090 84000000 		.4byte	.LVL10
 957 0094 0B00     		.2byte	0xb
 958 0096 74       		.byte	0x74
 959 0097 7F       		.sleb128 -1
 960 0098 36       		.byte	0x36
 961 0099 1E       		.byte	0x1e
 962 009a 03       		.byte	0x3
 963 009b 00000000 		.4byte	cfg_memset_list.4847
 964 009f 22       		.byte	0x22
 965 00a0 9F       		.byte	0x9f
 966 00a1 00000000 		.4byte	0
 967 00a5 00000000 		.4byte	0
 968              		.section	.debug_aranges,"",%progbits
 969 0000 2C000000 		.4byte	0x2c
 970 0004 0200     		.2byte	0x2
 971 0006 00000000 		.4byte	.Ldebug_info0
 972 000a 04       		.byte	0x4
 973 000b 00       		.byte	0
 974 000c 0000     		.2byte	0
 975 000e 0000     		.2byte	0
 976 0010 00000000 		.4byte	.LFB0
 977 0014 0C000000 		.4byte	.LFE0-.LFB0
 978 0018 00000000 		.4byte	.LFB3
 979 001c 5C000000 		.4byte	.LFE3-.LFB3
 980 0020 5C000000 		.4byte	.LFB5
 981 0024 90000000 		.4byte	.LFE5-.LFB5
 982 0028 00000000 		.4byte	0
 983 002c 00000000 		.4byte	0
 984              		.section	.debug_ranges,"",%progbits
 985              	.Ldebug_ranges0:
 986 0000 00000000 		.4byte	.LFB0
 987 0004 0C000000 		.4byte	.LFE0
 988 0008 00000000 		.4byte	.LFB3
 989 000c 5C000000 		.4byte	.LFE3
 990 0010 5C000000 		.4byte	.LFB5
 991 0014 EC000000 		.4byte	.LFE5
 992 0018 00000000 		.4byte	0
 993 001c 00000000 		.4byte	0
 994              		.section	.debug_line,"",%progbits
 995              	.Ldebug_line0:
 996 0000 0E010000 		.section	.debug_str,"MS",%progbits,1
 996      0200BA00 
 996      00000201 
 996      FB0E0D00 
 996      01010101 
 997              	.LASF19:
 998 0000 72656733 		.ascii	"reg32\000"
 998      3200
 999              	.LASF12:
 1000 0006 73697A65 		.ascii	"size_t\000"
 1000      5F7400
 1001              	.LASF27:
 1002 000d 4379496E 		.ascii	"CyIntSetVector\000"
 1002      74536574 
 1002      56656374 
ARM GAS  C:\Users\Zeynep\AppData\Local\Temp\cc7Cm1Qw.s 			page 24


 1002      6F7200
 1003              	.LASF25:
 1004 001c 6366675F 		.ascii	"cfg_memset_list\000"
 1004      6D656D73 
 1004      65745F6C 
 1004      69737400 
 1005              	.LASF21:
 1006 002c 436C6F63 		.ascii	"ClockSetup\000"
 1006      6B536574 
 1006      757000
 1007              	.LASF6:
 1008 0037 73686F72 		.ascii	"short unsigned int\000"
 1008      7420756E 
 1008      7369676E 
 1008      65642069 
 1008      6E7400
 1009              	.LASF16:
 1010 004a 666C6F61 		.ascii	"float\000"
 1010      7400
 1011              	.LASF23:
 1012 0050 73697A65 		.ascii	"size\000"
 1012      00
 1013              	.LASF18:
 1014 0055 72656738 		.ascii	"reg8\000"
 1014      00
 1015              	.LASF8:
 1016 005a 6C6F6E67 		.ascii	"long unsigned int\000"
 1016      20756E73 
 1016      69676E65 
 1016      6420696E 
 1016      7400
 1017              	.LASF13:
 1018 006c 75696E74 		.ascii	"uint8\000"
 1018      3800
 1019              	.LASF20:
 1020 0072 43594D45 		.ascii	"CYMEMZERO\000"
 1020      4D5A4552 
 1020      4F00
 1021              	.LASF4:
 1022 007c 756E7369 		.ascii	"unsigned char\000"
 1022      676E6564 
 1022      20636861 
 1022      7200
 1023              	.LASF33:
 1024 008a 6D656D73 		.ascii	"memset\000"
 1024      657400
 1025              	.LASF17:
 1026 0091 646F7562 		.ascii	"double\000"
 1026      6C6500
 1027              	.LASF31:
 1028 0098 443A5C54 		.ascii	"D:\\TUTORIALS\\PSOC_LAB3\\LAB_3_PSOC\\8x8DOT_Matrix"
 1028      55544F52 
 1028      49414C53 
 1028      5C50534F 
 1028      435F4C41 
 1029 00c7 2E637964 		.ascii	".cydsn\000"
 1029      736E00
ARM GAS  C:\Users\Zeynep\AppData\Local\Temp\cc7Cm1Qw.s 			page 25


 1030              	.LASF28:
 1031 00ce 4379496E 		.ascii	"CyIntEnable\000"
 1031      74456E61 
 1031      626C6500 
 1032              	.LASF14:
 1033 00da 75696E74 		.ascii	"uint16\000"
 1033      313600
 1034              	.LASF15:
 1035 00e1 75696E74 		.ascii	"uint32\000"
 1035      333200
 1036              	.LASF0:
 1037 00e8 756E7369 		.ascii	"unsigned int\000"
 1037      676E6564 
 1037      20696E74 
 1037      00
 1038              	.LASF32:
 1039 00f5 63796669 		.ascii	"cyfitter_cfg\000"
 1039      74746572 
 1039      5F636667 
 1039      00
 1040              	.LASF22:
 1041 0102 61646472 		.ascii	"address\000"
 1041      65737300 
 1042              	.LASF9:
 1043 010a 6C6F6E67 		.ascii	"long long unsigned int\000"
 1043      206C6F6E 
 1043      6720756E 
 1043      7369676E 
 1043      65642069 
 1044              	.LASF29:
 1045 0121 474E5520 		.ascii	"GNU C11 5.4.1 20160609 (release) [ARM/embedded-5-br"
 1045      43313120 
 1045      352E342E 
 1045      31203230 
 1045      31363036 
 1046 0154 616E6368 		.ascii	"anch revision 237715] -mcpu=cortex-m0 -mthumb -g -O"
 1046      20726576 
 1046      6973696F 
 1046      6E203233 
 1046      37373135 
 1047 0187 67202D66 		.ascii	"g -ffunction-sections -ffat-lto-objects\000"
 1047      66756E63 
 1047      74696F6E 
 1047      2D736563 
 1047      74696F6E 
 1048              	.LASF24:
 1049 01af 6366675F 		.ascii	"cfg_memset_t\000"
 1049      6D656D73 
 1049      65745F74 
 1049      00
 1050              	.LASF10:
 1051 01bc 73697A65 		.ascii	"sizetype\000"
 1051      74797065 
 1051      00
 1052              	.LASF1:
 1053 01c5 6C6F6E67 		.ascii	"long long int\000"
 1053      206C6F6E 
ARM GAS  C:\Users\Zeynep\AppData\Local\Temp\cc7Cm1Qw.s 			page 26


 1053      6720696E 
 1053      7400
 1054              	.LASF11:
 1055 01d3 63686172 		.ascii	"char\000"
 1055      00
 1056              	.LASF5:
 1057 01d8 73686F72 		.ascii	"short int\000"
 1057      7420696E 
 1057      7400
 1058              	.LASF26:
 1059 01e2 43795379 		.ascii	"CySysClkWriteImoFreq\000"
 1059      73436C6B 
 1059      57726974 
 1059      65496D6F 
 1059      46726571 
 1060              	.LASF7:
 1061 01f7 6C6F6E67 		.ascii	"long int\000"
 1061      20696E74 
 1061      00
 1062              	.LASF2:
 1063 0200 6C6F6E67 		.ascii	"long double\000"
 1063      20646F75 
 1063      626C6500 
 1064              	.LASF3:
 1065 020c 7369676E 		.ascii	"signed char\000"
 1065      65642063 
 1065      68617200 
 1066              	.LASF30:
 1067 0218 47656E65 		.ascii	"Generated_Source\\PSoC4\\cyfitter_cfg.c\000"
 1067      72617465 
 1067      645F536F 
 1067      75726365 
 1067      5C50536F 
 1068              		.ident	"GCC: (GNU Tools for ARM Embedded Processors) 5.4.1 20160609 (release) [ARM/embedded-5-bran
