#***************************************************************************

#sjplacer

#Version:            1.1

#Build Date:         Sep  9 2019 11:47:43

#File Generated:     Apr 2 2021 13:41:28

#Purpose:            

#Copyright (C) 2010-2011 by Softjin Technologies Pvt Ltd. All rights reserved.

#***************************************************************************

Executing : D:\PSoC Creator\4.4\PSoC Creator\bin/sjplacer.exe --proj-name UltraSonic180715 --netlist-vh2 UltraSonic180715_p.vh2 --arch p4_udb2x2 --arch-file D:\PSoC Creator\4.4\PSoC Creator\dev\arch/udbdsi_2x2_04.cydata --ip-file D:\PSoC Creator\4.4\PSoC Creator\dev\psoc4/4/ip_blocks.cydata --rrg-file D:\PSoC Creator\4.4\PSoC Creator\dev\psoc4/4/route_arch-rrg.cydata --irq-file D:\PSoC Creator\4.4\PSoC Creator\dev\psoc4/4/irqconn.cydata --drq-file D:\PSoC Creator\4.4\PSoC Creator\dev\psoc4/4/triggerconn.cydata --dsi-conn-file D:\PSoC Creator\4.4\PSoC Creator\dev\psoc4/4/dsiconn.cydata --pins-file pins_64-TQFP.xml --lib-file UltraSonic180715_p.lib --sdc-file UltraSonic180715.sdc --io-pcf UltraSonic180715.pci --outdir .

		Softjin Techologies Placer, Version 1.1

Build Date : Sep  9 2019	11:45:12

D2004: Option and Settings Summary
=============================================================
Netlist vh2 file          - UltraSonic180715_p.vh2
Architecture file         - D:\PSoC Creator\4.4\PSoC Creator\dev\arch/udbdsi_2x2_04.cydata
Package                   - 
Defparam file             - 
SDC file                  - UltraSonic180715.sdc
Output directory          - .
Timing library            - UltraSonic180715_p.lib
IO Placement file         - UltraSonic180715.pci

D2050: Starting reading inputs for placer
=============================================================
D2065: Reading netlist file : "UltraSonic180715_p.vh2"
D2065: Reading arch file : "D:\PSoC Creator\4.4\PSoC Creator\dev\arch/udbdsi_2x2_04.cydata"
D2051: Reading of inputs for placer completed successfully

D2053: Starting placement of the design
=============================================================

Phase 2
Phase 3
I2659: No Constrained paths were found. The placer will run in non-timing driven mode.

Design Statistics after Packing
    Number of Combinational MCs 	:	0
    Number of Sequential MCs    	:	0
    Number of DPs               	:	0
    Number of Controls          	:	0
    Number of Status            	:	0
    Number of SyncCells         	:	0
    Number of count7cells       	:	0

Device Utilization Summary after Packing
    Macrocells                  :	0/32
    UDBS                        :	0/4
    IOs                         :	4/51


D2088: Phase 3, elapsed time : 0.0 (sec)

Phase 4
D2088: Phase 4, elapsed time : 0.0 (sec)

Phase 8
D2088: Phase 8, elapsed time : 0.0 (sec)

D2054: Placement of the design completed successfully

I2076: Total run-time: 0.3 sec.

