ARM GAS  C:\Users\Zeynep\AppData\Local\Temp\ccdOLpIc.s 			page 1


   1              		.syntax unified
   2              		.cpu cortex-m0
   3              		.fpu softvfp
   4              		.eabi_attribute 20, 1
   5              		.eabi_attribute 21, 1
   6              		.eabi_attribute 23, 3
   7              		.eabi_attribute 24, 1
   8              		.eabi_attribute 25, 1
   9              		.eabi_attribute 26, 1
  10              		.eabi_attribute 30, 1
  11              		.eabi_attribute 34, 0
  12              		.eabi_attribute 18, 4
  13              		.thumb
  14              		.syntax unified
  15              		.file	"cyfitter_cfg.c"
  16              		.text
  17              	.Ltext0:
  18              		.cfi_sections	.debug_frame
  19              		.section	.text.CYMEMZERO,"ax",%progbits
  20              		.align	2
  21              		.code	16
  22              		.thumb_func
  23              		.type	CYMEMZERO, %function
  24              	CYMEMZERO:
  25              	.LFB0:
  26              		.file 1 "Generated_Source\\PSoC4\\cyfitter_cfg.c"
   1:Generated_Source\PSoC4/cyfitter_cfg.c **** 
   2:Generated_Source\PSoC4/cyfitter_cfg.c **** /*******************************************************************************
   3:Generated_Source\PSoC4/cyfitter_cfg.c **** * File Name: cyfitter_cfg.c
   4:Generated_Source\PSoC4/cyfitter_cfg.c **** * 
   5:Generated_Source\PSoC4/cyfitter_cfg.c **** * PSoC Creator  4.4
   6:Generated_Source\PSoC4/cyfitter_cfg.c **** *
   7:Generated_Source\PSoC4/cyfitter_cfg.c **** * Description:
   8:Generated_Source\PSoC4/cyfitter_cfg.c **** * This file contains device initialization code.
   9:Generated_Source\PSoC4/cyfitter_cfg.c **** * Except for the user defined sections in CyClockStartupError(), this file should not be modified.
  10:Generated_Source\PSoC4/cyfitter_cfg.c **** * This file is automatically generated by PSoC Creator.
  11:Generated_Source\PSoC4/cyfitter_cfg.c **** *
  12:Generated_Source\PSoC4/cyfitter_cfg.c **** ********************************************************************************
  13:Generated_Source\PSoC4/cyfitter_cfg.c **** * Copyright (c) 2007-2020 Cypress Semiconductor.  All rights reserved.
  14:Generated_Source\PSoC4/cyfitter_cfg.c **** * You may use this file only in accordance with the license, terms, conditions, 
  15:Generated_Source\PSoC4/cyfitter_cfg.c **** * disclaimers, and limitations in the end user license agreement accompanying 
  16:Generated_Source\PSoC4/cyfitter_cfg.c **** * the software package with which this file was provided.
  17:Generated_Source\PSoC4/cyfitter_cfg.c **** ********************************************************************************/
  18:Generated_Source\PSoC4/cyfitter_cfg.c **** 
  19:Generated_Source\PSoC4/cyfitter_cfg.c **** #include <string.h>
  20:Generated_Source\PSoC4/cyfitter_cfg.c **** #include "cytypes.h"
  21:Generated_Source\PSoC4/cyfitter_cfg.c **** #include "cydevice_trm.h"
  22:Generated_Source\PSoC4/cyfitter_cfg.c **** #include "cyfitter.h"
  23:Generated_Source\PSoC4/cyfitter_cfg.c **** #include "CyLib.h"
  24:Generated_Source\PSoC4/cyfitter_cfg.c **** #include "CyLFClk.h"
  25:Generated_Source\PSoC4/cyfitter_cfg.c **** #include "cyfitter_cfg.h"
  26:Generated_Source\PSoC4/cyfitter_cfg.c **** #include "cyapicallbacks.h"
  27:Generated_Source\PSoC4/cyfitter_cfg.c **** 
  28:Generated_Source\PSoC4/cyfitter_cfg.c **** 
  29:Generated_Source\PSoC4/cyfitter_cfg.c **** #if defined(__GNUC__) || defined(__ARMCC_VERSION)
  30:Generated_Source\PSoC4/cyfitter_cfg.c ****     #define CYPACKED 
  31:Generated_Source\PSoC4/cyfitter_cfg.c ****     #define CYPACKED_ATTR __attribute__ ((packed))
ARM GAS  C:\Users\Zeynep\AppData\Local\Temp\ccdOLpIc.s 			page 2


  32:Generated_Source\PSoC4/cyfitter_cfg.c ****     #define CYALIGNED __attribute__ ((aligned))
  33:Generated_Source\PSoC4/cyfitter_cfg.c ****     #define CY_CFG_UNUSED __attribute__ ((unused))
  34:Generated_Source\PSoC4/cyfitter_cfg.c ****     #ifndef CY_CFG_SECTION
  35:Generated_Source\PSoC4/cyfitter_cfg.c ****         #define CY_CFG_SECTION __attribute__ ((section(".psocinit")))
  36:Generated_Source\PSoC4/cyfitter_cfg.c ****     #endif
  37:Generated_Source\PSoC4/cyfitter_cfg.c ****     
  38:Generated_Source\PSoC4/cyfitter_cfg.c ****     #if defined(__ARMCC_VERSION)
  39:Generated_Source\PSoC4/cyfitter_cfg.c ****         #define CY_CFG_MEMORY_BARRIER() __memory_changed()
  40:Generated_Source\PSoC4/cyfitter_cfg.c ****     #else
  41:Generated_Source\PSoC4/cyfitter_cfg.c ****         #define CY_CFG_MEMORY_BARRIER() __sync_synchronize()
  42:Generated_Source\PSoC4/cyfitter_cfg.c ****     #endif
  43:Generated_Source\PSoC4/cyfitter_cfg.c ****     
  44:Generated_Source\PSoC4/cyfitter_cfg.c **** #elif defined(__ICCARM__)
  45:Generated_Source\PSoC4/cyfitter_cfg.c ****     #include <intrinsics.h>
  46:Generated_Source\PSoC4/cyfitter_cfg.c **** 
  47:Generated_Source\PSoC4/cyfitter_cfg.c ****     #define CYPACKED __packed
  48:Generated_Source\PSoC4/cyfitter_cfg.c ****     #define CYPACKED_ATTR 
  49:Generated_Source\PSoC4/cyfitter_cfg.c ****     #define CYALIGNED _Pragma("data_alignment=4")
  50:Generated_Source\PSoC4/cyfitter_cfg.c ****     #define CY_CFG_UNUSED _Pragma("diag_suppress=Pe177")
  51:Generated_Source\PSoC4/cyfitter_cfg.c ****     #define CY_CFG_SECTION _Pragma("location=\".psocinit\"")
  52:Generated_Source\PSoC4/cyfitter_cfg.c ****     
  53:Generated_Source\PSoC4/cyfitter_cfg.c ****     #define CY_CFG_MEMORY_BARRIER() __DMB()
  54:Generated_Source\PSoC4/cyfitter_cfg.c ****     
  55:Generated_Source\PSoC4/cyfitter_cfg.c **** #else
  56:Generated_Source\PSoC4/cyfitter_cfg.c ****     #error Unsupported toolchain
  57:Generated_Source\PSoC4/cyfitter_cfg.c **** #endif
  58:Generated_Source\PSoC4/cyfitter_cfg.c **** 
  59:Generated_Source\PSoC4/cyfitter_cfg.c **** #ifndef CYCODE
  60:Generated_Source\PSoC4/cyfitter_cfg.c ****     #define CYCODE
  61:Generated_Source\PSoC4/cyfitter_cfg.c **** #endif
  62:Generated_Source\PSoC4/cyfitter_cfg.c **** #ifndef CYDATA
  63:Generated_Source\PSoC4/cyfitter_cfg.c ****     #define CYDATA
  64:Generated_Source\PSoC4/cyfitter_cfg.c **** #endif
  65:Generated_Source\PSoC4/cyfitter_cfg.c **** #ifndef CYFAR
  66:Generated_Source\PSoC4/cyfitter_cfg.c ****     #define CYFAR
  67:Generated_Source\PSoC4/cyfitter_cfg.c **** #endif
  68:Generated_Source\PSoC4/cyfitter_cfg.c **** #ifndef CYXDATA
  69:Generated_Source\PSoC4/cyfitter_cfg.c ****     #define CYXDATA
  70:Generated_Source\PSoC4/cyfitter_cfg.c **** #endif
  71:Generated_Source\PSoC4/cyfitter_cfg.c **** 
  72:Generated_Source\PSoC4/cyfitter_cfg.c **** 
  73:Generated_Source\PSoC4/cyfitter_cfg.c **** CY_CFG_UNUSED
  74:Generated_Source\PSoC4/cyfitter_cfg.c **** static void CYMEMZERO(void *s, size_t n);
  75:Generated_Source\PSoC4/cyfitter_cfg.c **** CY_CFG_UNUSED
  76:Generated_Source\PSoC4/cyfitter_cfg.c **** static void CYMEMZERO(void *s, size_t n)
  77:Generated_Source\PSoC4/cyfitter_cfg.c **** {
  27              		.loc 1 77 0
  28              		.cfi_startproc
  29              		@ args = 0, pretend = 0, frame = 0
  30              		@ frame_needed = 0, uses_anonymous_args = 0
  31              	.LVL0:
  32 0000 10B5     		push	{r4, lr}
  33              		.cfi_def_cfa_offset 8
  34              		.cfi_offset 4, -8
  35              		.cfi_offset 14, -4
  36 0002 0A00     		movs	r2, r1
  78:Generated_Source\PSoC4/cyfitter_cfg.c **** 	(void)memset(s, 0, n);
ARM GAS  C:\Users\Zeynep\AppData\Local\Temp\ccdOLpIc.s 			page 3


  37              		.loc 1 78 0
  38 0004 0021     		movs	r1, #0
  39              	.LVL1:
  40 0006 FFF7FEFF 		bl	memset
  41              	.LVL2:
  79:Generated_Source\PSoC4/cyfitter_cfg.c **** }
  42              		.loc 1 79 0
  43              		@ sp needed
  44 000a 10BD     		pop	{r4, pc}
  45              		.cfi_endproc
  46              	.LFE0:
  47              		.size	CYMEMZERO, .-CYMEMZERO
  48              		.section	.psocinit,"ax",%progbits
  49              		.align	2
  50              		.code	16
  51              		.thumb_func
  52              		.type	ClockSetup, %function
  53              	ClockSetup:
  54              	.LFB3:
  80:Generated_Source\PSoC4/cyfitter_cfg.c **** CY_CFG_UNUSED
  81:Generated_Source\PSoC4/cyfitter_cfg.c **** static void CYCONFIGCPY(void *dest, const void *src, size_t n);
  82:Generated_Source\PSoC4/cyfitter_cfg.c **** CY_CFG_UNUSED
  83:Generated_Source\PSoC4/cyfitter_cfg.c **** static void CYCONFIGCPY(void *dest, const void *src, size_t n)
  84:Generated_Source\PSoC4/cyfitter_cfg.c **** {
  85:Generated_Source\PSoC4/cyfitter_cfg.c **** 	(void)memcpy(dest, src, n);
  86:Generated_Source\PSoC4/cyfitter_cfg.c **** }
  87:Generated_Source\PSoC4/cyfitter_cfg.c **** CY_CFG_UNUSED
  88:Generated_Source\PSoC4/cyfitter_cfg.c **** static void CYCONFIGCPYCODE(void *dest, const void *src, size_t n);
  89:Generated_Source\PSoC4/cyfitter_cfg.c **** CY_CFG_UNUSED
  90:Generated_Source\PSoC4/cyfitter_cfg.c **** static void CYCONFIGCPYCODE(void *dest, const void *src, size_t n)
  91:Generated_Source\PSoC4/cyfitter_cfg.c **** {
  92:Generated_Source\PSoC4/cyfitter_cfg.c **** 	(void)memcpy(dest, src, n);
  93:Generated_Source\PSoC4/cyfitter_cfg.c **** }
  94:Generated_Source\PSoC4/cyfitter_cfg.c **** 
  95:Generated_Source\PSoC4/cyfitter_cfg.c **** 
  96:Generated_Source\PSoC4/cyfitter_cfg.c **** 
  97:Generated_Source\PSoC4/cyfitter_cfg.c **** 
  98:Generated_Source\PSoC4/cyfitter_cfg.c **** /* Clock startup error codes                                                   */
  99:Generated_Source\PSoC4/cyfitter_cfg.c **** #define CYCLOCKSTART_NO_ERROR    0u
 100:Generated_Source\PSoC4/cyfitter_cfg.c **** #define CYCLOCKSTART_XTAL_ERROR  1u
 101:Generated_Source\PSoC4/cyfitter_cfg.c **** #define CYCLOCKSTART_32KHZ_ERROR 2u
 102:Generated_Source\PSoC4/cyfitter_cfg.c **** #define CYCLOCKSTART_PLL_ERROR   3u
 103:Generated_Source\PSoC4/cyfitter_cfg.c **** #define CYCLOCKSTART_FLL_ERROR   4u
 104:Generated_Source\PSoC4/cyfitter_cfg.c **** #define CYCLOCKSTART_WCO_ERROR   5u
 105:Generated_Source\PSoC4/cyfitter_cfg.c **** 
 106:Generated_Source\PSoC4/cyfitter_cfg.c **** 
 107:Generated_Source\PSoC4/cyfitter_cfg.c **** #ifdef CY_NEED_CYCLOCKSTARTUPERROR
 108:Generated_Source\PSoC4/cyfitter_cfg.c **** /*******************************************************************************
 109:Generated_Source\PSoC4/cyfitter_cfg.c **** * Function Name: CyClockStartupError
 110:Generated_Source\PSoC4/cyfitter_cfg.c **** ********************************************************************************
 111:Generated_Source\PSoC4/cyfitter_cfg.c **** * Summary:
 112:Generated_Source\PSoC4/cyfitter_cfg.c **** *  If an error is encountered during clock configuration (crystal startup error,
 113:Generated_Source\PSoC4/cyfitter_cfg.c **** *  PLL lock error, etc.), the system will end up here.  Unless reimplemented by
 114:Generated_Source\PSoC4/cyfitter_cfg.c **** *  the customer, this function will stop in an infinite loop.
 115:Generated_Source\PSoC4/cyfitter_cfg.c **** *
 116:Generated_Source\PSoC4/cyfitter_cfg.c **** * Parameters:
 117:Generated_Source\PSoC4/cyfitter_cfg.c **** *   void
ARM GAS  C:\Users\Zeynep\AppData\Local\Temp\ccdOLpIc.s 			page 4


 118:Generated_Source\PSoC4/cyfitter_cfg.c **** *
 119:Generated_Source\PSoC4/cyfitter_cfg.c **** * Return:
 120:Generated_Source\PSoC4/cyfitter_cfg.c **** *   void
 121:Generated_Source\PSoC4/cyfitter_cfg.c **** *
 122:Generated_Source\PSoC4/cyfitter_cfg.c **** *******************************************************************************/
 123:Generated_Source\PSoC4/cyfitter_cfg.c **** CY_CFG_UNUSED
 124:Generated_Source\PSoC4/cyfitter_cfg.c **** static void CyClockStartupError(uint8 errorCode);
 125:Generated_Source\PSoC4/cyfitter_cfg.c **** CY_CFG_UNUSED
 126:Generated_Source\PSoC4/cyfitter_cfg.c **** static void CyClockStartupError(uint8 errorCode)
 127:Generated_Source\PSoC4/cyfitter_cfg.c **** {
 128:Generated_Source\PSoC4/cyfitter_cfg.c ****     /* To remove the compiler warning if errorCode not used.                */
 129:Generated_Source\PSoC4/cyfitter_cfg.c ****     errorCode = errorCode;
 130:Generated_Source\PSoC4/cyfitter_cfg.c **** 
 131:Generated_Source\PSoC4/cyfitter_cfg.c ****     /* If we have a clock startup error (bad MHz crystal, PLL lock, etc.),  */
 132:Generated_Source\PSoC4/cyfitter_cfg.c ****     /* we will end up here to allow the customer to implement something to  */
 133:Generated_Source\PSoC4/cyfitter_cfg.c ****     /* deal with the clock condition.                                       */
 134:Generated_Source\PSoC4/cyfitter_cfg.c **** 
 135:Generated_Source\PSoC4/cyfitter_cfg.c **** #ifdef CY_CFG_CLOCK_STARTUP_ERROR_CALLBACK
 136:Generated_Source\PSoC4/cyfitter_cfg.c ****     CY_CFG_Clock_Startup_ErrorCallback();
 137:Generated_Source\PSoC4/cyfitter_cfg.c **** #else
 138:Generated_Source\PSoC4/cyfitter_cfg.c ****     /*  If not using CY_CFG_CLOCK_STARTUP_ERROR_CALLBACK, place your clock startup code here. */
 139:Generated_Source\PSoC4/cyfitter_cfg.c ****     /* `#START CyClockStartupError` */
 140:Generated_Source\PSoC4/cyfitter_cfg.c **** 
 141:Generated_Source\PSoC4/cyfitter_cfg.c **** 
 142:Generated_Source\PSoC4/cyfitter_cfg.c **** 
 143:Generated_Source\PSoC4/cyfitter_cfg.c ****     /* `#END` */
 144:Generated_Source\PSoC4/cyfitter_cfg.c **** 
 145:Generated_Source\PSoC4/cyfitter_cfg.c ****     while(1) {}
 146:Generated_Source\PSoC4/cyfitter_cfg.c **** #endif /* CY_CFG_CLOCK_STARTUP_ERROR_CALLBACK */
 147:Generated_Source\PSoC4/cyfitter_cfg.c **** }
 148:Generated_Source\PSoC4/cyfitter_cfg.c **** #endif
 149:Generated_Source\PSoC4/cyfitter_cfg.c **** 
 150:Generated_Source\PSoC4/cyfitter_cfg.c **** 
 151:Generated_Source\PSoC4/cyfitter_cfg.c **** 
 152:Generated_Source\PSoC4/cyfitter_cfg.c **** /*******************************************************************************
 153:Generated_Source\PSoC4/cyfitter_cfg.c **** * Function Name: ClockSetup
 154:Generated_Source\PSoC4/cyfitter_cfg.c **** ********************************************************************************
 155:Generated_Source\PSoC4/cyfitter_cfg.c **** *
 156:Generated_Source\PSoC4/cyfitter_cfg.c **** * Summary:
 157:Generated_Source\PSoC4/cyfitter_cfg.c **** *   Performs the initialization of all of the clocks in the device based on the
 158:Generated_Source\PSoC4/cyfitter_cfg.c **** *   settings in the Clock tab of the DWR.  This includes enabling the requested
 159:Generated_Source\PSoC4/cyfitter_cfg.c **** *   clocks and setting the necessary dividers to produce the desired frequency. 
 160:Generated_Source\PSoC4/cyfitter_cfg.c **** *
 161:Generated_Source\PSoC4/cyfitter_cfg.c **** * Parameters:
 162:Generated_Source\PSoC4/cyfitter_cfg.c **** *   void
 163:Generated_Source\PSoC4/cyfitter_cfg.c **** *
 164:Generated_Source\PSoC4/cyfitter_cfg.c **** * Return:
 165:Generated_Source\PSoC4/cyfitter_cfg.c **** *   void
 166:Generated_Source\PSoC4/cyfitter_cfg.c **** *
 167:Generated_Source\PSoC4/cyfitter_cfg.c **** *******************************************************************************/
 168:Generated_Source\PSoC4/cyfitter_cfg.c **** static void ClockSetup(void);
 169:Generated_Source\PSoC4/cyfitter_cfg.c **** CY_CFG_SECTION
 170:Generated_Source\PSoC4/cyfitter_cfg.c **** static void ClockSetup(void)
 171:Generated_Source\PSoC4/cyfitter_cfg.c **** {
  55              		.loc 1 171 0
  56              		.cfi_startproc
  57              		@ args = 0, pretend = 0, frame = 0
ARM GAS  C:\Users\Zeynep\AppData\Local\Temp\ccdOLpIc.s 			page 5


  58              		@ frame_needed = 0, uses_anonymous_args = 0
  59 0000 70B5     		push	{r4, r5, r6, lr}
  60              		.cfi_def_cfa_offset 16
  61              		.cfi_offset 4, -16
  62              		.cfi_offset 5, -12
  63              		.cfi_offset 6, -8
  64              		.cfi_offset 14, -4
 172:Generated_Source\PSoC4/cyfitter_cfg.c **** 	/* Enable HALF_EN before trimming for the flash accelerator. */
 173:Generated_Source\PSoC4/cyfitter_cfg.c **** 	CY_SET_REG32((void CYXDATA *)(CYREG_CLK_SELECT), (CY_GET_REG32((void *)CYREG_CLK_SELECT) | 0x00040
  65              		.loc 1 173 0
  66 0002 134C     		ldr	r4, .L3
  67 0004 2368     		ldr	r3, [r4]
  68 0006 8022     		movs	r2, #128
  69 0008 D202     		lsls	r2, r2, #11
  70 000a 1343     		orrs	r3, r2
  71 000c 2360     		str	r3, [r4]
 174:Generated_Source\PSoC4/cyfitter_cfg.c **** 
 175:Generated_Source\PSoC4/cyfitter_cfg.c **** 	/* Setup and trim IMO based on desired frequency. */
 176:Generated_Source\PSoC4/cyfitter_cfg.c **** 	CySysClkWriteImoFreq(24u);
  72              		.loc 1 176 0
  73 000e 1820     		movs	r0, #24
  74 0010 FFF7FEFF 		bl	CySysClkWriteImoFreq
  75              	.LVL3:
 177:Generated_Source\PSoC4/cyfitter_cfg.c **** 
 178:Generated_Source\PSoC4/cyfitter_cfg.c **** 	/* Disable HALF_EN since it is not required at this IMO frequency. */
 179:Generated_Source\PSoC4/cyfitter_cfg.c **** 	CY_SET_REG32((void CYXDATA *)(CYREG_CLK_SELECT), (CY_GET_REG32((void *)CYREG_CLK_SELECT) & 0xFFFBF
  76              		.loc 1 179 0
  77 0014 2268     		ldr	r2, [r4]
  78 0016 0F4B     		ldr	r3, .L3+4
  79 0018 1340     		ands	r3, r2
  80 001a 2360     		str	r3, [r4]
 180:Generated_Source\PSoC4/cyfitter_cfg.c **** 	/* CYDEV_CLK_ILO_CONFIG Starting address: CYDEV_CLK_ILO_CONFIG */
 181:Generated_Source\PSoC4/cyfitter_cfg.c **** 	CY_SET_REG32((void *)(CYREG_CLK_ILO_CONFIG), 0x80000006u);
  81              		.loc 1 181 0
  82 001c 0E4A     		ldr	r2, .L3+8
  83 001e 0F4B     		ldr	r3, .L3+12
  84 0020 1A60     		str	r2, [r3]
 182:Generated_Source\PSoC4/cyfitter_cfg.c **** 
 183:Generated_Source\PSoC4/cyfitter_cfg.c **** 
 184:Generated_Source\PSoC4/cyfitter_cfg.c **** 	/* CYDEV_CLK_SELECT00 Starting address: CYDEV_CLK_SELECT00 */
 185:Generated_Source\PSoC4/cyfitter_cfg.c **** 	CY_SET_REG32((void *)(CYREG_CLK_SELECT03), 0x00000010u);
  85              		.loc 1 185 0
  86 0022 1022     		movs	r2, #16
  87 0024 0E4B     		ldr	r3, .L3+16
  88 0026 1A60     		str	r2, [r3]
 186:Generated_Source\PSoC4/cyfitter_cfg.c **** 
 187:Generated_Source\PSoC4/cyfitter_cfg.c **** 	/* CYDEV_CLK_IMO_CONFIG Starting address: CYDEV_CLK_IMO_CONFIG */
 188:Generated_Source\PSoC4/cyfitter_cfg.c **** 	CY_SET_REG32((void *)(CYREG_CLK_IMO_CONFIG), 0x80000000u);
  89              		.loc 1 188 0
  90 0028 8022     		movs	r2, #128
  91 002a 1206     		lsls	r2, r2, #24
  92 002c 0D4B     		ldr	r3, .L3+20
  93 002e 1A60     		str	r2, [r3]
 189:Generated_Source\PSoC4/cyfitter_cfg.c **** 
 190:Generated_Source\PSoC4/cyfitter_cfg.c **** 	/* CYDEV_CLK_SELECT Starting address: CYDEV_CLK_SELECT */
 191:Generated_Source\PSoC4/cyfitter_cfg.c **** 	CY_SET_REG32((void *)(CYREG_CLK_SELECT), 0x00000000u);
  94              		.loc 1 191 0
ARM GAS  C:\Users\Zeynep\AppData\Local\Temp\ccdOLpIc.s 			page 6


  95 0030 0025     		movs	r5, #0
  96 0032 2560     		str	r5, [r4]
 192:Generated_Source\PSoC4/cyfitter_cfg.c **** 
 193:Generated_Source\PSoC4/cyfitter_cfg.c **** 	/* CYDEV_CLK_DIVIDER_A00 Starting address: CYDEV_CLK_DIVIDER_A00 */
 194:Generated_Source\PSoC4/cyfitter_cfg.c **** 	CY_SET_REG32((void *)(CYREG_CLK_DIVIDER_A00), 0x800000CFu);
  97              		.loc 1 194 0
  98 0034 0C4A     		ldr	r2, .L3+24
  99 0036 0D4B     		ldr	r3, .L3+28
 100 0038 1A60     		str	r2, [r3]
 195:Generated_Source\PSoC4/cyfitter_cfg.c **** 
 196:Generated_Source\PSoC4/cyfitter_cfg.c **** 	(void)CyIntSetVector(9u, &CySysWdtIsr);
 101              		.loc 1 196 0
 102 003a 0D49     		ldr	r1, .L3+32
 103 003c 0920     		movs	r0, #9
 104 003e FFF7FEFF 		bl	CyIntSetVector
 105              	.LVL4:
 197:Generated_Source\PSoC4/cyfitter_cfg.c **** 	CyIntEnable(9u);
 106              		.loc 1 197 0
 107 0042 0920     		movs	r0, #9
 108 0044 FFF7FEFF 		bl	CyIntEnable
 109              	.LVL5:
 198:Generated_Source\PSoC4/cyfitter_cfg.c **** 	CY_SET_REG32((void *)(CYREG_WDT_CONFIG), 0x00000000u);
 110              		.loc 1 198 0
 111 0048 0A4B     		ldr	r3, .L3+36
 112 004a 1D60     		str	r5, [r3]
 199:Generated_Source\PSoC4/cyfitter_cfg.c **** }
 113              		.loc 1 199 0
 114              		@ sp needed
 115 004c 70BD     		pop	{r4, r5, r6, pc}
 116              	.L4:
 117 004e C046     		.align	2
 118              	.L3:
 119 0050 00010B40 		.word	1074462976
 120 0054 FFFFFBFF 		.word	-262145
 121 0058 06000080 		.word	-2147483642
 122 005c 04010B40 		.word	1074462980
 123 0060 0C020240 		.word	1073873420
 124 0064 08010B40 		.word	1074462984
 125 0068 CF000080 		.word	-2147483441
 126 006c 00000240 		.word	1073872896
 127 0070 00000000 		.word	CySysWdtIsr
 128 0074 0C020B40 		.word	1074463244
 129              		.cfi_endproc
 130              	.LFE3:
 131              		.size	ClockSetup, .-ClockSetup
 132              		.align	2
 133              		.global	cyfitter_cfg
 134              		.code	16
 135              		.thumb_func
 136              		.type	cyfitter_cfg, %function
 137              	cyfitter_cfg:
 138              	.LFB5:
 200:Generated_Source\PSoC4/cyfitter_cfg.c **** 
 201:Generated_Source\PSoC4/cyfitter_cfg.c **** 
 202:Generated_Source\PSoC4/cyfitter_cfg.c **** /* Analog API Functions */
 203:Generated_Source\PSoC4/cyfitter_cfg.c **** 
 204:Generated_Source\PSoC4/cyfitter_cfg.c **** 
ARM GAS  C:\Users\Zeynep\AppData\Local\Temp\ccdOLpIc.s 			page 7


 205:Generated_Source\PSoC4/cyfitter_cfg.c **** /*******************************************************************************
 206:Generated_Source\PSoC4/cyfitter_cfg.c **** * Function Name: AnalogSetDefault
 207:Generated_Source\PSoC4/cyfitter_cfg.c **** ********************************************************************************
 208:Generated_Source\PSoC4/cyfitter_cfg.c **** *
 209:Generated_Source\PSoC4/cyfitter_cfg.c **** * Summary:
 210:Generated_Source\PSoC4/cyfitter_cfg.c **** *  Sets up the analog portions of the chip to default values based on chip
 211:Generated_Source\PSoC4/cyfitter_cfg.c **** *  configuration options from the project.
 212:Generated_Source\PSoC4/cyfitter_cfg.c **** *
 213:Generated_Source\PSoC4/cyfitter_cfg.c **** * Parameters:
 214:Generated_Source\PSoC4/cyfitter_cfg.c **** *  void
 215:Generated_Source\PSoC4/cyfitter_cfg.c **** *
 216:Generated_Source\PSoC4/cyfitter_cfg.c **** * Return:
 217:Generated_Source\PSoC4/cyfitter_cfg.c **** *  void
 218:Generated_Source\PSoC4/cyfitter_cfg.c **** *
 219:Generated_Source\PSoC4/cyfitter_cfg.c **** *******************************************************************************/
 220:Generated_Source\PSoC4/cyfitter_cfg.c **** static void AnalogSetDefault(void);
 221:Generated_Source\PSoC4/cyfitter_cfg.c **** static void AnalogSetDefault(void)
 222:Generated_Source\PSoC4/cyfitter_cfg.c **** {
 223:Generated_Source\PSoC4/cyfitter_cfg.c **** }
 224:Generated_Source\PSoC4/cyfitter_cfg.c **** 
 225:Generated_Source\PSoC4/cyfitter_cfg.c **** 
 226:Generated_Source\PSoC4/cyfitter_cfg.c **** 
 227:Generated_Source\PSoC4/cyfitter_cfg.c **** 
 228:Generated_Source\PSoC4/cyfitter_cfg.c **** /*******************************************************************************
 229:Generated_Source\PSoC4/cyfitter_cfg.c **** * Function Name: cyfitter_cfg
 230:Generated_Source\PSoC4/cyfitter_cfg.c **** ********************************************************************************
 231:Generated_Source\PSoC4/cyfitter_cfg.c **** * Summary:
 232:Generated_Source\PSoC4/cyfitter_cfg.c **** *  This function is called by the start-up code for the selected device. It
 233:Generated_Source\PSoC4/cyfitter_cfg.c **** *  performs all of the necessary device configuration based on the design
 234:Generated_Source\PSoC4/cyfitter_cfg.c **** *  settings.  This includes settings from the Design Wide Resources (DWR) such
 235:Generated_Source\PSoC4/cyfitter_cfg.c **** *  as Clocks and Pins as well as any component configuration that is necessary.
 236:Generated_Source\PSoC4/cyfitter_cfg.c **** *
 237:Generated_Source\PSoC4/cyfitter_cfg.c **** * Parameters:
 238:Generated_Source\PSoC4/cyfitter_cfg.c **** *   void
 239:Generated_Source\PSoC4/cyfitter_cfg.c **** *
 240:Generated_Source\PSoC4/cyfitter_cfg.c **** * Return:
 241:Generated_Source\PSoC4/cyfitter_cfg.c **** *   void
 242:Generated_Source\PSoC4/cyfitter_cfg.c **** *
 243:Generated_Source\PSoC4/cyfitter_cfg.c **** *******************************************************************************/
 244:Generated_Source\PSoC4/cyfitter_cfg.c **** CY_CFG_SECTION
 245:Generated_Source\PSoC4/cyfitter_cfg.c **** void cyfitter_cfg(void)
 246:Generated_Source\PSoC4/cyfitter_cfg.c **** {
 139              		.loc 1 246 0
 140              		.cfi_startproc
 141              		@ args = 0, pretend = 0, frame = 0
 142              		@ frame_needed = 0, uses_anonymous_args = 0
 143 0078 10B5     		push	{r4, lr}
 144              		.cfi_def_cfa_offset 8
 145              		.cfi_offset 4, -8
 146              		.cfi_offset 14, -4
 247:Generated_Source\PSoC4/cyfitter_cfg.c **** 	/* Disable interrupts by default. Let user enable if/when they want. */
 248:Generated_Source\PSoC4/cyfitter_cfg.c **** 	CyGlobalIntDisable;
 147              		.loc 1 248 0
 148              		.syntax divided
 149              	@ 248 "Generated_Source\PSoC4\cyfitter_cfg.c" 1
 150 007a 72B6     		CPSID   i
 151              	@ 0 "" 2
ARM GAS  C:\Users\Zeynep\AppData\Local\Temp\ccdOLpIc.s 			page 8


 152              	.LVL6:
 153              		.thumb
 154              		.syntax unified
 155              	.LBB2:
 249:Generated_Source\PSoC4/cyfitter_cfg.c **** 
 250:Generated_Source\PSoC4/cyfitter_cfg.c **** 	{
 251:Generated_Source\PSoC4/cyfitter_cfg.c **** 
 252:Generated_Source\PSoC4/cyfitter_cfg.c **** 		CYPACKED typedef struct {
 253:Generated_Source\PSoC4/cyfitter_cfg.c **** 			void CYFAR *address;
 254:Generated_Source\PSoC4/cyfitter_cfg.c **** 			uint16 size;
 255:Generated_Source\PSoC4/cyfitter_cfg.c **** 		} CYPACKED_ATTR cfg_memset_t;
 256:Generated_Source\PSoC4/cyfitter_cfg.c **** 
 257:Generated_Source\PSoC4/cyfitter_cfg.c **** 		static const cfg_memset_t CYCODE cfg_memset_list[] = {
 258:Generated_Source\PSoC4/cyfitter_cfg.c **** 			/* address, size */
 259:Generated_Source\PSoC4/cyfitter_cfg.c **** 			{(void CYFAR *)(CYDEV_UDB_P0_U0_BASE), 1024u},
 260:Generated_Source\PSoC4/cyfitter_cfg.c **** 			{(void CYFAR *)(CYDEV_UDB_DSI0_BASE), 1024u},
 261:Generated_Source\PSoC4/cyfitter_cfg.c **** 		};
 262:Generated_Source\PSoC4/cyfitter_cfg.c **** 
 263:Generated_Source\PSoC4/cyfitter_cfg.c **** 		uint8 CYDATA i;
 264:Generated_Source\PSoC4/cyfitter_cfg.c **** 
 265:Generated_Source\PSoC4/cyfitter_cfg.c **** 		/* Zero out critical memory blocks before beginning configuration */
 266:Generated_Source\PSoC4/cyfitter_cfg.c **** 		for (i = 0u; i < (sizeof(cfg_memset_list)/sizeof(cfg_memset_list[0])); i++)
 156              		.loc 1 266 0
 157 007c 0024     		movs	r4, #0
 158 007e 0FE0     		b	.L6
 159              	.LVL7:
 160              	.L7:
 161              	.LBB3:
 267:Generated_Source\PSoC4/cyfitter_cfg.c **** 		{
 268:Generated_Source\PSoC4/cyfitter_cfg.c **** 			const cfg_memset_t CYCODE * CYDATA ms = &cfg_memset_list[i];
 269:Generated_Source\PSoC4/cyfitter_cfg.c **** 			CYMEMZERO(ms->address, (size_t)(uint32)(ms->size));
 162              		.loc 1 269 0 discriminator 3
 163 0080 1948     		ldr	r0, .L8
 164 0082 6200     		lsls	r2, r4, #1
 165 0084 1319     		adds	r3, r2, r4
 166 0086 5900     		lsls	r1, r3, #1
 167 0088 0B00     		movs	r3, r1
 168 008a 4118     		adds	r1, r0, r1
 169 008c 8988     		ldrh	r1, [r1, #4]
 170 008e 1A5A     		ldrh	r2, [r3, r0]
 171 0090 C318     		adds	r3, r0, r3
 172 0092 5888     		ldrh	r0, [r3, #2]
 173 0094 0004     		lsls	r0, r0, #16
 174 0096 1043     		orrs	r0, r2
 175 0098 FFF7FEFF 		bl	CYMEMZERO
 176              	.LVL8:
 177              	.LBE3:
 266:Generated_Source\PSoC4/cyfitter_cfg.c **** 		{
 178              		.loc 1 266 0 discriminator 3
 179 009c 0134     		adds	r4, r4, #1
 180              	.LVL9:
 181 009e E4B2     		uxtb	r4, r4
 182              	.LVL10:
 183              	.L6:
 266:Generated_Source\PSoC4/cyfitter_cfg.c **** 		{
 184              		.loc 1 266 0 is_stmt 0 discriminator 1
 185 00a0 012C     		cmp	r4, #1
ARM GAS  C:\Users\Zeynep\AppData\Local\Temp\ccdOLpIc.s 			page 9


 186 00a2 EDD9     		bls	.L7
 270:Generated_Source\PSoC4/cyfitter_cfg.c **** 		}
 271:Generated_Source\PSoC4/cyfitter_cfg.c **** 
 272:Generated_Source\PSoC4/cyfitter_cfg.c **** 		/* HSIOM Starting address: CYDEV_HSIOM_BASE */
 273:Generated_Source\PSoC4/cyfitter_cfg.c **** 		CY_SET_REG32((void *)(CYDEV_HSIOM_BASE), 0x00990000u);
 187              		.loc 1 273 0 is_stmt 1
 188 00a4 9923     		movs	r3, #153
 189 00a6 1B04     		lsls	r3, r3, #16
 190 00a8 104A     		ldr	r2, .L8+4
 191 00aa 1360     		str	r3, [r2]
 274:Generated_Source\PSoC4/cyfitter_cfg.c **** 		CY_SET_REG32((void *)(CYREG_HSIOM_PORT_SEL3), 0x0000EE00u);
 192              		.loc 1 274 0
 193 00ac EE21     		movs	r1, #238
 194 00ae 0902     		lsls	r1, r1, #8
 195 00b0 0F4A     		ldr	r2, .L8+8
 196 00b2 1160     		str	r1, [r2]
 275:Generated_Source\PSoC4/cyfitter_cfg.c **** 
 276:Generated_Source\PSoC4/cyfitter_cfg.c **** 		/* UDB_PA_0 Starting address: CYDEV_UDB_PA0_BASE */
 277:Generated_Source\PSoC4/cyfitter_cfg.c **** 		CY_SET_REG32((void *)(CYDEV_UDB_PA0_BASE), 0x00990000u);
 197              		.loc 1 277 0
 198 00b4 0F4A     		ldr	r2, .L8+12
 199 00b6 1360     		str	r3, [r2]
 278:Generated_Source\PSoC4/cyfitter_cfg.c **** 
 279:Generated_Source\PSoC4/cyfitter_cfg.c **** 		/* UDB_PA_3 Starting address: CYDEV_UDB_PA3_BASE */
 280:Generated_Source\PSoC4/cyfitter_cfg.c **** 		CY_SET_REG32((void *)(CYDEV_UDB_PA3_BASE), 0x00990000u);
 200              		.loc 1 280 0
 201 00b8 0F4A     		ldr	r2, .L8+16
 202 00ba 1360     		str	r3, [r2]
 281:Generated_Source\PSoC4/cyfitter_cfg.c **** 
 282:Generated_Source\PSoC4/cyfitter_cfg.c **** 		/* Enable digital routing */
 283:Generated_Source\PSoC4/cyfitter_cfg.c **** 		CY_SET_XTND_REG8((void *)CYREG_UDB_UDBIF_BANK_CTL, (uint8)(CY_GET_XTND_REG8((void *)CYREG_UDB_UDB
 203              		.loc 1 283 0
 204 00bc 0F4A     		ldr	r2, .L8+20
 205 00be 1178     		ldrb	r1, [r2]
 206 00c0 0623     		movs	r3, #6
 207 00c2 0B43     		orrs	r3, r1
 208 00c4 DBB2     		uxtb	r3, r3
 209 00c6 1370     		strb	r3, [r2]
 210              	.LBE2:
 284:Generated_Source\PSoC4/cyfitter_cfg.c **** 	}
 285:Generated_Source\PSoC4/cyfitter_cfg.c **** 
 286:Generated_Source\PSoC4/cyfitter_cfg.c **** 	/* Perform second pass device configuration. These items must be configured in specific order afte
 287:Generated_Source\PSoC4/cyfitter_cfg.c **** 	/* IOPINS0_0 Starting address: CYDEV_PRT0_BASE */
 288:Generated_Source\PSoC4/cyfitter_cfg.c **** 	CY_SET_REG32((void *)(CYDEV_PRT0_BASE), 0x00000020u);
 211              		.loc 1 288 0
 212 00c8 2023     		movs	r3, #32
 213 00ca 0D4A     		ldr	r2, .L8+24
 214 00cc 1360     		str	r3, [r2]
 289:Generated_Source\PSoC4/cyfitter_cfg.c **** 	CY_SET_REG32((void *)(CYREG_PRT0_PC), 0x00031000u);
 215              		.loc 1 289 0
 216 00ce C421     		movs	r1, #196
 217 00d0 8902     		lsls	r1, r1, #10
 218 00d2 0C4A     		ldr	r2, .L8+28
 219 00d4 1160     		str	r1, [r2]
 290:Generated_Source\PSoC4/cyfitter_cfg.c **** 	CY_SET_REG32((void *)(CYREG_PRT0_PC2), 0x00000020u);
 220              		.loc 1 290 0
 221 00d6 0C4A     		ldr	r2, .L8+32
ARM GAS  C:\Users\Zeynep\AppData\Local\Temp\ccdOLpIc.s 			page 10


 222 00d8 1360     		str	r3, [r2]
 291:Generated_Source\PSoC4/cyfitter_cfg.c **** 
 292:Generated_Source\PSoC4/cyfitter_cfg.c **** 	/* IOPINS0_3 Starting address: CYDEV_PRT3_BASE */
 293:Generated_Source\PSoC4/cyfitter_cfg.c **** 	CY_SET_REG32((void *)(CYREG_PRT3_PC), 0x00000D80u);
 223              		.loc 1 293 0
 224 00da D822     		movs	r2, #216
 225 00dc 1201     		lsls	r2, r2, #4
 226 00de 0B4B     		ldr	r3, .L8+36
 227 00e0 1A60     		str	r2, [r3]
 294:Generated_Source\PSoC4/cyfitter_cfg.c **** 
 295:Generated_Source\PSoC4/cyfitter_cfg.c **** 
 296:Generated_Source\PSoC4/cyfitter_cfg.c **** 	/* Setup clocks based on selections from Clock DWR */
 297:Generated_Source\PSoC4/cyfitter_cfg.c **** 	ClockSetup();
 228              		.loc 1 297 0
 229 00e2 FFF78DFF 		bl	ClockSetup
 230              	.LVL11:
 298:Generated_Source\PSoC4/cyfitter_cfg.c **** 
 299:Generated_Source\PSoC4/cyfitter_cfg.c **** 	/* Perform basic analog initialization to defaults */
 300:Generated_Source\PSoC4/cyfitter_cfg.c **** 	AnalogSetDefault();
 301:Generated_Source\PSoC4/cyfitter_cfg.c **** 
 302:Generated_Source\PSoC4/cyfitter_cfg.c **** }
 231              		.loc 1 302 0
 232              		@ sp needed
 233              	.LVL12:
 234 00e6 10BD     		pop	{r4, pc}
 235              	.L9:
 236              		.align	2
 237              	.L8:
 238 00e8 00000000 		.word	.LANCHOR0
 239 00ec 00000140 		.word	1073807360
 240 00f0 0C000140 		.word	1073807372
 241 00f4 00500F40 		.word	1074745344
 242 00f8 30500F40 		.word	1074745392
 243 00fc 00700F40 		.word	1074753536
 244 0100 00000440 		.word	1074003968
 245 0104 08000440 		.word	1074003976
 246 0108 18000440 		.word	1074003992
 247 010c 08030440 		.word	1074004744
 248              		.cfi_endproc
 249              	.LFE5:
 250              		.size	cyfitter_cfg, .-cyfitter_cfg
 251              		.section	.rodata
 252              		.align	2
 253              		.set	.LANCHOR0,. + 0
 254              		.type	cfg_memset_list.4847, %object
 255              		.size	cfg_memset_list.4847, 12
 256              	cfg_memset_list.4847:
 257 0000 00300F40 		.word	1074737152
 258 0004 0004     		.short	1024
 259 0006 00400F40 		.4byte	1074741248
 260 000a 0004     		.short	1024
 261              		.text
 262              	.Letext0:
 263              		.file 2 "d:\\psoc creator\\4.4\\psoc creator\\import\\gnu\\arm\\5.4.1\\lib\\gcc\\arm-none-eabi\\5.
 264              		.file 3 "Generated_Source\\PSoC4\\cytypes.h"
 265              		.file 4 "Generated_Source\\PSoC4\\CyLib.h"
 266              		.section	.debug_info,"",%progbits
ARM GAS  C:\Users\Zeynep\AppData\Local\Temp\ccdOLpIc.s 			page 11


 267              	.Ldebug_info0:
 268 0000 75020000 		.4byte	0x275
 269 0004 0400     		.2byte	0x4
 270 0006 00000000 		.4byte	.Ldebug_abbrev0
 271 000a 04       		.byte	0x4
 272 000b 01       		.uleb128 0x1
 273 000c EB000000 		.4byte	.LASF29
 274 0010 0C       		.byte	0xc
 275 0011 10020000 		.4byte	.LASF30
 276 0015 86010000 		.4byte	.LASF31
 277 0019 00000000 		.4byte	.Ldebug_ranges0+0
 278 001d 00000000 		.4byte	0
 279 0021 00000000 		.4byte	.Ldebug_line0
 280 0025 02       		.uleb128 0x2
 281 0026 04       		.byte	0x4
 282 0027 05       		.byte	0x5
 283 0028 696E7400 		.ascii	"int\000"
 284 002c 03       		.uleb128 0x3
 285 002d 06000000 		.4byte	.LASF12
 286 0031 02       		.byte	0x2
 287 0032 D8       		.byte	0xd8
 288 0033 37000000 		.4byte	0x37
 289 0037 04       		.uleb128 0x4
 290 0038 04       		.byte	0x4
 291 0039 07       		.byte	0x7
 292 003a B2000000 		.4byte	.LASF0
 293 003e 04       		.uleb128 0x4
 294 003f 08       		.byte	0x8
 295 0040 05       		.byte	0x5
 296 0041 BD010000 		.4byte	.LASF1
 297 0045 04       		.uleb128 0x4
 298 0046 08       		.byte	0x8
 299 0047 04       		.byte	0x4
 300 0048 F8010000 		.4byte	.LASF2
 301 004c 04       		.uleb128 0x4
 302 004d 01       		.byte	0x1
 303 004e 06       		.byte	0x6
 304 004f 04020000 		.4byte	.LASF3
 305 0053 04       		.uleb128 0x4
 306 0054 01       		.byte	0x1
 307 0055 08       		.byte	0x8
 308 0056 7C000000 		.4byte	.LASF4
 309 005a 04       		.uleb128 0x4
 310 005b 02       		.byte	0x2
 311 005c 05       		.byte	0x5
 312 005d D0010000 		.4byte	.LASF5
 313 0061 04       		.uleb128 0x4
 314 0062 02       		.byte	0x2
 315 0063 07       		.byte	0x7
 316 0064 37000000 		.4byte	.LASF6
 317 0068 04       		.uleb128 0x4
 318 0069 04       		.byte	0x4
 319 006a 05       		.byte	0x5
 320 006b EF010000 		.4byte	.LASF7
 321 006f 04       		.uleb128 0x4
 322 0070 04       		.byte	0x4
 323 0071 07       		.byte	0x7
ARM GAS  C:\Users\Zeynep\AppData\Local\Temp\ccdOLpIc.s 			page 12


 324 0072 5A000000 		.4byte	.LASF8
 325 0076 04       		.uleb128 0x4
 326 0077 08       		.byte	0x8
 327 0078 07       		.byte	0x7
 328 0079 D4000000 		.4byte	.LASF9
 329 007d 04       		.uleb128 0x4
 330 007e 04       		.byte	0x4
 331 007f 07       		.byte	0x7
 332 0080 B4010000 		.4byte	.LASF10
 333 0084 05       		.uleb128 0x5
 334 0085 04       		.byte	0x4
 335 0086 04       		.uleb128 0x4
 336 0087 01       		.byte	0x1
 337 0088 08       		.byte	0x8
 338 0089 CB010000 		.4byte	.LASF11
 339 008d 06       		.uleb128 0x6
 340 008e 6C000000 		.4byte	.LASF13
 341 0092 03       		.byte	0x3
 342 0093 FB01     		.2byte	0x1fb
 343 0095 53000000 		.4byte	0x53
 344 0099 06       		.uleb128 0x6
 345 009a A4000000 		.4byte	.LASF14
 346 009e 03       		.byte	0x3
 347 009f FC01     		.2byte	0x1fc
 348 00a1 61000000 		.4byte	0x61
 349 00a5 06       		.uleb128 0x6
 350 00a6 AB000000 		.4byte	.LASF15
 351 00aa 03       		.byte	0x3
 352 00ab FD01     		.2byte	0x1fd
 353 00ad 6F000000 		.4byte	0x6f
 354 00b1 04       		.uleb128 0x4
 355 00b2 04       		.byte	0x4
 356 00b3 04       		.byte	0x4
 357 00b4 4A000000 		.4byte	.LASF16
 358 00b8 04       		.uleb128 0x4
 359 00b9 08       		.byte	0x8
 360 00ba 04       		.byte	0x4
 361 00bb 91000000 		.4byte	.LASF17
 362 00bf 06       		.uleb128 0x6
 363 00c0 55000000 		.4byte	.LASF18
 364 00c4 03       		.byte	0x3
 365 00c5 A502     		.2byte	0x2a5
 366 00c7 CB000000 		.4byte	0xcb
 367 00cb 07       		.uleb128 0x7
 368 00cc 8D000000 		.4byte	0x8d
 369 00d0 06       		.uleb128 0x6
 370 00d1 00000000 		.4byte	.LASF19
 371 00d5 03       		.byte	0x3
 372 00d6 A702     		.2byte	0x2a7
 373 00d8 DC000000 		.4byte	0xdc
 374 00dc 07       		.uleb128 0x7
 375 00dd A5000000 		.4byte	0xa5
 376 00e1 08       		.uleb128 0x8
 377 00e2 72000000 		.4byte	.LASF20
 378 00e6 01       		.byte	0x1
 379 00e7 4C       		.byte	0x4c
 380 00e8 00000000 		.4byte	.LFB0
ARM GAS  C:\Users\Zeynep\AppData\Local\Temp\ccdOLpIc.s 			page 13


 381 00ec 0C000000 		.4byte	.LFE0-.LFB0
 382 00f0 01       		.uleb128 0x1
 383 00f1 9C       		.byte	0x9c
 384 00f2 2E010000 		.4byte	0x12e
 385 00f6 09       		.uleb128 0x9
 386 00f7 7300     		.ascii	"s\000"
 387 00f9 01       		.byte	0x1
 388 00fa 4C       		.byte	0x4c
 389 00fb 84000000 		.4byte	0x84
 390 00ff 00000000 		.4byte	.LLST0
 391 0103 09       		.uleb128 0x9
 392 0104 6E00     		.ascii	"n\000"
 393 0106 01       		.byte	0x1
 394 0107 4C       		.byte	0x4c
 395 0108 2C000000 		.4byte	0x2c
 396 010c 21000000 		.4byte	.LLST1
 397 0110 0A       		.uleb128 0xa
 398 0111 0A000000 		.4byte	.LVL2
 399 0115 4E020000 		.4byte	0x24e
 400 0119 0B       		.uleb128 0xb
 401 011a 01       		.uleb128 0x1
 402 011b 50       		.byte	0x50
 403 011c 03       		.uleb128 0x3
 404 011d F3       		.byte	0xf3
 405 011e 01       		.uleb128 0x1
 406 011f 50       		.byte	0x50
 407 0120 0B       		.uleb128 0xb
 408 0121 01       		.uleb128 0x1
 409 0122 51       		.byte	0x51
 410 0123 01       		.uleb128 0x1
 411 0124 30       		.byte	0x30
 412 0125 0B       		.uleb128 0xb
 413 0126 01       		.uleb128 0x1
 414 0127 52       		.byte	0x52
 415 0128 03       		.uleb128 0x3
 416 0129 F3       		.byte	0xf3
 417 012a 01       		.uleb128 0x1
 418 012b 51       		.byte	0x51
 419 012c 00       		.byte	0
 420 012d 00       		.byte	0
 421 012e 08       		.uleb128 0x8
 422 012f 2C000000 		.4byte	.LASF21
 423 0133 01       		.byte	0x1
 424 0134 AA       		.byte	0xaa
 425 0135 00000000 		.4byte	.LFB3
 426 0139 78000000 		.4byte	.LFE3-.LFB3
 427 013d 01       		.uleb128 0x1
 428 013e 9C       		.byte	0x9c
 429 013f 79010000 		.4byte	0x179
 430 0143 0C       		.uleb128 0xc
 431 0144 14000000 		.4byte	.LVL3
 432 0148 57020000 		.4byte	0x257
 433 014c 56010000 		.4byte	0x156
 434 0150 0B       		.uleb128 0xb
 435 0151 01       		.uleb128 0x1
 436 0152 50       		.byte	0x50
 437 0153 01       		.uleb128 0x1
ARM GAS  C:\Users\Zeynep\AppData\Local\Temp\ccdOLpIc.s 			page 14


 438 0154 48       		.byte	0x48
 439 0155 00       		.byte	0
 440 0156 0C       		.uleb128 0xc
 441 0157 42000000 		.4byte	.LVL4
 442 015b 62020000 		.4byte	0x262
 443 015f 69010000 		.4byte	0x169
 444 0163 0B       		.uleb128 0xb
 445 0164 01       		.uleb128 0x1
 446 0165 50       		.byte	0x50
 447 0166 01       		.uleb128 0x1
 448 0167 39       		.byte	0x39
 449 0168 00       		.byte	0
 450 0169 0A       		.uleb128 0xa
 451 016a 48000000 		.4byte	.LVL5
 452 016e 6D020000 		.4byte	0x26d
 453 0172 0B       		.uleb128 0xb
 454 0173 01       		.uleb128 0x1
 455 0174 50       		.byte	0x50
 456 0175 01       		.uleb128 0x1
 457 0176 39       		.byte	0x39
 458 0177 00       		.byte	0
 459 0178 00       		.byte	0
 460 0179 0D       		.uleb128 0xd
 461 017a BF000000 		.4byte	.LASF32
 462 017e 01       		.byte	0x1
 463 017f F5       		.byte	0xf5
 464 0180 78000000 		.4byte	.LFB5
 465 0184 98000000 		.4byte	.LFE5-.LFB5
 466 0188 01       		.uleb128 0x1
 467 0189 9C       		.byte	0x9c
 468 018a 4E020000 		.4byte	0x24e
 469 018e 0E       		.uleb128 0xe
 470 018f 7C000000 		.4byte	.LBB2
 471 0193 4C000000 		.4byte	.LBE2-.LBB2
 472 0197 44020000 		.4byte	0x244
 473 019b 0F       		.uleb128 0xf
 474 019c 06       		.byte	0x6
 475 019d 01       		.byte	0x1
 476 019e FC       		.byte	0xfc
 477 019f BC010000 		.4byte	0x1bc
 478 01a3 10       		.uleb128 0x10
 479 01a4 CC000000 		.4byte	.LASF22
 480 01a8 01       		.byte	0x1
 481 01a9 FD       		.byte	0xfd
 482 01aa 84000000 		.4byte	0x84
 483 01ae 00       		.byte	0
 484 01af 10       		.uleb128 0x10
 485 01b0 50000000 		.4byte	.LASF23
 486 01b4 01       		.byte	0x1
 487 01b5 FE       		.byte	0xfe
 488 01b6 99000000 		.4byte	0x99
 489 01ba 04       		.byte	0x4
 490 01bb 00       		.byte	0
 491 01bc 03       		.uleb128 0x3
 492 01bd 79010000 		.4byte	.LASF24
 493 01c1 01       		.byte	0x1
 494 01c2 FF       		.byte	0xff
ARM GAS  C:\Users\Zeynep\AppData\Local\Temp\ccdOLpIc.s 			page 15


 495 01c3 9B010000 		.4byte	0x19b
 496 01c7 11       		.uleb128 0x11
 497 01c8 D7010000 		.4byte	0x1d7
 498 01cc D7010000 		.4byte	0x1d7
 499 01d0 12       		.uleb128 0x12
 500 01d1 7D000000 		.4byte	0x7d
 501 01d5 01       		.byte	0x1
 502 01d6 00       		.byte	0
 503 01d7 13       		.uleb128 0x13
 504 01d8 BC010000 		.4byte	0x1bc
 505 01dc 14       		.uleb128 0x14
 506 01dd 1C000000 		.4byte	.LASF25
 507 01e1 01       		.byte	0x1
 508 01e2 0101     		.2byte	0x101
 509 01e4 EE010000 		.4byte	0x1ee
 510 01e8 05       		.uleb128 0x5
 511 01e9 03       		.byte	0x3
 512 01ea 00000000 		.4byte	cfg_memset_list.4847
 513 01ee 13       		.uleb128 0x13
 514 01ef C7010000 		.4byte	0x1c7
 515 01f3 15       		.uleb128 0x15
 516 01f4 6900     		.ascii	"i\000"
 517 01f6 01       		.byte	0x1
 518 01f7 0701     		.2byte	0x107
 519 01f9 8D000000 		.4byte	0x8d
 520 01fd 4D000000 		.4byte	.LLST2
 521 0201 16       		.uleb128 0x16
 522 0202 80000000 		.4byte	.LBB3
 523 0206 1C000000 		.4byte	.LBE3-.LBB3
 524 020a 15       		.uleb128 0x15
 525 020b 6D7300   		.ascii	"ms\000"
 526 020e 01       		.byte	0x1
 527 020f 0C01     		.2byte	0x10c
 528 0211 19020000 		.4byte	0x219
 529 0215 77000000 		.4byte	.LLST3
 530 0219 17       		.uleb128 0x17
 531 021a 04       		.byte	0x4
 532 021b D7010000 		.4byte	0x1d7
 533 021f 0A       		.uleb128 0xa
 534 0220 9C000000 		.4byte	.LVL8
 535 0224 E1000000 		.4byte	0xe1
 536 0228 0B       		.uleb128 0xb
 537 0229 01       		.uleb128 0x1
 538 022a 51       		.byte	0x51
 539 022b 15       		.uleb128 0x15
 540 022c 74       		.byte	0x74
 541 022d 00       		.sleb128 0
 542 022e 31       		.byte	0x31
 543 022f 24       		.byte	0x24
 544 0230 74       		.byte	0x74
 545 0231 00       		.sleb128 0
 546 0232 22       		.byte	0x22
 547 0233 31       		.byte	0x31
 548 0234 24       		.byte	0x24
 549 0235 03       		.byte	0x3
 550 0236 04000000 		.4byte	.LANCHOR0+4
 551 023a 22       		.byte	0x22
ARM GAS  C:\Users\Zeynep\AppData\Local\Temp\ccdOLpIc.s 			page 16


 552 023b 94       		.byte	0x94
 553 023c 02       		.byte	0x2
 554 023d 0A       		.byte	0xa
 555 023e FFFF     		.2byte	0xffff
 556 0240 1A       		.byte	0x1a
 557 0241 00       		.byte	0
 558 0242 00       		.byte	0
 559 0243 00       		.byte	0
 560 0244 18       		.uleb128 0x18
 561 0245 E6000000 		.4byte	.LVL11
 562 0249 2E010000 		.4byte	0x12e
 563 024d 00       		.byte	0
 564 024e 19       		.uleb128 0x19
 565 024f 8A000000 		.4byte	.LASF33
 566 0253 8A000000 		.4byte	.LASF33
 567 0257 1A       		.uleb128 0x1a
 568 0258 DA010000 		.4byte	.LASF26
 569 025c DA010000 		.4byte	.LASF26
 570 0260 04       		.byte	0x4
 571 0261 6C       		.byte	0x6c
 572 0262 1A       		.uleb128 0x1a
 573 0263 0D000000 		.4byte	.LASF27
 574 0267 0D000000 		.4byte	.LASF27
 575 026b 04       		.byte	0x4
 576 026c D0       		.byte	0xd0
 577 026d 1A       		.uleb128 0x1a
 578 026e 98000000 		.4byte	.LASF28
 579 0272 98000000 		.4byte	.LASF28
 580 0276 04       		.byte	0x4
 581 0277 D6       		.byte	0xd6
 582 0278 00       		.byte	0
 583              		.section	.debug_abbrev,"",%progbits
 584              	.Ldebug_abbrev0:
 585 0000 01       		.uleb128 0x1
 586 0001 11       		.uleb128 0x11
 587 0002 01       		.byte	0x1
 588 0003 25       		.uleb128 0x25
 589 0004 0E       		.uleb128 0xe
 590 0005 13       		.uleb128 0x13
 591 0006 0B       		.uleb128 0xb
 592 0007 03       		.uleb128 0x3
 593 0008 0E       		.uleb128 0xe
 594 0009 1B       		.uleb128 0x1b
 595 000a 0E       		.uleb128 0xe
 596 000b 55       		.uleb128 0x55
 597 000c 17       		.uleb128 0x17
 598 000d 11       		.uleb128 0x11
 599 000e 01       		.uleb128 0x1
 600 000f 10       		.uleb128 0x10
 601 0010 17       		.uleb128 0x17
 602 0011 00       		.byte	0
 603 0012 00       		.byte	0
 604 0013 02       		.uleb128 0x2
 605 0014 24       		.uleb128 0x24
 606 0015 00       		.byte	0
 607 0016 0B       		.uleb128 0xb
 608 0017 0B       		.uleb128 0xb
ARM GAS  C:\Users\Zeynep\AppData\Local\Temp\ccdOLpIc.s 			page 17


 609 0018 3E       		.uleb128 0x3e
 610 0019 0B       		.uleb128 0xb
 611 001a 03       		.uleb128 0x3
 612 001b 08       		.uleb128 0x8
 613 001c 00       		.byte	0
 614 001d 00       		.byte	0
 615 001e 03       		.uleb128 0x3
 616 001f 16       		.uleb128 0x16
 617 0020 00       		.byte	0
 618 0021 03       		.uleb128 0x3
 619 0022 0E       		.uleb128 0xe
 620 0023 3A       		.uleb128 0x3a
 621 0024 0B       		.uleb128 0xb
 622 0025 3B       		.uleb128 0x3b
 623 0026 0B       		.uleb128 0xb
 624 0027 49       		.uleb128 0x49
 625 0028 13       		.uleb128 0x13
 626 0029 00       		.byte	0
 627 002a 00       		.byte	0
 628 002b 04       		.uleb128 0x4
 629 002c 24       		.uleb128 0x24
 630 002d 00       		.byte	0
 631 002e 0B       		.uleb128 0xb
 632 002f 0B       		.uleb128 0xb
 633 0030 3E       		.uleb128 0x3e
 634 0031 0B       		.uleb128 0xb
 635 0032 03       		.uleb128 0x3
 636 0033 0E       		.uleb128 0xe
 637 0034 00       		.byte	0
 638 0035 00       		.byte	0
 639 0036 05       		.uleb128 0x5
 640 0037 0F       		.uleb128 0xf
 641 0038 00       		.byte	0
 642 0039 0B       		.uleb128 0xb
 643 003a 0B       		.uleb128 0xb
 644 003b 00       		.byte	0
 645 003c 00       		.byte	0
 646 003d 06       		.uleb128 0x6
 647 003e 16       		.uleb128 0x16
 648 003f 00       		.byte	0
 649 0040 03       		.uleb128 0x3
 650 0041 0E       		.uleb128 0xe
 651 0042 3A       		.uleb128 0x3a
 652 0043 0B       		.uleb128 0xb
 653 0044 3B       		.uleb128 0x3b
 654 0045 05       		.uleb128 0x5
 655 0046 49       		.uleb128 0x49
 656 0047 13       		.uleb128 0x13
 657 0048 00       		.byte	0
 658 0049 00       		.byte	0
 659 004a 07       		.uleb128 0x7
 660 004b 35       		.uleb128 0x35
 661 004c 00       		.byte	0
 662 004d 49       		.uleb128 0x49
 663 004e 13       		.uleb128 0x13
 664 004f 00       		.byte	0
 665 0050 00       		.byte	0
ARM GAS  C:\Users\Zeynep\AppData\Local\Temp\ccdOLpIc.s 			page 18


 666 0051 08       		.uleb128 0x8
 667 0052 2E       		.uleb128 0x2e
 668 0053 01       		.byte	0x1
 669 0054 03       		.uleb128 0x3
 670 0055 0E       		.uleb128 0xe
 671 0056 3A       		.uleb128 0x3a
 672 0057 0B       		.uleb128 0xb
 673 0058 3B       		.uleb128 0x3b
 674 0059 0B       		.uleb128 0xb
 675 005a 27       		.uleb128 0x27
 676 005b 19       		.uleb128 0x19
 677 005c 11       		.uleb128 0x11
 678 005d 01       		.uleb128 0x1
 679 005e 12       		.uleb128 0x12
 680 005f 06       		.uleb128 0x6
 681 0060 40       		.uleb128 0x40
 682 0061 18       		.uleb128 0x18
 683 0062 9742     		.uleb128 0x2117
 684 0064 19       		.uleb128 0x19
 685 0065 01       		.uleb128 0x1
 686 0066 13       		.uleb128 0x13
 687 0067 00       		.byte	0
 688 0068 00       		.byte	0
 689 0069 09       		.uleb128 0x9
 690 006a 05       		.uleb128 0x5
 691 006b 00       		.byte	0
 692 006c 03       		.uleb128 0x3
 693 006d 08       		.uleb128 0x8
 694 006e 3A       		.uleb128 0x3a
 695 006f 0B       		.uleb128 0xb
 696 0070 3B       		.uleb128 0x3b
 697 0071 0B       		.uleb128 0xb
 698 0072 49       		.uleb128 0x49
 699 0073 13       		.uleb128 0x13
 700 0074 02       		.uleb128 0x2
 701 0075 17       		.uleb128 0x17
 702 0076 00       		.byte	0
 703 0077 00       		.byte	0
 704 0078 0A       		.uleb128 0xa
 705 0079 898201   		.uleb128 0x4109
 706 007c 01       		.byte	0x1
 707 007d 11       		.uleb128 0x11
 708 007e 01       		.uleb128 0x1
 709 007f 31       		.uleb128 0x31
 710 0080 13       		.uleb128 0x13
 711 0081 00       		.byte	0
 712 0082 00       		.byte	0
 713 0083 0B       		.uleb128 0xb
 714 0084 8A8201   		.uleb128 0x410a
 715 0087 00       		.byte	0
 716 0088 02       		.uleb128 0x2
 717 0089 18       		.uleb128 0x18
 718 008a 9142     		.uleb128 0x2111
 719 008c 18       		.uleb128 0x18
 720 008d 00       		.byte	0
 721 008e 00       		.byte	0
 722 008f 0C       		.uleb128 0xc
ARM GAS  C:\Users\Zeynep\AppData\Local\Temp\ccdOLpIc.s 			page 19


 723 0090 898201   		.uleb128 0x4109
 724 0093 01       		.byte	0x1
 725 0094 11       		.uleb128 0x11
 726 0095 01       		.uleb128 0x1
 727 0096 31       		.uleb128 0x31
 728 0097 13       		.uleb128 0x13
 729 0098 01       		.uleb128 0x1
 730 0099 13       		.uleb128 0x13
 731 009a 00       		.byte	0
 732 009b 00       		.byte	0
 733 009c 0D       		.uleb128 0xd
 734 009d 2E       		.uleb128 0x2e
 735 009e 01       		.byte	0x1
 736 009f 3F       		.uleb128 0x3f
 737 00a0 19       		.uleb128 0x19
 738 00a1 03       		.uleb128 0x3
 739 00a2 0E       		.uleb128 0xe
 740 00a3 3A       		.uleb128 0x3a
 741 00a4 0B       		.uleb128 0xb
 742 00a5 3B       		.uleb128 0x3b
 743 00a6 0B       		.uleb128 0xb
 744 00a7 27       		.uleb128 0x27
 745 00a8 19       		.uleb128 0x19
 746 00a9 11       		.uleb128 0x11
 747 00aa 01       		.uleb128 0x1
 748 00ab 12       		.uleb128 0x12
 749 00ac 06       		.uleb128 0x6
 750 00ad 40       		.uleb128 0x40
 751 00ae 18       		.uleb128 0x18
 752 00af 9742     		.uleb128 0x2117
 753 00b1 19       		.uleb128 0x19
 754 00b2 01       		.uleb128 0x1
 755 00b3 13       		.uleb128 0x13
 756 00b4 00       		.byte	0
 757 00b5 00       		.byte	0
 758 00b6 0E       		.uleb128 0xe
 759 00b7 0B       		.uleb128 0xb
 760 00b8 01       		.byte	0x1
 761 00b9 11       		.uleb128 0x11
 762 00ba 01       		.uleb128 0x1
 763 00bb 12       		.uleb128 0x12
 764 00bc 06       		.uleb128 0x6
 765 00bd 01       		.uleb128 0x1
 766 00be 13       		.uleb128 0x13
 767 00bf 00       		.byte	0
 768 00c0 00       		.byte	0
 769 00c1 0F       		.uleb128 0xf
 770 00c2 13       		.uleb128 0x13
 771 00c3 01       		.byte	0x1
 772 00c4 0B       		.uleb128 0xb
 773 00c5 0B       		.uleb128 0xb
 774 00c6 3A       		.uleb128 0x3a
 775 00c7 0B       		.uleb128 0xb
 776 00c8 3B       		.uleb128 0x3b
 777 00c9 0B       		.uleb128 0xb
 778 00ca 01       		.uleb128 0x1
 779 00cb 13       		.uleb128 0x13
ARM GAS  C:\Users\Zeynep\AppData\Local\Temp\ccdOLpIc.s 			page 20


 780 00cc 00       		.byte	0
 781 00cd 00       		.byte	0
 782 00ce 10       		.uleb128 0x10
 783 00cf 0D       		.uleb128 0xd
 784 00d0 00       		.byte	0
 785 00d1 03       		.uleb128 0x3
 786 00d2 0E       		.uleb128 0xe
 787 00d3 3A       		.uleb128 0x3a
 788 00d4 0B       		.uleb128 0xb
 789 00d5 3B       		.uleb128 0x3b
 790 00d6 0B       		.uleb128 0xb
 791 00d7 49       		.uleb128 0x49
 792 00d8 13       		.uleb128 0x13
 793 00d9 38       		.uleb128 0x38
 794 00da 0B       		.uleb128 0xb
 795 00db 00       		.byte	0
 796 00dc 00       		.byte	0
 797 00dd 11       		.uleb128 0x11
 798 00de 01       		.uleb128 0x1
 799 00df 01       		.byte	0x1
 800 00e0 49       		.uleb128 0x49
 801 00e1 13       		.uleb128 0x13
 802 00e2 01       		.uleb128 0x1
 803 00e3 13       		.uleb128 0x13
 804 00e4 00       		.byte	0
 805 00e5 00       		.byte	0
 806 00e6 12       		.uleb128 0x12
 807 00e7 21       		.uleb128 0x21
 808 00e8 00       		.byte	0
 809 00e9 49       		.uleb128 0x49
 810 00ea 13       		.uleb128 0x13
 811 00eb 2F       		.uleb128 0x2f
 812 00ec 0B       		.uleb128 0xb
 813 00ed 00       		.byte	0
 814 00ee 00       		.byte	0
 815 00ef 13       		.uleb128 0x13
 816 00f0 26       		.uleb128 0x26
 817 00f1 00       		.byte	0
 818 00f2 49       		.uleb128 0x49
 819 00f3 13       		.uleb128 0x13
 820 00f4 00       		.byte	0
 821 00f5 00       		.byte	0
 822 00f6 14       		.uleb128 0x14
 823 00f7 34       		.uleb128 0x34
 824 00f8 00       		.byte	0
 825 00f9 03       		.uleb128 0x3
 826 00fa 0E       		.uleb128 0xe
 827 00fb 3A       		.uleb128 0x3a
 828 00fc 0B       		.uleb128 0xb
 829 00fd 3B       		.uleb128 0x3b
 830 00fe 05       		.uleb128 0x5
 831 00ff 49       		.uleb128 0x49
 832 0100 13       		.uleb128 0x13
 833 0101 02       		.uleb128 0x2
 834 0102 18       		.uleb128 0x18
 835 0103 00       		.byte	0
 836 0104 00       		.byte	0
ARM GAS  C:\Users\Zeynep\AppData\Local\Temp\ccdOLpIc.s 			page 21


 837 0105 15       		.uleb128 0x15
 838 0106 34       		.uleb128 0x34
 839 0107 00       		.byte	0
 840 0108 03       		.uleb128 0x3
 841 0109 08       		.uleb128 0x8
 842 010a 3A       		.uleb128 0x3a
 843 010b 0B       		.uleb128 0xb
 844 010c 3B       		.uleb128 0x3b
 845 010d 05       		.uleb128 0x5
 846 010e 49       		.uleb128 0x49
 847 010f 13       		.uleb128 0x13
 848 0110 02       		.uleb128 0x2
 849 0111 17       		.uleb128 0x17
 850 0112 00       		.byte	0
 851 0113 00       		.byte	0
 852 0114 16       		.uleb128 0x16
 853 0115 0B       		.uleb128 0xb
 854 0116 01       		.byte	0x1
 855 0117 11       		.uleb128 0x11
 856 0118 01       		.uleb128 0x1
 857 0119 12       		.uleb128 0x12
 858 011a 06       		.uleb128 0x6
 859 011b 00       		.byte	0
 860 011c 00       		.byte	0
 861 011d 17       		.uleb128 0x17
 862 011e 0F       		.uleb128 0xf
 863 011f 00       		.byte	0
 864 0120 0B       		.uleb128 0xb
 865 0121 0B       		.uleb128 0xb
 866 0122 49       		.uleb128 0x49
 867 0123 13       		.uleb128 0x13
 868 0124 00       		.byte	0
 869 0125 00       		.byte	0
 870 0126 18       		.uleb128 0x18
 871 0127 898201   		.uleb128 0x4109
 872 012a 00       		.byte	0
 873 012b 11       		.uleb128 0x11
 874 012c 01       		.uleb128 0x1
 875 012d 31       		.uleb128 0x31
 876 012e 13       		.uleb128 0x13
 877 012f 00       		.byte	0
 878 0130 00       		.byte	0
 879 0131 19       		.uleb128 0x19
 880 0132 2E       		.uleb128 0x2e
 881 0133 00       		.byte	0
 882 0134 3F       		.uleb128 0x3f
 883 0135 19       		.uleb128 0x19
 884 0136 3C       		.uleb128 0x3c
 885 0137 19       		.uleb128 0x19
 886 0138 6E       		.uleb128 0x6e
 887 0139 0E       		.uleb128 0xe
 888 013a 03       		.uleb128 0x3
 889 013b 0E       		.uleb128 0xe
 890 013c 00       		.byte	0
 891 013d 00       		.byte	0
 892 013e 1A       		.uleb128 0x1a
 893 013f 2E       		.uleb128 0x2e
ARM GAS  C:\Users\Zeynep\AppData\Local\Temp\ccdOLpIc.s 			page 22


 894 0140 00       		.byte	0
 895 0141 3F       		.uleb128 0x3f
 896 0142 19       		.uleb128 0x19
 897 0143 3C       		.uleb128 0x3c
 898 0144 19       		.uleb128 0x19
 899 0145 6E       		.uleb128 0x6e
 900 0146 0E       		.uleb128 0xe
 901 0147 03       		.uleb128 0x3
 902 0148 0E       		.uleb128 0xe
 903 0149 3A       		.uleb128 0x3a
 904 014a 0B       		.uleb128 0xb
 905 014b 3B       		.uleb128 0x3b
 906 014c 0B       		.uleb128 0xb
 907 014d 00       		.byte	0
 908 014e 00       		.byte	0
 909 014f 00       		.byte	0
 910              		.section	.debug_loc,"",%progbits
 911              	.Ldebug_loc0:
 912              	.LLST0:
 913 0000 00000000 		.4byte	.LVL0
 914 0004 09000000 		.4byte	.LVL2-1
 915 0008 0100     		.2byte	0x1
 916 000a 50       		.byte	0x50
 917 000b 09000000 		.4byte	.LVL2-1
 918 000f 0C000000 		.4byte	.LFE0
 919 0013 0400     		.2byte	0x4
 920 0015 F3       		.byte	0xf3
 921 0016 01       		.uleb128 0x1
 922 0017 50       		.byte	0x50
 923 0018 9F       		.byte	0x9f
 924 0019 00000000 		.4byte	0
 925 001d 00000000 		.4byte	0
 926              	.LLST1:
 927 0021 00000000 		.4byte	.LVL0
 928 0025 06000000 		.4byte	.LVL1
 929 0029 0100     		.2byte	0x1
 930 002b 51       		.byte	0x51
 931 002c 06000000 		.4byte	.LVL1
 932 0030 09000000 		.4byte	.LVL2-1
 933 0034 0100     		.2byte	0x1
 934 0036 52       		.byte	0x52
 935 0037 09000000 		.4byte	.LVL2-1
 936 003b 0C000000 		.4byte	.LFE0
 937 003f 0400     		.2byte	0x4
 938 0041 F3       		.byte	0xf3
 939 0042 01       		.uleb128 0x1
 940 0043 51       		.byte	0x51
 941 0044 9F       		.byte	0x9f
 942 0045 00000000 		.4byte	0
 943 0049 00000000 		.4byte	0
 944              	.LLST2:
 945 004d 7C000000 		.4byte	.LVL6
 946 0051 80000000 		.4byte	.LVL7
 947 0055 0200     		.2byte	0x2
 948 0057 30       		.byte	0x30
 949 0058 9F       		.byte	0x9f
 950 0059 80000000 		.4byte	.LVL7
ARM GAS  C:\Users\Zeynep\AppData\Local\Temp\ccdOLpIc.s 			page 23


 951 005d 9E000000 		.4byte	.LVL9
 952 0061 0100     		.2byte	0x1
 953 0063 54       		.byte	0x54
 954 0064 A0000000 		.4byte	.LVL10
 955 0068 E6000000 		.4byte	.LVL12
 956 006c 0100     		.2byte	0x1
 957 006e 54       		.byte	0x54
 958 006f 00000000 		.4byte	0
 959 0073 00000000 		.4byte	0
 960              	.LLST3:
 961 0077 80000000 		.4byte	.LVL7
 962 007b 9E000000 		.4byte	.LVL9
 963 007f 0B00     		.2byte	0xb
 964 0081 74       		.byte	0x74
 965 0082 00       		.sleb128 0
 966 0083 36       		.byte	0x36
 967 0084 1E       		.byte	0x1e
 968 0085 03       		.byte	0x3
 969 0086 00000000 		.4byte	cfg_memset_list.4847
 970 008a 22       		.byte	0x22
 971 008b 9F       		.byte	0x9f
 972 008c 9E000000 		.4byte	.LVL9
 973 0090 A0000000 		.4byte	.LVL10
 974 0094 0B00     		.2byte	0xb
 975 0096 74       		.byte	0x74
 976 0097 7F       		.sleb128 -1
 977 0098 36       		.byte	0x36
 978 0099 1E       		.byte	0x1e
 979 009a 03       		.byte	0x3
 980 009b 00000000 		.4byte	cfg_memset_list.4847
 981 009f 22       		.byte	0x22
 982 00a0 9F       		.byte	0x9f
 983 00a1 00000000 		.4byte	0
 984 00a5 00000000 		.4byte	0
 985              		.section	.debug_aranges,"",%progbits
 986 0000 2C000000 		.4byte	0x2c
 987 0004 0200     		.2byte	0x2
 988 0006 00000000 		.4byte	.Ldebug_info0
 989 000a 04       		.byte	0x4
 990 000b 00       		.byte	0
 991 000c 0000     		.2byte	0
 992 000e 0000     		.2byte	0
 993 0010 00000000 		.4byte	.LFB0
 994 0014 0C000000 		.4byte	.LFE0-.LFB0
 995 0018 00000000 		.4byte	.LFB3
 996 001c 78000000 		.4byte	.LFE3-.LFB3
 997 0020 78000000 		.4byte	.LFB5
 998 0024 98000000 		.4byte	.LFE5-.LFB5
 999 0028 00000000 		.4byte	0
 1000 002c 00000000 		.4byte	0
 1001              		.section	.debug_ranges,"",%progbits
 1002              	.Ldebug_ranges0:
 1003 0000 00000000 		.4byte	.LFB0
 1004 0004 0C000000 		.4byte	.LFE0
 1005 0008 00000000 		.4byte	.LFB3
 1006 000c 78000000 		.4byte	.LFE3
 1007 0010 78000000 		.4byte	.LFB5
ARM GAS  C:\Users\Zeynep\AppData\Local\Temp\ccdOLpIc.s 			page 24


 1008 0014 10010000 		.4byte	.LFE5
 1009 0018 00000000 		.4byte	0
 1010 001c 00000000 		.4byte	0
 1011              		.section	.debug_line,"",%progbits
 1012              	.Ldebug_line0:
 1013 0000 12010000 		.section	.debug_str,"MS",%progbits,1
 1013      0200BA00 
 1013      00000201 
 1013      FB0E0D00 
 1013      01010101 
 1014              	.LASF19:
 1015 0000 72656733 		.ascii	"reg32\000"
 1015      3200
 1016              	.LASF12:
 1017 0006 73697A65 		.ascii	"size_t\000"
 1017      5F7400
 1018              	.LASF27:
 1019 000d 4379496E 		.ascii	"CyIntSetVector\000"
 1019      74536574 
 1019      56656374 
 1019      6F7200
 1020              	.LASF25:
 1021 001c 6366675F 		.ascii	"cfg_memset_list\000"
 1021      6D656D73 
 1021      65745F6C 
 1021      69737400 
 1022              	.LASF21:
 1023 002c 436C6F63 		.ascii	"ClockSetup\000"
 1023      6B536574 
 1023      757000
 1024              	.LASF6:
 1025 0037 73686F72 		.ascii	"short unsigned int\000"
 1025      7420756E 
 1025      7369676E 
 1025      65642069 
 1025      6E7400
 1026              	.LASF16:
 1027 004a 666C6F61 		.ascii	"float\000"
 1027      7400
 1028              	.LASF23:
 1029 0050 73697A65 		.ascii	"size\000"
 1029      00
 1030              	.LASF18:
 1031 0055 72656738 		.ascii	"reg8\000"
 1031      00
 1032              	.LASF8:
 1033 005a 6C6F6E67 		.ascii	"long unsigned int\000"
 1033      20756E73 
 1033      69676E65 
 1033      6420696E 
 1033      7400
 1034              	.LASF13:
 1035 006c 75696E74 		.ascii	"uint8\000"
 1035      3800
 1036              	.LASF20:
 1037 0072 43594D45 		.ascii	"CYMEMZERO\000"
 1037      4D5A4552 
ARM GAS  C:\Users\Zeynep\AppData\Local\Temp\ccdOLpIc.s 			page 25


 1037      4F00
 1038              	.LASF4:
 1039 007c 756E7369 		.ascii	"unsigned char\000"
 1039      676E6564 
 1039      20636861 
 1039      7200
 1040              	.LASF33:
 1041 008a 6D656D73 		.ascii	"memset\000"
 1041      657400
 1042              	.LASF17:
 1043 0091 646F7562 		.ascii	"double\000"
 1043      6C6500
 1044              	.LASF28:
 1045 0098 4379496E 		.ascii	"CyIntEnable\000"
 1045      74456E61 
 1045      626C6500 
 1046              	.LASF14:
 1047 00a4 75696E74 		.ascii	"uint16\000"
 1047      313600
 1048              	.LASF15:
 1049 00ab 75696E74 		.ascii	"uint32\000"
 1049      333200
 1050              	.LASF0:
 1051 00b2 756E7369 		.ascii	"unsigned int\000"
 1051      676E6564 
 1051      20696E74 
 1051      00
 1052              	.LASF32:
 1053 00bf 63796669 		.ascii	"cyfitter_cfg\000"
 1053      74746572 
 1053      5F636667 
 1053      00
 1054              	.LASF22:
 1055 00cc 61646472 		.ascii	"address\000"
 1055      65737300 
 1056              	.LASF9:
 1057 00d4 6C6F6E67 		.ascii	"long long unsigned int\000"
 1057      206C6F6E 
 1057      6720756E 
 1057      7369676E 
 1057      65642069 
 1058              	.LASF29:
 1059 00eb 474E5520 		.ascii	"GNU C11 5.4.1 20160609 (release) [ARM/embedded-5-br"
 1059      43313120 
 1059      352E342E 
 1059      31203230 
 1059      31363036 
 1060 011e 616E6368 		.ascii	"anch revision 237715] -mcpu=cortex-m0 -mthumb -g -O"
 1060      20726576 
 1060      6973696F 
 1060      6E203233 
 1060      37373135 
 1061 0151 67202D66 		.ascii	"g -ffunction-sections -ffat-lto-objects\000"
 1061      66756E63 
 1061      74696F6E 
 1061      2D736563 
 1061      74696F6E 
ARM GAS  C:\Users\Zeynep\AppData\Local\Temp\ccdOLpIc.s 			page 26


 1062              	.LASF24:
 1063 0179 6366675F 		.ascii	"cfg_memset_t\000"
 1063      6D656D73 
 1063      65745F74 
 1063      00
 1064              	.LASF31:
 1065 0186 443A5C54 		.ascii	"D:\\TUTORIALS\\PSOC_LAB2\\UART_Application.cydsn\000"
 1065      55544F52 
 1065      49414C53 
 1065      5C50534F 
 1065      435F4C41 
 1066              	.LASF10:
 1067 01b4 73697A65 		.ascii	"sizetype\000"
 1067      74797065 
 1067      00
 1068              	.LASF1:
 1069 01bd 6C6F6E67 		.ascii	"long long int\000"
 1069      206C6F6E 
 1069      6720696E 
 1069      7400
 1070              	.LASF11:
 1071 01cb 63686172 		.ascii	"char\000"
 1071      00
 1072              	.LASF5:
 1073 01d0 73686F72 		.ascii	"short int\000"
 1073      7420696E 
 1073      7400
 1074              	.LASF26:
 1075 01da 43795379 		.ascii	"CySysClkWriteImoFreq\000"
 1075      73436C6B 
 1075      57726974 
 1075      65496D6F 
 1075      46726571 
 1076              	.LASF7:
 1077 01ef 6C6F6E67 		.ascii	"long int\000"
 1077      20696E74 
 1077      00
 1078              	.LASF2:
 1079 01f8 6C6F6E67 		.ascii	"long double\000"
 1079      20646F75 
 1079      626C6500 
 1080              	.LASF3:
 1081 0204 7369676E 		.ascii	"signed char\000"
 1081      65642063 
 1081      68617200 
 1082              	.LASF30:
 1083 0210 47656E65 		.ascii	"Generated_Source\\PSoC4\\cyfitter_cfg.c\000"
 1083      72617465 
 1083      645F536F 
 1083      75726365 
 1083      5C50536F 
 1084              		.ident	"GCC: (GNU Tools for ARM Embedded Processors) 5.4.1 20160609 (release) [ARM/embedded-5-bran
