ARM GAS  C:\Users\Zeynep\AppData\Local\Temp\cc49VHja.s 			page 1


   1              		.syntax unified
   2              		.cpu cortex-m0
   3              		.fpu softvfp
   4              		.eabi_attribute 20, 1
   5              		.eabi_attribute 21, 1
   6              		.eabi_attribute 23, 3
   7              		.eabi_attribute 24, 1
   8              		.eabi_attribute 25, 1
   9              		.eabi_attribute 26, 1
  10              		.eabi_attribute 30, 1
  11              		.eabi_attribute 34, 0
  12              		.eabi_attribute 18, 4
  13              		.thumb
  14              		.syntax unified
  15              		.file	"cyfitter_cfg.c"
  16              		.text
  17              	.Ltext0:
  18              		.cfi_sections	.debug_frame
  19              		.section	.text.cfg_write_bytes32,"ax",%progbits
  20              		.align	2
  21              		.code	16
  22              		.thumb_func
  23              		.type	cfg_write_bytes32, %function
  24              	cfg_write_bytes32:
  25              	.LFB3:
  26              		.file 1 "Generated_Source\\PSoC4\\cyfitter_cfg.c"
   1:Generated_Source\PSoC4/cyfitter_cfg.c **** 
   2:Generated_Source\PSoC4/cyfitter_cfg.c **** /*******************************************************************************
   3:Generated_Source\PSoC4/cyfitter_cfg.c **** * File Name: cyfitter_cfg.c
   4:Generated_Source\PSoC4/cyfitter_cfg.c **** * 
   5:Generated_Source\PSoC4/cyfitter_cfg.c **** * PSoC Creator  4.4
   6:Generated_Source\PSoC4/cyfitter_cfg.c **** *
   7:Generated_Source\PSoC4/cyfitter_cfg.c **** * Description:
   8:Generated_Source\PSoC4/cyfitter_cfg.c **** * This file contains device initialization code.
   9:Generated_Source\PSoC4/cyfitter_cfg.c **** * Except for the user defined sections in CyClockStartupError(), this file should not be modified.
  10:Generated_Source\PSoC4/cyfitter_cfg.c **** * This file is automatically generated by PSoC Creator.
  11:Generated_Source\PSoC4/cyfitter_cfg.c **** *
  12:Generated_Source\PSoC4/cyfitter_cfg.c **** ********************************************************************************
  13:Generated_Source\PSoC4/cyfitter_cfg.c **** * Copyright (c) 2007-2020 Cypress Semiconductor.  All rights reserved.
  14:Generated_Source\PSoC4/cyfitter_cfg.c **** * You may use this file only in accordance with the license, terms, conditions, 
  15:Generated_Source\PSoC4/cyfitter_cfg.c **** * disclaimers, and limitations in the end user license agreement accompanying 
  16:Generated_Source\PSoC4/cyfitter_cfg.c **** * the software package with which this file was provided.
  17:Generated_Source\PSoC4/cyfitter_cfg.c **** ********************************************************************************/
  18:Generated_Source\PSoC4/cyfitter_cfg.c **** 
  19:Generated_Source\PSoC4/cyfitter_cfg.c **** #include <string.h>
  20:Generated_Source\PSoC4/cyfitter_cfg.c **** #include "cytypes.h"
  21:Generated_Source\PSoC4/cyfitter_cfg.c **** #include "cydevice_trm.h"
  22:Generated_Source\PSoC4/cyfitter_cfg.c **** #include "cyfitter.h"
  23:Generated_Source\PSoC4/cyfitter_cfg.c **** #include "CyLib.h"
  24:Generated_Source\PSoC4/cyfitter_cfg.c **** #include "CyLFClk.h"
  25:Generated_Source\PSoC4/cyfitter_cfg.c **** #include "cyfitter_cfg.h"
  26:Generated_Source\PSoC4/cyfitter_cfg.c **** #include "cyapicallbacks.h"
  27:Generated_Source\PSoC4/cyfitter_cfg.c **** 
  28:Generated_Source\PSoC4/cyfitter_cfg.c **** 
  29:Generated_Source\PSoC4/cyfitter_cfg.c **** #if defined(__GNUC__) || defined(__ARMCC_VERSION)
  30:Generated_Source\PSoC4/cyfitter_cfg.c ****     #define CYPACKED 
  31:Generated_Source\PSoC4/cyfitter_cfg.c ****     #define CYPACKED_ATTR __attribute__ ((packed))
ARM GAS  C:\Users\Zeynep\AppData\Local\Temp\cc49VHja.s 			page 2


  32:Generated_Source\PSoC4/cyfitter_cfg.c ****     #define CYALIGNED __attribute__ ((aligned))
  33:Generated_Source\PSoC4/cyfitter_cfg.c ****     #define CY_CFG_UNUSED __attribute__ ((unused))
  34:Generated_Source\PSoC4/cyfitter_cfg.c ****     #ifndef CY_CFG_SECTION
  35:Generated_Source\PSoC4/cyfitter_cfg.c ****         #define CY_CFG_SECTION __attribute__ ((section(".psocinit")))
  36:Generated_Source\PSoC4/cyfitter_cfg.c ****     #endif
  37:Generated_Source\PSoC4/cyfitter_cfg.c ****     
  38:Generated_Source\PSoC4/cyfitter_cfg.c ****     #if defined(__ARMCC_VERSION)
  39:Generated_Source\PSoC4/cyfitter_cfg.c ****         #define CY_CFG_MEMORY_BARRIER() __memory_changed()
  40:Generated_Source\PSoC4/cyfitter_cfg.c ****     #else
  41:Generated_Source\PSoC4/cyfitter_cfg.c ****         #define CY_CFG_MEMORY_BARRIER() __sync_synchronize()
  42:Generated_Source\PSoC4/cyfitter_cfg.c ****     #endif
  43:Generated_Source\PSoC4/cyfitter_cfg.c ****     
  44:Generated_Source\PSoC4/cyfitter_cfg.c **** #elif defined(__ICCARM__)
  45:Generated_Source\PSoC4/cyfitter_cfg.c ****     #include <intrinsics.h>
  46:Generated_Source\PSoC4/cyfitter_cfg.c **** 
  47:Generated_Source\PSoC4/cyfitter_cfg.c ****     #define CYPACKED __packed
  48:Generated_Source\PSoC4/cyfitter_cfg.c ****     #define CYPACKED_ATTR 
  49:Generated_Source\PSoC4/cyfitter_cfg.c ****     #define CYALIGNED _Pragma("data_alignment=4")
  50:Generated_Source\PSoC4/cyfitter_cfg.c ****     #define CY_CFG_UNUSED _Pragma("diag_suppress=Pe177")
  51:Generated_Source\PSoC4/cyfitter_cfg.c ****     #define CY_CFG_SECTION _Pragma("location=\".psocinit\"")
  52:Generated_Source\PSoC4/cyfitter_cfg.c ****     
  53:Generated_Source\PSoC4/cyfitter_cfg.c ****     #define CY_CFG_MEMORY_BARRIER() __DMB()
  54:Generated_Source\PSoC4/cyfitter_cfg.c ****     
  55:Generated_Source\PSoC4/cyfitter_cfg.c **** #else
  56:Generated_Source\PSoC4/cyfitter_cfg.c ****     #error Unsupported toolchain
  57:Generated_Source\PSoC4/cyfitter_cfg.c **** #endif
  58:Generated_Source\PSoC4/cyfitter_cfg.c **** 
  59:Generated_Source\PSoC4/cyfitter_cfg.c **** #ifndef CYCODE
  60:Generated_Source\PSoC4/cyfitter_cfg.c ****     #define CYCODE
  61:Generated_Source\PSoC4/cyfitter_cfg.c **** #endif
  62:Generated_Source\PSoC4/cyfitter_cfg.c **** #ifndef CYDATA
  63:Generated_Source\PSoC4/cyfitter_cfg.c ****     #define CYDATA
  64:Generated_Source\PSoC4/cyfitter_cfg.c **** #endif
  65:Generated_Source\PSoC4/cyfitter_cfg.c **** #ifndef CYFAR
  66:Generated_Source\PSoC4/cyfitter_cfg.c ****     #define CYFAR
  67:Generated_Source\PSoC4/cyfitter_cfg.c **** #endif
  68:Generated_Source\PSoC4/cyfitter_cfg.c **** #ifndef CYXDATA
  69:Generated_Source\PSoC4/cyfitter_cfg.c ****     #define CYXDATA
  70:Generated_Source\PSoC4/cyfitter_cfg.c **** #endif
  71:Generated_Source\PSoC4/cyfitter_cfg.c **** 
  72:Generated_Source\PSoC4/cyfitter_cfg.c **** 
  73:Generated_Source\PSoC4/cyfitter_cfg.c **** CY_CFG_UNUSED
  74:Generated_Source\PSoC4/cyfitter_cfg.c **** static void CYMEMZERO(void *s, size_t n);
  75:Generated_Source\PSoC4/cyfitter_cfg.c **** CY_CFG_UNUSED
  76:Generated_Source\PSoC4/cyfitter_cfg.c **** static void CYMEMZERO(void *s, size_t n)
  77:Generated_Source\PSoC4/cyfitter_cfg.c **** {
  78:Generated_Source\PSoC4/cyfitter_cfg.c **** 	(void)memset(s, 0, n);
  79:Generated_Source\PSoC4/cyfitter_cfg.c **** }
  80:Generated_Source\PSoC4/cyfitter_cfg.c **** CY_CFG_UNUSED
  81:Generated_Source\PSoC4/cyfitter_cfg.c **** static void CYCONFIGCPY(void *dest, const void *src, size_t n);
  82:Generated_Source\PSoC4/cyfitter_cfg.c **** CY_CFG_UNUSED
  83:Generated_Source\PSoC4/cyfitter_cfg.c **** static void CYCONFIGCPY(void *dest, const void *src, size_t n)
  84:Generated_Source\PSoC4/cyfitter_cfg.c **** {
  85:Generated_Source\PSoC4/cyfitter_cfg.c **** 	(void)memcpy(dest, src, n);
  86:Generated_Source\PSoC4/cyfitter_cfg.c **** }
  87:Generated_Source\PSoC4/cyfitter_cfg.c **** CY_CFG_UNUSED
  88:Generated_Source\PSoC4/cyfitter_cfg.c **** static void CYCONFIGCPYCODE(void *dest, const void *src, size_t n);
ARM GAS  C:\Users\Zeynep\AppData\Local\Temp\cc49VHja.s 			page 3


  89:Generated_Source\PSoC4/cyfitter_cfg.c **** CY_CFG_UNUSED
  90:Generated_Source\PSoC4/cyfitter_cfg.c **** static void CYCONFIGCPYCODE(void *dest, const void *src, size_t n)
  91:Generated_Source\PSoC4/cyfitter_cfg.c **** {
  92:Generated_Source\PSoC4/cyfitter_cfg.c **** 	(void)memcpy(dest, src, n);
  93:Generated_Source\PSoC4/cyfitter_cfg.c **** }
  94:Generated_Source\PSoC4/cyfitter_cfg.c **** 
  95:Generated_Source\PSoC4/cyfitter_cfg.c **** 
  96:Generated_Source\PSoC4/cyfitter_cfg.c **** 
  97:Generated_Source\PSoC4/cyfitter_cfg.c **** 
  98:Generated_Source\PSoC4/cyfitter_cfg.c **** /* Clock startup error codes                                                   */
  99:Generated_Source\PSoC4/cyfitter_cfg.c **** #define CYCLOCKSTART_NO_ERROR    0u
 100:Generated_Source\PSoC4/cyfitter_cfg.c **** #define CYCLOCKSTART_XTAL_ERROR  1u
 101:Generated_Source\PSoC4/cyfitter_cfg.c **** #define CYCLOCKSTART_32KHZ_ERROR 2u
 102:Generated_Source\PSoC4/cyfitter_cfg.c **** #define CYCLOCKSTART_PLL_ERROR   3u
 103:Generated_Source\PSoC4/cyfitter_cfg.c **** #define CYCLOCKSTART_FLL_ERROR   4u
 104:Generated_Source\PSoC4/cyfitter_cfg.c **** #define CYCLOCKSTART_WCO_ERROR   5u
 105:Generated_Source\PSoC4/cyfitter_cfg.c **** 
 106:Generated_Source\PSoC4/cyfitter_cfg.c **** 
 107:Generated_Source\PSoC4/cyfitter_cfg.c **** #ifdef CY_NEED_CYCLOCKSTARTUPERROR
 108:Generated_Source\PSoC4/cyfitter_cfg.c **** /*******************************************************************************
 109:Generated_Source\PSoC4/cyfitter_cfg.c **** * Function Name: CyClockStartupError
 110:Generated_Source\PSoC4/cyfitter_cfg.c **** ********************************************************************************
 111:Generated_Source\PSoC4/cyfitter_cfg.c **** * Summary:
 112:Generated_Source\PSoC4/cyfitter_cfg.c **** *  If an error is encountered during clock configuration (crystal startup error,
 113:Generated_Source\PSoC4/cyfitter_cfg.c **** *  PLL lock error, etc.), the system will end up here.  Unless reimplemented by
 114:Generated_Source\PSoC4/cyfitter_cfg.c **** *  the customer, this function will stop in an infinite loop.
 115:Generated_Source\PSoC4/cyfitter_cfg.c **** *
 116:Generated_Source\PSoC4/cyfitter_cfg.c **** * Parameters:
 117:Generated_Source\PSoC4/cyfitter_cfg.c **** *   void
 118:Generated_Source\PSoC4/cyfitter_cfg.c **** *
 119:Generated_Source\PSoC4/cyfitter_cfg.c **** * Return:
 120:Generated_Source\PSoC4/cyfitter_cfg.c **** *   void
 121:Generated_Source\PSoC4/cyfitter_cfg.c **** *
 122:Generated_Source\PSoC4/cyfitter_cfg.c **** *******************************************************************************/
 123:Generated_Source\PSoC4/cyfitter_cfg.c **** CY_CFG_UNUSED
 124:Generated_Source\PSoC4/cyfitter_cfg.c **** static void CyClockStartupError(uint8 errorCode);
 125:Generated_Source\PSoC4/cyfitter_cfg.c **** CY_CFG_UNUSED
 126:Generated_Source\PSoC4/cyfitter_cfg.c **** static void CyClockStartupError(uint8 errorCode)
 127:Generated_Source\PSoC4/cyfitter_cfg.c **** {
 128:Generated_Source\PSoC4/cyfitter_cfg.c ****     /* To remove the compiler warning if errorCode not used.                */
 129:Generated_Source\PSoC4/cyfitter_cfg.c ****     errorCode = errorCode;
 130:Generated_Source\PSoC4/cyfitter_cfg.c **** 
 131:Generated_Source\PSoC4/cyfitter_cfg.c ****     /* If we have a clock startup error (bad MHz crystal, PLL lock, etc.),  */
 132:Generated_Source\PSoC4/cyfitter_cfg.c ****     /* we will end up here to allow the customer to implement something to  */
 133:Generated_Source\PSoC4/cyfitter_cfg.c ****     /* deal with the clock condition.                                       */
 134:Generated_Source\PSoC4/cyfitter_cfg.c **** 
 135:Generated_Source\PSoC4/cyfitter_cfg.c **** #ifdef CY_CFG_CLOCK_STARTUP_ERROR_CALLBACK
 136:Generated_Source\PSoC4/cyfitter_cfg.c ****     CY_CFG_Clock_Startup_ErrorCallback();
 137:Generated_Source\PSoC4/cyfitter_cfg.c **** #else
 138:Generated_Source\PSoC4/cyfitter_cfg.c ****     /*  If not using CY_CFG_CLOCK_STARTUP_ERROR_CALLBACK, place your clock startup code here. */
 139:Generated_Source\PSoC4/cyfitter_cfg.c ****     /* `#START CyClockStartupError` */
 140:Generated_Source\PSoC4/cyfitter_cfg.c **** 
 141:Generated_Source\PSoC4/cyfitter_cfg.c **** 
 142:Generated_Source\PSoC4/cyfitter_cfg.c **** 
 143:Generated_Source\PSoC4/cyfitter_cfg.c ****     /* `#END` */
 144:Generated_Source\PSoC4/cyfitter_cfg.c **** 
 145:Generated_Source\PSoC4/cyfitter_cfg.c ****     while(1) {}
ARM GAS  C:\Users\Zeynep\AppData\Local\Temp\cc49VHja.s 			page 4


 146:Generated_Source\PSoC4/cyfitter_cfg.c **** #endif /* CY_CFG_CLOCK_STARTUP_ERROR_CALLBACK */
 147:Generated_Source\PSoC4/cyfitter_cfg.c **** }
 148:Generated_Source\PSoC4/cyfitter_cfg.c **** #endif
 149:Generated_Source\PSoC4/cyfitter_cfg.c **** 
 150:Generated_Source\PSoC4/cyfitter_cfg.c **** #define CY_CFG_BASE_ADDR_COUNT 5u
 151:Generated_Source\PSoC4/cyfitter_cfg.c **** CYPACKED typedef struct
 152:Generated_Source\PSoC4/cyfitter_cfg.c **** {
 153:Generated_Source\PSoC4/cyfitter_cfg.c **** 	uint8 offset;
 154:Generated_Source\PSoC4/cyfitter_cfg.c **** 	uint8 value;
 155:Generated_Source\PSoC4/cyfitter_cfg.c **** } CYPACKED_ATTR cy_cfg_addrvalue_t;
 156:Generated_Source\PSoC4/cyfitter_cfg.c **** 
 157:Generated_Source\PSoC4/cyfitter_cfg.c **** 
 158:Generated_Source\PSoC4/cyfitter_cfg.c **** 
 159:Generated_Source\PSoC4/cyfitter_cfg.c **** /*******************************************************************************
 160:Generated_Source\PSoC4/cyfitter_cfg.c **** * Function Name: cfg_write_bytes32
 161:Generated_Source\PSoC4/cyfitter_cfg.c **** ********************************************************************************
 162:Generated_Source\PSoC4/cyfitter_cfg.c **** * Summary:
 163:Generated_Source\PSoC4/cyfitter_cfg.c **** *  This function is used for setting up the chip configuration areas that
 164:Generated_Source\PSoC4/cyfitter_cfg.c **** *  contain relatively sparse data.
 165:Generated_Source\PSoC4/cyfitter_cfg.c **** *
 166:Generated_Source\PSoC4/cyfitter_cfg.c **** * Parameters:
 167:Generated_Source\PSoC4/cyfitter_cfg.c **** *   void
 168:Generated_Source\PSoC4/cyfitter_cfg.c **** *
 169:Generated_Source\PSoC4/cyfitter_cfg.c **** * Return:
 170:Generated_Source\PSoC4/cyfitter_cfg.c **** *   void
 171:Generated_Source\PSoC4/cyfitter_cfg.c **** *
 172:Generated_Source\PSoC4/cyfitter_cfg.c **** *******************************************************************************/
 173:Generated_Source\PSoC4/cyfitter_cfg.c **** static void cfg_write_bytes32(const uint32 addr_table[], const cy_cfg_addrvalue_t data_table[]);
 174:Generated_Source\PSoC4/cyfitter_cfg.c **** static void cfg_write_bytes32(const uint32 addr_table[], const cy_cfg_addrvalue_t data_table[])
 175:Generated_Source\PSoC4/cyfitter_cfg.c **** {
  27              		.loc 1 175 0
  28              		.cfi_startproc
  29              		@ args = 0, pretend = 0, frame = 0
  30              		@ frame_needed = 0, uses_anonymous_args = 0
  31              	.LVL0:
  32 0000 F0B5     		push	{r4, r5, r6, r7, lr}
  33              		.cfi_def_cfa_offset 20
  34              		.cfi_offset 4, -20
  35              		.cfi_offset 5, -16
  36              		.cfi_offset 6, -12
  37              		.cfi_offset 7, -8
  38              		.cfi_offset 14, -4
  39              	.LVL1:
 176:Generated_Source\PSoC4/cyfitter_cfg.c **** 	/* For 32-bit little-endian architectures */
 177:Generated_Source\PSoC4/cyfitter_cfg.c **** 	uint32 i, j = 0u;
  40              		.loc 1 177 0
  41 0002 0025     		movs	r5, #0
 178:Generated_Source\PSoC4/cyfitter_cfg.c **** 	for (i = 0u; i < CY_CFG_BASE_ADDR_COUNT; i++)
  42              		.loc 1 178 0
  43 0004 0027     		movs	r7, #0
  44 0006 11E0     		b	.L2
  45              	.LVL2:
  46              	.L5:
  47              	.LBB2:
 179:Generated_Source\PSoC4/cyfitter_cfg.c **** 	{
 180:Generated_Source\PSoC4/cyfitter_cfg.c **** 		uint32 baseAddr = addr_table[i];
  48              		.loc 1 180 0
ARM GAS  C:\Users\Zeynep\AppData\Local\Temp\cc49VHja.s 			page 5


  49 0008 BB00     		lsls	r3, r7, #2
  50 000a C658     		ldr	r6, [r0, r3]
  51              	.LVL3:
 181:Generated_Source\PSoC4/cyfitter_cfg.c **** 		uint8 count = (uint8)baseAddr;
  52              		.loc 1 181 0
  53 000c F3B2     		uxtb	r3, r6
  54              	.LVL4:
 182:Generated_Source\PSoC4/cyfitter_cfg.c **** 		baseAddr &= 0xFFFFFF00u;
  55              		.loc 1 182 0
  56 000e FF22     		movs	r2, #255
  57 0010 9643     		bics	r6, r2
  58              	.LVL5:
 183:Generated_Source\PSoC4/cyfitter_cfg.c **** 		while (count != 0u)
  59              		.loc 1 183 0
  60 0012 08E0     		b	.L3
  61              	.L4:
 184:Generated_Source\PSoC4/cyfitter_cfg.c **** 		{
 185:Generated_Source\PSoC4/cyfitter_cfg.c **** 			CY_SET_REG8((void *)(baseAddr + data_table[j].offset), data_table[j].value);
  62              		.loc 1 185 0
  63 0014 6A00     		lsls	r2, r5, #1
  64 0016 8A18     		adds	r2, r1, r2
  65 0018 1478     		ldrb	r4, [r2]
  66 001a A419     		adds	r4, r4, r6
  67 001c 5278     		ldrb	r2, [r2, #1]
  68 001e 2270     		strb	r2, [r4]
 186:Generated_Source\PSoC4/cyfitter_cfg.c **** 			j++;
  69              		.loc 1 186 0
  70 0020 0135     		adds	r5, r5, #1
  71              	.LVL6:
 187:Generated_Source\PSoC4/cyfitter_cfg.c **** 			count--;
  72              		.loc 1 187 0
  73 0022 013B     		subs	r3, r3, #1
  74              	.LVL7:
  75 0024 DBB2     		uxtb	r3, r3
  76              	.LVL8:
  77              	.L3:
 183:Generated_Source\PSoC4/cyfitter_cfg.c **** 		{
  78              		.loc 1 183 0
  79 0026 002B     		cmp	r3, #0
  80 0028 F4D1     		bne	.L4
  81              	.LBE2:
 178:Generated_Source\PSoC4/cyfitter_cfg.c **** 	{
  82              		.loc 1 178 0 discriminator 2
  83 002a 0137     		adds	r7, r7, #1
  84              	.LVL9:
  85              	.L2:
 178:Generated_Source\PSoC4/cyfitter_cfg.c **** 	{
  86              		.loc 1 178 0 is_stmt 0 discriminator 1
  87 002c 042F     		cmp	r7, #4
  88 002e EBD9     		bls	.L5
 188:Generated_Source\PSoC4/cyfitter_cfg.c **** 		}
 189:Generated_Source\PSoC4/cyfitter_cfg.c **** 	}
 190:Generated_Source\PSoC4/cyfitter_cfg.c **** }
  89              		.loc 1 190 0 is_stmt 1
  90              		@ sp needed
  91              	.LVL10:
  92              	.LVL11:
ARM GAS  C:\Users\Zeynep\AppData\Local\Temp\cc49VHja.s 			page 6


  93 0030 F0BD     		pop	{r4, r5, r6, r7, pc}
  94              		.cfi_endproc
  95              	.LFE3:
  96              		.size	cfg_write_bytes32, .-cfg_write_bytes32
  97 0032 C046     		.section	.text.CYMEMZERO,"ax",%progbits
  98              		.align	2
  99              		.code	16
 100              		.thumb_func
 101              		.type	CYMEMZERO, %function
 102              	CYMEMZERO:
 103              	.LFB0:
  77:Generated_Source\PSoC4/cyfitter_cfg.c **** 	(void)memset(s, 0, n);
 104              		.loc 1 77 0
 105              		.cfi_startproc
 106              		@ args = 0, pretend = 0, frame = 0
 107              		@ frame_needed = 0, uses_anonymous_args = 0
 108              	.LVL12:
 109 0000 10B5     		push	{r4, lr}
 110              		.cfi_def_cfa_offset 8
 111              		.cfi_offset 4, -8
 112              		.cfi_offset 14, -4
 113 0002 0A00     		movs	r2, r1
  78:Generated_Source\PSoC4/cyfitter_cfg.c **** }
 114              		.loc 1 78 0
 115 0004 0021     		movs	r1, #0
 116              	.LVL13:
 117 0006 FFF7FEFF 		bl	memset
 118              	.LVL14:
  79:Generated_Source\PSoC4/cyfitter_cfg.c **** CY_CFG_UNUSED
 119              		.loc 1 79 0
 120              		@ sp needed
 121 000a 10BD     		pop	{r4, pc}
 122              		.cfi_endproc
 123              	.LFE0:
 124              		.size	CYMEMZERO, .-CYMEMZERO
 125              		.section	.psocinit,"ax",%progbits
 126              		.align	2
 127              		.code	16
 128              		.thumb_func
 129              		.type	ClockSetup, %function
 130              	ClockSetup:
 131              	.LFB4:
 191:Generated_Source\PSoC4/cyfitter_cfg.c **** 
 192:Generated_Source\PSoC4/cyfitter_cfg.c **** 
 193:Generated_Source\PSoC4/cyfitter_cfg.c **** /*******************************************************************************
 194:Generated_Source\PSoC4/cyfitter_cfg.c **** * Function Name: ClockSetup
 195:Generated_Source\PSoC4/cyfitter_cfg.c **** ********************************************************************************
 196:Generated_Source\PSoC4/cyfitter_cfg.c **** *
 197:Generated_Source\PSoC4/cyfitter_cfg.c **** * Summary:
 198:Generated_Source\PSoC4/cyfitter_cfg.c **** *   Performs the initialization of all of the clocks in the device based on the
 199:Generated_Source\PSoC4/cyfitter_cfg.c **** *   settings in the Clock tab of the DWR.  This includes enabling the requested
 200:Generated_Source\PSoC4/cyfitter_cfg.c **** *   clocks and setting the necessary dividers to produce the desired frequency. 
 201:Generated_Source\PSoC4/cyfitter_cfg.c **** *
 202:Generated_Source\PSoC4/cyfitter_cfg.c **** * Parameters:
 203:Generated_Source\PSoC4/cyfitter_cfg.c **** *   void
 204:Generated_Source\PSoC4/cyfitter_cfg.c **** *
 205:Generated_Source\PSoC4/cyfitter_cfg.c **** * Return:
ARM GAS  C:\Users\Zeynep\AppData\Local\Temp\cc49VHja.s 			page 7


 206:Generated_Source\PSoC4/cyfitter_cfg.c **** *   void
 207:Generated_Source\PSoC4/cyfitter_cfg.c **** *
 208:Generated_Source\PSoC4/cyfitter_cfg.c **** *******************************************************************************/
 209:Generated_Source\PSoC4/cyfitter_cfg.c **** static void ClockSetup(void);
 210:Generated_Source\PSoC4/cyfitter_cfg.c **** CY_CFG_SECTION
 211:Generated_Source\PSoC4/cyfitter_cfg.c **** static void ClockSetup(void)
 212:Generated_Source\PSoC4/cyfitter_cfg.c **** {
 132              		.loc 1 212 0
 133              		.cfi_startproc
 134              		@ args = 0, pretend = 0, frame = 0
 135              		@ frame_needed = 0, uses_anonymous_args = 0
 136 0000 70B5     		push	{r4, r5, r6, lr}
 137              		.cfi_def_cfa_offset 16
 138              		.cfi_offset 4, -16
 139              		.cfi_offset 5, -12
 140              		.cfi_offset 6, -8
 141              		.cfi_offset 14, -4
 213:Generated_Source\PSoC4/cyfitter_cfg.c **** 	/* Enable HALF_EN before trimming for the flash accelerator. */
 214:Generated_Source\PSoC4/cyfitter_cfg.c **** 	CY_SET_REG32((void CYXDATA *)(CYREG_CLK_SELECT), (CY_GET_REG32((void *)CYREG_CLK_SELECT) | 0x00040
 142              		.loc 1 214 0
 143 0002 144C     		ldr	r4, .L8
 144 0004 2368     		ldr	r3, [r4]
 145 0006 8022     		movs	r2, #128
 146 0008 D202     		lsls	r2, r2, #11
 147 000a 1343     		orrs	r3, r2
 148 000c 2360     		str	r3, [r4]
 215:Generated_Source\PSoC4/cyfitter_cfg.c **** 
 216:Generated_Source\PSoC4/cyfitter_cfg.c **** 	/* Setup and trim IMO based on desired frequency. */
 217:Generated_Source\PSoC4/cyfitter_cfg.c **** 	CySysClkWriteImoFreq(24u);
 149              		.loc 1 217 0
 150 000e 1820     		movs	r0, #24
 151 0010 FFF7FEFF 		bl	CySysClkWriteImoFreq
 152              	.LVL15:
 218:Generated_Source\PSoC4/cyfitter_cfg.c **** 
 219:Generated_Source\PSoC4/cyfitter_cfg.c **** 	/* Disable HALF_EN since it is not required at this IMO frequency. */
 220:Generated_Source\PSoC4/cyfitter_cfg.c **** 	CY_SET_REG32((void CYXDATA *)(CYREG_CLK_SELECT), (CY_GET_REG32((void *)CYREG_CLK_SELECT) & 0xFFFBF
 153              		.loc 1 220 0
 154 0014 2268     		ldr	r2, [r4]
 155 0016 104B     		ldr	r3, .L8+4
 156 0018 1340     		ands	r3, r2
 157 001a 2360     		str	r3, [r4]
 221:Generated_Source\PSoC4/cyfitter_cfg.c **** 	/* CYDEV_CLK_ILO_CONFIG Starting address: CYDEV_CLK_ILO_CONFIG */
 222:Generated_Source\PSoC4/cyfitter_cfg.c **** 	CY_SET_REG32((void *)(CYREG_CLK_ILO_CONFIG), 0x80000006u);
 158              		.loc 1 222 0
 159 001c 0F4A     		ldr	r2, .L8+8
 160 001e 104B     		ldr	r3, .L8+12
 161 0020 1A60     		str	r2, [r3]
 223:Generated_Source\PSoC4/cyfitter_cfg.c **** 
 224:Generated_Source\PSoC4/cyfitter_cfg.c **** 
 225:Generated_Source\PSoC4/cyfitter_cfg.c **** 	/* CYDEV_CLK_SELECT00 Starting address: CYDEV_CLK_SELECT00 */
 226:Generated_Source\PSoC4/cyfitter_cfg.c **** 	CY_SET_REG32((void *)(CYREG_CLK_SELECT12), 0x00000020u);
 162              		.loc 1 226 0
 163 0022 2022     		movs	r2, #32
 164 0024 0F4B     		ldr	r3, .L8+16
 165 0026 1A60     		str	r2, [r3]
 227:Generated_Source\PSoC4/cyfitter_cfg.c **** 
 228:Generated_Source\PSoC4/cyfitter_cfg.c **** 	/* CYDEV_CLK_IMO_CONFIG Starting address: CYDEV_CLK_IMO_CONFIG */
ARM GAS  C:\Users\Zeynep\AppData\Local\Temp\cc49VHja.s 			page 8


 229:Generated_Source\PSoC4/cyfitter_cfg.c **** 	CY_SET_REG32((void *)(CYREG_CLK_IMO_CONFIG), 0x80000000u);
 166              		.loc 1 229 0
 167 0028 8022     		movs	r2, #128
 168 002a 1206     		lsls	r2, r2, #24
 169 002c 0E4B     		ldr	r3, .L8+20
 170 002e 1A60     		str	r2, [r3]
 230:Generated_Source\PSoC4/cyfitter_cfg.c **** 
 231:Generated_Source\PSoC4/cyfitter_cfg.c **** 	/* CYDEV_CLK_SELECT Starting address: CYDEV_CLK_SELECT */
 232:Generated_Source\PSoC4/cyfitter_cfg.c **** 	CY_SET_REG32((void *)(CYREG_CLK_SELECT), 0x00000000u);
 171              		.loc 1 232 0
 172 0030 0025     		movs	r5, #0
 173 0032 2560     		str	r5, [r4]
 233:Generated_Source\PSoC4/cyfitter_cfg.c **** 
 234:Generated_Source\PSoC4/cyfitter_cfg.c **** 	/* CYDEV_CLK_DIVIDER_A00 Starting address: CYDEV_CLK_DIVIDER_A00 */
 235:Generated_Source\PSoC4/cyfitter_cfg.c **** 	CY_SET_REG32((void *)(CYREG_CLK_DIVIDER_A00), 0x80000173u);
 174              		.loc 1 235 0
 175 0034 0D4A     		ldr	r2, .L8+24
 176 0036 0E4B     		ldr	r3, .L8+28
 177 0038 1A60     		str	r2, [r3]
 236:Generated_Source\PSoC4/cyfitter_cfg.c **** 
 237:Generated_Source\PSoC4/cyfitter_cfg.c **** 	/* CYDEV_CLK_DIVIDER_B00 Starting address: CYDEV_CLK_DIVIDER_B00 */
 238:Generated_Source\PSoC4/cyfitter_cfg.c **** 	CY_SET_REG32((void *)(CYREG_CLK_DIVIDER_B00), 0xC00000FDu);
 178              		.loc 1 238 0
 179 003a 0E4A     		ldr	r2, .L8+32
 180 003c 0E4B     		ldr	r3, .L8+36
 181 003e 1A60     		str	r2, [r3]
 239:Generated_Source\PSoC4/cyfitter_cfg.c **** 
 240:Generated_Source\PSoC4/cyfitter_cfg.c **** 	(void)CyIntSetVector(9u, &CySysWdtIsr);
 182              		.loc 1 240 0
 183 0040 0E49     		ldr	r1, .L8+40
 184 0042 0920     		movs	r0, #9
 185 0044 FFF7FEFF 		bl	CyIntSetVector
 186              	.LVL16:
 241:Generated_Source\PSoC4/cyfitter_cfg.c **** 	CyIntEnable(9u);
 187              		.loc 1 241 0
 188 0048 0920     		movs	r0, #9
 189 004a FFF7FEFF 		bl	CyIntEnable
 190              	.LVL17:
 242:Generated_Source\PSoC4/cyfitter_cfg.c **** 	CY_SET_REG32((void *)(CYREG_WDT_CONFIG), 0x00000000u);
 191              		.loc 1 242 0
 192 004e 0C4B     		ldr	r3, .L8+44
 193 0050 1D60     		str	r5, [r3]
 243:Generated_Source\PSoC4/cyfitter_cfg.c **** }
 194              		.loc 1 243 0
 195              		@ sp needed
 196 0052 70BD     		pop	{r4, r5, r6, pc}
 197              	.L9:
 198              		.align	2
 199              	.L8:
 200 0054 00010B40 		.word	1074462976
 201 0058 FFFFFBFF 		.word	-262145
 202 005c 06000080 		.word	-2147483642
 203 0060 04010B40 		.word	1074462980
 204 0064 30020240 		.word	1073873456
 205 0068 08010B40 		.word	1074462984
 206 006c 73010080 		.word	-2147483277
 207 0070 00000240 		.word	1073872896
ARM GAS  C:\Users\Zeynep\AppData\Local\Temp\cc49VHja.s 			page 9


 208 0074 FD0000C0 		.word	-1073741571
 209 0078 40000240 		.word	1073872960
 210 007c 00000000 		.word	CySysWdtIsr
 211 0080 0C020B40 		.word	1074463244
 212              		.cfi_endproc
 213              	.LFE4:
 214              		.size	ClockSetup, .-ClockSetup
 215              		.align	2
 216              		.global	cyfitter_cfg
 217              		.code	16
 218              		.thumb_func
 219              		.type	cyfitter_cfg, %function
 220              	cyfitter_cfg:
 221              	.LFB6:
 244:Generated_Source\PSoC4/cyfitter_cfg.c **** 
 245:Generated_Source\PSoC4/cyfitter_cfg.c **** 
 246:Generated_Source\PSoC4/cyfitter_cfg.c **** /* Analog API Functions */
 247:Generated_Source\PSoC4/cyfitter_cfg.c **** 
 248:Generated_Source\PSoC4/cyfitter_cfg.c **** 
 249:Generated_Source\PSoC4/cyfitter_cfg.c **** /*******************************************************************************
 250:Generated_Source\PSoC4/cyfitter_cfg.c **** * Function Name: AnalogSetDefault
 251:Generated_Source\PSoC4/cyfitter_cfg.c **** ********************************************************************************
 252:Generated_Source\PSoC4/cyfitter_cfg.c **** *
 253:Generated_Source\PSoC4/cyfitter_cfg.c **** * Summary:
 254:Generated_Source\PSoC4/cyfitter_cfg.c **** *  Sets up the analog portions of the chip to default values based on chip
 255:Generated_Source\PSoC4/cyfitter_cfg.c **** *  configuration options from the project.
 256:Generated_Source\PSoC4/cyfitter_cfg.c **** *
 257:Generated_Source\PSoC4/cyfitter_cfg.c **** * Parameters:
 258:Generated_Source\PSoC4/cyfitter_cfg.c **** *  void
 259:Generated_Source\PSoC4/cyfitter_cfg.c **** *
 260:Generated_Source\PSoC4/cyfitter_cfg.c **** * Return:
 261:Generated_Source\PSoC4/cyfitter_cfg.c **** *  void
 262:Generated_Source\PSoC4/cyfitter_cfg.c **** *
 263:Generated_Source\PSoC4/cyfitter_cfg.c **** *******************************************************************************/
 264:Generated_Source\PSoC4/cyfitter_cfg.c **** static void AnalogSetDefault(void);
 265:Generated_Source\PSoC4/cyfitter_cfg.c **** static void AnalogSetDefault(void)
 266:Generated_Source\PSoC4/cyfitter_cfg.c **** {
 267:Generated_Source\PSoC4/cyfitter_cfg.c **** }
 268:Generated_Source\PSoC4/cyfitter_cfg.c **** 
 269:Generated_Source\PSoC4/cyfitter_cfg.c **** 
 270:Generated_Source\PSoC4/cyfitter_cfg.c **** 
 271:Generated_Source\PSoC4/cyfitter_cfg.c **** 
 272:Generated_Source\PSoC4/cyfitter_cfg.c **** /*******************************************************************************
 273:Generated_Source\PSoC4/cyfitter_cfg.c **** * Function Name: cyfitter_cfg
 274:Generated_Source\PSoC4/cyfitter_cfg.c **** ********************************************************************************
 275:Generated_Source\PSoC4/cyfitter_cfg.c **** * Summary:
 276:Generated_Source\PSoC4/cyfitter_cfg.c **** *  This function is called by the start-up code for the selected device. It
 277:Generated_Source\PSoC4/cyfitter_cfg.c **** *  performs all of the necessary device configuration based on the design
 278:Generated_Source\PSoC4/cyfitter_cfg.c **** *  settings.  This includes settings from the Design Wide Resources (DWR) such
 279:Generated_Source\PSoC4/cyfitter_cfg.c **** *  as Clocks and Pins as well as any component configuration that is necessary.
 280:Generated_Source\PSoC4/cyfitter_cfg.c **** *
 281:Generated_Source\PSoC4/cyfitter_cfg.c **** * Parameters:
 282:Generated_Source\PSoC4/cyfitter_cfg.c **** *   void
 283:Generated_Source\PSoC4/cyfitter_cfg.c **** *
 284:Generated_Source\PSoC4/cyfitter_cfg.c **** * Return:
 285:Generated_Source\PSoC4/cyfitter_cfg.c **** *   void
 286:Generated_Source\PSoC4/cyfitter_cfg.c **** *
ARM GAS  C:\Users\Zeynep\AppData\Local\Temp\cc49VHja.s 			page 10


 287:Generated_Source\PSoC4/cyfitter_cfg.c **** *******************************************************************************/
 288:Generated_Source\PSoC4/cyfitter_cfg.c **** CY_CFG_SECTION
 289:Generated_Source\PSoC4/cyfitter_cfg.c **** void cyfitter_cfg(void)
 290:Generated_Source\PSoC4/cyfitter_cfg.c **** {
 222              		.loc 1 290 0
 223              		.cfi_startproc
 224              		@ args = 0, pretend = 0, frame = 0
 225              		@ frame_needed = 0, uses_anonymous_args = 0
 226 0084 10B5     		push	{r4, lr}
 227              		.cfi_def_cfa_offset 8
 228              		.cfi_offset 4, -8
 229              		.cfi_offset 14, -4
 291:Generated_Source\PSoC4/cyfitter_cfg.c **** 	/* Disable interrupts by default. Let user enable if/when they want. */
 292:Generated_Source\PSoC4/cyfitter_cfg.c **** 	CyGlobalIntDisable;
 230              		.loc 1 292 0
 231              		.syntax divided
 232              	@ 292 "Generated_Source\PSoC4\cyfitter_cfg.c" 1
 233 0086 72B6     		CPSID   i
 234              	@ 0 "" 2
 235              	.LVL18:
 236              		.thumb
 237              		.syntax unified
 238              	.LBB3:
 293:Generated_Source\PSoC4/cyfitter_cfg.c **** 
 294:Generated_Source\PSoC4/cyfitter_cfg.c **** 	{
 295:Generated_Source\PSoC4/cyfitter_cfg.c **** 		static const uint32 CYCODE cy_cfg_addr_table[] = {
 296:Generated_Source\PSoC4/cyfitter_cfg.c **** 			0x400F0001u, /* Base address: 0x400F0000 Count: 1 */
 297:Generated_Source\PSoC4/cyfitter_cfg.c **** 			0x400F3227u, /* Base address: 0x400F3200 Count: 39 */
 298:Generated_Source\PSoC4/cyfitter_cfg.c **** 			0x400F3319u, /* Base address: 0x400F3300 Count: 25 */
 299:Generated_Source\PSoC4/cyfitter_cfg.c **** 			0x400F4104u, /* Base address: 0x400F4100 Count: 4 */
 300:Generated_Source\PSoC4/cyfitter_cfg.c **** 			0x400F6002u, /* Base address: 0x400F6000 Count: 2 */
 301:Generated_Source\PSoC4/cyfitter_cfg.c **** 		};
 302:Generated_Source\PSoC4/cyfitter_cfg.c **** 
 303:Generated_Source\PSoC4/cyfitter_cfg.c **** 		static const cy_cfg_addrvalue_t CYCODE cy_cfg_data_table[] = {
 304:Generated_Source\PSoC4/cyfitter_cfg.c **** 			{0x82u, 0x0Du},
 305:Generated_Source\PSoC4/cyfitter_cfg.c **** 			{0x0Au, 0x04u},
 306:Generated_Source\PSoC4/cyfitter_cfg.c **** 			{0x0Fu, 0x01u},
 307:Generated_Source\PSoC4/cyfitter_cfg.c **** 			{0x14u, 0x01u},
 308:Generated_Source\PSoC4/cyfitter_cfg.c **** 			{0x1Au, 0x07u},
 309:Generated_Source\PSoC4/cyfitter_cfg.c **** 			{0x27u, 0x01u},
 310:Generated_Source\PSoC4/cyfitter_cfg.c **** 			{0x2Eu, 0x08u},
 311:Generated_Source\PSoC4/cyfitter_cfg.c **** 			{0x30u, 0x01u},
 312:Generated_Source\PSoC4/cyfitter_cfg.c **** 			{0x32u, 0x02u},
 313:Generated_Source\PSoC4/cyfitter_cfg.c **** 			{0x34u, 0x08u},
 314:Generated_Source\PSoC4/cyfitter_cfg.c **** 			{0x35u, 0x01u},
 315:Generated_Source\PSoC4/cyfitter_cfg.c **** 			{0x36u, 0x04u},
 316:Generated_Source\PSoC4/cyfitter_cfg.c **** 			{0x3Fu, 0x10u},
 317:Generated_Source\PSoC4/cyfitter_cfg.c **** 			{0x40u, 0x20u},
 318:Generated_Source\PSoC4/cyfitter_cfg.c **** 			{0x41u, 0x05u},
 319:Generated_Source\PSoC4/cyfitter_cfg.c **** 			{0x45u, 0xD1u},
 320:Generated_Source\PSoC4/cyfitter_cfg.c **** 			{0x46u, 0x02u},
 321:Generated_Source\PSoC4/cyfitter_cfg.c **** 			{0x48u, 0x07u},
 322:Generated_Source\PSoC4/cyfitter_cfg.c **** 			{0x49u, 0xFFu},
 323:Generated_Source\PSoC4/cyfitter_cfg.c **** 			{0x4Au, 0xFFu},
 324:Generated_Source\PSoC4/cyfitter_cfg.c **** 			{0x4Bu, 0xFFu},
 325:Generated_Source\PSoC4/cyfitter_cfg.c **** 			{0x4Du, 0xA0u},
 326:Generated_Source\PSoC4/cyfitter_cfg.c **** 			{0x4Fu, 0x04u},
ARM GAS  C:\Users\Zeynep\AppData\Local\Temp\cc49VHja.s 			page 11


 327:Generated_Source\PSoC4/cyfitter_cfg.c **** 			{0x50u, 0x18u},
 328:Generated_Source\PSoC4/cyfitter_cfg.c **** 			{0x52u, 0x80u},
 329:Generated_Source\PSoC4/cyfitter_cfg.c **** 			{0x54u, 0x05u},
 330:Generated_Source\PSoC4/cyfitter_cfg.c **** 			{0x58u, 0x04u},
 331:Generated_Source\PSoC4/cyfitter_cfg.c **** 			{0x59u, 0x04u},
 332:Generated_Source\PSoC4/cyfitter_cfg.c **** 			{0x5Au, 0x04u},
 333:Generated_Source\PSoC4/cyfitter_cfg.c **** 			{0x5Bu, 0x04u},
 334:Generated_Source\PSoC4/cyfitter_cfg.c **** 			{0x5Fu, 0x01u},
 335:Generated_Source\PSoC4/cyfitter_cfg.c **** 			{0x60u, 0x40u},
 336:Generated_Source\PSoC4/cyfitter_cfg.c **** 			{0x62u, 0xC0u},
 337:Generated_Source\PSoC4/cyfitter_cfg.c **** 			{0x64u, 0x40u},
 338:Generated_Source\PSoC4/cyfitter_cfg.c **** 			{0x65u, 0x40u},
 339:Generated_Source\PSoC4/cyfitter_cfg.c **** 			{0x66u, 0xC0u},
 340:Generated_Source\PSoC4/cyfitter_cfg.c **** 			{0x68u, 0xC0u},
 341:Generated_Source\PSoC4/cyfitter_cfg.c **** 			{0x6Au, 0xC0u},
 342:Generated_Source\PSoC4/cyfitter_cfg.c **** 			{0x6Cu, 0xC0u},
 343:Generated_Source\PSoC4/cyfitter_cfg.c **** 			{0x6Eu, 0xC0u},
 344:Generated_Source\PSoC4/cyfitter_cfg.c **** 			{0x05u, 0x10u},
 345:Generated_Source\PSoC4/cyfitter_cfg.c **** 			{0x0Eu, 0x20u},
 346:Generated_Source\PSoC4/cyfitter_cfg.c **** 			{0x0Fu, 0x08u},
 347:Generated_Source\PSoC4/cyfitter_cfg.c **** 			{0x17u, 0x80u},
 348:Generated_Source\PSoC4/cyfitter_cfg.c **** 			{0x1Du, 0x30u},
 349:Generated_Source\PSoC4/cyfitter_cfg.c **** 			{0x1Eu, 0x60u},
 350:Generated_Source\PSoC4/cyfitter_cfg.c **** 			{0x1Fu, 0xA0u},
 351:Generated_Source\PSoC4/cyfitter_cfg.c **** 			{0x27u, 0x08u},
 352:Generated_Source\PSoC4/cyfitter_cfg.c **** 			{0x2Fu, 0x20u},
 353:Generated_Source\PSoC4/cyfitter_cfg.c **** 			{0x3Fu, 0x80u},
 354:Generated_Source\PSoC4/cyfitter_cfg.c **** 			{0x45u, 0x20u},
 355:Generated_Source\PSoC4/cyfitter_cfg.c **** 			{0x4Fu, 0x89u},
 356:Generated_Source\PSoC4/cyfitter_cfg.c **** 			{0x57u, 0x40u},
 357:Generated_Source\PSoC4/cyfitter_cfg.c **** 			{0x5Eu, 0x40u},
 358:Generated_Source\PSoC4/cyfitter_cfg.c **** 			{0x5Fu, 0x09u},
 359:Generated_Source\PSoC4/cyfitter_cfg.c **** 			{0x77u, 0x80u},
 360:Generated_Source\PSoC4/cyfitter_cfg.c **** 			{0x87u, 0x80u},
 361:Generated_Source\PSoC4/cyfitter_cfg.c **** 			{0xC0u, 0x40u},
 362:Generated_Source\PSoC4/cyfitter_cfg.c **** 			{0xC2u, 0x60u},
 363:Generated_Source\PSoC4/cyfitter_cfg.c **** 			{0xC4u, 0x80u},
 364:Generated_Source\PSoC4/cyfitter_cfg.c **** 			{0xCAu, 0x40u},
 365:Generated_Source\PSoC4/cyfitter_cfg.c **** 			{0xCEu, 0x10u},
 366:Generated_Source\PSoC4/cyfitter_cfg.c **** 			{0xD0u, 0x20u},
 367:Generated_Source\PSoC4/cyfitter_cfg.c **** 			{0xD2u, 0x10u},
 368:Generated_Source\PSoC4/cyfitter_cfg.c **** 			{0xD6u, 0xD0u},
 369:Generated_Source\PSoC4/cyfitter_cfg.c **** 			{0x63u, 0x02u},
 370:Generated_Source\PSoC4/cyfitter_cfg.c **** 			{0x87u, 0x01u},
 371:Generated_Source\PSoC4/cyfitter_cfg.c **** 			{0xD6u, 0x40u},
 372:Generated_Source\PSoC4/cyfitter_cfg.c **** 			{0xE6u, 0x10u},
 373:Generated_Source\PSoC4/cyfitter_cfg.c **** 			{0x01u, 0x01u},
 374:Generated_Source\PSoC4/cyfitter_cfg.c **** 			{0x10u, 0x01u},
 375:Generated_Source\PSoC4/cyfitter_cfg.c **** 		};
 376:Generated_Source\PSoC4/cyfitter_cfg.c **** 
 377:Generated_Source\PSoC4/cyfitter_cfg.c **** 
 378:Generated_Source\PSoC4/cyfitter_cfg.c **** 
 379:Generated_Source\PSoC4/cyfitter_cfg.c **** 		CYPACKED typedef struct {
 380:Generated_Source\PSoC4/cyfitter_cfg.c **** 			void CYFAR *address;
 381:Generated_Source\PSoC4/cyfitter_cfg.c **** 			uint16 size;
 382:Generated_Source\PSoC4/cyfitter_cfg.c **** 		} CYPACKED_ATTR cfg_memset_t;
 383:Generated_Source\PSoC4/cyfitter_cfg.c **** 
ARM GAS  C:\Users\Zeynep\AppData\Local\Temp\cc49VHja.s 			page 12


 384:Generated_Source\PSoC4/cyfitter_cfg.c **** 		static const cfg_memset_t CYCODE cfg_memset_list[] = {
 385:Generated_Source\PSoC4/cyfitter_cfg.c **** 			/* address, size */
 386:Generated_Source\PSoC4/cyfitter_cfg.c **** 			{(void CYFAR *)(CYDEV_UDB_P0_U0_BASE), 1024u},
 387:Generated_Source\PSoC4/cyfitter_cfg.c **** 			{(void CYFAR *)(CYDEV_UDB_DSI0_BASE), 1024u},
 388:Generated_Source\PSoC4/cyfitter_cfg.c **** 		};
 389:Generated_Source\PSoC4/cyfitter_cfg.c **** 
 390:Generated_Source\PSoC4/cyfitter_cfg.c **** 		uint8 CYDATA i;
 391:Generated_Source\PSoC4/cyfitter_cfg.c **** 
 392:Generated_Source\PSoC4/cyfitter_cfg.c **** 		/* Zero out critical memory blocks before beginning configuration */
 393:Generated_Source\PSoC4/cyfitter_cfg.c **** 		for (i = 0u; i < (sizeof(cfg_memset_list)/sizeof(cfg_memset_list[0])); i++)
 239              		.loc 1 393 0
 240 0088 0024     		movs	r4, #0
 241 008a 0FE0     		b	.L11
 242              	.LVL19:
 243              	.L12:
 244              	.LBB4:
 394:Generated_Source\PSoC4/cyfitter_cfg.c **** 		{
 395:Generated_Source\PSoC4/cyfitter_cfg.c **** 			const cfg_memset_t CYCODE * CYDATA ms = &cfg_memset_list[i];
 396:Generated_Source\PSoC4/cyfitter_cfg.c **** 			CYMEMZERO(ms->address, (size_t)(uint32)(ms->size));
 245              		.loc 1 396 0 discriminator 3
 246 008c 2248     		ldr	r0, .L13
 247 008e 6200     		lsls	r2, r4, #1
 248 0090 1319     		adds	r3, r2, r4
 249 0092 5900     		lsls	r1, r3, #1
 250 0094 0B00     		movs	r3, r1
 251 0096 4118     		adds	r1, r0, r1
 252 0098 8988     		ldrh	r1, [r1, #4]
 253 009a 1A5A     		ldrh	r2, [r3, r0]
 254 009c C318     		adds	r3, r0, r3
 255 009e 5888     		ldrh	r0, [r3, #2]
 256 00a0 0004     		lsls	r0, r0, #16
 257 00a2 1043     		orrs	r0, r2
 258 00a4 FFF7FEFF 		bl	CYMEMZERO
 259              	.LVL20:
 260              	.LBE4:
 393:Generated_Source\PSoC4/cyfitter_cfg.c **** 		{
 261              		.loc 1 393 0 discriminator 3
 262 00a8 0134     		adds	r4, r4, #1
 263              	.LVL21:
 264 00aa E4B2     		uxtb	r4, r4
 265              	.LVL22:
 266              	.L11:
 393:Generated_Source\PSoC4/cyfitter_cfg.c **** 		{
 267              		.loc 1 393 0 is_stmt 0 discriminator 1
 268 00ac 012C     		cmp	r4, #1
 269 00ae EDD9     		bls	.L12
 397:Generated_Source\PSoC4/cyfitter_cfg.c **** 		}
 398:Generated_Source\PSoC4/cyfitter_cfg.c **** 
 399:Generated_Source\PSoC4/cyfitter_cfg.c **** 		cfg_write_bytes32(cy_cfg_addr_table, cy_cfg_data_table);
 270              		.loc 1 399 0 is_stmt 1
 271 00b0 1949     		ldr	r1, .L13
 272 00b2 0C31     		adds	r1, r1, #12
 273 00b4 1948     		ldr	r0, .L13+4
 274 00b6 1C30     		adds	r0, r0, #28
 275 00b8 FFF7FEFF 		bl	cfg_write_bytes32
 276              	.LVL23:
 400:Generated_Source\PSoC4/cyfitter_cfg.c **** 
ARM GAS  C:\Users\Zeynep\AppData\Local\Temp\cc49VHja.s 			page 13


 401:Generated_Source\PSoC4/cyfitter_cfg.c **** 		/* HSIOM Starting address: CYDEV_HSIOM_BASE */
 402:Generated_Source\PSoC4/cyfitter_cfg.c **** 		CY_SET_REG32((void *)(CYREG_HSIOM_PORT_SEL1), 0x00300000u);
 277              		.loc 1 402 0
 278 00bc C022     		movs	r2, #192
 279 00be 9203     		lsls	r2, r2, #14
 280 00c0 174B     		ldr	r3, .L13+8
 281 00c2 1A60     		str	r2, [r3]
 403:Generated_Source\PSoC4/cyfitter_cfg.c **** 		CY_SET_REG32((void *)(CYREG_HSIOM_PORT_SEL3), 0x0000EE00u);
 282              		.loc 1 403 0
 283 00c4 EE22     		movs	r2, #238
 284 00c6 1202     		lsls	r2, r2, #8
 285 00c8 164B     		ldr	r3, .L13+12
 286 00ca 1A60     		str	r2, [r3]
 404:Generated_Source\PSoC4/cyfitter_cfg.c **** 
 405:Generated_Source\PSoC4/cyfitter_cfg.c **** 		/* UDB_PA_1 Starting address: CYDEV_UDB_PA1_BASE */
 406:Generated_Source\PSoC4/cyfitter_cfg.c **** 		CY_SET_REG32((void *)(CYDEV_UDB_PA1_BASE), 0x00990000u);
 287              		.loc 1 406 0
 288 00cc 9923     		movs	r3, #153
 289 00ce 1B04     		lsls	r3, r3, #16
 290 00d0 154A     		ldr	r2, .L13+16
 291 00d2 1360     		str	r3, [r2]
 407:Generated_Source\PSoC4/cyfitter_cfg.c **** 		CY_SET_REG32((void *)(CYREG_UDB_PA1_CFG8), 0x51000000u);
 292              		.loc 1 407 0
 293 00d4 A221     		movs	r1, #162
 294 00d6 C905     		lsls	r1, r1, #23
 295 00d8 144A     		ldr	r2, .L13+20
 296 00da 1160     		str	r1, [r2]
 408:Generated_Source\PSoC4/cyfitter_cfg.c **** 
 409:Generated_Source\PSoC4/cyfitter_cfg.c **** 		/* UDB_PA_3 Starting address: CYDEV_UDB_PA3_BASE */
 410:Generated_Source\PSoC4/cyfitter_cfg.c **** 		CY_SET_REG32((void *)(CYDEV_UDB_PA3_BASE), 0x00990000u);
 297              		.loc 1 410 0
 298 00dc 144A     		ldr	r2, .L13+24
 299 00de 1360     		str	r3, [r2]
 411:Generated_Source\PSoC4/cyfitter_cfg.c **** 
 412:Generated_Source\PSoC4/cyfitter_cfg.c **** 		/* Enable UDB array and digital routing */
 413:Generated_Source\PSoC4/cyfitter_cfg.c **** 		CY_SET_XTND_REG8((void *)CYREG_UDB_UDBIF_WAIT_CFG, (uint8)((CY_GET_XTND_REG8((void *)CYREG_UDB_UD
 300              		.loc 1 413 0
 301 00e0 1449     		ldr	r1, .L13+28
 302 00e2 0B78     		ldrb	r3, [r1]
 303 00e4 3C22     		movs	r2, #60
 304 00e6 9343     		bics	r3, r2
 305 00e8 1422     		movs	r2, #20
 306 00ea 1343     		orrs	r3, r2
 307 00ec DBB2     		uxtb	r3, r3
 308 00ee 0B70     		strb	r3, [r1]
 414:Generated_Source\PSoC4/cyfitter_cfg.c **** 		CY_SET_XTND_REG8((void *)CYREG_UDB_UDBIF_BANK_CTL, (uint8)(CY_GET_XTND_REG8((void *)CYREG_UDB_UDB
 309              		.loc 1 414 0
 310 00f0 114A     		ldr	r2, .L13+32
 311 00f2 1178     		ldrb	r1, [r2]
 312 00f4 1623     		movs	r3, #22
 313 00f6 0B43     		orrs	r3, r1
 314 00f8 DBB2     		uxtb	r3, r3
 315 00fa 1370     		strb	r3, [r2]
 316              	.LBE3:
 415:Generated_Source\PSoC4/cyfitter_cfg.c **** 	}
 416:Generated_Source\PSoC4/cyfitter_cfg.c **** 
 417:Generated_Source\PSoC4/cyfitter_cfg.c **** 	/* Perform second pass device configuration. These items must be configured in specific order afte
ARM GAS  C:\Users\Zeynep\AppData\Local\Temp\cc49VHja.s 			page 14


 418:Generated_Source\PSoC4/cyfitter_cfg.c **** 	/* IOPINS0_1 Starting address: CYDEV_PRT1_BASE */
 419:Generated_Source\PSoC4/cyfitter_cfg.c **** 	CY_SET_REG32((void *)(CYDEV_PRT1_BASE), 0x00000020u);
 317              		.loc 1 419 0
 318 00fc 2022     		movs	r2, #32
 319 00fe 0F4B     		ldr	r3, .L13+36
 320 0100 1A60     		str	r2, [r3]
 420:Generated_Source\PSoC4/cyfitter_cfg.c **** 	CY_SET_REG32((void *)(CYREG_PRT1_PC), 0x00030000u);
 321              		.loc 1 420 0
 322 0102 C022     		movs	r2, #192
 323 0104 9202     		lsls	r2, r2, #10
 324 0106 0E4B     		ldr	r3, .L13+40
 325 0108 1A60     		str	r2, [r3]
 421:Generated_Source\PSoC4/cyfitter_cfg.c **** 
 422:Generated_Source\PSoC4/cyfitter_cfg.c **** 	/* IOPINS0_3 Starting address: CYDEV_PRT3_BASE */
 423:Generated_Source\PSoC4/cyfitter_cfg.c **** 	CY_SET_REG32((void *)(CYREG_PRT3_PC), 0x00000D80u);
 326              		.loc 1 423 0
 327 010a D822     		movs	r2, #216
 328 010c 1201     		lsls	r2, r2, #4
 329 010e 0D4B     		ldr	r3, .L13+44
 330 0110 1A60     		str	r2, [r3]
 424:Generated_Source\PSoC4/cyfitter_cfg.c **** 
 425:Generated_Source\PSoC4/cyfitter_cfg.c **** 
 426:Generated_Source\PSoC4/cyfitter_cfg.c **** 	/* Setup clocks based on selections from Clock DWR */
 427:Generated_Source\PSoC4/cyfitter_cfg.c **** 	ClockSetup();
 331              		.loc 1 427 0
 332 0112 FFF775FF 		bl	ClockSetup
 333              	.LVL24:
 428:Generated_Source\PSoC4/cyfitter_cfg.c **** 
 429:Generated_Source\PSoC4/cyfitter_cfg.c **** 	/* Perform basic analog initialization to defaults */
 430:Generated_Source\PSoC4/cyfitter_cfg.c **** 	AnalogSetDefault();
 431:Generated_Source\PSoC4/cyfitter_cfg.c **** 
 432:Generated_Source\PSoC4/cyfitter_cfg.c **** }
 334              		.loc 1 432 0
 335              		@ sp needed
 336              	.LVL25:
 337 0116 10BD     		pop	{r4, pc}
 338              	.L14:
 339              		.align	2
 340              	.L13:
 341 0118 00000000 		.word	.LANCHOR0
 342 011c 80000000 		.word	.LANCHOR1
 343 0120 04000140 		.word	1073807364
 344 0124 0C000140 		.word	1073807372
 345 0128 10500F40 		.word	1074745360
 346 012c 18500F40 		.word	1074745368
 347 0130 30500F40 		.word	1074745392
 348 0134 01700F40 		.word	1074753537
 349 0138 00700F40 		.word	1074753536
 350 013c 00010440 		.word	1074004224
 351 0140 08010440 		.word	1074004232
 352 0144 08030440 		.word	1074004744
 353              		.cfi_endproc
 354              	.LFE6:
 355              		.size	cyfitter_cfg, .-cyfitter_cfg
 356              		.section	.rodata
 357              		.align	2
 358              		.set	.LANCHOR0,. + 0
ARM GAS  C:\Users\Zeynep\AppData\Local\Temp\cc49VHja.s 			page 15


 359              		.set	.LANCHOR1,. + 128
 360              		.type	cfg_memset_list.4870, %object
 361              		.size	cfg_memset_list.4870, 12
 362              	cfg_memset_list.4870:
 363 0000 00300F40 		.word	1074737152
 364 0004 0004     		.short	1024
 365 0006 00400F40 		.4byte	1074741248
 366 000a 0004     		.short	1024
 367              		.type	cy_cfg_data_table.4865, %object
 368              		.size	cy_cfg_data_table.4865, 142
 369              	cy_cfg_data_table.4865:
 370 000c 82       		.byte	-126
 371 000d 0D       		.byte	13
 372 000e 0A       		.byte	10
 373 000f 04       		.byte	4
 374 0010 0F       		.byte	15
 375 0011 01       		.byte	1
 376 0012 14       		.byte	20
 377 0013 01       		.byte	1
 378 0014 1A       		.byte	26
 379 0015 07       		.byte	7
 380 0016 27       		.byte	39
 381 0017 01       		.byte	1
 382 0018 2E       		.byte	46
 383 0019 08       		.byte	8
 384 001a 30       		.byte	48
 385 001b 01       		.byte	1
 386 001c 32       		.byte	50
 387 001d 02       		.byte	2
 388 001e 34       		.byte	52
 389 001f 08       		.byte	8
 390 0020 35       		.byte	53
 391 0021 01       		.byte	1
 392 0022 36       		.byte	54
 393 0023 04       		.byte	4
 394 0024 3F       		.byte	63
 395 0025 10       		.byte	16
 396 0026 40       		.byte	64
 397 0027 20       		.byte	32
 398 0028 41       		.byte	65
 399 0029 05       		.byte	5
 400 002a 45       		.byte	69
 401 002b D1       		.byte	-47
 402 002c 46       		.byte	70
 403 002d 02       		.byte	2
 404 002e 48       		.byte	72
 405 002f 07       		.byte	7
 406 0030 49       		.byte	73
 407 0031 FF       		.byte	-1
 408 0032 4A       		.byte	74
 409 0033 FF       		.byte	-1
 410 0034 4B       		.byte	75
 411 0035 FF       		.byte	-1
 412 0036 4D       		.byte	77
 413 0037 A0       		.byte	-96
 414 0038 4F       		.byte	79
 415 0039 04       		.byte	4
ARM GAS  C:\Users\Zeynep\AppData\Local\Temp\cc49VHja.s 			page 16


 416 003a 50       		.byte	80
 417 003b 18       		.byte	24
 418 003c 52       		.byte	82
 419 003d 80       		.byte	-128
 420 003e 54       		.byte	84
 421 003f 05       		.byte	5
 422 0040 58       		.byte	88
 423 0041 04       		.byte	4
 424 0042 59       		.byte	89
 425 0043 04       		.byte	4
 426 0044 5A       		.byte	90
 427 0045 04       		.byte	4
 428 0046 5B       		.byte	91
 429 0047 04       		.byte	4
 430 0048 5F       		.byte	95
 431 0049 01       		.byte	1
 432 004a 60       		.byte	96
 433 004b 40       		.byte	64
 434 004c 62       		.byte	98
 435 004d C0       		.byte	-64
 436 004e 64       		.byte	100
 437 004f 40       		.byte	64
 438 0050 65       		.byte	101
 439 0051 40       		.byte	64
 440 0052 66       		.byte	102
 441 0053 C0       		.byte	-64
 442 0054 68       		.byte	104
 443 0055 C0       		.byte	-64
 444 0056 6A       		.byte	106
 445 0057 C0       		.byte	-64
 446 0058 6C       		.byte	108
 447 0059 C0       		.byte	-64
 448 005a 6E       		.byte	110
 449 005b C0       		.byte	-64
 450 005c 05       		.byte	5
 451 005d 10       		.byte	16
 452 005e 0E       		.byte	14
 453 005f 20       		.byte	32
 454 0060 0F       		.byte	15
 455 0061 08       		.byte	8
 456 0062 17       		.byte	23
 457 0063 80       		.byte	-128
 458 0064 1D       		.byte	29
 459 0065 30       		.byte	48
 460 0066 1E       		.byte	30
 461 0067 60       		.byte	96
 462 0068 1F       		.byte	31
 463 0069 A0       		.byte	-96
 464 006a 27       		.byte	39
 465 006b 08       		.byte	8
 466 006c 2F       		.byte	47
 467 006d 20       		.byte	32
 468 006e 3F       		.byte	63
 469 006f 80       		.byte	-128
 470 0070 45       		.byte	69
 471 0071 20       		.byte	32
 472 0072 4F       		.byte	79
ARM GAS  C:\Users\Zeynep\AppData\Local\Temp\cc49VHja.s 			page 17


 473 0073 89       		.byte	-119
 474 0074 57       		.byte	87
 475 0075 40       		.byte	64
 476 0076 5E       		.byte	94
 477 0077 40       		.byte	64
 478 0078 5F       		.byte	95
 479 0079 09       		.byte	9
 480 007a 77       		.byte	119
 481 007b 80       		.byte	-128
 482 007c 87       		.byte	-121
 483 007d 80       		.byte	-128
 484 007e C0       		.byte	-64
 485 007f 40       		.byte	64
 486 0080 C2       		.byte	-62
 487 0081 60       		.byte	96
 488 0082 C4       		.byte	-60
 489 0083 80       		.byte	-128
 490 0084 CA       		.byte	-54
 491 0085 40       		.byte	64
 492 0086 CE       		.byte	-50
 493 0087 10       		.byte	16
 494 0088 D0       		.byte	-48
 495 0089 20       		.byte	32
 496 008a D2       		.byte	-46
 497 008b 10       		.byte	16
 498 008c D6       		.byte	-42
 499 008d D0       		.byte	-48
 500 008e 63       		.byte	99
 501 008f 02       		.byte	2
 502 0090 87       		.byte	-121
 503 0091 01       		.byte	1
 504 0092 D6       		.byte	-42
 505 0093 40       		.byte	64
 506 0094 E6       		.byte	-26
 507 0095 10       		.byte	16
 508 0096 01       		.byte	1
 509 0097 01       		.byte	1
 510 0098 10       		.byte	16
 511 0099 01       		.byte	1
 512 009a 0000     		.space	2
 513              		.type	cy_cfg_addr_table.4864, %object
 514              		.size	cy_cfg_addr_table.4864, 20
 515              	cy_cfg_addr_table.4864:
 516 009c 01000F40 		.word	1074724865
 517 00a0 27320F40 		.word	1074737703
 518 00a4 19330F40 		.word	1074737945
 519 00a8 04410F40 		.word	1074741508
 520 00ac 02600F40 		.word	1074749442
 521              		.text
 522              	.Letext0:
 523              		.file 2 "d:\\psoc creator\\4.4\\psoc creator\\import\\gnu\\arm\\5.4.1\\lib\\gcc\\arm-none-eabi\\5.
 524              		.file 3 "Generated_Source\\PSoC4\\cytypes.h"
 525              		.file 4 "Generated_Source\\PSoC4\\CyLib.h"
 526              		.section	.debug_info,"",%progbits
 527              	.Ldebug_info0:
 528 0000 9C030000 		.4byte	0x39c
 529 0004 0400     		.2byte	0x4
ARM GAS  C:\Users\Zeynep\AppData\Local\Temp\cc49VHja.s 			page 18


 530 0006 00000000 		.4byte	.Ldebug_abbrev0
 531 000a 04       		.byte	0x4
 532 000b 01       		.uleb128 0x1
 533 000c 5B010000 		.4byte	.LASF39
 534 0010 0C       		.byte	0xc
 535 0011 88020000 		.4byte	.LASF40
 536 0015 30010000 		.4byte	.LASF41
 537 0019 00000000 		.4byte	.Ldebug_ranges0+0
 538 001d 00000000 		.4byte	0
 539 0021 00000000 		.4byte	.Ldebug_line0
 540 0025 02       		.uleb128 0x2
 541 0026 04       		.byte	0x4
 542 0027 05       		.byte	0x5
 543 0028 696E7400 		.ascii	"int\000"
 544 002c 03       		.uleb128 0x3
 545 002d 06000000 		.4byte	.LASF12
 546 0031 02       		.byte	0x2
 547 0032 D8       		.byte	0xd8
 548 0033 37000000 		.4byte	0x37
 549 0037 04       		.uleb128 0x4
 550 0038 04       		.byte	0x4
 551 0039 07       		.byte	0x7
 552 003a F7000000 		.4byte	.LASF0
 553 003e 04       		.uleb128 0x4
 554 003f 08       		.byte	0x8
 555 0040 05       		.byte	0x5
 556 0041 1B020000 		.4byte	.LASF1
 557 0045 04       		.uleb128 0x4
 558 0046 08       		.byte	0x8
 559 0047 04       		.byte	0x4
 560 0048 70020000 		.4byte	.LASF2
 561 004c 04       		.uleb128 0x4
 562 004d 01       		.byte	0x1
 563 004e 06       		.byte	0x6
 564 004f 7C020000 		.4byte	.LASF3
 565 0053 04       		.uleb128 0x4
 566 0054 01       		.byte	0x1
 567 0055 08       		.byte	0x8
 568 0056 99000000 		.4byte	.LASF4
 569 005a 04       		.uleb128 0x4
 570 005b 02       		.byte	0x2
 571 005c 05       		.byte	0x5
 572 005d 48020000 		.4byte	.LASF5
 573 0061 04       		.uleb128 0x4
 574 0062 02       		.byte	0x2
 575 0063 07       		.byte	0x7
 576 0064 08020000 		.4byte	.LASF6
 577 0068 04       		.uleb128 0x4
 578 0069 04       		.byte	0x4
 579 006a 05       		.byte	0x5
 580 006b 67020000 		.4byte	.LASF7
 581 006f 04       		.uleb128 0x4
 582 0070 04       		.byte	0x4
 583 0071 07       		.byte	0x7
 584 0072 77000000 		.4byte	.LASF8
 585 0076 04       		.uleb128 0x4
 586 0077 08       		.byte	0x8
ARM GAS  C:\Users\Zeynep\AppData\Local\Temp\cc49VHja.s 			page 19


 587 0078 07       		.byte	0x7
 588 0079 19010000 		.4byte	.LASF9
 589 007d 04       		.uleb128 0x4
 590 007e 04       		.byte	0x4
 591 007f 07       		.byte	0x7
 592 0080 FF010000 		.4byte	.LASF10
 593 0084 05       		.uleb128 0x5
 594 0085 04       		.byte	0x4
 595 0086 04       		.uleb128 0x4
 596 0087 01       		.byte	0x1
 597 0088 08       		.byte	0x8
 598 0089 29020000 		.4byte	.LASF11
 599 008d 06       		.uleb128 0x6
 600 008e 89000000 		.4byte	.LASF13
 601 0092 03       		.byte	0x3
 602 0093 FB01     		.2byte	0x1fb
 603 0095 53000000 		.4byte	0x53
 604 0099 06       		.uleb128 0x6
 605 009a DE000000 		.4byte	.LASF14
 606 009e 03       		.byte	0x3
 607 009f FC01     		.2byte	0x1fc
 608 00a1 61000000 		.4byte	0x61
 609 00a5 06       		.uleb128 0x6
 610 00a6 F0000000 		.4byte	.LASF15
 611 00aa 03       		.byte	0x3
 612 00ab FD01     		.2byte	0x1fd
 613 00ad 6F000000 		.4byte	0x6f
 614 00b1 04       		.uleb128 0x4
 615 00b2 04       		.byte	0x4
 616 00b3 04       		.byte	0x4
 617 00b4 57000000 		.4byte	.LASF16
 618 00b8 04       		.uleb128 0x4
 619 00b9 08       		.byte	0x8
 620 00ba 04       		.byte	0x4
 621 00bb AE000000 		.4byte	.LASF17
 622 00bf 06       		.uleb128 0x6
 623 00c0 72000000 		.4byte	.LASF18
 624 00c4 03       		.byte	0x3
 625 00c5 A502     		.2byte	0x2a5
 626 00c7 CB000000 		.4byte	0xcb
 627 00cb 07       		.uleb128 0x7
 628 00cc 8D000000 		.4byte	0x8d
 629 00d0 06       		.uleb128 0x6
 630 00d1 00000000 		.4byte	.LASF19
 631 00d5 03       		.byte	0x3
 632 00d6 A702     		.2byte	0x2a7
 633 00d8 DC000000 		.4byte	0xdc
 634 00dc 07       		.uleb128 0x7
 635 00dd A5000000 		.4byte	0xa5
 636 00e1 08       		.uleb128 0x8
 637 00e2 02       		.byte	0x2
 638 00e3 01       		.byte	0x1
 639 00e4 97       		.byte	0x97
 640 00e5 02010000 		.4byte	0x102
 641 00e9 09       		.uleb128 0x9
 642 00ea 41020000 		.4byte	.LASF20
 643 00ee 01       		.byte	0x1
ARM GAS  C:\Users\Zeynep\AppData\Local\Temp\cc49VHja.s 			page 20


 644 00ef 99       		.byte	0x99
 645 00f0 8D000000 		.4byte	0x8d
 646 00f4 00       		.byte	0
 647 00f5 09       		.uleb128 0x9
 648 00f6 1C000000 		.4byte	.LASF21
 649 00fa 01       		.byte	0x1
 650 00fb 9A       		.byte	0x9a
 651 00fc 8D000000 		.4byte	0x8d
 652 0100 01       		.byte	0x1
 653 0101 00       		.byte	0
 654 0102 03       		.uleb128 0x3
 655 0103 2E020000 		.4byte	.LASF22
 656 0107 01       		.byte	0x1
 657 0108 9B       		.byte	0x9b
 658 0109 E1000000 		.4byte	0xe1
 659 010d 0A       		.uleb128 0xa
 660 010e B5000000 		.4byte	.LASF27
 661 0112 01       		.byte	0x1
 662 0113 AE       		.byte	0xae
 663 0114 00000000 		.4byte	.LFB3
 664 0118 32000000 		.4byte	.LFE3-.LFB3
 665 011c 01       		.uleb128 0x1
 666 011d 9C       		.byte	0x9c
 667 011e 7F010000 		.4byte	0x17f
 668 0122 0B       		.uleb128 0xb
 669 0123 D3000000 		.4byte	.LASF23
 670 0127 01       		.byte	0x1
 671 0128 AE       		.byte	0xae
 672 0129 7F010000 		.4byte	0x17f
 673 012d 01       		.uleb128 0x1
 674 012e 50       		.byte	0x50
 675 012f 0B       		.uleb128 0xb
 676 0130 E5000000 		.4byte	.LASF24
 677 0134 01       		.byte	0x1
 678 0135 AE       		.byte	0xae
 679 0136 8A010000 		.4byte	0x18a
 680 013a 01       		.uleb128 0x1
 681 013b 51       		.byte	0x51
 682 013c 0C       		.uleb128 0xc
 683 013d 6900     		.ascii	"i\000"
 684 013f 01       		.byte	0x1
 685 0140 B1       		.byte	0xb1
 686 0141 A5000000 		.4byte	0xa5
 687 0145 00000000 		.4byte	.LLST0
 688 0149 0C       		.uleb128 0xc
 689 014a 6A00     		.ascii	"j\000"
 690 014c 01       		.byte	0x1
 691 014d B1       		.byte	0xb1
 692 014e A5000000 		.4byte	0xa5
 693 0152 1F000000 		.4byte	.LLST1
 694 0156 0D       		.uleb128 0xd
 695 0157 08000000 		.4byte	.LBB2
 696 015b 22000000 		.4byte	.LBE2-.LBB2
 697 015f 0E       		.uleb128 0xe
 698 0160 F6010000 		.4byte	.LASF25
 699 0164 01       		.byte	0x1
 700 0165 B4       		.byte	0xb4
ARM GAS  C:\Users\Zeynep\AppData\Local\Temp\cc49VHja.s 			page 21


 701 0166 A5000000 		.4byte	0xa5
 702 016a 3E000000 		.4byte	.LLST2
 703 016e 0E       		.uleb128 0xe
 704 016f 22000000 		.4byte	.LASF26
 705 0173 01       		.byte	0x1
 706 0174 B5       		.byte	0xb5
 707 0175 8D000000 		.4byte	0x8d
 708 0179 51000000 		.4byte	.LLST3
 709 017d 00       		.byte	0
 710 017e 00       		.byte	0
 711 017f 0F       		.uleb128 0xf
 712 0180 04       		.byte	0x4
 713 0181 85010000 		.4byte	0x185
 714 0185 10       		.uleb128 0x10
 715 0186 A5000000 		.4byte	0xa5
 716 018a 0F       		.uleb128 0xf
 717 018b 04       		.byte	0x4
 718 018c 90010000 		.4byte	0x190
 719 0190 10       		.uleb128 0x10
 720 0191 02010000 		.4byte	0x102
 721 0195 0A       		.uleb128 0xa
 722 0196 8F000000 		.4byte	.LASF28
 723 019a 01       		.byte	0x1
 724 019b 4C       		.byte	0x4c
 725 019c 00000000 		.4byte	.LFB0
 726 01a0 0C000000 		.4byte	.LFE0-.LFB0
 727 01a4 01       		.uleb128 0x1
 728 01a5 9C       		.byte	0x9c
 729 01a6 E2010000 		.4byte	0x1e2
 730 01aa 11       		.uleb128 0x11
 731 01ab 7300     		.ascii	"s\000"
 732 01ad 01       		.byte	0x1
 733 01ae 4C       		.byte	0x4c
 734 01af 84000000 		.4byte	0x84
 735 01b3 6F000000 		.4byte	.LLST4
 736 01b7 11       		.uleb128 0x11
 737 01b8 6E00     		.ascii	"n\000"
 738 01ba 01       		.byte	0x1
 739 01bb 4C       		.byte	0x4c
 740 01bc 2C000000 		.4byte	0x2c
 741 01c0 90000000 		.4byte	.LLST5
 742 01c4 12       		.uleb128 0x12
 743 01c5 0A000000 		.4byte	.LVL14
 744 01c9 75030000 		.4byte	0x375
 745 01cd 13       		.uleb128 0x13
 746 01ce 01       		.uleb128 0x1
 747 01cf 50       		.byte	0x50
 748 01d0 03       		.uleb128 0x3
 749 01d1 F3       		.byte	0xf3
 750 01d2 01       		.uleb128 0x1
 751 01d3 50       		.byte	0x50
 752 01d4 13       		.uleb128 0x13
 753 01d5 01       		.uleb128 0x1
 754 01d6 51       		.byte	0x51
 755 01d7 01       		.uleb128 0x1
 756 01d8 30       		.byte	0x30
 757 01d9 13       		.uleb128 0x13
ARM GAS  C:\Users\Zeynep\AppData\Local\Temp\cc49VHja.s 			page 22


 758 01da 01       		.uleb128 0x1
 759 01db 52       		.byte	0x52
 760 01dc 03       		.uleb128 0x3
 761 01dd F3       		.byte	0xf3
 762 01de 01       		.uleb128 0x1
 763 01df 51       		.byte	0x51
 764 01e0 00       		.byte	0
 765 01e1 00       		.byte	0
 766 01e2 0A       		.uleb128 0xa
 767 01e3 28000000 		.4byte	.LASF29
 768 01e7 01       		.byte	0x1
 769 01e8 D3       		.byte	0xd3
 770 01e9 00000000 		.4byte	.LFB4
 771 01ed 84000000 		.4byte	.LFE4-.LFB4
 772 01f1 01       		.uleb128 0x1
 773 01f2 9C       		.byte	0x9c
 774 01f3 2D020000 		.4byte	0x22d
 775 01f7 14       		.uleb128 0x14
 776 01f8 14000000 		.4byte	.LVL15
 777 01fc 7E030000 		.4byte	0x37e
 778 0200 0A020000 		.4byte	0x20a
 779 0204 13       		.uleb128 0x13
 780 0205 01       		.uleb128 0x1
 781 0206 50       		.byte	0x50
 782 0207 01       		.uleb128 0x1
 783 0208 48       		.byte	0x48
 784 0209 00       		.byte	0
 785 020a 14       		.uleb128 0x14
 786 020b 48000000 		.4byte	.LVL16
 787 020f 89030000 		.4byte	0x389
 788 0213 1D020000 		.4byte	0x21d
 789 0217 13       		.uleb128 0x13
 790 0218 01       		.uleb128 0x1
 791 0219 50       		.byte	0x50
 792 021a 01       		.uleb128 0x1
 793 021b 39       		.byte	0x39
 794 021c 00       		.byte	0
 795 021d 12       		.uleb128 0x12
 796 021e 4E000000 		.4byte	.LVL17
 797 0222 94030000 		.4byte	0x394
 798 0226 13       		.uleb128 0x13
 799 0227 01       		.uleb128 0x1
 800 0228 50       		.byte	0x50
 801 0229 01       		.uleb128 0x1
 802 022a 39       		.byte	0x39
 803 022b 00       		.byte	0
 804 022c 00       		.byte	0
 805 022d 15       		.uleb128 0x15
 806 022e 04010000 		.4byte	.LASF42
 807 0232 01       		.byte	0x1
 808 0233 2101     		.2byte	0x121
 809 0235 84000000 		.4byte	.LFB6
 810 0239 C4000000 		.4byte	.LFE6-.LFB6
 811 023d 01       		.uleb128 0x1
 812 023e 9C       		.byte	0x9c
 813 023f 4B030000 		.4byte	0x34b
 814 0243 16       		.uleb128 0x16
ARM GAS  C:\Users\Zeynep\AppData\Local\Temp\cc49VHja.s 			page 23


 815 0244 88000000 		.4byte	.LBB3
 816 0248 74000000 		.4byte	.LBE3-.LBB3
 817 024c 41030000 		.4byte	0x341
 818 0250 17       		.uleb128 0x17
 819 0251 33000000 		.4byte	.LASF30
 820 0255 01       		.byte	0x1
 821 0256 2701     		.2byte	0x127
 822 0258 5B030000 		.4byte	0x35b
 823 025c 05       		.uleb128 0x5
 824 025d 03       		.byte	0x3
 825 025e 9C000000 		.4byte	cy_cfg_addr_table.4864
 826 0262 17       		.uleb128 0x17
 827 0263 45000000 		.4byte	.LASF31
 828 0267 01       		.byte	0x1
 829 0268 2F01     		.2byte	0x12f
 830 026a 70030000 		.4byte	0x370
 831 026e 05       		.uleb128 0x5
 832 026f 03       		.byte	0x3
 833 0270 0C000000 		.4byte	cy_cfg_data_table.4865
 834 0274 18       		.uleb128 0x18
 835 0275 06       		.byte	0x6
 836 0276 01       		.byte	0x1
 837 0277 7B01     		.2byte	0x17b
 838 0279 98020000 		.4byte	0x298
 839 027d 19       		.uleb128 0x19
 840 027e 11010000 		.4byte	.LASF32
 841 0282 01       		.byte	0x1
 842 0283 7C01     		.2byte	0x17c
 843 0285 84000000 		.4byte	0x84
 844 0289 00       		.byte	0
 845 028a 19       		.uleb128 0x19
 846 028b 6D000000 		.4byte	.LASF33
 847 028f 01       		.byte	0x1
 848 0290 7D01     		.2byte	0x17d
 849 0292 99000000 		.4byte	0x99
 850 0296 04       		.byte	0x4
 851 0297 00       		.byte	0
 852 0298 06       		.uleb128 0x6
 853 0299 E9010000 		.4byte	.LASF34
 854 029d 01       		.byte	0x1
 855 029e 7E01     		.2byte	0x17e
 856 02a0 74020000 		.4byte	0x274
 857 02a4 1A       		.uleb128 0x1a
 858 02a5 B4020000 		.4byte	0x2b4
 859 02a9 B4020000 		.4byte	0x2b4
 860 02ad 1B       		.uleb128 0x1b
 861 02ae 7D000000 		.4byte	0x7d
 862 02b2 01       		.byte	0x1
 863 02b3 00       		.byte	0
 864 02b4 10       		.uleb128 0x10
 865 02b5 98020000 		.4byte	0x298
 866 02b9 17       		.uleb128 0x17
 867 02ba 5D000000 		.4byte	.LASF35
 868 02be 01       		.byte	0x1
 869 02bf 8001     		.2byte	0x180
 870 02c1 CB020000 		.4byte	0x2cb
 871 02c5 05       		.uleb128 0x5
ARM GAS  C:\Users\Zeynep\AppData\Local\Temp\cc49VHja.s 			page 24


 872 02c6 03       		.byte	0x3
 873 02c7 00000000 		.4byte	cfg_memset_list.4870
 874 02cb 10       		.uleb128 0x10
 875 02cc A4020000 		.4byte	0x2a4
 876 02d0 1C       		.uleb128 0x1c
 877 02d1 6900     		.ascii	"i\000"
 878 02d3 01       		.byte	0x1
 879 02d4 8601     		.2byte	0x186
 880 02d6 8D000000 		.4byte	0x8d
 881 02da BC000000 		.4byte	.LLST6
 882 02de 16       		.uleb128 0x16
 883 02df 8C000000 		.4byte	.LBB4
 884 02e3 1C000000 		.4byte	.LBE4-.LBB4
 885 02e7 24030000 		.4byte	0x324
 886 02eb 1C       		.uleb128 0x1c
 887 02ec 6D7300   		.ascii	"ms\000"
 888 02ef 01       		.byte	0x1
 889 02f0 8B01     		.2byte	0x18b
 890 02f2 FA020000 		.4byte	0x2fa
 891 02f6 E6000000 		.4byte	.LLST7
 892 02fa 0F       		.uleb128 0xf
 893 02fb 04       		.byte	0x4
 894 02fc B4020000 		.4byte	0x2b4
 895 0300 12       		.uleb128 0x12
 896 0301 A8000000 		.4byte	.LVL20
 897 0305 95010000 		.4byte	0x195
 898 0309 13       		.uleb128 0x13
 899 030a 01       		.uleb128 0x1
 900 030b 51       		.byte	0x51
 901 030c 15       		.uleb128 0x15
 902 030d 74       		.byte	0x74
 903 030e 00       		.sleb128 0
 904 030f 31       		.byte	0x31
 905 0310 24       		.byte	0x24
 906 0311 74       		.byte	0x74
 907 0312 00       		.sleb128 0
 908 0313 22       		.byte	0x22
 909 0314 31       		.byte	0x31
 910 0315 24       		.byte	0x24
 911 0316 03       		.byte	0x3
 912 0317 04000000 		.4byte	.LANCHOR0+4
 913 031b 22       		.byte	0x22
 914 031c 94       		.byte	0x94
 915 031d 02       		.byte	0x2
 916 031e 0A       		.byte	0xa
 917 031f FFFF     		.2byte	0xffff
 918 0321 1A       		.byte	0x1a
 919 0322 00       		.byte	0
 920 0323 00       		.byte	0
 921 0324 12       		.uleb128 0x12
 922 0325 BC000000 		.4byte	.LVL23
 923 0329 0D010000 		.4byte	0x10d
 924 032d 13       		.uleb128 0x13
 925 032e 01       		.uleb128 0x1
 926 032f 50       		.byte	0x50
 927 0330 05       		.uleb128 0x5
 928 0331 03       		.byte	0x3
ARM GAS  C:\Users\Zeynep\AppData\Local\Temp\cc49VHja.s 			page 25


 929 0332 9C000000 		.4byte	.LANCHOR1+28
 930 0336 13       		.uleb128 0x13
 931 0337 01       		.uleb128 0x1
 932 0338 51       		.byte	0x51
 933 0339 05       		.uleb128 0x5
 934 033a 03       		.byte	0x3
 935 033b 0C000000 		.4byte	.LANCHOR0+12
 936 033f 00       		.byte	0
 937 0340 00       		.byte	0
 938 0341 1D       		.uleb128 0x1d
 939 0342 16010000 		.4byte	.LVL24
 940 0346 E2010000 		.4byte	0x1e2
 941 034a 00       		.byte	0
 942 034b 1A       		.uleb128 0x1a
 943 034c 85010000 		.4byte	0x185
 944 0350 5B030000 		.4byte	0x35b
 945 0354 1B       		.uleb128 0x1b
 946 0355 7D000000 		.4byte	0x7d
 947 0359 04       		.byte	0x4
 948 035a 00       		.byte	0
 949 035b 10       		.uleb128 0x10
 950 035c 4B030000 		.4byte	0x34b
 951 0360 1A       		.uleb128 0x1a
 952 0361 90010000 		.4byte	0x190
 953 0365 70030000 		.4byte	0x370
 954 0369 1B       		.uleb128 0x1b
 955 036a 7D000000 		.4byte	0x7d
 956 036e 46       		.byte	0x46
 957 036f 00       		.byte	0
 958 0370 10       		.uleb128 0x10
 959 0371 60030000 		.4byte	0x360
 960 0375 1E       		.uleb128 0x1e
 961 0376 A7000000 		.4byte	.LASF43
 962 037a A7000000 		.4byte	.LASF43
 963 037e 1F       		.uleb128 0x1f
 964 037f 52020000 		.4byte	.LASF36
 965 0383 52020000 		.4byte	.LASF36
 966 0387 04       		.byte	0x4
 967 0388 6C       		.byte	0x6c
 968 0389 1F       		.uleb128 0x1f
 969 038a 0D000000 		.4byte	.LASF37
 970 038e 0D000000 		.4byte	.LASF37
 971 0392 04       		.byte	0x4
 972 0393 D0       		.byte	0xd0
 973 0394 1F       		.uleb128 0x1f
 974 0395 C7000000 		.4byte	.LASF38
 975 0399 C7000000 		.4byte	.LASF38
 976 039d 04       		.byte	0x4
 977 039e D6       		.byte	0xd6
 978 039f 00       		.byte	0
 979              		.section	.debug_abbrev,"",%progbits
 980              	.Ldebug_abbrev0:
 981 0000 01       		.uleb128 0x1
 982 0001 11       		.uleb128 0x11
 983 0002 01       		.byte	0x1
 984 0003 25       		.uleb128 0x25
 985 0004 0E       		.uleb128 0xe
ARM GAS  C:\Users\Zeynep\AppData\Local\Temp\cc49VHja.s 			page 26


 986 0005 13       		.uleb128 0x13
 987 0006 0B       		.uleb128 0xb
 988 0007 03       		.uleb128 0x3
 989 0008 0E       		.uleb128 0xe
 990 0009 1B       		.uleb128 0x1b
 991 000a 0E       		.uleb128 0xe
 992 000b 55       		.uleb128 0x55
 993 000c 17       		.uleb128 0x17
 994 000d 11       		.uleb128 0x11
 995 000e 01       		.uleb128 0x1
 996 000f 10       		.uleb128 0x10
 997 0010 17       		.uleb128 0x17
 998 0011 00       		.byte	0
 999 0012 00       		.byte	0
 1000 0013 02       		.uleb128 0x2
 1001 0014 24       		.uleb128 0x24
 1002 0015 00       		.byte	0
 1003 0016 0B       		.uleb128 0xb
 1004 0017 0B       		.uleb128 0xb
 1005 0018 3E       		.uleb128 0x3e
 1006 0019 0B       		.uleb128 0xb
 1007 001a 03       		.uleb128 0x3
 1008 001b 08       		.uleb128 0x8
 1009 001c 00       		.byte	0
 1010 001d 00       		.byte	0
 1011 001e 03       		.uleb128 0x3
 1012 001f 16       		.uleb128 0x16
 1013 0020 00       		.byte	0
 1014 0021 03       		.uleb128 0x3
 1015 0022 0E       		.uleb128 0xe
 1016 0023 3A       		.uleb128 0x3a
 1017 0024 0B       		.uleb128 0xb
 1018 0025 3B       		.uleb128 0x3b
 1019 0026 0B       		.uleb128 0xb
 1020 0027 49       		.uleb128 0x49
 1021 0028 13       		.uleb128 0x13
 1022 0029 00       		.byte	0
 1023 002a 00       		.byte	0
 1024 002b 04       		.uleb128 0x4
 1025 002c 24       		.uleb128 0x24
 1026 002d 00       		.byte	0
 1027 002e 0B       		.uleb128 0xb
 1028 002f 0B       		.uleb128 0xb
 1029 0030 3E       		.uleb128 0x3e
 1030 0031 0B       		.uleb128 0xb
 1031 0032 03       		.uleb128 0x3
 1032 0033 0E       		.uleb128 0xe
 1033 0034 00       		.byte	0
 1034 0035 00       		.byte	0
 1035 0036 05       		.uleb128 0x5
 1036 0037 0F       		.uleb128 0xf
 1037 0038 00       		.byte	0
 1038 0039 0B       		.uleb128 0xb
 1039 003a 0B       		.uleb128 0xb
 1040 003b 00       		.byte	0
 1041 003c 00       		.byte	0
 1042 003d 06       		.uleb128 0x6
ARM GAS  C:\Users\Zeynep\AppData\Local\Temp\cc49VHja.s 			page 27


 1043 003e 16       		.uleb128 0x16
 1044 003f 00       		.byte	0
 1045 0040 03       		.uleb128 0x3
 1046 0041 0E       		.uleb128 0xe
 1047 0042 3A       		.uleb128 0x3a
 1048 0043 0B       		.uleb128 0xb
 1049 0044 3B       		.uleb128 0x3b
 1050 0045 05       		.uleb128 0x5
 1051 0046 49       		.uleb128 0x49
 1052 0047 13       		.uleb128 0x13
 1053 0048 00       		.byte	0
 1054 0049 00       		.byte	0
 1055 004a 07       		.uleb128 0x7
 1056 004b 35       		.uleb128 0x35
 1057 004c 00       		.byte	0
 1058 004d 49       		.uleb128 0x49
 1059 004e 13       		.uleb128 0x13
 1060 004f 00       		.byte	0
 1061 0050 00       		.byte	0
 1062 0051 08       		.uleb128 0x8
 1063 0052 13       		.uleb128 0x13
 1064 0053 01       		.byte	0x1
 1065 0054 0B       		.uleb128 0xb
 1066 0055 0B       		.uleb128 0xb
 1067 0056 3A       		.uleb128 0x3a
 1068 0057 0B       		.uleb128 0xb
 1069 0058 3B       		.uleb128 0x3b
 1070 0059 0B       		.uleb128 0xb
 1071 005a 01       		.uleb128 0x1
 1072 005b 13       		.uleb128 0x13
 1073 005c 00       		.byte	0
 1074 005d 00       		.byte	0
 1075 005e 09       		.uleb128 0x9
 1076 005f 0D       		.uleb128 0xd
 1077 0060 00       		.byte	0
 1078 0061 03       		.uleb128 0x3
 1079 0062 0E       		.uleb128 0xe
 1080 0063 3A       		.uleb128 0x3a
 1081 0064 0B       		.uleb128 0xb
 1082 0065 3B       		.uleb128 0x3b
 1083 0066 0B       		.uleb128 0xb
 1084 0067 49       		.uleb128 0x49
 1085 0068 13       		.uleb128 0x13
 1086 0069 38       		.uleb128 0x38
 1087 006a 0B       		.uleb128 0xb
 1088 006b 00       		.byte	0
 1089 006c 00       		.byte	0
 1090 006d 0A       		.uleb128 0xa
 1091 006e 2E       		.uleb128 0x2e
 1092 006f 01       		.byte	0x1
 1093 0070 03       		.uleb128 0x3
 1094 0071 0E       		.uleb128 0xe
 1095 0072 3A       		.uleb128 0x3a
 1096 0073 0B       		.uleb128 0xb
 1097 0074 3B       		.uleb128 0x3b
 1098 0075 0B       		.uleb128 0xb
 1099 0076 27       		.uleb128 0x27
ARM GAS  C:\Users\Zeynep\AppData\Local\Temp\cc49VHja.s 			page 28


 1100 0077 19       		.uleb128 0x19
 1101 0078 11       		.uleb128 0x11
 1102 0079 01       		.uleb128 0x1
 1103 007a 12       		.uleb128 0x12
 1104 007b 06       		.uleb128 0x6
 1105 007c 40       		.uleb128 0x40
 1106 007d 18       		.uleb128 0x18
 1107 007e 9742     		.uleb128 0x2117
 1108 0080 19       		.uleb128 0x19
 1109 0081 01       		.uleb128 0x1
 1110 0082 13       		.uleb128 0x13
 1111 0083 00       		.byte	0
 1112 0084 00       		.byte	0
 1113 0085 0B       		.uleb128 0xb
 1114 0086 05       		.uleb128 0x5
 1115 0087 00       		.byte	0
 1116 0088 03       		.uleb128 0x3
 1117 0089 0E       		.uleb128 0xe
 1118 008a 3A       		.uleb128 0x3a
 1119 008b 0B       		.uleb128 0xb
 1120 008c 3B       		.uleb128 0x3b
 1121 008d 0B       		.uleb128 0xb
 1122 008e 49       		.uleb128 0x49
 1123 008f 13       		.uleb128 0x13
 1124 0090 02       		.uleb128 0x2
 1125 0091 18       		.uleb128 0x18
 1126 0092 00       		.byte	0
 1127 0093 00       		.byte	0
 1128 0094 0C       		.uleb128 0xc
 1129 0095 34       		.uleb128 0x34
 1130 0096 00       		.byte	0
 1131 0097 03       		.uleb128 0x3
 1132 0098 08       		.uleb128 0x8
 1133 0099 3A       		.uleb128 0x3a
 1134 009a 0B       		.uleb128 0xb
 1135 009b 3B       		.uleb128 0x3b
 1136 009c 0B       		.uleb128 0xb
 1137 009d 49       		.uleb128 0x49
 1138 009e 13       		.uleb128 0x13
 1139 009f 02       		.uleb128 0x2
 1140 00a0 17       		.uleb128 0x17
 1141 00a1 00       		.byte	0
 1142 00a2 00       		.byte	0
 1143 00a3 0D       		.uleb128 0xd
 1144 00a4 0B       		.uleb128 0xb
 1145 00a5 01       		.byte	0x1
 1146 00a6 11       		.uleb128 0x11
 1147 00a7 01       		.uleb128 0x1
 1148 00a8 12       		.uleb128 0x12
 1149 00a9 06       		.uleb128 0x6
 1150 00aa 00       		.byte	0
 1151 00ab 00       		.byte	0
 1152 00ac 0E       		.uleb128 0xe
 1153 00ad 34       		.uleb128 0x34
 1154 00ae 00       		.byte	0
 1155 00af 03       		.uleb128 0x3
 1156 00b0 0E       		.uleb128 0xe
ARM GAS  C:\Users\Zeynep\AppData\Local\Temp\cc49VHja.s 			page 29


 1157 00b1 3A       		.uleb128 0x3a
 1158 00b2 0B       		.uleb128 0xb
 1159 00b3 3B       		.uleb128 0x3b
 1160 00b4 0B       		.uleb128 0xb
 1161 00b5 49       		.uleb128 0x49
 1162 00b6 13       		.uleb128 0x13
 1163 00b7 02       		.uleb128 0x2
 1164 00b8 17       		.uleb128 0x17
 1165 00b9 00       		.byte	0
 1166 00ba 00       		.byte	0
 1167 00bb 0F       		.uleb128 0xf
 1168 00bc 0F       		.uleb128 0xf
 1169 00bd 00       		.byte	0
 1170 00be 0B       		.uleb128 0xb
 1171 00bf 0B       		.uleb128 0xb
 1172 00c0 49       		.uleb128 0x49
 1173 00c1 13       		.uleb128 0x13
 1174 00c2 00       		.byte	0
 1175 00c3 00       		.byte	0
 1176 00c4 10       		.uleb128 0x10
 1177 00c5 26       		.uleb128 0x26
 1178 00c6 00       		.byte	0
 1179 00c7 49       		.uleb128 0x49
 1180 00c8 13       		.uleb128 0x13
 1181 00c9 00       		.byte	0
 1182 00ca 00       		.byte	0
 1183 00cb 11       		.uleb128 0x11
 1184 00cc 05       		.uleb128 0x5
 1185 00cd 00       		.byte	0
 1186 00ce 03       		.uleb128 0x3
 1187 00cf 08       		.uleb128 0x8
 1188 00d0 3A       		.uleb128 0x3a
 1189 00d1 0B       		.uleb128 0xb
 1190 00d2 3B       		.uleb128 0x3b
 1191 00d3 0B       		.uleb128 0xb
 1192 00d4 49       		.uleb128 0x49
 1193 00d5 13       		.uleb128 0x13
 1194 00d6 02       		.uleb128 0x2
 1195 00d7 17       		.uleb128 0x17
 1196 00d8 00       		.byte	0
 1197 00d9 00       		.byte	0
 1198 00da 12       		.uleb128 0x12
 1199 00db 898201   		.uleb128 0x4109
 1200 00de 01       		.byte	0x1
 1201 00df 11       		.uleb128 0x11
 1202 00e0 01       		.uleb128 0x1
 1203 00e1 31       		.uleb128 0x31
 1204 00e2 13       		.uleb128 0x13
 1205 00e3 00       		.byte	0
 1206 00e4 00       		.byte	0
 1207 00e5 13       		.uleb128 0x13
 1208 00e6 8A8201   		.uleb128 0x410a
 1209 00e9 00       		.byte	0
 1210 00ea 02       		.uleb128 0x2
 1211 00eb 18       		.uleb128 0x18
 1212 00ec 9142     		.uleb128 0x2111
 1213 00ee 18       		.uleb128 0x18
ARM GAS  C:\Users\Zeynep\AppData\Local\Temp\cc49VHja.s 			page 30


 1214 00ef 00       		.byte	0
 1215 00f0 00       		.byte	0
 1216 00f1 14       		.uleb128 0x14
 1217 00f2 898201   		.uleb128 0x4109
 1218 00f5 01       		.byte	0x1
 1219 00f6 11       		.uleb128 0x11
 1220 00f7 01       		.uleb128 0x1
 1221 00f8 31       		.uleb128 0x31
 1222 00f9 13       		.uleb128 0x13
 1223 00fa 01       		.uleb128 0x1
 1224 00fb 13       		.uleb128 0x13
 1225 00fc 00       		.byte	0
 1226 00fd 00       		.byte	0
 1227 00fe 15       		.uleb128 0x15
 1228 00ff 2E       		.uleb128 0x2e
 1229 0100 01       		.byte	0x1
 1230 0101 3F       		.uleb128 0x3f
 1231 0102 19       		.uleb128 0x19
 1232 0103 03       		.uleb128 0x3
 1233 0104 0E       		.uleb128 0xe
 1234 0105 3A       		.uleb128 0x3a
 1235 0106 0B       		.uleb128 0xb
 1236 0107 3B       		.uleb128 0x3b
 1237 0108 05       		.uleb128 0x5
 1238 0109 27       		.uleb128 0x27
 1239 010a 19       		.uleb128 0x19
 1240 010b 11       		.uleb128 0x11
 1241 010c 01       		.uleb128 0x1
 1242 010d 12       		.uleb128 0x12
 1243 010e 06       		.uleb128 0x6
 1244 010f 40       		.uleb128 0x40
 1245 0110 18       		.uleb128 0x18
 1246 0111 9742     		.uleb128 0x2117
 1247 0113 19       		.uleb128 0x19
 1248 0114 01       		.uleb128 0x1
 1249 0115 13       		.uleb128 0x13
 1250 0116 00       		.byte	0
 1251 0117 00       		.byte	0
 1252 0118 16       		.uleb128 0x16
 1253 0119 0B       		.uleb128 0xb
 1254 011a 01       		.byte	0x1
 1255 011b 11       		.uleb128 0x11
 1256 011c 01       		.uleb128 0x1
 1257 011d 12       		.uleb128 0x12
 1258 011e 06       		.uleb128 0x6
 1259 011f 01       		.uleb128 0x1
 1260 0120 13       		.uleb128 0x13
 1261 0121 00       		.byte	0
 1262 0122 00       		.byte	0
 1263 0123 17       		.uleb128 0x17
 1264 0124 34       		.uleb128 0x34
 1265 0125 00       		.byte	0
 1266 0126 03       		.uleb128 0x3
 1267 0127 0E       		.uleb128 0xe
 1268 0128 3A       		.uleb128 0x3a
 1269 0129 0B       		.uleb128 0xb
 1270 012a 3B       		.uleb128 0x3b
ARM GAS  C:\Users\Zeynep\AppData\Local\Temp\cc49VHja.s 			page 31


 1271 012b 05       		.uleb128 0x5
 1272 012c 49       		.uleb128 0x49
 1273 012d 13       		.uleb128 0x13
 1274 012e 02       		.uleb128 0x2
 1275 012f 18       		.uleb128 0x18
 1276 0130 00       		.byte	0
 1277 0131 00       		.byte	0
 1278 0132 18       		.uleb128 0x18
 1279 0133 13       		.uleb128 0x13
 1280 0134 01       		.byte	0x1
 1281 0135 0B       		.uleb128 0xb
 1282 0136 0B       		.uleb128 0xb
 1283 0137 3A       		.uleb128 0x3a
 1284 0138 0B       		.uleb128 0xb
 1285 0139 3B       		.uleb128 0x3b
 1286 013a 05       		.uleb128 0x5
 1287 013b 01       		.uleb128 0x1
 1288 013c 13       		.uleb128 0x13
 1289 013d 00       		.byte	0
 1290 013e 00       		.byte	0
 1291 013f 19       		.uleb128 0x19
 1292 0140 0D       		.uleb128 0xd
 1293 0141 00       		.byte	0
 1294 0142 03       		.uleb128 0x3
 1295 0143 0E       		.uleb128 0xe
 1296 0144 3A       		.uleb128 0x3a
 1297 0145 0B       		.uleb128 0xb
 1298 0146 3B       		.uleb128 0x3b
 1299 0147 05       		.uleb128 0x5
 1300 0148 49       		.uleb128 0x49
 1301 0149 13       		.uleb128 0x13
 1302 014a 38       		.uleb128 0x38
 1303 014b 0B       		.uleb128 0xb
 1304 014c 00       		.byte	0
 1305 014d 00       		.byte	0
 1306 014e 1A       		.uleb128 0x1a
 1307 014f 01       		.uleb128 0x1
 1308 0150 01       		.byte	0x1
 1309 0151 49       		.uleb128 0x49
 1310 0152 13       		.uleb128 0x13
 1311 0153 01       		.uleb128 0x1
 1312 0154 13       		.uleb128 0x13
 1313 0155 00       		.byte	0
 1314 0156 00       		.byte	0
 1315 0157 1B       		.uleb128 0x1b
 1316 0158 21       		.uleb128 0x21
 1317 0159 00       		.byte	0
 1318 015a 49       		.uleb128 0x49
 1319 015b 13       		.uleb128 0x13
 1320 015c 2F       		.uleb128 0x2f
 1321 015d 0B       		.uleb128 0xb
 1322 015e 00       		.byte	0
 1323 015f 00       		.byte	0
 1324 0160 1C       		.uleb128 0x1c
 1325 0161 34       		.uleb128 0x34
 1326 0162 00       		.byte	0
 1327 0163 03       		.uleb128 0x3
ARM GAS  C:\Users\Zeynep\AppData\Local\Temp\cc49VHja.s 			page 32


 1328 0164 08       		.uleb128 0x8
 1329 0165 3A       		.uleb128 0x3a
 1330 0166 0B       		.uleb128 0xb
 1331 0167 3B       		.uleb128 0x3b
 1332 0168 05       		.uleb128 0x5
 1333 0169 49       		.uleb128 0x49
 1334 016a 13       		.uleb128 0x13
 1335 016b 02       		.uleb128 0x2
 1336 016c 17       		.uleb128 0x17
 1337 016d 00       		.byte	0
 1338 016e 00       		.byte	0
 1339 016f 1D       		.uleb128 0x1d
 1340 0170 898201   		.uleb128 0x4109
 1341 0173 00       		.byte	0
 1342 0174 11       		.uleb128 0x11
 1343 0175 01       		.uleb128 0x1
 1344 0176 31       		.uleb128 0x31
 1345 0177 13       		.uleb128 0x13
 1346 0178 00       		.byte	0
 1347 0179 00       		.byte	0
 1348 017a 1E       		.uleb128 0x1e
 1349 017b 2E       		.uleb128 0x2e
 1350 017c 00       		.byte	0
 1351 017d 3F       		.uleb128 0x3f
 1352 017e 19       		.uleb128 0x19
 1353 017f 3C       		.uleb128 0x3c
 1354 0180 19       		.uleb128 0x19
 1355 0181 6E       		.uleb128 0x6e
 1356 0182 0E       		.uleb128 0xe
 1357 0183 03       		.uleb128 0x3
 1358 0184 0E       		.uleb128 0xe
 1359 0185 00       		.byte	0
 1360 0186 00       		.byte	0
 1361 0187 1F       		.uleb128 0x1f
 1362 0188 2E       		.uleb128 0x2e
 1363 0189 00       		.byte	0
 1364 018a 3F       		.uleb128 0x3f
 1365 018b 19       		.uleb128 0x19
 1366 018c 3C       		.uleb128 0x3c
 1367 018d 19       		.uleb128 0x19
 1368 018e 6E       		.uleb128 0x6e
 1369 018f 0E       		.uleb128 0xe
 1370 0190 03       		.uleb128 0x3
 1371 0191 0E       		.uleb128 0xe
 1372 0192 3A       		.uleb128 0x3a
 1373 0193 0B       		.uleb128 0xb
 1374 0194 3B       		.uleb128 0x3b
 1375 0195 0B       		.uleb128 0xb
 1376 0196 00       		.byte	0
 1377 0197 00       		.byte	0
 1378 0198 00       		.byte	0
 1379              		.section	.debug_loc,"",%progbits
 1380              	.Ldebug_loc0:
 1381              	.LLST0:
 1382 0000 02000000 		.4byte	.LVL1
 1383 0004 08000000 		.4byte	.LVL2
 1384 0008 0200     		.2byte	0x2
ARM GAS  C:\Users\Zeynep\AppData\Local\Temp\cc49VHja.s 			page 33


 1385 000a 30       		.byte	0x30
 1386 000b 9F       		.byte	0x9f
 1387 000c 08000000 		.4byte	.LVL2
 1388 0010 30000000 		.4byte	.LVL11
 1389 0014 0100     		.2byte	0x1
 1390 0016 57       		.byte	0x57
 1391 0017 00000000 		.4byte	0
 1392 001b 00000000 		.4byte	0
 1393              	.LLST1:
 1394 001f 02000000 		.4byte	.LVL1
 1395 0023 08000000 		.4byte	.LVL2
 1396 0027 0200     		.2byte	0x2
 1397 0029 30       		.byte	0x30
 1398 002a 9F       		.byte	0x9f
 1399 002b 08000000 		.4byte	.LVL2
 1400 002f 30000000 		.4byte	.LVL10
 1401 0033 0100     		.2byte	0x1
 1402 0035 55       		.byte	0x55
 1403 0036 00000000 		.4byte	0
 1404 003a 00000000 		.4byte	0
 1405              	.LLST2:
 1406 003e 0C000000 		.4byte	.LVL3
 1407 0042 2C000000 		.4byte	.LVL9
 1408 0046 0100     		.2byte	0x1
 1409 0048 56       		.byte	0x56
 1410 0049 00000000 		.4byte	0
 1411 004d 00000000 		.4byte	0
 1412              	.LLST3:
 1413 0051 0E000000 		.4byte	.LVL4
 1414 0055 24000000 		.4byte	.LVL7
 1415 0059 0100     		.2byte	0x1
 1416 005b 53       		.byte	0x53
 1417 005c 26000000 		.4byte	.LVL8
 1418 0060 2C000000 		.4byte	.LVL9
 1419 0064 0100     		.2byte	0x1
 1420 0066 53       		.byte	0x53
 1421 0067 00000000 		.4byte	0
 1422 006b 00000000 		.4byte	0
 1423              	.LLST4:
 1424 006f 00000000 		.4byte	.LVL12
 1425 0073 09000000 		.4byte	.LVL14-1
 1426 0077 0100     		.2byte	0x1
 1427 0079 50       		.byte	0x50
 1428 007a 09000000 		.4byte	.LVL14-1
 1429 007e 0C000000 		.4byte	.LFE0
 1430 0082 0400     		.2byte	0x4
 1431 0084 F3       		.byte	0xf3
 1432 0085 01       		.uleb128 0x1
 1433 0086 50       		.byte	0x50
 1434 0087 9F       		.byte	0x9f
 1435 0088 00000000 		.4byte	0
 1436 008c 00000000 		.4byte	0
 1437              	.LLST5:
 1438 0090 00000000 		.4byte	.LVL12
 1439 0094 06000000 		.4byte	.LVL13
 1440 0098 0100     		.2byte	0x1
 1441 009a 51       		.byte	0x51
ARM GAS  C:\Users\Zeynep\AppData\Local\Temp\cc49VHja.s 			page 34


 1442 009b 06000000 		.4byte	.LVL13
 1443 009f 09000000 		.4byte	.LVL14-1
 1444 00a3 0100     		.2byte	0x1
 1445 00a5 52       		.byte	0x52
 1446 00a6 09000000 		.4byte	.LVL14-1
 1447 00aa 0C000000 		.4byte	.LFE0
 1448 00ae 0400     		.2byte	0x4
 1449 00b0 F3       		.byte	0xf3
 1450 00b1 01       		.uleb128 0x1
 1451 00b2 51       		.byte	0x51
 1452 00b3 9F       		.byte	0x9f
 1453 00b4 00000000 		.4byte	0
 1454 00b8 00000000 		.4byte	0
 1455              	.LLST6:
 1456 00bc 88000000 		.4byte	.LVL18
 1457 00c0 8C000000 		.4byte	.LVL19
 1458 00c4 0200     		.2byte	0x2
 1459 00c6 30       		.byte	0x30
 1460 00c7 9F       		.byte	0x9f
 1461 00c8 8C000000 		.4byte	.LVL19
 1462 00cc AA000000 		.4byte	.LVL21
 1463 00d0 0100     		.2byte	0x1
 1464 00d2 54       		.byte	0x54
 1465 00d3 AC000000 		.4byte	.LVL22
 1466 00d7 16010000 		.4byte	.LVL25
 1467 00db 0100     		.2byte	0x1
 1468 00dd 54       		.byte	0x54
 1469 00de 00000000 		.4byte	0
 1470 00e2 00000000 		.4byte	0
 1471              	.LLST7:
 1472 00e6 8C000000 		.4byte	.LVL19
 1473 00ea AA000000 		.4byte	.LVL21
 1474 00ee 0B00     		.2byte	0xb
 1475 00f0 74       		.byte	0x74
 1476 00f1 00       		.sleb128 0
 1477 00f2 36       		.byte	0x36
 1478 00f3 1E       		.byte	0x1e
 1479 00f4 03       		.byte	0x3
 1480 00f5 00000000 		.4byte	cfg_memset_list.4870
 1481 00f9 22       		.byte	0x22
 1482 00fa 9F       		.byte	0x9f
 1483 00fb AA000000 		.4byte	.LVL21
 1484 00ff AC000000 		.4byte	.LVL22
 1485 0103 0B00     		.2byte	0xb
 1486 0105 74       		.byte	0x74
 1487 0106 7F       		.sleb128 -1
 1488 0107 36       		.byte	0x36
 1489 0108 1E       		.byte	0x1e
 1490 0109 03       		.byte	0x3
 1491 010a 00000000 		.4byte	cfg_memset_list.4870
 1492 010e 22       		.byte	0x22
 1493 010f 9F       		.byte	0x9f
 1494 0110 00000000 		.4byte	0
 1495 0114 00000000 		.4byte	0
 1496              		.section	.debug_aranges,"",%progbits
 1497 0000 34000000 		.4byte	0x34
 1498 0004 0200     		.2byte	0x2
ARM GAS  C:\Users\Zeynep\AppData\Local\Temp\cc49VHja.s 			page 35


 1499 0006 00000000 		.4byte	.Ldebug_info0
 1500 000a 04       		.byte	0x4
 1501 000b 00       		.byte	0
 1502 000c 0000     		.2byte	0
 1503 000e 0000     		.2byte	0
 1504 0010 00000000 		.4byte	.LFB3
 1505 0014 32000000 		.4byte	.LFE3-.LFB3
 1506 0018 00000000 		.4byte	.LFB0
 1507 001c 0C000000 		.4byte	.LFE0-.LFB0
 1508 0020 00000000 		.4byte	.LFB4
 1509 0024 84000000 		.4byte	.LFE4-.LFB4
 1510 0028 84000000 		.4byte	.LFB6
 1511 002c C4000000 		.4byte	.LFE6-.LFB6
 1512 0030 00000000 		.4byte	0
 1513 0034 00000000 		.4byte	0
 1514              		.section	.debug_ranges,"",%progbits
 1515              	.Ldebug_ranges0:
 1516 0000 00000000 		.4byte	.LFB3
 1517 0004 32000000 		.4byte	.LFE3
 1518 0008 00000000 		.4byte	.LFB0
 1519 000c 0C000000 		.4byte	.LFE0
 1520 0010 00000000 		.4byte	.LFB4
 1521 0014 84000000 		.4byte	.LFE4
 1522 0018 84000000 		.4byte	.LFB6
 1523 001c 48010000 		.4byte	.LFE6
 1524 0020 00000000 		.4byte	0
 1525 0024 00000000 		.4byte	0
 1526              		.section	.debug_line,"",%progbits
 1527              	.Ldebug_line0:
 1528 0000 3F010000 		.section	.debug_str,"MS",%progbits,1
 1528      0200BA00 
 1528      00000201 
 1528      FB0E0D00 
 1528      01010101 
 1529              	.LASF19:
 1530 0000 72656733 		.ascii	"reg32\000"
 1530      3200
 1531              	.LASF12:
 1532 0006 73697A65 		.ascii	"size_t\000"
 1532      5F7400
 1533              	.LASF37:
 1534 000d 4379496E 		.ascii	"CyIntSetVector\000"
 1534      74536574 
 1534      56656374 
 1534      6F7200
 1535              	.LASF21:
 1536 001c 76616C75 		.ascii	"value\000"
 1536      6500
 1537              	.LASF26:
 1538 0022 636F756E 		.ascii	"count\000"
 1538      7400
 1539              	.LASF29:
 1540 0028 436C6F63 		.ascii	"ClockSetup\000"
 1540      6B536574 
 1540      757000
 1541              	.LASF30:
 1542 0033 63795F63 		.ascii	"cy_cfg_addr_table\000"
ARM GAS  C:\Users\Zeynep\AppData\Local\Temp\cc49VHja.s 			page 36


 1542      66675F61 
 1542      6464725F 
 1542      7461626C 
 1542      6500
 1543              	.LASF31:
 1544 0045 63795F63 		.ascii	"cy_cfg_data_table\000"
 1544      66675F64 
 1544      6174615F 
 1544      7461626C 
 1544      6500
 1545              	.LASF16:
 1546 0057 666C6F61 		.ascii	"float\000"
 1546      7400
 1547              	.LASF35:
 1548 005d 6366675F 		.ascii	"cfg_memset_list\000"
 1548      6D656D73 
 1548      65745F6C 
 1548      69737400 
 1549              	.LASF33:
 1550 006d 73697A65 		.ascii	"size\000"
 1550      00
 1551              	.LASF18:
 1552 0072 72656738 		.ascii	"reg8\000"
 1552      00
 1553              	.LASF8:
 1554 0077 6C6F6E67 		.ascii	"long unsigned int\000"
 1554      20756E73 
 1554      69676E65 
 1554      6420696E 
 1554      7400
 1555              	.LASF13:
 1556 0089 75696E74 		.ascii	"uint8\000"
 1556      3800
 1557              	.LASF28:
 1558 008f 43594D45 		.ascii	"CYMEMZERO\000"
 1558      4D5A4552 
 1558      4F00
 1559              	.LASF4:
 1560 0099 756E7369 		.ascii	"unsigned char\000"
 1560      676E6564 
 1560      20636861 
 1560      7200
 1561              	.LASF43:
 1562 00a7 6D656D73 		.ascii	"memset\000"
 1562      657400
 1563              	.LASF17:
 1564 00ae 646F7562 		.ascii	"double\000"
 1564      6C6500
 1565              	.LASF27:
 1566 00b5 6366675F 		.ascii	"cfg_write_bytes32\000"
 1566      77726974 
 1566      655F6279 
 1566      74657333 
 1566      3200
 1567              	.LASF38:
 1568 00c7 4379496E 		.ascii	"CyIntEnable\000"
 1568      74456E61 
ARM GAS  C:\Users\Zeynep\AppData\Local\Temp\cc49VHja.s 			page 37


 1568      626C6500 
 1569              	.LASF23:
 1570 00d3 61646472 		.ascii	"addr_table\000"
 1570      5F746162 
 1570      6C6500
 1571              	.LASF14:
 1572 00de 75696E74 		.ascii	"uint16\000"
 1572      313600
 1573              	.LASF24:
 1574 00e5 64617461 		.ascii	"data_table\000"
 1574      5F746162 
 1574      6C6500
 1575              	.LASF15:
 1576 00f0 75696E74 		.ascii	"uint32\000"
 1576      333200
 1577              	.LASF0:
 1578 00f7 756E7369 		.ascii	"unsigned int\000"
 1578      676E6564 
 1578      20696E74 
 1578      00
 1579              	.LASF42:
 1580 0104 63796669 		.ascii	"cyfitter_cfg\000"
 1580      74746572 
 1580      5F636667 
 1580      00
 1581              	.LASF32:
 1582 0111 61646472 		.ascii	"address\000"
 1582      65737300 
 1583              	.LASF9:
 1584 0119 6C6F6E67 		.ascii	"long long unsigned int\000"
 1584      206C6F6E 
 1584      6720756E 
 1584      7369676E 
 1584      65642069 
 1585              	.LASF41:
 1586 0130 443A5C54 		.ascii	"D:\\TUTORIALS\\PSOC_LAB1\\led_blink_pwm.cydsn\000"
 1586      55544F52 
 1586      49414C53 
 1586      5C50534F 
 1586      435F4C41 
 1587              	.LASF39:
 1588 015b 474E5520 		.ascii	"GNU C11 5.4.1 20160609 (release) [ARM/embedded-5-br"
 1588      43313120 
 1588      352E342E 
 1588      31203230 
 1588      31363036 
 1589 018e 616E6368 		.ascii	"anch revision 237715] -mcpu=cortex-m0 -mthumb -g -O"
 1589      20726576 
 1589      6973696F 
 1589      6E203233 
 1589      37373135 
 1590 01c1 67202D66 		.ascii	"g -ffunction-sections -ffat-lto-objects\000"
 1590      66756E63 
 1590      74696F6E 
 1590      2D736563 
 1590      74696F6E 
 1591              	.LASF34:
ARM GAS  C:\Users\Zeynep\AppData\Local\Temp\cc49VHja.s 			page 38


 1592 01e9 6366675F 		.ascii	"cfg_memset_t\000"
 1592      6D656D73 
 1592      65745F74 
 1592      00
 1593              	.LASF25:
 1594 01f6 62617365 		.ascii	"baseAddr\000"
 1594      41646472 
 1594      00
 1595              	.LASF10:
 1596 01ff 73697A65 		.ascii	"sizetype\000"
 1596      74797065 
 1596      00
 1597              	.LASF6:
 1598 0208 73686F72 		.ascii	"short unsigned int\000"
 1598      7420756E 
 1598      7369676E 
 1598      65642069 
 1598      6E7400
 1599              	.LASF1:
 1600 021b 6C6F6E67 		.ascii	"long long int\000"
 1600      206C6F6E 
 1600      6720696E 
 1600      7400
 1601              	.LASF11:
 1602 0229 63686172 		.ascii	"char\000"
 1602      00
 1603              	.LASF22:
 1604 022e 63795F63 		.ascii	"cy_cfg_addrvalue_t\000"
 1604      66675F61 
 1604      64647276 
 1604      616C7565 
 1604      5F7400
 1605              	.LASF20:
 1606 0241 6F666673 		.ascii	"offset\000"
 1606      657400
 1607              	.LASF5:
 1608 0248 73686F72 		.ascii	"short int\000"
 1608      7420696E 
 1608      7400
 1609              	.LASF36:
 1610 0252 43795379 		.ascii	"CySysClkWriteImoFreq\000"
 1610      73436C6B 
 1610      57726974 
 1610      65496D6F 
 1610      46726571 
 1611              	.LASF7:
 1612 0267 6C6F6E67 		.ascii	"long int\000"
 1612      20696E74 
 1612      00
 1613              	.LASF2:
 1614 0270 6C6F6E67 		.ascii	"long double\000"
 1614      20646F75 
 1614      626C6500 
 1615              	.LASF3:
 1616 027c 7369676E 		.ascii	"signed char\000"
 1616      65642063 
 1616      68617200 
ARM GAS  C:\Users\Zeynep\AppData\Local\Temp\cc49VHja.s 			page 39


 1617              	.LASF40:
 1618 0288 47656E65 		.ascii	"Generated_Source\\PSoC4\\cyfitter_cfg.c\000"
 1618      72617465 
 1618      645F536F 
 1618      75726365 
 1618      5C50536F 
 1619              		.ident	"GCC: (GNU Tools for ARM Embedded Processors) 5.4.1 20160609 (release) [ARM/embedded-5-bran
