ARM GAS  C:\Users\Zeynep\AppData\Local\Temp\ccEWcY7O.s 			page 1


   1              		.syntax unified
   2              		.cpu cortex-m0
   3              		.fpu softvfp
   4              		.eabi_attribute 20, 1
   5              		.eabi_attribute 21, 1
   6              		.eabi_attribute 23, 3
   7              		.eabi_attribute 24, 1
   8              		.eabi_attribute 25, 1
   9              		.eabi_attribute 26, 1
  10              		.eabi_attribute 30, 1
  11              		.eabi_attribute 34, 0
  12              		.eabi_attribute 18, 4
  13              		.thumb
  14              		.syntax unified
  15              		.file	"main.c"
  16              		.text
  17              	.Ltext0:
  18              		.cfi_sections	.debug_frame
  19              		.section	.text.main,"ax",%progbits
  20              		.align	2
  21              		.global	main
  22              		.code	16
  23              		.thumb_func
  24              		.type	main, %function
  25              	main:
  26              	.LFB32:
  27              		.file 1 "main.c"
   1:main.c        **** /* ========================================
   2:main.c        ****  *
   3:main.c        ****  * Copyright YOUR COMPANY, THE YEAR
   4:main.c        ****  * All Rights Reserved
   5:main.c        ****  * UNPUBLISHED, LICENSED SOFTWARE.
   6:main.c        ****  *
   7:main.c        ****  * CONFIDENTIAL AND PROPRIETARY INFORMATION
   8:main.c        ****  * WHICH IS THE PROPERTY OF your company.
   9:main.c        ****  *
  10:main.c        ****  * ========================================
  11:main.c        **** */
  12:main.c        **** #include "project.h"
  13:main.c        **** 
  14:main.c        **** int main(void)
  15:main.c        **** {
  28              		.loc 1 15 0
  29              		.cfi_startproc
  30              		@ args = 0, pretend = 0, frame = 0
  31              		@ frame_needed = 0, uses_anonymous_args = 0
  32 0000 10B5     		push	{r4, lr}
  33              		.cfi_def_cfa_offset 8
  34              		.cfi_offset 4, -8
  35              		.cfi_offset 14, -4
  16:main.c        ****     CyGlobalIntEnable; /* Enable global interrupts. */
  36              		.loc 1 16 0
  37              		.syntax divided
  38              	@ 16 "main.c" 1
  39 0002 62B6     		CPSIE   i
  40              	@ 0 "" 2
  17:main.c        **** 
ARM GAS  C:\Users\Zeynep\AppData\Local\Temp\ccEWcY7O.s 			page 2


  18:main.c        ****     /* Place your initialization/startup code here (e.g. MyInst_Start()) */
  19:main.c        ****     PWM_1_Start();
  41              		.loc 1 19 0
  42              		.thumb
  43              		.syntax unified
  44 0004 FFF7FEFF 		bl	PWM_1_Start
  45              	.LVL0:
  20:main.c        ****     Clock_1_Start();
  46              		.loc 1 20 0
  47 0008 FFF7FEFF 		bl	Clock_1_Start
  48              	.LVL1:
  21:main.c        ****     
  22:main.c        ****    
  23:main.c        **** }
  49              		.loc 1 23 0
  50 000c 0020     		movs	r0, #0
  51              		@ sp needed
  52 000e 10BD     		pop	{r4, pc}
  53              		.cfi_endproc
  54              	.LFE32:
  55              		.size	main, .-main
  56              		.text
  57              	.Letext0:
  58              		.file 2 "Generated_Source\\PSoC4/PWM_1.h"
  59              		.file 3 "Generated_Source\\PSoC4/Clock_1.h"
  60              		.section	.debug_info,"",%progbits
  61              	.Ldebug_info0:
  62 0000 CD000000 		.4byte	0xcd
  63 0004 0400     		.2byte	0x4
  64 0006 00000000 		.4byte	.Ldebug_abbrev0
  65 000a 04       		.byte	0x4
  66 000b 01       		.uleb128 0x1
  67 000c B9000000 		.4byte	.LASF16
  68 0010 0C       		.byte	0xc
  69 0011 1B000000 		.4byte	.LASF17
  70 0015 22000000 		.4byte	.LASF18
  71 0019 00000000 		.4byte	.Ldebug_ranges0+0
  72 001d 00000000 		.4byte	0
  73 0021 00000000 		.4byte	.Ldebug_line0
  74 0025 02       		.uleb128 0x2
  75 0026 01       		.byte	0x1
  76 0027 06       		.byte	0x6
  77 0028 5A010000 		.4byte	.LASF0
  78 002c 02       		.uleb128 0x2
  79 002d 01       		.byte	0x1
  80 002e 08       		.byte	0x8
  81 002f 88000000 		.4byte	.LASF1
  82 0033 02       		.uleb128 0x2
  83 0034 02       		.byte	0x2
  84 0035 05       		.byte	0x5
  85 0036 77010000 		.4byte	.LASF2
  86 003a 02       		.uleb128 0x2
  87 003b 02       		.byte	0x2
  88 003c 07       		.byte	0x7
  89 003d 47010000 		.4byte	.LASF3
  90 0041 02       		.uleb128 0x2
  91 0042 04       		.byte	0x4
ARM GAS  C:\Users\Zeynep\AppData\Local\Temp\ccEWcY7O.s 			page 3


  92 0043 05       		.byte	0x5
  93 0044 9B000000 		.4byte	.LASF4
  94 0048 02       		.uleb128 0x2
  95 0049 04       		.byte	0x4
  96 004a 07       		.byte	0x7
  97 004b 59000000 		.4byte	.LASF5
  98 004f 02       		.uleb128 0x2
  99 0050 08       		.byte	0x8
 100 0051 05       		.byte	0x5
 101 0052 00000000 		.4byte	.LASF6
 102 0056 02       		.uleb128 0x2
 103 0057 08       		.byte	0x8
 104 0058 07       		.byte	0x7
 105 0059 6B000000 		.4byte	.LASF7
 106 005d 03       		.uleb128 0x3
 107 005e 04       		.byte	0x4
 108 005f 05       		.byte	0x5
 109 0060 696E7400 		.ascii	"int\000"
 110 0064 02       		.uleb128 0x2
 111 0065 04       		.byte	0x4
 112 0066 07       		.byte	0x7
 113 0067 0E000000 		.4byte	.LASF8
 114 006b 02       		.uleb128 0x2
 115 006c 04       		.byte	0x4
 116 006d 04       		.byte	0x4
 117 006e 82000000 		.4byte	.LASF9
 118 0072 02       		.uleb128 0x2
 119 0073 08       		.byte	0x8
 120 0074 04       		.byte	0x4
 121 0075 B2000000 		.4byte	.LASF10
 122 0079 02       		.uleb128 0x2
 123 007a 01       		.byte	0x1
 124 007b 08       		.byte	0x8
 125 007c 96000000 		.4byte	.LASF11
 126 0080 02       		.uleb128 0x2
 127 0081 08       		.byte	0x8
 128 0082 04       		.byte	0x4
 129 0083 6B010000 		.4byte	.LASF12
 130 0087 02       		.uleb128 0x2
 131 0088 04       		.byte	0x4
 132 0089 07       		.byte	0x7
 133 008a 81010000 		.4byte	.LASF13
 134 008e 04       		.uleb128 0x4
 135 008f 66010000 		.4byte	.LASF19
 136 0093 01       		.byte	0x1
 137 0094 0E       		.byte	0xe
 138 0095 5D000000 		.4byte	0x5d
 139 0099 00000000 		.4byte	.LFB32
 140 009d 10000000 		.4byte	.LFE32-.LFB32
 141 00a1 01       		.uleb128 0x1
 142 00a2 9C       		.byte	0x9c
 143 00a3 BA000000 		.4byte	0xba
 144 00a7 05       		.uleb128 0x5
 145 00a8 08000000 		.4byte	.LVL0
 146 00ac BA000000 		.4byte	0xba
 147 00b0 05       		.uleb128 0x5
 148 00b1 0C000000 		.4byte	.LVL1
ARM GAS  C:\Users\Zeynep\AppData\Local\Temp\ccEWcY7O.s 			page 4


 149 00b5 C5000000 		.4byte	0xc5
 150 00b9 00       		.byte	0
 151 00ba 06       		.uleb128 0x6
 152 00bb 4D000000 		.4byte	.LASF14
 153 00bf 4D000000 		.4byte	.LASF14
 154 00c3 02       		.byte	0x2
 155 00c4 92       		.byte	0x92
 156 00c5 06       		.uleb128 0x6
 157 00c6 A4000000 		.4byte	.LASF15
 158 00ca A4000000 		.4byte	.LASF15
 159 00ce 03       		.byte	0x3
 160 00cf 23       		.byte	0x23
 161 00d0 00       		.byte	0
 162              		.section	.debug_abbrev,"",%progbits
 163              	.Ldebug_abbrev0:
 164 0000 01       		.uleb128 0x1
 165 0001 11       		.uleb128 0x11
 166 0002 01       		.byte	0x1
 167 0003 25       		.uleb128 0x25
 168 0004 0E       		.uleb128 0xe
 169 0005 13       		.uleb128 0x13
 170 0006 0B       		.uleb128 0xb
 171 0007 03       		.uleb128 0x3
 172 0008 0E       		.uleb128 0xe
 173 0009 1B       		.uleb128 0x1b
 174 000a 0E       		.uleb128 0xe
 175 000b 55       		.uleb128 0x55
 176 000c 17       		.uleb128 0x17
 177 000d 11       		.uleb128 0x11
 178 000e 01       		.uleb128 0x1
 179 000f 10       		.uleb128 0x10
 180 0010 17       		.uleb128 0x17
 181 0011 00       		.byte	0
 182 0012 00       		.byte	0
 183 0013 02       		.uleb128 0x2
 184 0014 24       		.uleb128 0x24
 185 0015 00       		.byte	0
 186 0016 0B       		.uleb128 0xb
 187 0017 0B       		.uleb128 0xb
 188 0018 3E       		.uleb128 0x3e
 189 0019 0B       		.uleb128 0xb
 190 001a 03       		.uleb128 0x3
 191 001b 0E       		.uleb128 0xe
 192 001c 00       		.byte	0
 193 001d 00       		.byte	0
 194 001e 03       		.uleb128 0x3
 195 001f 24       		.uleb128 0x24
 196 0020 00       		.byte	0
 197 0021 0B       		.uleb128 0xb
 198 0022 0B       		.uleb128 0xb
 199 0023 3E       		.uleb128 0x3e
 200 0024 0B       		.uleb128 0xb
 201 0025 03       		.uleb128 0x3
 202 0026 08       		.uleb128 0x8
 203 0027 00       		.byte	0
 204 0028 00       		.byte	0
 205 0029 04       		.uleb128 0x4
ARM GAS  C:\Users\Zeynep\AppData\Local\Temp\ccEWcY7O.s 			page 5


 206 002a 2E       		.uleb128 0x2e
 207 002b 01       		.byte	0x1
 208 002c 3F       		.uleb128 0x3f
 209 002d 19       		.uleb128 0x19
 210 002e 03       		.uleb128 0x3
 211 002f 0E       		.uleb128 0xe
 212 0030 3A       		.uleb128 0x3a
 213 0031 0B       		.uleb128 0xb
 214 0032 3B       		.uleb128 0x3b
 215 0033 0B       		.uleb128 0xb
 216 0034 27       		.uleb128 0x27
 217 0035 19       		.uleb128 0x19
 218 0036 49       		.uleb128 0x49
 219 0037 13       		.uleb128 0x13
 220 0038 11       		.uleb128 0x11
 221 0039 01       		.uleb128 0x1
 222 003a 12       		.uleb128 0x12
 223 003b 06       		.uleb128 0x6
 224 003c 40       		.uleb128 0x40
 225 003d 18       		.uleb128 0x18
 226 003e 9742     		.uleb128 0x2117
 227 0040 19       		.uleb128 0x19
 228 0041 01       		.uleb128 0x1
 229 0042 13       		.uleb128 0x13
 230 0043 00       		.byte	0
 231 0044 00       		.byte	0
 232 0045 05       		.uleb128 0x5
 233 0046 898201   		.uleb128 0x4109
 234 0049 00       		.byte	0
 235 004a 11       		.uleb128 0x11
 236 004b 01       		.uleb128 0x1
 237 004c 31       		.uleb128 0x31
 238 004d 13       		.uleb128 0x13
 239 004e 00       		.byte	0
 240 004f 00       		.byte	0
 241 0050 06       		.uleb128 0x6
 242 0051 2E       		.uleb128 0x2e
 243 0052 00       		.byte	0
 244 0053 3F       		.uleb128 0x3f
 245 0054 19       		.uleb128 0x19
 246 0055 3C       		.uleb128 0x3c
 247 0056 19       		.uleb128 0x19
 248 0057 6E       		.uleb128 0x6e
 249 0058 0E       		.uleb128 0xe
 250 0059 03       		.uleb128 0x3
 251 005a 0E       		.uleb128 0xe
 252 005b 3A       		.uleb128 0x3a
 253 005c 0B       		.uleb128 0xb
 254 005d 3B       		.uleb128 0x3b
 255 005e 0B       		.uleb128 0xb
 256 005f 00       		.byte	0
 257 0060 00       		.byte	0
 258 0061 00       		.byte	0
 259              		.section	.debug_aranges,"",%progbits
 260 0000 1C000000 		.4byte	0x1c
 261 0004 0200     		.2byte	0x2
 262 0006 00000000 		.4byte	.Ldebug_info0
ARM GAS  C:\Users\Zeynep\AppData\Local\Temp\ccEWcY7O.s 			page 6


 263 000a 04       		.byte	0x4
 264 000b 00       		.byte	0
 265 000c 0000     		.2byte	0
 266 000e 0000     		.2byte	0
 267 0010 00000000 		.4byte	.LFB32
 268 0014 10000000 		.4byte	.LFE32-.LFB32
 269 0018 00000000 		.4byte	0
 270 001c 00000000 		.4byte	0
 271              		.section	.debug_ranges,"",%progbits
 272              	.Ldebug_ranges0:
 273 0000 00000000 		.4byte	.LFB32
 274 0004 10000000 		.4byte	.LFE32
 275 0008 00000000 		.4byte	0
 276 000c 00000000 		.4byte	0
 277              		.section	.debug_line,"",%progbits
 278              	.Ldebug_line0:
 279 0000 65000000 		.section	.debug_str,"MS",%progbits,1
 279      02004C00 
 279      00000201 
 279      FB0E0D00 
 279      01010101 
 280              	.LASF6:
 281 0000 6C6F6E67 		.ascii	"long long int\000"
 281      206C6F6E 
 281      6720696E 
 281      7400
 282              	.LASF8:
 283 000e 756E7369 		.ascii	"unsigned int\000"
 283      676E6564 
 283      20696E74 
 283      00
 284              	.LASF17:
 285 001b 6D61696E 		.ascii	"main.c\000"
 285      2E6300
 286              	.LASF18:
 287 0022 443A5C54 		.ascii	"D:\\TUTORIALS\\PSOC_LAB1\\led_blink_pwm.cydsn\000"
 287      55544F52 
 287      49414C53 
 287      5C50534F 
 287      435F4C41 
 288              	.LASF14:
 289 004d 50574D5F 		.ascii	"PWM_1_Start\000"
 289      315F5374 
 289      61727400 
 290              	.LASF5:
 291 0059 6C6F6E67 		.ascii	"long unsigned int\000"
 291      20756E73 
 291      69676E65 
 291      6420696E 
 291      7400
 292              	.LASF7:
 293 006b 6C6F6E67 		.ascii	"long long unsigned int\000"
 293      206C6F6E 
 293      6720756E 
 293      7369676E 
 293      65642069 
 294              	.LASF9:
ARM GAS  C:\Users\Zeynep\AppData\Local\Temp\ccEWcY7O.s 			page 7


 295 0082 666C6F61 		.ascii	"float\000"
 295      7400
 296              	.LASF1:
 297 0088 756E7369 		.ascii	"unsigned char\000"
 297      676E6564 
 297      20636861 
 297      7200
 298              	.LASF11:
 299 0096 63686172 		.ascii	"char\000"
 299      00
 300              	.LASF4:
 301 009b 6C6F6E67 		.ascii	"long int\000"
 301      20696E74 
 301      00
 302              	.LASF15:
 303 00a4 436C6F63 		.ascii	"Clock_1_Start\000"
 303      6B5F315F 
 303      53746172 
 303      7400
 304              	.LASF10:
 305 00b2 646F7562 		.ascii	"double\000"
 305      6C6500
 306              	.LASF16:
 307 00b9 474E5520 		.ascii	"GNU C11 5.4.1 20160609 (release) [ARM/embedded-5-br"
 307      43313120 
 307      352E342E 
 307      31203230 
 307      31363036 
 308 00ec 616E6368 		.ascii	"anch revision 237715] -mcpu=cortex-m0 -mthumb -g -O"
 308      20726576 
 308      6973696F 
 308      6E203233 
 308      37373135 
 309 011f 67202D66 		.ascii	"g -ffunction-sections -ffat-lto-objects\000"
 309      66756E63 
 309      74696F6E 
 309      2D736563 
 309      74696F6E 
 310              	.LASF3:
 311 0147 73686F72 		.ascii	"short unsigned int\000"
 311      7420756E 
 311      7369676E 
 311      65642069 
 311      6E7400
 312              	.LASF0:
 313 015a 7369676E 		.ascii	"signed char\000"
 313      65642063 
 313      68617200 
 314              	.LASF19:
 315 0166 6D61696E 		.ascii	"main\000"
 315      00
 316              	.LASF12:
 317 016b 6C6F6E67 		.ascii	"long double\000"
 317      20646F75 
 317      626C6500 
 318              	.LASF2:
 319 0177 73686F72 		.ascii	"short int\000"
ARM GAS  C:\Users\Zeynep\AppData\Local\Temp\ccEWcY7O.s 			page 8


 319      7420696E 
 319      7400
 320              	.LASF13:
 321 0181 73697A65 		.ascii	"sizetype\000"
 321      74797065 
 321      00
 322              		.ident	"GCC: (GNU Tools for ARM Embedded Processors) 5.4.1 20160609 (release) [ARM/embedded-5-bran
