ARM GAS  C:\Users\Zeynep\AppData\Local\Temp\ccdXTreo.s 			page 1


   1              		.syntax unified
   2              		.cpu cortex-m0
   3              		.fpu softvfp
   4              		.eabi_attribute 20, 1
   5              		.eabi_attribute 21, 1
   6              		.eabi_attribute 23, 3
   7              		.eabi_attribute 24, 1
   8              		.eabi_attribute 25, 1
   9              		.eabi_attribute 26, 1
  10              		.eabi_attribute 30, 1
  11              		.eabi_attribute 34, 0
  12              		.eabi_attribute 18, 4
  13              		.thumb
  14              		.syntax unified
  15              		.file	"cyfitter_cfg.c"
  16              		.text
  17              	.Ltext0:
  18              		.cfi_sections	.debug_frame
  19              		.section	.text.CYMEMZERO,"ax",%progbits
  20              		.align	2
  21              		.code	16
  22              		.thumb_func
  23              		.type	CYMEMZERO, %function
  24              	CYMEMZERO:
  25              	.LFB0:
  26              		.file 1 "Generated_Source\\PSoC4\\cyfitter_cfg.c"
   1:Generated_Source\PSoC4/cyfitter_cfg.c **** 
   2:Generated_Source\PSoC4/cyfitter_cfg.c **** /*******************************************************************************
   3:Generated_Source\PSoC4/cyfitter_cfg.c **** * File Name: cyfitter_cfg.c
   4:Generated_Source\PSoC4/cyfitter_cfg.c **** * 
   5:Generated_Source\PSoC4/cyfitter_cfg.c **** * PSoC Creator  4.4
   6:Generated_Source\PSoC4/cyfitter_cfg.c **** *
   7:Generated_Source\PSoC4/cyfitter_cfg.c **** * Description:
   8:Generated_Source\PSoC4/cyfitter_cfg.c **** * This file contains device initialization code.
   9:Generated_Source\PSoC4/cyfitter_cfg.c **** * Except for the user defined sections in CyClockStartupError(), this file should not be modified.
  10:Generated_Source\PSoC4/cyfitter_cfg.c **** * This file is automatically generated by PSoC Creator.
  11:Generated_Source\PSoC4/cyfitter_cfg.c **** *
  12:Generated_Source\PSoC4/cyfitter_cfg.c **** ********************************************************************************
  13:Generated_Source\PSoC4/cyfitter_cfg.c **** * Copyright (c) 2007-2020 Cypress Semiconductor.  All rights reserved.
  14:Generated_Source\PSoC4/cyfitter_cfg.c **** * You may use this file only in accordance with the license, terms, conditions, 
  15:Generated_Source\PSoC4/cyfitter_cfg.c **** * disclaimers, and limitations in the end user license agreement accompanying 
  16:Generated_Source\PSoC4/cyfitter_cfg.c **** * the software package with which this file was provided.
  17:Generated_Source\PSoC4/cyfitter_cfg.c **** ********************************************************************************/
  18:Generated_Source\PSoC4/cyfitter_cfg.c **** 
  19:Generated_Source\PSoC4/cyfitter_cfg.c **** #include <string.h>
  20:Generated_Source\PSoC4/cyfitter_cfg.c **** #include "cytypes.h"
  21:Generated_Source\PSoC4/cyfitter_cfg.c **** #include "cydevice_trm.h"
  22:Generated_Source\PSoC4/cyfitter_cfg.c **** #include "cyfitter.h"
  23:Generated_Source\PSoC4/cyfitter_cfg.c **** #include "CyLib.h"
  24:Generated_Source\PSoC4/cyfitter_cfg.c **** #include "CyLFClk.h"
  25:Generated_Source\PSoC4/cyfitter_cfg.c **** #include "cyfitter_cfg.h"
  26:Generated_Source\PSoC4/cyfitter_cfg.c **** #include "cyapicallbacks.h"
  27:Generated_Source\PSoC4/cyfitter_cfg.c **** 
  28:Generated_Source\PSoC4/cyfitter_cfg.c **** 
  29:Generated_Source\PSoC4/cyfitter_cfg.c **** #if defined(__GNUC__) || defined(__ARMCC_VERSION)
  30:Generated_Source\PSoC4/cyfitter_cfg.c ****     #define CYPACKED 
  31:Generated_Source\PSoC4/cyfitter_cfg.c ****     #define CYPACKED_ATTR __attribute__ ((packed))
ARM GAS  C:\Users\Zeynep\AppData\Local\Temp\ccdXTreo.s 			page 2


  32:Generated_Source\PSoC4/cyfitter_cfg.c ****     #define CYALIGNED __attribute__ ((aligned))
  33:Generated_Source\PSoC4/cyfitter_cfg.c ****     #define CY_CFG_UNUSED __attribute__ ((unused))
  34:Generated_Source\PSoC4/cyfitter_cfg.c ****     #ifndef CY_CFG_SECTION
  35:Generated_Source\PSoC4/cyfitter_cfg.c ****         #define CY_CFG_SECTION __attribute__ ((section(".psocinit")))
  36:Generated_Source\PSoC4/cyfitter_cfg.c ****     #endif
  37:Generated_Source\PSoC4/cyfitter_cfg.c ****     
  38:Generated_Source\PSoC4/cyfitter_cfg.c ****     #if defined(__ARMCC_VERSION)
  39:Generated_Source\PSoC4/cyfitter_cfg.c ****         #define CY_CFG_MEMORY_BARRIER() __memory_changed()
  40:Generated_Source\PSoC4/cyfitter_cfg.c ****     #else
  41:Generated_Source\PSoC4/cyfitter_cfg.c ****         #define CY_CFG_MEMORY_BARRIER() __sync_synchronize()
  42:Generated_Source\PSoC4/cyfitter_cfg.c ****     #endif
  43:Generated_Source\PSoC4/cyfitter_cfg.c ****     
  44:Generated_Source\PSoC4/cyfitter_cfg.c **** #elif defined(__ICCARM__)
  45:Generated_Source\PSoC4/cyfitter_cfg.c ****     #include <intrinsics.h>
  46:Generated_Source\PSoC4/cyfitter_cfg.c **** 
  47:Generated_Source\PSoC4/cyfitter_cfg.c ****     #define CYPACKED __packed
  48:Generated_Source\PSoC4/cyfitter_cfg.c ****     #define CYPACKED_ATTR 
  49:Generated_Source\PSoC4/cyfitter_cfg.c ****     #define CYALIGNED _Pragma("data_alignment=4")
  50:Generated_Source\PSoC4/cyfitter_cfg.c ****     #define CY_CFG_UNUSED _Pragma("diag_suppress=Pe177")
  51:Generated_Source\PSoC4/cyfitter_cfg.c ****     #define CY_CFG_SECTION _Pragma("location=\".psocinit\"")
  52:Generated_Source\PSoC4/cyfitter_cfg.c ****     
  53:Generated_Source\PSoC4/cyfitter_cfg.c ****     #define CY_CFG_MEMORY_BARRIER() __DMB()
  54:Generated_Source\PSoC4/cyfitter_cfg.c ****     
  55:Generated_Source\PSoC4/cyfitter_cfg.c **** #else
  56:Generated_Source\PSoC4/cyfitter_cfg.c ****     #error Unsupported toolchain
  57:Generated_Source\PSoC4/cyfitter_cfg.c **** #endif
  58:Generated_Source\PSoC4/cyfitter_cfg.c **** 
  59:Generated_Source\PSoC4/cyfitter_cfg.c **** #ifndef CYCODE
  60:Generated_Source\PSoC4/cyfitter_cfg.c ****     #define CYCODE
  61:Generated_Source\PSoC4/cyfitter_cfg.c **** #endif
  62:Generated_Source\PSoC4/cyfitter_cfg.c **** #ifndef CYDATA
  63:Generated_Source\PSoC4/cyfitter_cfg.c ****     #define CYDATA
  64:Generated_Source\PSoC4/cyfitter_cfg.c **** #endif
  65:Generated_Source\PSoC4/cyfitter_cfg.c **** #ifndef CYFAR
  66:Generated_Source\PSoC4/cyfitter_cfg.c ****     #define CYFAR
  67:Generated_Source\PSoC4/cyfitter_cfg.c **** #endif
  68:Generated_Source\PSoC4/cyfitter_cfg.c **** #ifndef CYXDATA
  69:Generated_Source\PSoC4/cyfitter_cfg.c ****     #define CYXDATA
  70:Generated_Source\PSoC4/cyfitter_cfg.c **** #endif
  71:Generated_Source\PSoC4/cyfitter_cfg.c **** 
  72:Generated_Source\PSoC4/cyfitter_cfg.c **** 
  73:Generated_Source\PSoC4/cyfitter_cfg.c **** CY_CFG_UNUSED
  74:Generated_Source\PSoC4/cyfitter_cfg.c **** static void CYMEMZERO(void *s, size_t n);
  75:Generated_Source\PSoC4/cyfitter_cfg.c **** CY_CFG_UNUSED
  76:Generated_Source\PSoC4/cyfitter_cfg.c **** static void CYMEMZERO(void *s, size_t n)
  77:Generated_Source\PSoC4/cyfitter_cfg.c **** {
  27              		.loc 1 77 0
  28              		.cfi_startproc
  29              		@ args = 0, pretend = 0, frame = 0
  30              		@ frame_needed = 0, uses_anonymous_args = 0
  31              	.LVL0:
  32 0000 10B5     		push	{r4, lr}
  33              		.cfi_def_cfa_offset 8
  34              		.cfi_offset 4, -8
  35              		.cfi_offset 14, -4
  36 0002 0A00     		movs	r2, r1
  78:Generated_Source\PSoC4/cyfitter_cfg.c **** 	(void)memset(s, 0, n);
ARM GAS  C:\Users\Zeynep\AppData\Local\Temp\ccdXTreo.s 			page 3


  37              		.loc 1 78 0
  38 0004 0021     		movs	r1, #0
  39              	.LVL1:
  40 0006 FFF7FEFF 		bl	memset
  41              	.LVL2:
  79:Generated_Source\PSoC4/cyfitter_cfg.c **** }
  42              		.loc 1 79 0
  43              		@ sp needed
  44 000a 10BD     		pop	{r4, pc}
  45              		.cfi_endproc
  46              	.LFE0:
  47              		.size	CYMEMZERO, .-CYMEMZERO
  48              		.section	.psocinit,"ax",%progbits
  49              		.align	2
  50              		.code	16
  51              		.thumb_func
  52              		.type	ClockSetup, %function
  53              	ClockSetup:
  54              	.LFB3:
  80:Generated_Source\PSoC4/cyfitter_cfg.c **** CY_CFG_UNUSED
  81:Generated_Source\PSoC4/cyfitter_cfg.c **** static void CYCONFIGCPY(void *dest, const void *src, size_t n);
  82:Generated_Source\PSoC4/cyfitter_cfg.c **** CY_CFG_UNUSED
  83:Generated_Source\PSoC4/cyfitter_cfg.c **** static void CYCONFIGCPY(void *dest, const void *src, size_t n)
  84:Generated_Source\PSoC4/cyfitter_cfg.c **** {
  85:Generated_Source\PSoC4/cyfitter_cfg.c **** 	(void)memcpy(dest, src, n);
  86:Generated_Source\PSoC4/cyfitter_cfg.c **** }
  87:Generated_Source\PSoC4/cyfitter_cfg.c **** CY_CFG_UNUSED
  88:Generated_Source\PSoC4/cyfitter_cfg.c **** static void CYCONFIGCPYCODE(void *dest, const void *src, size_t n);
  89:Generated_Source\PSoC4/cyfitter_cfg.c **** CY_CFG_UNUSED
  90:Generated_Source\PSoC4/cyfitter_cfg.c **** static void CYCONFIGCPYCODE(void *dest, const void *src, size_t n)
  91:Generated_Source\PSoC4/cyfitter_cfg.c **** {
  92:Generated_Source\PSoC4/cyfitter_cfg.c **** 	(void)memcpy(dest, src, n);
  93:Generated_Source\PSoC4/cyfitter_cfg.c **** }
  94:Generated_Source\PSoC4/cyfitter_cfg.c **** 
  95:Generated_Source\PSoC4/cyfitter_cfg.c **** 
  96:Generated_Source\PSoC4/cyfitter_cfg.c **** 
  97:Generated_Source\PSoC4/cyfitter_cfg.c **** 
  98:Generated_Source\PSoC4/cyfitter_cfg.c **** /* Clock startup error codes                                                   */
  99:Generated_Source\PSoC4/cyfitter_cfg.c **** #define CYCLOCKSTART_NO_ERROR    0u
 100:Generated_Source\PSoC4/cyfitter_cfg.c **** #define CYCLOCKSTART_XTAL_ERROR  1u
 101:Generated_Source\PSoC4/cyfitter_cfg.c **** #define CYCLOCKSTART_32KHZ_ERROR 2u
 102:Generated_Source\PSoC4/cyfitter_cfg.c **** #define CYCLOCKSTART_PLL_ERROR   3u
 103:Generated_Source\PSoC4/cyfitter_cfg.c **** #define CYCLOCKSTART_FLL_ERROR   4u
 104:Generated_Source\PSoC4/cyfitter_cfg.c **** #define CYCLOCKSTART_WCO_ERROR   5u
 105:Generated_Source\PSoC4/cyfitter_cfg.c **** 
 106:Generated_Source\PSoC4/cyfitter_cfg.c **** 
 107:Generated_Source\PSoC4/cyfitter_cfg.c **** #ifdef CY_NEED_CYCLOCKSTARTUPERROR
 108:Generated_Source\PSoC4/cyfitter_cfg.c **** /*******************************************************************************
 109:Generated_Source\PSoC4/cyfitter_cfg.c **** * Function Name: CyClockStartupError
 110:Generated_Source\PSoC4/cyfitter_cfg.c **** ********************************************************************************
 111:Generated_Source\PSoC4/cyfitter_cfg.c **** * Summary:
 112:Generated_Source\PSoC4/cyfitter_cfg.c **** *  If an error is encountered during clock configuration (crystal startup error,
 113:Generated_Source\PSoC4/cyfitter_cfg.c **** *  PLL lock error, etc.), the system will end up here.  Unless reimplemented by
 114:Generated_Source\PSoC4/cyfitter_cfg.c **** *  the customer, this function will stop in an infinite loop.
 115:Generated_Source\PSoC4/cyfitter_cfg.c **** *
 116:Generated_Source\PSoC4/cyfitter_cfg.c **** * Parameters:
 117:Generated_Source\PSoC4/cyfitter_cfg.c **** *   void
ARM GAS  C:\Users\Zeynep\AppData\Local\Temp\ccdXTreo.s 			page 4


 118:Generated_Source\PSoC4/cyfitter_cfg.c **** *
 119:Generated_Source\PSoC4/cyfitter_cfg.c **** * Return:
 120:Generated_Source\PSoC4/cyfitter_cfg.c **** *   void
 121:Generated_Source\PSoC4/cyfitter_cfg.c **** *
 122:Generated_Source\PSoC4/cyfitter_cfg.c **** *******************************************************************************/
 123:Generated_Source\PSoC4/cyfitter_cfg.c **** CY_CFG_UNUSED
 124:Generated_Source\PSoC4/cyfitter_cfg.c **** static void CyClockStartupError(uint8 errorCode);
 125:Generated_Source\PSoC4/cyfitter_cfg.c **** CY_CFG_UNUSED
 126:Generated_Source\PSoC4/cyfitter_cfg.c **** static void CyClockStartupError(uint8 errorCode)
 127:Generated_Source\PSoC4/cyfitter_cfg.c **** {
 128:Generated_Source\PSoC4/cyfitter_cfg.c ****     /* To remove the compiler warning if errorCode not used.                */
 129:Generated_Source\PSoC4/cyfitter_cfg.c ****     errorCode = errorCode;
 130:Generated_Source\PSoC4/cyfitter_cfg.c **** 
 131:Generated_Source\PSoC4/cyfitter_cfg.c ****     /* If we have a clock startup error (bad MHz crystal, PLL lock, etc.),  */
 132:Generated_Source\PSoC4/cyfitter_cfg.c ****     /* we will end up here to allow the customer to implement something to  */
 133:Generated_Source\PSoC4/cyfitter_cfg.c ****     /* deal with the clock condition.                                       */
 134:Generated_Source\PSoC4/cyfitter_cfg.c **** 
 135:Generated_Source\PSoC4/cyfitter_cfg.c **** #ifdef CY_CFG_CLOCK_STARTUP_ERROR_CALLBACK
 136:Generated_Source\PSoC4/cyfitter_cfg.c ****     CY_CFG_Clock_Startup_ErrorCallback();
 137:Generated_Source\PSoC4/cyfitter_cfg.c **** #else
 138:Generated_Source\PSoC4/cyfitter_cfg.c ****     /*  If not using CY_CFG_CLOCK_STARTUP_ERROR_CALLBACK, place your clock startup code here. */
 139:Generated_Source\PSoC4/cyfitter_cfg.c ****     /* `#START CyClockStartupError` */
 140:Generated_Source\PSoC4/cyfitter_cfg.c **** 
 141:Generated_Source\PSoC4/cyfitter_cfg.c **** 
 142:Generated_Source\PSoC4/cyfitter_cfg.c **** 
 143:Generated_Source\PSoC4/cyfitter_cfg.c ****     /* `#END` */
 144:Generated_Source\PSoC4/cyfitter_cfg.c **** 
 145:Generated_Source\PSoC4/cyfitter_cfg.c ****     while(1) {}
 146:Generated_Source\PSoC4/cyfitter_cfg.c **** #endif /* CY_CFG_CLOCK_STARTUP_ERROR_CALLBACK */
 147:Generated_Source\PSoC4/cyfitter_cfg.c **** }
 148:Generated_Source\PSoC4/cyfitter_cfg.c **** #endif
 149:Generated_Source\PSoC4/cyfitter_cfg.c **** 
 150:Generated_Source\PSoC4/cyfitter_cfg.c **** 
 151:Generated_Source\PSoC4/cyfitter_cfg.c **** 
 152:Generated_Source\PSoC4/cyfitter_cfg.c **** /*******************************************************************************
 153:Generated_Source\PSoC4/cyfitter_cfg.c **** * Function Name: ClockSetup
 154:Generated_Source\PSoC4/cyfitter_cfg.c **** ********************************************************************************
 155:Generated_Source\PSoC4/cyfitter_cfg.c **** *
 156:Generated_Source\PSoC4/cyfitter_cfg.c **** * Summary:
 157:Generated_Source\PSoC4/cyfitter_cfg.c **** *   Performs the initialization of all of the clocks in the device based on the
 158:Generated_Source\PSoC4/cyfitter_cfg.c **** *   settings in the Clock tab of the DWR.  This includes enabling the requested
 159:Generated_Source\PSoC4/cyfitter_cfg.c **** *   clocks and setting the necessary dividers to produce the desired frequency. 
 160:Generated_Source\PSoC4/cyfitter_cfg.c **** *
 161:Generated_Source\PSoC4/cyfitter_cfg.c **** * Parameters:
 162:Generated_Source\PSoC4/cyfitter_cfg.c **** *   void
 163:Generated_Source\PSoC4/cyfitter_cfg.c **** *
 164:Generated_Source\PSoC4/cyfitter_cfg.c **** * Return:
 165:Generated_Source\PSoC4/cyfitter_cfg.c **** *   void
 166:Generated_Source\PSoC4/cyfitter_cfg.c **** *
 167:Generated_Source\PSoC4/cyfitter_cfg.c **** *******************************************************************************/
 168:Generated_Source\PSoC4/cyfitter_cfg.c **** static void ClockSetup(void);
 169:Generated_Source\PSoC4/cyfitter_cfg.c **** CY_CFG_SECTION
 170:Generated_Source\PSoC4/cyfitter_cfg.c **** static void ClockSetup(void)
 171:Generated_Source\PSoC4/cyfitter_cfg.c **** {
  55              		.loc 1 171 0
  56              		.cfi_startproc
  57              		@ args = 0, pretend = 0, frame = 0
ARM GAS  C:\Users\Zeynep\AppData\Local\Temp\ccdXTreo.s 			page 5


  58              		@ frame_needed = 0, uses_anonymous_args = 0
  59 0000 70B5     		push	{r4, r5, r6, lr}
  60              		.cfi_def_cfa_offset 16
  61              		.cfi_offset 4, -16
  62              		.cfi_offset 5, -12
  63              		.cfi_offset 6, -8
  64              		.cfi_offset 14, -4
 172:Generated_Source\PSoC4/cyfitter_cfg.c **** 	/* Enable HALF_EN before trimming for the flash accelerator. */
 173:Generated_Source\PSoC4/cyfitter_cfg.c **** 	CY_SET_REG32((void CYXDATA *)(CYREG_CLK_SELECT), (CY_GET_REG32((void *)CYREG_CLK_SELECT) | 0x00040
  65              		.loc 1 173 0
  66 0002 134C     		ldr	r4, .L3
  67 0004 2368     		ldr	r3, [r4]
  68 0006 8022     		movs	r2, #128
  69 0008 D202     		lsls	r2, r2, #11
  70 000a 1343     		orrs	r3, r2
  71 000c 2360     		str	r3, [r4]
 174:Generated_Source\PSoC4/cyfitter_cfg.c **** 
 175:Generated_Source\PSoC4/cyfitter_cfg.c **** 	/* Setup and trim IMO based on desired frequency. */
 176:Generated_Source\PSoC4/cyfitter_cfg.c **** 	CySysClkWriteImoFreq(3u);
  72              		.loc 1 176 0
  73 000e 0320     		movs	r0, #3
  74 0010 FFF7FEFF 		bl	CySysClkWriteImoFreq
  75              	.LVL3:
 177:Generated_Source\PSoC4/cyfitter_cfg.c **** 
 178:Generated_Source\PSoC4/cyfitter_cfg.c **** 	/* Disable HALF_EN since it is not required at this IMO frequency. */
 179:Generated_Source\PSoC4/cyfitter_cfg.c **** 	CY_SET_REG32((void CYXDATA *)(CYREG_CLK_SELECT), (CY_GET_REG32((void *)CYREG_CLK_SELECT) & 0xFFFBF
  76              		.loc 1 179 0
  77 0014 2268     		ldr	r2, [r4]
  78 0016 0F4B     		ldr	r3, .L3+4
  79 0018 1340     		ands	r3, r2
  80 001a 2360     		str	r3, [r4]
 180:Generated_Source\PSoC4/cyfitter_cfg.c **** 	/* CYDEV_CLK_ILO_CONFIG Starting address: CYDEV_CLK_ILO_CONFIG */
 181:Generated_Source\PSoC4/cyfitter_cfg.c **** 	CY_SET_REG32((void *)(CYREG_CLK_ILO_CONFIG), 0x80000006u);
  81              		.loc 1 181 0
  82 001c 0E4A     		ldr	r2, .L3+8
  83 001e 0F4B     		ldr	r3, .L3+12
  84 0020 1A60     		str	r2, [r3]
 182:Generated_Source\PSoC4/cyfitter_cfg.c **** 
 183:Generated_Source\PSoC4/cyfitter_cfg.c **** 
 184:Generated_Source\PSoC4/cyfitter_cfg.c **** 	/* CYDEV_CLK_SELECT00 Starting address: CYDEV_CLK_SELECT00 */
 185:Generated_Source\PSoC4/cyfitter_cfg.c **** 	CY_SET_REG32((void *)(CYREG_CLK_SELECT08), 0x00000010u);
  85              		.loc 1 185 0
  86 0022 1022     		movs	r2, #16
  87 0024 0E4B     		ldr	r3, .L3+16
  88 0026 1A60     		str	r2, [r3]
 186:Generated_Source\PSoC4/cyfitter_cfg.c **** 
 187:Generated_Source\PSoC4/cyfitter_cfg.c **** 	/* CYDEV_CLK_IMO_CONFIG Starting address: CYDEV_CLK_IMO_CONFIG */
 188:Generated_Source\PSoC4/cyfitter_cfg.c **** 	CY_SET_REG32((void *)(CYREG_CLK_IMO_CONFIG), 0x80000000u);
  89              		.loc 1 188 0
  90 0028 8022     		movs	r2, #128
  91 002a 1206     		lsls	r2, r2, #24
  92 002c 0D4B     		ldr	r3, .L3+20
  93 002e 1A60     		str	r2, [r3]
 189:Generated_Source\PSoC4/cyfitter_cfg.c **** 
 190:Generated_Source\PSoC4/cyfitter_cfg.c **** 	/* CYDEV_CLK_SELECT Starting address: CYDEV_CLK_SELECT */
 191:Generated_Source\PSoC4/cyfitter_cfg.c **** 	CY_SET_REG32((void *)(CYREG_CLK_SELECT), 0x00000000u);
  94              		.loc 1 191 0
ARM GAS  C:\Users\Zeynep\AppData\Local\Temp\ccdXTreo.s 			page 6


  95 0030 0025     		movs	r5, #0
  96 0032 2560     		str	r5, [r4]
 192:Generated_Source\PSoC4/cyfitter_cfg.c **** 
 193:Generated_Source\PSoC4/cyfitter_cfg.c **** 	/* CYDEV_CLK_DIVIDER_A00 Starting address: CYDEV_CLK_DIVIDER_A00 */
 194:Generated_Source\PSoC4/cyfitter_cfg.c **** 	CY_SET_REG32((void *)(CYREG_CLK_DIVIDER_A00), 0x80000BB7u);
  97              		.loc 1 194 0
  98 0034 0C4A     		ldr	r2, .L3+24
  99 0036 0D4B     		ldr	r3, .L3+28
 100 0038 1A60     		str	r2, [r3]
 195:Generated_Source\PSoC4/cyfitter_cfg.c **** 
 196:Generated_Source\PSoC4/cyfitter_cfg.c **** 	(void)CyIntSetVector(9u, &CySysWdtIsr);
 101              		.loc 1 196 0
 102 003a 0D49     		ldr	r1, .L3+32
 103 003c 0920     		movs	r0, #9
 104 003e FFF7FEFF 		bl	CyIntSetVector
 105              	.LVL4:
 197:Generated_Source\PSoC4/cyfitter_cfg.c **** 	CyIntEnable(9u);
 106              		.loc 1 197 0
 107 0042 0920     		movs	r0, #9
 108 0044 FFF7FEFF 		bl	CyIntEnable
 109              	.LVL5:
 198:Generated_Source\PSoC4/cyfitter_cfg.c **** 	CY_SET_REG32((void *)(CYREG_WDT_CONFIG), 0x00000000u);
 110              		.loc 1 198 0
 111 0048 0A4B     		ldr	r3, .L3+36
 112 004a 1D60     		str	r5, [r3]
 199:Generated_Source\PSoC4/cyfitter_cfg.c **** }
 113              		.loc 1 199 0
 114              		@ sp needed
 115 004c 70BD     		pop	{r4, r5, r6, pc}
 116              	.L4:
 117 004e C046     		.align	2
 118              	.L3:
 119 0050 00010B40 		.word	1074462976
 120 0054 FFFFFBFF 		.word	-262145
 121 0058 06000080 		.word	-2147483642
 122 005c 04010B40 		.word	1074462980
 123 0060 20020240 		.word	1073873440
 124 0064 08010B40 		.word	1074462984
 125 0068 B70B0080 		.word	-2147480649
 126 006c 00000240 		.word	1073872896
 127 0070 00000000 		.word	CySysWdtIsr
 128 0074 0C020B40 		.word	1074463244
 129              		.cfi_endproc
 130              	.LFE3:
 131              		.size	ClockSetup, .-ClockSetup
 132              		.align	2
 133              		.global	cyfitter_cfg
 134              		.code	16
 135              		.thumb_func
 136              		.type	cyfitter_cfg, %function
 137              	cyfitter_cfg:
 138              	.LFB5:
 200:Generated_Source\PSoC4/cyfitter_cfg.c **** 
 201:Generated_Source\PSoC4/cyfitter_cfg.c **** 
 202:Generated_Source\PSoC4/cyfitter_cfg.c **** /* Analog API Functions */
 203:Generated_Source\PSoC4/cyfitter_cfg.c **** 
 204:Generated_Source\PSoC4/cyfitter_cfg.c **** 
ARM GAS  C:\Users\Zeynep\AppData\Local\Temp\ccdXTreo.s 			page 7


 205:Generated_Source\PSoC4/cyfitter_cfg.c **** /*******************************************************************************
 206:Generated_Source\PSoC4/cyfitter_cfg.c **** * Function Name: AnalogSetDefault
 207:Generated_Source\PSoC4/cyfitter_cfg.c **** ********************************************************************************
 208:Generated_Source\PSoC4/cyfitter_cfg.c **** *
 209:Generated_Source\PSoC4/cyfitter_cfg.c **** * Summary:
 210:Generated_Source\PSoC4/cyfitter_cfg.c **** *  Sets up the analog portions of the chip to default values based on chip
 211:Generated_Source\PSoC4/cyfitter_cfg.c **** *  configuration options from the project.
 212:Generated_Source\PSoC4/cyfitter_cfg.c **** *
 213:Generated_Source\PSoC4/cyfitter_cfg.c **** * Parameters:
 214:Generated_Source\PSoC4/cyfitter_cfg.c **** *  void
 215:Generated_Source\PSoC4/cyfitter_cfg.c **** *
 216:Generated_Source\PSoC4/cyfitter_cfg.c **** * Return:
 217:Generated_Source\PSoC4/cyfitter_cfg.c **** *  void
 218:Generated_Source\PSoC4/cyfitter_cfg.c **** *
 219:Generated_Source\PSoC4/cyfitter_cfg.c **** *******************************************************************************/
 220:Generated_Source\PSoC4/cyfitter_cfg.c **** static void AnalogSetDefault(void);
 221:Generated_Source\PSoC4/cyfitter_cfg.c **** static void AnalogSetDefault(void)
 222:Generated_Source\PSoC4/cyfitter_cfg.c **** {
 223:Generated_Source\PSoC4/cyfitter_cfg.c **** }
 224:Generated_Source\PSoC4/cyfitter_cfg.c **** 
 225:Generated_Source\PSoC4/cyfitter_cfg.c **** 
 226:Generated_Source\PSoC4/cyfitter_cfg.c **** 
 227:Generated_Source\PSoC4/cyfitter_cfg.c **** 
 228:Generated_Source\PSoC4/cyfitter_cfg.c **** /*******************************************************************************
 229:Generated_Source\PSoC4/cyfitter_cfg.c **** * Function Name: cyfitter_cfg
 230:Generated_Source\PSoC4/cyfitter_cfg.c **** ********************************************************************************
 231:Generated_Source\PSoC4/cyfitter_cfg.c **** * Summary:
 232:Generated_Source\PSoC4/cyfitter_cfg.c **** *  This function is called by the start-up code for the selected device. It
 233:Generated_Source\PSoC4/cyfitter_cfg.c **** *  performs all of the necessary device configuration based on the design
 234:Generated_Source\PSoC4/cyfitter_cfg.c **** *  settings.  This includes settings from the Design Wide Resources (DWR) such
 235:Generated_Source\PSoC4/cyfitter_cfg.c **** *  as Clocks and Pins as well as any component configuration that is necessary.
 236:Generated_Source\PSoC4/cyfitter_cfg.c **** *
 237:Generated_Source\PSoC4/cyfitter_cfg.c **** * Parameters:
 238:Generated_Source\PSoC4/cyfitter_cfg.c **** *   void
 239:Generated_Source\PSoC4/cyfitter_cfg.c **** *
 240:Generated_Source\PSoC4/cyfitter_cfg.c **** * Return:
 241:Generated_Source\PSoC4/cyfitter_cfg.c **** *   void
 242:Generated_Source\PSoC4/cyfitter_cfg.c **** *
 243:Generated_Source\PSoC4/cyfitter_cfg.c **** *******************************************************************************/
 244:Generated_Source\PSoC4/cyfitter_cfg.c **** CY_CFG_SECTION
 245:Generated_Source\PSoC4/cyfitter_cfg.c **** void cyfitter_cfg(void)
 246:Generated_Source\PSoC4/cyfitter_cfg.c **** {
 139              		.loc 1 246 0
 140              		.cfi_startproc
 141              		@ args = 0, pretend = 0, frame = 0
 142              		@ frame_needed = 0, uses_anonymous_args = 0
 143 0078 10B5     		push	{r4, lr}
 144              		.cfi_def_cfa_offset 8
 145              		.cfi_offset 4, -8
 146              		.cfi_offset 14, -4
 247:Generated_Source\PSoC4/cyfitter_cfg.c **** 	/* Disable interrupts by default. Let user enable if/when they want. */
 248:Generated_Source\PSoC4/cyfitter_cfg.c **** 	CyGlobalIntDisable;
 147              		.loc 1 248 0
 148              		.syntax divided
 149              	@ 248 "Generated_Source\PSoC4\cyfitter_cfg.c" 1
 150 007a 72B6     		CPSID   i
 151              	@ 0 "" 2
ARM GAS  C:\Users\Zeynep\AppData\Local\Temp\ccdXTreo.s 			page 8


 152              	.LVL6:
 153              		.thumb
 154              		.syntax unified
 155              	.LBB2:
 249:Generated_Source\PSoC4/cyfitter_cfg.c **** 
 250:Generated_Source\PSoC4/cyfitter_cfg.c **** 	{
 251:Generated_Source\PSoC4/cyfitter_cfg.c **** 
 252:Generated_Source\PSoC4/cyfitter_cfg.c **** 		CYPACKED typedef struct {
 253:Generated_Source\PSoC4/cyfitter_cfg.c **** 			void CYFAR *address;
 254:Generated_Source\PSoC4/cyfitter_cfg.c **** 			uint16 size;
 255:Generated_Source\PSoC4/cyfitter_cfg.c **** 		} CYPACKED_ATTR cfg_memset_t;
 256:Generated_Source\PSoC4/cyfitter_cfg.c **** 
 257:Generated_Source\PSoC4/cyfitter_cfg.c **** 		static const cfg_memset_t CYCODE cfg_memset_list[] = {
 258:Generated_Source\PSoC4/cyfitter_cfg.c **** 			/* address, size */
 259:Generated_Source\PSoC4/cyfitter_cfg.c **** 			{(void CYFAR *)(CYDEV_UDB_P0_U0_BASE), 1024u},
 260:Generated_Source\PSoC4/cyfitter_cfg.c **** 			{(void CYFAR *)(CYDEV_UDB_DSI0_BASE), 1024u},
 261:Generated_Source\PSoC4/cyfitter_cfg.c **** 		};
 262:Generated_Source\PSoC4/cyfitter_cfg.c **** 
 263:Generated_Source\PSoC4/cyfitter_cfg.c **** 		uint8 CYDATA i;
 264:Generated_Source\PSoC4/cyfitter_cfg.c **** 
 265:Generated_Source\PSoC4/cyfitter_cfg.c **** 		/* Zero out critical memory blocks before beginning configuration */
 266:Generated_Source\PSoC4/cyfitter_cfg.c **** 		for (i = 0u; i < (sizeof(cfg_memset_list)/sizeof(cfg_memset_list[0])); i++)
 156              		.loc 1 266 0
 157 007c 0024     		movs	r4, #0
 158 007e 0FE0     		b	.L6
 159              	.LVL7:
 160              	.L7:
 161              	.LBB3:
 267:Generated_Source\PSoC4/cyfitter_cfg.c **** 		{
 268:Generated_Source\PSoC4/cyfitter_cfg.c **** 			const cfg_memset_t CYCODE * CYDATA ms = &cfg_memset_list[i];
 269:Generated_Source\PSoC4/cyfitter_cfg.c **** 			CYMEMZERO(ms->address, (size_t)(uint32)(ms->size));
 162              		.loc 1 269 0 discriminator 3
 163 0080 2048     		ldr	r0, .L8
 164 0082 6200     		lsls	r2, r4, #1
 165 0084 1319     		adds	r3, r2, r4
 166 0086 5900     		lsls	r1, r3, #1
 167 0088 0B00     		movs	r3, r1
 168 008a 4118     		adds	r1, r0, r1
 169 008c 8988     		ldrh	r1, [r1, #4]
 170 008e 1A5A     		ldrh	r2, [r3, r0]
 171 0090 C318     		adds	r3, r0, r3
 172 0092 5888     		ldrh	r0, [r3, #2]
 173 0094 0004     		lsls	r0, r0, #16
 174 0096 1043     		orrs	r0, r2
 175 0098 FFF7FEFF 		bl	CYMEMZERO
 176              	.LVL8:
 177              	.LBE3:
 266:Generated_Source\PSoC4/cyfitter_cfg.c **** 		{
 178              		.loc 1 266 0 discriminator 3
 179 009c 0134     		adds	r4, r4, #1
 180              	.LVL9:
 181 009e E4B2     		uxtb	r4, r4
 182              	.LVL10:
 183              	.L6:
 266:Generated_Source\PSoC4/cyfitter_cfg.c **** 		{
 184              		.loc 1 266 0 is_stmt 0 discriminator 1
 185 00a0 012C     		cmp	r4, #1
ARM GAS  C:\Users\Zeynep\AppData\Local\Temp\ccdXTreo.s 			page 9


 186 00a2 EDD9     		bls	.L7
 270:Generated_Source\PSoC4/cyfitter_cfg.c **** 		}
 271:Generated_Source\PSoC4/cyfitter_cfg.c **** 
 272:Generated_Source\PSoC4/cyfitter_cfg.c **** 		/* HSIOM Starting address: CYDEV_HSIOM_BASE */
 273:Generated_Source\PSoC4/cyfitter_cfg.c **** 		CY_SET_REG32((void *)(CYREG_HSIOM_PORT_SEL3), 0x0000EE00u);
 187              		.loc 1 273 0 is_stmt 1
 188 00a4 EE22     		movs	r2, #238
 189 00a6 1202     		lsls	r2, r2, #8
 190 00a8 174B     		ldr	r3, .L8+4
 191 00aa 1A60     		str	r2, [r3]
 274:Generated_Source\PSoC4/cyfitter_cfg.c **** 
 275:Generated_Source\PSoC4/cyfitter_cfg.c **** 		/* UDB_PA_0 Starting address: CYDEV_UDB_PA0_BASE */
 276:Generated_Source\PSoC4/cyfitter_cfg.c **** 		CY_SET_REG32((void *)(CYDEV_UDB_PA0_BASE), 0x00990000u);
 192              		.loc 1 276 0
 193 00ac 9923     		movs	r3, #153
 194 00ae 1B04     		lsls	r3, r3, #16
 195 00b0 164A     		ldr	r2, .L8+8
 196 00b2 1360     		str	r3, [r2]
 277:Generated_Source\PSoC4/cyfitter_cfg.c **** 
 278:Generated_Source\PSoC4/cyfitter_cfg.c **** 		/* UDB_PA_1 Starting address: CYDEV_UDB_PA1_BASE */
 279:Generated_Source\PSoC4/cyfitter_cfg.c **** 		CY_SET_REG32((void *)(CYDEV_UDB_PA1_BASE), 0x00990000u);
 197              		.loc 1 279 0
 198 00b4 164A     		ldr	r2, .L8+12
 199 00b6 1360     		str	r3, [r2]
 280:Generated_Source\PSoC4/cyfitter_cfg.c **** 
 281:Generated_Source\PSoC4/cyfitter_cfg.c **** 		/* UDB_PA_2 Starting address: CYDEV_UDB_PA2_BASE */
 282:Generated_Source\PSoC4/cyfitter_cfg.c **** 		CY_SET_REG32((void *)(CYDEV_UDB_PA2_BASE), 0x00990000u);
 200              		.loc 1 282 0
 201 00b8 164A     		ldr	r2, .L8+16
 202 00ba 1360     		str	r3, [r2]
 283:Generated_Source\PSoC4/cyfitter_cfg.c **** 
 284:Generated_Source\PSoC4/cyfitter_cfg.c **** 		/* UDB_PA_3 Starting address: CYDEV_UDB_PA3_BASE */
 285:Generated_Source\PSoC4/cyfitter_cfg.c **** 		CY_SET_REG32((void *)(CYDEV_UDB_PA3_BASE), 0x00990000u);
 203              		.loc 1 285 0
 204 00bc 164A     		ldr	r2, .L8+20
 205 00be 1360     		str	r3, [r2]
 286:Generated_Source\PSoC4/cyfitter_cfg.c **** 
 287:Generated_Source\PSoC4/cyfitter_cfg.c **** 		/* Enable digital routing */
 288:Generated_Source\PSoC4/cyfitter_cfg.c **** 		CY_SET_XTND_REG8((void *)CYREG_UDB_UDBIF_BANK_CTL, (uint8)(CY_GET_XTND_REG8((void *)CYREG_UDB_UDB
 206              		.loc 1 288 0
 207 00c0 164A     		ldr	r2, .L8+24
 208 00c2 1178     		ldrb	r1, [r2]
 209 00c4 0623     		movs	r3, #6
 210 00c6 0B43     		orrs	r3, r1
 211 00c8 DBB2     		uxtb	r3, r3
 212 00ca 1370     		strb	r3, [r2]
 213              	.LBE2:
 289:Generated_Source\PSoC4/cyfitter_cfg.c **** 	}
 290:Generated_Source\PSoC4/cyfitter_cfg.c **** 
 291:Generated_Source\PSoC4/cyfitter_cfg.c **** 	/* Perform second pass device configuration. These items must be configured in specific order afte
 292:Generated_Source\PSoC4/cyfitter_cfg.c **** 	/* IOPINS0_0 Starting address: CYDEV_PRT0_BASE */
 293:Generated_Source\PSoC4/cyfitter_cfg.c **** 	CY_SET_REG32((void *)(CYDEV_PRT0_BASE), 0x00000080u);
 214              		.loc 1 293 0
 215 00cc 8022     		movs	r2, #128
 216 00ce 144B     		ldr	r3, .L8+28
 217 00d0 1A60     		str	r2, [r3]
 294:Generated_Source\PSoC4/cyfitter_cfg.c **** 	CY_SET_REG32((void *)(CYREG_PRT0_PC), 0x00200000u);
ARM GAS  C:\Users\Zeynep\AppData\Local\Temp\ccdXTreo.s 			page 10


 218              		.loc 1 294 0
 219 00d2 8022     		movs	r2, #128
 220 00d4 9203     		lsls	r2, r2, #14
 221 00d6 134B     		ldr	r3, .L8+32
 222 00d8 1A60     		str	r2, [r3]
 295:Generated_Source\PSoC4/cyfitter_cfg.c **** 	CY_SET_REG32((void *)(CYREG_PRT0_INTCFG), 0x00008000u);
 223              		.loc 1 295 0
 224 00da 8022     		movs	r2, #128
 225 00dc 1202     		lsls	r2, r2, #8
 226 00de 124B     		ldr	r3, .L8+36
 227 00e0 1A60     		str	r2, [r3]
 296:Generated_Source\PSoC4/cyfitter_cfg.c **** 
 297:Generated_Source\PSoC4/cyfitter_cfg.c **** 	/* IOPINS0_1 Starting address: CYDEV_PRT1_BASE */
 298:Generated_Source\PSoC4/cyfitter_cfg.c **** 	CY_SET_REG32((void *)(CYDEV_PRT1_BASE), 0x00000040u);
 228              		.loc 1 298 0
 229 00e2 4022     		movs	r2, #64
 230 00e4 114B     		ldr	r3, .L8+40
 231 00e6 1A60     		str	r2, [r3]
 299:Generated_Source\PSoC4/cyfitter_cfg.c **** 	CY_SET_REG32((void *)(CYREG_PRT1_PC), 0x00180000u);
 232              		.loc 1 299 0
 233 00e8 C022     		movs	r2, #192
 234 00ea 5203     		lsls	r2, r2, #13
 235 00ec 104B     		ldr	r3, .L8+44
 236 00ee 1A60     		str	r2, [r3]
 300:Generated_Source\PSoC4/cyfitter_cfg.c **** 
 301:Generated_Source\PSoC4/cyfitter_cfg.c **** 	/* IOPINS0_2 Starting address: CYDEV_PRT2_BASE */
 302:Generated_Source\PSoC4/cyfitter_cfg.c **** 	CY_SET_REG32((void *)(CYREG_PRT2_PC), 0x00DB6DB6u);
 237              		.loc 1 302 0
 238 00f0 104A     		ldr	r2, .L8+48
 239 00f2 114B     		ldr	r3, .L8+52
 240 00f4 1A60     		str	r2, [r3]
 303:Generated_Source\PSoC4/cyfitter_cfg.c **** 
 304:Generated_Source\PSoC4/cyfitter_cfg.c **** 	/* IOPINS0_3 Starting address: CYDEV_PRT3_BASE */
 305:Generated_Source\PSoC4/cyfitter_cfg.c **** 	CY_SET_REG32((void *)(CYREG_PRT3_PC), 0x001B0D80u);
 241              		.loc 1 305 0
 242 00f6 114A     		ldr	r2, .L8+56
 243 00f8 114B     		ldr	r3, .L8+60
 244 00fa 1A60     		str	r2, [r3]
 306:Generated_Source\PSoC4/cyfitter_cfg.c **** 
 307:Generated_Source\PSoC4/cyfitter_cfg.c **** 
 308:Generated_Source\PSoC4/cyfitter_cfg.c **** 	/* Setup clocks based on selections from Clock DWR */
 309:Generated_Source\PSoC4/cyfitter_cfg.c **** 	ClockSetup();
 245              		.loc 1 309 0
 246 00fc FFF780FF 		bl	ClockSetup
 247              	.LVL11:
 310:Generated_Source\PSoC4/cyfitter_cfg.c **** 
 311:Generated_Source\PSoC4/cyfitter_cfg.c **** 	/* Perform basic analog initialization to defaults */
 312:Generated_Source\PSoC4/cyfitter_cfg.c **** 	AnalogSetDefault();
 313:Generated_Source\PSoC4/cyfitter_cfg.c **** 
 314:Generated_Source\PSoC4/cyfitter_cfg.c **** }
 248              		.loc 1 314 0
 249              		@ sp needed
 250              	.LVL12:
 251 0100 10BD     		pop	{r4, pc}
 252              	.L9:
 253 0102 C046     		.align	2
 254              	.L8:
ARM GAS  C:\Users\Zeynep\AppData\Local\Temp\ccdXTreo.s 			page 11


 255 0104 00000000 		.word	.LANCHOR0
 256 0108 0C000140 		.word	1073807372
 257 010c 00500F40 		.word	1074745344
 258 0110 10500F40 		.word	1074745360
 259 0114 20500F40 		.word	1074745376
 260 0118 30500F40 		.word	1074745392
 261 011c 00700F40 		.word	1074753536
 262 0120 00000440 		.word	1074003968
 263 0124 08000440 		.word	1074003976
 264 0128 0C000440 		.word	1074003980
 265 012c 00010440 		.word	1074004224
 266 0130 08010440 		.word	1074004232
 267 0134 B66DDB00 		.word	14380470
 268 0138 08020440 		.word	1074004488
 269 013c 800D1B00 		.word	1772928
 270 0140 08030440 		.word	1074004744
 271              		.cfi_endproc
 272              	.LFE5:
 273              		.size	cyfitter_cfg, .-cyfitter_cfg
 274              		.section	.rodata
 275              		.align	2
 276              		.set	.LANCHOR0,. + 0
 277              		.type	cfg_memset_list.4847, %object
 278              		.size	cfg_memset_list.4847, 12
 279              	cfg_memset_list.4847:
 280 0000 00300F40 		.word	1074737152
 281 0004 0004     		.short	1024
 282 0006 00400F40 		.4byte	1074741248
 283 000a 0004     		.short	1024
 284              		.text
 285              	.Letext0:
 286              		.file 2 "d:\\psoc creator\\4.4\\psoc creator\\import\\gnu\\arm\\5.4.1\\lib\\gcc\\arm-none-eabi\\5.
 287              		.file 3 "Generated_Source\\PSoC4\\cytypes.h"
 288              		.file 4 "Generated_Source\\PSoC4\\CyLib.h"
 289              		.section	.debug_info,"",%progbits
 290              	.Ldebug_info0:
 291 0000 75020000 		.4byte	0x275
 292 0004 0400     		.2byte	0x4
 293 0006 00000000 		.4byte	.Ldebug_abbrev0
 294 000a 04       		.byte	0x4
 295 000b 01       		.uleb128 0x1
 296 000c 1D010000 		.4byte	.LASF29
 297 0010 0C       		.byte	0xc
 298 0011 14020000 		.4byte	.LASF30
 299 0015 0D000000 		.4byte	.LASF31
 300 0019 00000000 		.4byte	.Ldebug_ranges0+0
 301 001d 00000000 		.4byte	0
 302 0021 00000000 		.4byte	.Ldebug_line0
 303 0025 02       		.uleb128 0x2
 304 0026 04       		.byte	0x4
 305 0027 05       		.byte	0x5
 306 0028 696E7400 		.ascii	"int\000"
 307 002c 03       		.uleb128 0x3
 308 002d 06000000 		.4byte	.LASF12
 309 0031 02       		.byte	0x2
 310 0032 D8       		.byte	0xd8
 311 0033 37000000 		.4byte	0x37
ARM GAS  C:\Users\Zeynep\AppData\Local\Temp\ccdXTreo.s 			page 12


 312 0037 04       		.uleb128 0x4
 313 0038 04       		.byte	0x4
 314 0039 07       		.byte	0x7
 315 003a E4000000 		.4byte	.LASF0
 316 003e 04       		.uleb128 0x4
 317 003f 08       		.byte	0x8
 318 0040 05       		.byte	0x5
 319 0041 C1010000 		.4byte	.LASF1
 320 0045 04       		.uleb128 0x4
 321 0046 08       		.byte	0x8
 322 0047 04       		.byte	0x4
 323 0048 FC010000 		.4byte	.LASF2
 324 004c 04       		.uleb128 0x4
 325 004d 01       		.byte	0x1
 326 004e 06       		.byte	0x6
 327 004f 08020000 		.4byte	.LASF3
 328 0053 04       		.uleb128 0x4
 329 0054 01       		.byte	0x1
 330 0055 08       		.byte	0x8
 331 0056 AE000000 		.4byte	.LASF4
 332 005a 04       		.uleb128 0x4
 333 005b 02       		.byte	0x2
 334 005c 05       		.byte	0x5
 335 005d D4010000 		.4byte	.LASF5
 336 0061 04       		.uleb128 0x4
 337 0062 02       		.byte	0x2
 338 0063 07       		.byte	0x7
 339 0064 69000000 		.4byte	.LASF6
 340 0068 04       		.uleb128 0x4
 341 0069 04       		.byte	0x4
 342 006a 05       		.byte	0x5
 343 006b F3010000 		.4byte	.LASF7
 344 006f 04       		.uleb128 0x4
 345 0070 04       		.byte	0x4
 346 0071 07       		.byte	0x7
 347 0072 8C000000 		.4byte	.LASF8
 348 0076 04       		.uleb128 0x4
 349 0077 08       		.byte	0x8
 350 0078 07       		.byte	0x7
 351 0079 06010000 		.4byte	.LASF9
 352 007d 04       		.uleb128 0x4
 353 007e 04       		.byte	0x4
 354 007f 07       		.byte	0x7
 355 0080 B8010000 		.4byte	.LASF10
 356 0084 05       		.uleb128 0x5
 357 0085 04       		.byte	0x4
 358 0086 04       		.uleb128 0x4
 359 0087 01       		.byte	0x1
 360 0088 08       		.byte	0x8
 361 0089 CF010000 		.4byte	.LASF11
 362 008d 06       		.uleb128 0x6
 363 008e 9E000000 		.4byte	.LASF13
 364 0092 03       		.byte	0x3
 365 0093 FB01     		.2byte	0x1fb
 366 0095 53000000 		.4byte	0x53
 367 0099 06       		.uleb128 0x6
 368 009a D6000000 		.4byte	.LASF14
ARM GAS  C:\Users\Zeynep\AppData\Local\Temp\ccdXTreo.s 			page 13


 369 009e 03       		.byte	0x3
 370 009f FC01     		.2byte	0x1fc
 371 00a1 61000000 		.4byte	0x61
 372 00a5 06       		.uleb128 0x6
 373 00a6 DD000000 		.4byte	.LASF15
 374 00aa 03       		.byte	0x3
 375 00ab FD01     		.2byte	0x1fd
 376 00ad 6F000000 		.4byte	0x6f
 377 00b1 04       		.uleb128 0x4
 378 00b2 04       		.byte	0x4
 379 00b3 04       		.byte	0x4
 380 00b4 7C000000 		.4byte	.LASF16
 381 00b8 04       		.uleb128 0x4
 382 00b9 08       		.byte	0x8
 383 00ba 04       		.byte	0x4
 384 00bb C3000000 		.4byte	.LASF17
 385 00bf 06       		.uleb128 0x6
 386 00c0 87000000 		.4byte	.LASF18
 387 00c4 03       		.byte	0x3
 388 00c5 A502     		.2byte	0x2a5
 389 00c7 CB000000 		.4byte	0xcb
 390 00cb 07       		.uleb128 0x7
 391 00cc 8D000000 		.4byte	0x8d
 392 00d0 06       		.uleb128 0x6
 393 00d1 00000000 		.4byte	.LASF19
 394 00d5 03       		.byte	0x3
 395 00d6 A702     		.2byte	0x2a7
 396 00d8 DC000000 		.4byte	0xdc
 397 00dc 07       		.uleb128 0x7
 398 00dd A5000000 		.4byte	0xa5
 399 00e1 08       		.uleb128 0x8
 400 00e2 A4000000 		.4byte	.LASF20
 401 00e6 01       		.byte	0x1
 402 00e7 4C       		.byte	0x4c
 403 00e8 00000000 		.4byte	.LFB0
 404 00ec 0C000000 		.4byte	.LFE0-.LFB0
 405 00f0 01       		.uleb128 0x1
 406 00f1 9C       		.byte	0x9c
 407 00f2 2E010000 		.4byte	0x12e
 408 00f6 09       		.uleb128 0x9
 409 00f7 7300     		.ascii	"s\000"
 410 00f9 01       		.byte	0x1
 411 00fa 4C       		.byte	0x4c
 412 00fb 84000000 		.4byte	0x84
 413 00ff 00000000 		.4byte	.LLST0
 414 0103 09       		.uleb128 0x9
 415 0104 6E00     		.ascii	"n\000"
 416 0106 01       		.byte	0x1
 417 0107 4C       		.byte	0x4c
 418 0108 2C000000 		.4byte	0x2c
 419 010c 21000000 		.4byte	.LLST1
 420 0110 0A       		.uleb128 0xa
 421 0111 0A000000 		.4byte	.LVL2
 422 0115 4E020000 		.4byte	0x24e
 423 0119 0B       		.uleb128 0xb
 424 011a 01       		.uleb128 0x1
 425 011b 50       		.byte	0x50
ARM GAS  C:\Users\Zeynep\AppData\Local\Temp\ccdXTreo.s 			page 14


 426 011c 03       		.uleb128 0x3
 427 011d F3       		.byte	0xf3
 428 011e 01       		.uleb128 0x1
 429 011f 50       		.byte	0x50
 430 0120 0B       		.uleb128 0xb
 431 0121 01       		.uleb128 0x1
 432 0122 51       		.byte	0x51
 433 0123 01       		.uleb128 0x1
 434 0124 30       		.byte	0x30
 435 0125 0B       		.uleb128 0xb
 436 0126 01       		.uleb128 0x1
 437 0127 52       		.byte	0x52
 438 0128 03       		.uleb128 0x3
 439 0129 F3       		.byte	0xf3
 440 012a 01       		.uleb128 0x1
 441 012b 51       		.byte	0x51
 442 012c 00       		.byte	0
 443 012d 00       		.byte	0
 444 012e 08       		.uleb128 0x8
 445 012f 5E000000 		.4byte	.LASF21
 446 0133 01       		.byte	0x1
 447 0134 AA       		.byte	0xaa
 448 0135 00000000 		.4byte	.LFB3
 449 0139 78000000 		.4byte	.LFE3-.LFB3
 450 013d 01       		.uleb128 0x1
 451 013e 9C       		.byte	0x9c
 452 013f 79010000 		.4byte	0x179
 453 0143 0C       		.uleb128 0xc
 454 0144 14000000 		.4byte	.LVL3
 455 0148 57020000 		.4byte	0x257
 456 014c 56010000 		.4byte	0x156
 457 0150 0B       		.uleb128 0xb
 458 0151 01       		.uleb128 0x1
 459 0152 50       		.byte	0x50
 460 0153 01       		.uleb128 0x1
 461 0154 33       		.byte	0x33
 462 0155 00       		.byte	0
 463 0156 0C       		.uleb128 0xc
 464 0157 42000000 		.4byte	.LVL4
 465 015b 62020000 		.4byte	0x262
 466 015f 69010000 		.4byte	0x169
 467 0163 0B       		.uleb128 0xb
 468 0164 01       		.uleb128 0x1
 469 0165 50       		.byte	0x50
 470 0166 01       		.uleb128 0x1
 471 0167 39       		.byte	0x39
 472 0168 00       		.byte	0
 473 0169 0A       		.uleb128 0xa
 474 016a 48000000 		.4byte	.LVL5
 475 016e 6D020000 		.4byte	0x26d
 476 0172 0B       		.uleb128 0xb
 477 0173 01       		.uleb128 0x1
 478 0174 50       		.byte	0x50
 479 0175 01       		.uleb128 0x1
 480 0176 39       		.byte	0x39
 481 0177 00       		.byte	0
 482 0178 00       		.byte	0
ARM GAS  C:\Users\Zeynep\AppData\Local\Temp\ccdXTreo.s 			page 15


 483 0179 0D       		.uleb128 0xd
 484 017a F1000000 		.4byte	.LASF32
 485 017e 01       		.byte	0x1
 486 017f F5       		.byte	0xf5
 487 0180 78000000 		.4byte	.LFB5
 488 0184 CC000000 		.4byte	.LFE5-.LFB5
 489 0188 01       		.uleb128 0x1
 490 0189 9C       		.byte	0x9c
 491 018a 4E020000 		.4byte	0x24e
 492 018e 0E       		.uleb128 0xe
 493 018f 7C000000 		.4byte	.LBB2
 494 0193 50000000 		.4byte	.LBE2-.LBB2
 495 0197 44020000 		.4byte	0x244
 496 019b 0F       		.uleb128 0xf
 497 019c 06       		.byte	0x6
 498 019d 01       		.byte	0x1
 499 019e FC       		.byte	0xfc
 500 019f BC010000 		.4byte	0x1bc
 501 01a3 10       		.uleb128 0x10
 502 01a4 FE000000 		.4byte	.LASF22
 503 01a8 01       		.byte	0x1
 504 01a9 FD       		.byte	0xfd
 505 01aa 84000000 		.4byte	0x84
 506 01ae 00       		.byte	0
 507 01af 10       		.uleb128 0x10
 508 01b0 82000000 		.4byte	.LASF23
 509 01b4 01       		.byte	0x1
 510 01b5 FE       		.byte	0xfe
 511 01b6 99000000 		.4byte	0x99
 512 01ba 04       		.byte	0x4
 513 01bb 00       		.byte	0
 514 01bc 03       		.uleb128 0x3
 515 01bd AB010000 		.4byte	.LASF24
 516 01c1 01       		.byte	0x1
 517 01c2 FF       		.byte	0xff
 518 01c3 9B010000 		.4byte	0x19b
 519 01c7 11       		.uleb128 0x11
 520 01c8 D7010000 		.4byte	0x1d7
 521 01cc D7010000 		.4byte	0x1d7
 522 01d0 12       		.uleb128 0x12
 523 01d1 7D000000 		.4byte	0x7d
 524 01d5 01       		.byte	0x1
 525 01d6 00       		.byte	0
 526 01d7 13       		.uleb128 0x13
 527 01d8 BC010000 		.4byte	0x1bc
 528 01dc 14       		.uleb128 0x14
 529 01dd 4E000000 		.4byte	.LASF25
 530 01e1 01       		.byte	0x1
 531 01e2 0101     		.2byte	0x101
 532 01e4 EE010000 		.4byte	0x1ee
 533 01e8 05       		.uleb128 0x5
 534 01e9 03       		.byte	0x3
 535 01ea 00000000 		.4byte	cfg_memset_list.4847
 536 01ee 13       		.uleb128 0x13
 537 01ef C7010000 		.4byte	0x1c7
 538 01f3 15       		.uleb128 0x15
 539 01f4 6900     		.ascii	"i\000"
ARM GAS  C:\Users\Zeynep\AppData\Local\Temp\ccdXTreo.s 			page 16


 540 01f6 01       		.byte	0x1
 541 01f7 0701     		.2byte	0x107
 542 01f9 8D000000 		.4byte	0x8d
 543 01fd 4D000000 		.4byte	.LLST2
 544 0201 16       		.uleb128 0x16
 545 0202 80000000 		.4byte	.LBB3
 546 0206 1C000000 		.4byte	.LBE3-.LBB3
 547 020a 15       		.uleb128 0x15
 548 020b 6D7300   		.ascii	"ms\000"
 549 020e 01       		.byte	0x1
 550 020f 0C01     		.2byte	0x10c
 551 0211 19020000 		.4byte	0x219
 552 0215 77000000 		.4byte	.LLST3
 553 0219 17       		.uleb128 0x17
 554 021a 04       		.byte	0x4
 555 021b D7010000 		.4byte	0x1d7
 556 021f 0A       		.uleb128 0xa
 557 0220 9C000000 		.4byte	.LVL8
 558 0224 E1000000 		.4byte	0xe1
 559 0228 0B       		.uleb128 0xb
 560 0229 01       		.uleb128 0x1
 561 022a 51       		.byte	0x51
 562 022b 15       		.uleb128 0x15
 563 022c 74       		.byte	0x74
 564 022d 00       		.sleb128 0
 565 022e 31       		.byte	0x31
 566 022f 24       		.byte	0x24
 567 0230 74       		.byte	0x74
 568 0231 00       		.sleb128 0
 569 0232 22       		.byte	0x22
 570 0233 31       		.byte	0x31
 571 0234 24       		.byte	0x24
 572 0235 03       		.byte	0x3
 573 0236 04000000 		.4byte	.LANCHOR0+4
 574 023a 22       		.byte	0x22
 575 023b 94       		.byte	0x94
 576 023c 02       		.byte	0x2
 577 023d 0A       		.byte	0xa
 578 023e FFFF     		.2byte	0xffff
 579 0240 1A       		.byte	0x1a
 580 0241 00       		.byte	0
 581 0242 00       		.byte	0
 582 0243 00       		.byte	0
 583 0244 18       		.uleb128 0x18
 584 0245 00010000 		.4byte	.LVL11
 585 0249 2E010000 		.4byte	0x12e
 586 024d 00       		.byte	0
 587 024e 19       		.uleb128 0x19
 588 024f BC000000 		.4byte	.LASF33
 589 0253 BC000000 		.4byte	.LASF33
 590 0257 1A       		.uleb128 0x1a
 591 0258 DE010000 		.4byte	.LASF26
 592 025c DE010000 		.4byte	.LASF26
 593 0260 04       		.byte	0x4
 594 0261 6C       		.byte	0x6c
 595 0262 1A       		.uleb128 0x1a
 596 0263 3F000000 		.4byte	.LASF27
ARM GAS  C:\Users\Zeynep\AppData\Local\Temp\ccdXTreo.s 			page 17


 597 0267 3F000000 		.4byte	.LASF27
 598 026b 04       		.byte	0x4
 599 026c D0       		.byte	0xd0
 600 026d 1A       		.uleb128 0x1a
 601 026e CA000000 		.4byte	.LASF28
 602 0272 CA000000 		.4byte	.LASF28
 603 0276 04       		.byte	0x4
 604 0277 D6       		.byte	0xd6
 605 0278 00       		.byte	0
 606              		.section	.debug_abbrev,"",%progbits
 607              	.Ldebug_abbrev0:
 608 0000 01       		.uleb128 0x1
 609 0001 11       		.uleb128 0x11
 610 0002 01       		.byte	0x1
 611 0003 25       		.uleb128 0x25
 612 0004 0E       		.uleb128 0xe
 613 0005 13       		.uleb128 0x13
 614 0006 0B       		.uleb128 0xb
 615 0007 03       		.uleb128 0x3
 616 0008 0E       		.uleb128 0xe
 617 0009 1B       		.uleb128 0x1b
 618 000a 0E       		.uleb128 0xe
 619 000b 55       		.uleb128 0x55
 620 000c 17       		.uleb128 0x17
 621 000d 11       		.uleb128 0x11
 622 000e 01       		.uleb128 0x1
 623 000f 10       		.uleb128 0x10
 624 0010 17       		.uleb128 0x17
 625 0011 00       		.byte	0
 626 0012 00       		.byte	0
 627 0013 02       		.uleb128 0x2
 628 0014 24       		.uleb128 0x24
 629 0015 00       		.byte	0
 630 0016 0B       		.uleb128 0xb
 631 0017 0B       		.uleb128 0xb
 632 0018 3E       		.uleb128 0x3e
 633 0019 0B       		.uleb128 0xb
 634 001a 03       		.uleb128 0x3
 635 001b 08       		.uleb128 0x8
 636 001c 00       		.byte	0
 637 001d 00       		.byte	0
 638 001e 03       		.uleb128 0x3
 639 001f 16       		.uleb128 0x16
 640 0020 00       		.byte	0
 641 0021 03       		.uleb128 0x3
 642 0022 0E       		.uleb128 0xe
 643 0023 3A       		.uleb128 0x3a
 644 0024 0B       		.uleb128 0xb
 645 0025 3B       		.uleb128 0x3b
 646 0026 0B       		.uleb128 0xb
 647 0027 49       		.uleb128 0x49
 648 0028 13       		.uleb128 0x13
 649 0029 00       		.byte	0
 650 002a 00       		.byte	0
 651 002b 04       		.uleb128 0x4
 652 002c 24       		.uleb128 0x24
 653 002d 00       		.byte	0
ARM GAS  C:\Users\Zeynep\AppData\Local\Temp\ccdXTreo.s 			page 18


 654 002e 0B       		.uleb128 0xb
 655 002f 0B       		.uleb128 0xb
 656 0030 3E       		.uleb128 0x3e
 657 0031 0B       		.uleb128 0xb
 658 0032 03       		.uleb128 0x3
 659 0033 0E       		.uleb128 0xe
 660 0034 00       		.byte	0
 661 0035 00       		.byte	0
 662 0036 05       		.uleb128 0x5
 663 0037 0F       		.uleb128 0xf
 664 0038 00       		.byte	0
 665 0039 0B       		.uleb128 0xb
 666 003a 0B       		.uleb128 0xb
 667 003b 00       		.byte	0
 668 003c 00       		.byte	0
 669 003d 06       		.uleb128 0x6
 670 003e 16       		.uleb128 0x16
 671 003f 00       		.byte	0
 672 0040 03       		.uleb128 0x3
 673 0041 0E       		.uleb128 0xe
 674 0042 3A       		.uleb128 0x3a
 675 0043 0B       		.uleb128 0xb
 676 0044 3B       		.uleb128 0x3b
 677 0045 05       		.uleb128 0x5
 678 0046 49       		.uleb128 0x49
 679 0047 13       		.uleb128 0x13
 680 0048 00       		.byte	0
 681 0049 00       		.byte	0
 682 004a 07       		.uleb128 0x7
 683 004b 35       		.uleb128 0x35
 684 004c 00       		.byte	0
 685 004d 49       		.uleb128 0x49
 686 004e 13       		.uleb128 0x13
 687 004f 00       		.byte	0
 688 0050 00       		.byte	0
 689 0051 08       		.uleb128 0x8
 690 0052 2E       		.uleb128 0x2e
 691 0053 01       		.byte	0x1
 692 0054 03       		.uleb128 0x3
 693 0055 0E       		.uleb128 0xe
 694 0056 3A       		.uleb128 0x3a
 695 0057 0B       		.uleb128 0xb
 696 0058 3B       		.uleb128 0x3b
 697 0059 0B       		.uleb128 0xb
 698 005a 27       		.uleb128 0x27
 699 005b 19       		.uleb128 0x19
 700 005c 11       		.uleb128 0x11
 701 005d 01       		.uleb128 0x1
 702 005e 12       		.uleb128 0x12
 703 005f 06       		.uleb128 0x6
 704 0060 40       		.uleb128 0x40
 705 0061 18       		.uleb128 0x18
 706 0062 9742     		.uleb128 0x2117
 707 0064 19       		.uleb128 0x19
 708 0065 01       		.uleb128 0x1
 709 0066 13       		.uleb128 0x13
 710 0067 00       		.byte	0
ARM GAS  C:\Users\Zeynep\AppData\Local\Temp\ccdXTreo.s 			page 19


 711 0068 00       		.byte	0
 712 0069 09       		.uleb128 0x9
 713 006a 05       		.uleb128 0x5
 714 006b 00       		.byte	0
 715 006c 03       		.uleb128 0x3
 716 006d 08       		.uleb128 0x8
 717 006e 3A       		.uleb128 0x3a
 718 006f 0B       		.uleb128 0xb
 719 0070 3B       		.uleb128 0x3b
 720 0071 0B       		.uleb128 0xb
 721 0072 49       		.uleb128 0x49
 722 0073 13       		.uleb128 0x13
 723 0074 02       		.uleb128 0x2
 724 0075 17       		.uleb128 0x17
 725 0076 00       		.byte	0
 726 0077 00       		.byte	0
 727 0078 0A       		.uleb128 0xa
 728 0079 898201   		.uleb128 0x4109
 729 007c 01       		.byte	0x1
 730 007d 11       		.uleb128 0x11
 731 007e 01       		.uleb128 0x1
 732 007f 31       		.uleb128 0x31
 733 0080 13       		.uleb128 0x13
 734 0081 00       		.byte	0
 735 0082 00       		.byte	0
 736 0083 0B       		.uleb128 0xb
 737 0084 8A8201   		.uleb128 0x410a
 738 0087 00       		.byte	0
 739 0088 02       		.uleb128 0x2
 740 0089 18       		.uleb128 0x18
 741 008a 9142     		.uleb128 0x2111
 742 008c 18       		.uleb128 0x18
 743 008d 00       		.byte	0
 744 008e 00       		.byte	0
 745 008f 0C       		.uleb128 0xc
 746 0090 898201   		.uleb128 0x4109
 747 0093 01       		.byte	0x1
 748 0094 11       		.uleb128 0x11
 749 0095 01       		.uleb128 0x1
 750 0096 31       		.uleb128 0x31
 751 0097 13       		.uleb128 0x13
 752 0098 01       		.uleb128 0x1
 753 0099 13       		.uleb128 0x13
 754 009a 00       		.byte	0
 755 009b 00       		.byte	0
 756 009c 0D       		.uleb128 0xd
 757 009d 2E       		.uleb128 0x2e
 758 009e 01       		.byte	0x1
 759 009f 3F       		.uleb128 0x3f
 760 00a0 19       		.uleb128 0x19
 761 00a1 03       		.uleb128 0x3
 762 00a2 0E       		.uleb128 0xe
 763 00a3 3A       		.uleb128 0x3a
 764 00a4 0B       		.uleb128 0xb
 765 00a5 3B       		.uleb128 0x3b
 766 00a6 0B       		.uleb128 0xb
 767 00a7 27       		.uleb128 0x27
ARM GAS  C:\Users\Zeynep\AppData\Local\Temp\ccdXTreo.s 			page 20


 768 00a8 19       		.uleb128 0x19
 769 00a9 11       		.uleb128 0x11
 770 00aa 01       		.uleb128 0x1
 771 00ab 12       		.uleb128 0x12
 772 00ac 06       		.uleb128 0x6
 773 00ad 40       		.uleb128 0x40
 774 00ae 18       		.uleb128 0x18
 775 00af 9742     		.uleb128 0x2117
 776 00b1 19       		.uleb128 0x19
 777 00b2 01       		.uleb128 0x1
 778 00b3 13       		.uleb128 0x13
 779 00b4 00       		.byte	0
 780 00b5 00       		.byte	0
 781 00b6 0E       		.uleb128 0xe
 782 00b7 0B       		.uleb128 0xb
 783 00b8 01       		.byte	0x1
 784 00b9 11       		.uleb128 0x11
 785 00ba 01       		.uleb128 0x1
 786 00bb 12       		.uleb128 0x12
 787 00bc 06       		.uleb128 0x6
 788 00bd 01       		.uleb128 0x1
 789 00be 13       		.uleb128 0x13
 790 00bf 00       		.byte	0
 791 00c0 00       		.byte	0
 792 00c1 0F       		.uleb128 0xf
 793 00c2 13       		.uleb128 0x13
 794 00c3 01       		.byte	0x1
 795 00c4 0B       		.uleb128 0xb
 796 00c5 0B       		.uleb128 0xb
 797 00c6 3A       		.uleb128 0x3a
 798 00c7 0B       		.uleb128 0xb
 799 00c8 3B       		.uleb128 0x3b
 800 00c9 0B       		.uleb128 0xb
 801 00ca 01       		.uleb128 0x1
 802 00cb 13       		.uleb128 0x13
 803 00cc 00       		.byte	0
 804 00cd 00       		.byte	0
 805 00ce 10       		.uleb128 0x10
 806 00cf 0D       		.uleb128 0xd
 807 00d0 00       		.byte	0
 808 00d1 03       		.uleb128 0x3
 809 00d2 0E       		.uleb128 0xe
 810 00d3 3A       		.uleb128 0x3a
 811 00d4 0B       		.uleb128 0xb
 812 00d5 3B       		.uleb128 0x3b
 813 00d6 0B       		.uleb128 0xb
 814 00d7 49       		.uleb128 0x49
 815 00d8 13       		.uleb128 0x13
 816 00d9 38       		.uleb128 0x38
 817 00da 0B       		.uleb128 0xb
 818 00db 00       		.byte	0
 819 00dc 00       		.byte	0
 820 00dd 11       		.uleb128 0x11
 821 00de 01       		.uleb128 0x1
 822 00df 01       		.byte	0x1
 823 00e0 49       		.uleb128 0x49
 824 00e1 13       		.uleb128 0x13
ARM GAS  C:\Users\Zeynep\AppData\Local\Temp\ccdXTreo.s 			page 21


 825 00e2 01       		.uleb128 0x1
 826 00e3 13       		.uleb128 0x13
 827 00e4 00       		.byte	0
 828 00e5 00       		.byte	0
 829 00e6 12       		.uleb128 0x12
 830 00e7 21       		.uleb128 0x21
 831 00e8 00       		.byte	0
 832 00e9 49       		.uleb128 0x49
 833 00ea 13       		.uleb128 0x13
 834 00eb 2F       		.uleb128 0x2f
 835 00ec 0B       		.uleb128 0xb
 836 00ed 00       		.byte	0
 837 00ee 00       		.byte	0
 838 00ef 13       		.uleb128 0x13
 839 00f0 26       		.uleb128 0x26
 840 00f1 00       		.byte	0
 841 00f2 49       		.uleb128 0x49
 842 00f3 13       		.uleb128 0x13
 843 00f4 00       		.byte	0
 844 00f5 00       		.byte	0
 845 00f6 14       		.uleb128 0x14
 846 00f7 34       		.uleb128 0x34
 847 00f8 00       		.byte	0
 848 00f9 03       		.uleb128 0x3
 849 00fa 0E       		.uleb128 0xe
 850 00fb 3A       		.uleb128 0x3a
 851 00fc 0B       		.uleb128 0xb
 852 00fd 3B       		.uleb128 0x3b
 853 00fe 05       		.uleb128 0x5
 854 00ff 49       		.uleb128 0x49
 855 0100 13       		.uleb128 0x13
 856 0101 02       		.uleb128 0x2
 857 0102 18       		.uleb128 0x18
 858 0103 00       		.byte	0
 859 0104 00       		.byte	0
 860 0105 15       		.uleb128 0x15
 861 0106 34       		.uleb128 0x34
 862 0107 00       		.byte	0
 863 0108 03       		.uleb128 0x3
 864 0109 08       		.uleb128 0x8
 865 010a 3A       		.uleb128 0x3a
 866 010b 0B       		.uleb128 0xb
 867 010c 3B       		.uleb128 0x3b
 868 010d 05       		.uleb128 0x5
 869 010e 49       		.uleb128 0x49
 870 010f 13       		.uleb128 0x13
 871 0110 02       		.uleb128 0x2
 872 0111 17       		.uleb128 0x17
 873 0112 00       		.byte	0
 874 0113 00       		.byte	0
 875 0114 16       		.uleb128 0x16
 876 0115 0B       		.uleb128 0xb
 877 0116 01       		.byte	0x1
 878 0117 11       		.uleb128 0x11
 879 0118 01       		.uleb128 0x1
 880 0119 12       		.uleb128 0x12
 881 011a 06       		.uleb128 0x6
ARM GAS  C:\Users\Zeynep\AppData\Local\Temp\ccdXTreo.s 			page 22


 882 011b 00       		.byte	0
 883 011c 00       		.byte	0
 884 011d 17       		.uleb128 0x17
 885 011e 0F       		.uleb128 0xf
 886 011f 00       		.byte	0
 887 0120 0B       		.uleb128 0xb
 888 0121 0B       		.uleb128 0xb
 889 0122 49       		.uleb128 0x49
 890 0123 13       		.uleb128 0x13
 891 0124 00       		.byte	0
 892 0125 00       		.byte	0
 893 0126 18       		.uleb128 0x18
 894 0127 898201   		.uleb128 0x4109
 895 012a 00       		.byte	0
 896 012b 11       		.uleb128 0x11
 897 012c 01       		.uleb128 0x1
 898 012d 31       		.uleb128 0x31
 899 012e 13       		.uleb128 0x13
 900 012f 00       		.byte	0
 901 0130 00       		.byte	0
 902 0131 19       		.uleb128 0x19
 903 0132 2E       		.uleb128 0x2e
 904 0133 00       		.byte	0
 905 0134 3F       		.uleb128 0x3f
 906 0135 19       		.uleb128 0x19
 907 0136 3C       		.uleb128 0x3c
 908 0137 19       		.uleb128 0x19
 909 0138 6E       		.uleb128 0x6e
 910 0139 0E       		.uleb128 0xe
 911 013a 03       		.uleb128 0x3
 912 013b 0E       		.uleb128 0xe
 913 013c 00       		.byte	0
 914 013d 00       		.byte	0
 915 013e 1A       		.uleb128 0x1a
 916 013f 2E       		.uleb128 0x2e
 917 0140 00       		.byte	0
 918 0141 3F       		.uleb128 0x3f
 919 0142 19       		.uleb128 0x19
 920 0143 3C       		.uleb128 0x3c
 921 0144 19       		.uleb128 0x19
 922 0145 6E       		.uleb128 0x6e
 923 0146 0E       		.uleb128 0xe
 924 0147 03       		.uleb128 0x3
 925 0148 0E       		.uleb128 0xe
 926 0149 3A       		.uleb128 0x3a
 927 014a 0B       		.uleb128 0xb
 928 014b 3B       		.uleb128 0x3b
 929 014c 0B       		.uleb128 0xb
 930 014d 00       		.byte	0
 931 014e 00       		.byte	0
 932 014f 00       		.byte	0
 933              		.section	.debug_loc,"",%progbits
 934              	.Ldebug_loc0:
 935              	.LLST0:
 936 0000 00000000 		.4byte	.LVL0
 937 0004 09000000 		.4byte	.LVL2-1
 938 0008 0100     		.2byte	0x1
ARM GAS  C:\Users\Zeynep\AppData\Local\Temp\ccdXTreo.s 			page 23


 939 000a 50       		.byte	0x50
 940 000b 09000000 		.4byte	.LVL2-1
 941 000f 0C000000 		.4byte	.LFE0
 942 0013 0400     		.2byte	0x4
 943 0015 F3       		.byte	0xf3
 944 0016 01       		.uleb128 0x1
 945 0017 50       		.byte	0x50
 946 0018 9F       		.byte	0x9f
 947 0019 00000000 		.4byte	0
 948 001d 00000000 		.4byte	0
 949              	.LLST1:
 950 0021 00000000 		.4byte	.LVL0
 951 0025 06000000 		.4byte	.LVL1
 952 0029 0100     		.2byte	0x1
 953 002b 51       		.byte	0x51
 954 002c 06000000 		.4byte	.LVL1
 955 0030 09000000 		.4byte	.LVL2-1
 956 0034 0100     		.2byte	0x1
 957 0036 52       		.byte	0x52
 958 0037 09000000 		.4byte	.LVL2-1
 959 003b 0C000000 		.4byte	.LFE0
 960 003f 0400     		.2byte	0x4
 961 0041 F3       		.byte	0xf3
 962 0042 01       		.uleb128 0x1
 963 0043 51       		.byte	0x51
 964 0044 9F       		.byte	0x9f
 965 0045 00000000 		.4byte	0
 966 0049 00000000 		.4byte	0
 967              	.LLST2:
 968 004d 7C000000 		.4byte	.LVL6
 969 0051 80000000 		.4byte	.LVL7
 970 0055 0200     		.2byte	0x2
 971 0057 30       		.byte	0x30
 972 0058 9F       		.byte	0x9f
 973 0059 80000000 		.4byte	.LVL7
 974 005d 9E000000 		.4byte	.LVL9
 975 0061 0100     		.2byte	0x1
 976 0063 54       		.byte	0x54
 977 0064 A0000000 		.4byte	.LVL10
 978 0068 00010000 		.4byte	.LVL12
 979 006c 0100     		.2byte	0x1
 980 006e 54       		.byte	0x54
 981 006f 00000000 		.4byte	0
 982 0073 00000000 		.4byte	0
 983              	.LLST3:
 984 0077 80000000 		.4byte	.LVL7
 985 007b 9E000000 		.4byte	.LVL9
 986 007f 0B00     		.2byte	0xb
 987 0081 74       		.byte	0x74
 988 0082 00       		.sleb128 0
 989 0083 36       		.byte	0x36
 990 0084 1E       		.byte	0x1e
 991 0085 03       		.byte	0x3
 992 0086 00000000 		.4byte	cfg_memset_list.4847
 993 008a 22       		.byte	0x22
 994 008b 9F       		.byte	0x9f
 995 008c 9E000000 		.4byte	.LVL9
ARM GAS  C:\Users\Zeynep\AppData\Local\Temp\ccdXTreo.s 			page 24


 996 0090 A0000000 		.4byte	.LVL10
 997 0094 0B00     		.2byte	0xb
 998 0096 74       		.byte	0x74
 999 0097 7F       		.sleb128 -1
 1000 0098 36       		.byte	0x36
 1001 0099 1E       		.byte	0x1e
 1002 009a 03       		.byte	0x3
 1003 009b 00000000 		.4byte	cfg_memset_list.4847
 1004 009f 22       		.byte	0x22
 1005 00a0 9F       		.byte	0x9f
 1006 00a1 00000000 		.4byte	0
 1007 00a5 00000000 		.4byte	0
 1008              		.section	.debug_aranges,"",%progbits
 1009 0000 2C000000 		.4byte	0x2c
 1010 0004 0200     		.2byte	0x2
 1011 0006 00000000 		.4byte	.Ldebug_info0
 1012 000a 04       		.byte	0x4
 1013 000b 00       		.byte	0
 1014 000c 0000     		.2byte	0
 1015 000e 0000     		.2byte	0
 1016 0010 00000000 		.4byte	.LFB0
 1017 0014 0C000000 		.4byte	.LFE0-.LFB0
 1018 0018 00000000 		.4byte	.LFB3
 1019 001c 78000000 		.4byte	.LFE3-.LFB3
 1020 0020 78000000 		.4byte	.LFB5
 1021 0024 CC000000 		.4byte	.LFE5-.LFB5
 1022 0028 00000000 		.4byte	0
 1023 002c 00000000 		.4byte	0
 1024              		.section	.debug_ranges,"",%progbits
 1025              	.Ldebug_ranges0:
 1026 0000 00000000 		.4byte	.LFB0
 1027 0004 0C000000 		.4byte	.LFE0
 1028 0008 00000000 		.4byte	.LFB3
 1029 000c 78000000 		.4byte	.LFE3
 1030 0010 78000000 		.4byte	.LFB5
 1031 0014 44010000 		.4byte	.LFE5
 1032 0018 00000000 		.4byte	0
 1033 001c 00000000 		.4byte	0
 1034              		.section	.debug_line,"",%progbits
 1035              	.Ldebug_line0:
 1036 0000 16010000 		.section	.debug_str,"MS",%progbits,1
 1036      0200BA00 
 1036      00000201 
 1036      FB0E0D00 
 1036      01010101 
 1037              	.LASF19:
 1038 0000 72656733 		.ascii	"reg32\000"
 1038      3200
 1039              	.LASF12:
 1040 0006 73697A65 		.ascii	"size_t\000"
 1040      5F7400
 1041              	.LASF31:
 1042 000d 443A5C54 		.ascii	"D:\\TUTORIALS\\PSOC_LAB3\\LAB_3_PSOC\\Clock_App.cyd"
 1042      55544F52 
 1042      49414C53 
 1042      5C50534F 
 1042      435F4C41 
ARM GAS  C:\Users\Zeynep\AppData\Local\Temp\ccdXTreo.s 			page 25


 1043 003c 736E00   		.ascii	"sn\000"
 1044              	.LASF27:
 1045 003f 4379496E 		.ascii	"CyIntSetVector\000"
 1045      74536574 
 1045      56656374 
 1045      6F7200
 1046              	.LASF25:
 1047 004e 6366675F 		.ascii	"cfg_memset_list\000"
 1047      6D656D73 
 1047      65745F6C 
 1047      69737400 
 1048              	.LASF21:
 1049 005e 436C6F63 		.ascii	"ClockSetup\000"
 1049      6B536574 
 1049      757000
 1050              	.LASF6:
 1051 0069 73686F72 		.ascii	"short unsigned int\000"
 1051      7420756E 
 1051      7369676E 
 1051      65642069 
 1051      6E7400
 1052              	.LASF16:
 1053 007c 666C6F61 		.ascii	"float\000"
 1053      7400
 1054              	.LASF23:
 1055 0082 73697A65 		.ascii	"size\000"
 1055      00
 1056              	.LASF18:
 1057 0087 72656738 		.ascii	"reg8\000"
 1057      00
 1058              	.LASF8:
 1059 008c 6C6F6E67 		.ascii	"long unsigned int\000"
 1059      20756E73 
 1059      69676E65 
 1059      6420696E 
 1059      7400
 1060              	.LASF13:
 1061 009e 75696E74 		.ascii	"uint8\000"
 1061      3800
 1062              	.LASF20:
 1063 00a4 43594D45 		.ascii	"CYMEMZERO\000"
 1063      4D5A4552 
 1063      4F00
 1064              	.LASF4:
 1065 00ae 756E7369 		.ascii	"unsigned char\000"
 1065      676E6564 
 1065      20636861 
 1065      7200
 1066              	.LASF33:
 1067 00bc 6D656D73 		.ascii	"memset\000"
 1067      657400
 1068              	.LASF17:
 1069 00c3 646F7562 		.ascii	"double\000"
 1069      6C6500
 1070              	.LASF28:
 1071 00ca 4379496E 		.ascii	"CyIntEnable\000"
 1071      74456E61 
ARM GAS  C:\Users\Zeynep\AppData\Local\Temp\ccdXTreo.s 			page 26


 1071      626C6500 
 1072              	.LASF14:
 1073 00d6 75696E74 		.ascii	"uint16\000"
 1073      313600
 1074              	.LASF15:
 1075 00dd 75696E74 		.ascii	"uint32\000"
 1075      333200
 1076              	.LASF0:
 1077 00e4 756E7369 		.ascii	"unsigned int\000"
 1077      676E6564 
 1077      20696E74 
 1077      00
 1078              	.LASF32:
 1079 00f1 63796669 		.ascii	"cyfitter_cfg\000"
 1079      74746572 
 1079      5F636667 
 1079      00
 1080              	.LASF22:
 1081 00fe 61646472 		.ascii	"address\000"
 1081      65737300 
 1082              	.LASF9:
 1083 0106 6C6F6E67 		.ascii	"long long unsigned int\000"
 1083      206C6F6E 
 1083      6720756E 
 1083      7369676E 
 1083      65642069 
 1084              	.LASF29:
 1085 011d 474E5520 		.ascii	"GNU C11 5.4.1 20160609 (release) [ARM/embedded-5-br"
 1085      43313120 
 1085      352E342E 
 1085      31203230 
 1085      31363036 
 1086 0150 616E6368 		.ascii	"anch revision 237715] -mcpu=cortex-m0 -mthumb -g -O"
 1086      20726576 
 1086      6973696F 
 1086      6E203233 
 1086      37373135 
 1087 0183 67202D66 		.ascii	"g -ffunction-sections -ffat-lto-objects\000"
 1087      66756E63 
 1087      74696F6E 
 1087      2D736563 
 1087      74696F6E 
 1088              	.LASF24:
 1089 01ab 6366675F 		.ascii	"cfg_memset_t\000"
 1089      6D656D73 
 1089      65745F74 
 1089      00
 1090              	.LASF10:
 1091 01b8 73697A65 		.ascii	"sizetype\000"
 1091      74797065 
 1091      00
 1092              	.LASF1:
 1093 01c1 6C6F6E67 		.ascii	"long long int\000"
 1093      206C6F6E 
 1093      6720696E 
 1093      7400
 1094              	.LASF11:
ARM GAS  C:\Users\Zeynep\AppData\Local\Temp\ccdXTreo.s 			page 27


 1095 01cf 63686172 		.ascii	"char\000"
 1095      00
 1096              	.LASF5:
 1097 01d4 73686F72 		.ascii	"short int\000"
 1097      7420696E 
 1097      7400
 1098              	.LASF26:
 1099 01de 43795379 		.ascii	"CySysClkWriteImoFreq\000"
 1099      73436C6B 
 1099      57726974 
 1099      65496D6F 
 1099      46726571 
 1100              	.LASF7:
 1101 01f3 6C6F6E67 		.ascii	"long int\000"
 1101      20696E74 
 1101      00
 1102              	.LASF2:
 1103 01fc 6C6F6E67 		.ascii	"long double\000"
 1103      20646F75 
 1103      626C6500 
 1104              	.LASF3:
 1105 0208 7369676E 		.ascii	"signed char\000"
 1105      65642063 
 1105      68617200 
 1106              	.LASF30:
 1107 0214 47656E65 		.ascii	"Generated_Source\\PSoC4\\cyfitter_cfg.c\000"
 1107      72617465 
 1107      645F536F 
 1107      75726365 
 1107      5C50536F 
 1108              		.ident	"GCC: (GNU Tools for ARM Embedded Processors) 5.4.1 20160609 (release) [ARM/embedded-5-bran
