ARM GAS  C:\Users\Zeynep\AppData\Local\Temp\ccutWNVx.s 			page 1


   1              		.syntax unified
   2              		.cpu cortex-m0
   3              		.fpu softvfp
   4              		.eabi_attribute 20, 1
   5              		.eabi_attribute 21, 1
   6              		.eabi_attribute 23, 3
   7              		.eabi_attribute 24, 1
   8              		.eabi_attribute 25, 1
   9              		.eabi_attribute 26, 1
  10              		.eabi_attribute 30, 1
  11              		.eabi_attribute 34, 0
  12              		.eabi_attribute 18, 4
  13              		.thumb
  14              		.syntax unified
  15              		.file	"LCD_Char_LCDPort.c"
  16              		.text
  17              	.Ltext0:
  18              		.cfi_sections	.debug_frame
  19              		.section	.text.LCD_Char_LCDPort_SetDriveMode,"ax",%progbits
  20              		.align	2
  21              		.global	LCD_Char_LCDPort_SetDriveMode
  22              		.code	16
  23              		.thumb_func
  24              		.type	LCD_Char_LCDPort_SetDriveMode, %function
  25              	LCD_Char_LCDPort_SetDriveMode:
  26              	.LFB0:
  27              		.file 1 "Generated_Source\\PSoC4\\LCD_Char_LCDPort.c"
   1:Generated_Source\PSoC4/LCD_Char_LCDPort.c **** /*******************************************************************************
   2:Generated_Source\PSoC4/LCD_Char_LCDPort.c **** * File Name: LCD_Char_LCDPort.c  
   3:Generated_Source\PSoC4/LCD_Char_LCDPort.c **** * Version 2.20
   4:Generated_Source\PSoC4/LCD_Char_LCDPort.c **** *
   5:Generated_Source\PSoC4/LCD_Char_LCDPort.c **** * Description:
   6:Generated_Source\PSoC4/LCD_Char_LCDPort.c **** *  This file contains API to enable firmware control of a Pins component.
   7:Generated_Source\PSoC4/LCD_Char_LCDPort.c **** *
   8:Generated_Source\PSoC4/LCD_Char_LCDPort.c **** ********************************************************************************
   9:Generated_Source\PSoC4/LCD_Char_LCDPort.c **** * Copyright 2008-2015, Cypress Semiconductor Corporation.  All rights reserved.
  10:Generated_Source\PSoC4/LCD_Char_LCDPort.c **** * You may use this file only in accordance with the license, terms, conditions, 
  11:Generated_Source\PSoC4/LCD_Char_LCDPort.c **** * disclaimers, and limitations in the end user license agreement accompanying 
  12:Generated_Source\PSoC4/LCD_Char_LCDPort.c **** * the software package with which this file was provided.
  13:Generated_Source\PSoC4/LCD_Char_LCDPort.c **** *******************************************************************************/
  14:Generated_Source\PSoC4/LCD_Char_LCDPort.c **** 
  15:Generated_Source\PSoC4/LCD_Char_LCDPort.c **** #include "cytypes.h"
  16:Generated_Source\PSoC4/LCD_Char_LCDPort.c **** #include "LCD_Char_LCDPort.h"
  17:Generated_Source\PSoC4/LCD_Char_LCDPort.c **** 
  18:Generated_Source\PSoC4/LCD_Char_LCDPort.c **** 
  19:Generated_Source\PSoC4/LCD_Char_LCDPort.c **** #if defined(LCD_Char_LCDPort__PC)
  20:Generated_Source\PSoC4/LCD_Char_LCDPort.c ****     #define LCD_Char_LCDPort_SetP4PinDriveMode(shift, mode)  \
  21:Generated_Source\PSoC4/LCD_Char_LCDPort.c ****     do { \
  22:Generated_Source\PSoC4/LCD_Char_LCDPort.c ****         LCD_Char_LCDPort_PC =   (LCD_Char_LCDPort_PC & \
  23:Generated_Source\PSoC4/LCD_Char_LCDPort.c ****                                 (uint32)(~(uint32)(LCD_Char_LCDPort_DRIVE_MODE_IND_MASK << \
  24:Generated_Source\PSoC4/LCD_Char_LCDPort.c ****                                 (LCD_Char_LCDPort_DRIVE_MODE_BITS * (shift))))) | \
  25:Generated_Source\PSoC4/LCD_Char_LCDPort.c ****                                 (uint32)((uint32)(mode) << \
  26:Generated_Source\PSoC4/LCD_Char_LCDPort.c ****                                 (LCD_Char_LCDPort_DRIVE_MODE_BITS * (shift))); \
  27:Generated_Source\PSoC4/LCD_Char_LCDPort.c ****     } while (0)
  28:Generated_Source\PSoC4/LCD_Char_LCDPort.c **** #else
  29:Generated_Source\PSoC4/LCD_Char_LCDPort.c ****     #if (CY_PSOC4_4200L)
  30:Generated_Source\PSoC4/LCD_Char_LCDPort.c ****         #define LCD_Char_LCDPort_SetP4PinDriveMode(shift, mode)  \
ARM GAS  C:\Users\Zeynep\AppData\Local\Temp\ccutWNVx.s 			page 2


  31:Generated_Source\PSoC4/LCD_Char_LCDPort.c ****         do { \
  32:Generated_Source\PSoC4/LCD_Char_LCDPort.c ****             LCD_Char_LCDPort_USBIO_CTRL_REG = (LCD_Char_LCDPort_USBIO_CTRL_REG & \
  33:Generated_Source\PSoC4/LCD_Char_LCDPort.c ****                                     (uint32)(~(uint32)(LCD_Char_LCDPort_DRIVE_MODE_IND_MASK << \
  34:Generated_Source\PSoC4/LCD_Char_LCDPort.c ****                                     (LCD_Char_LCDPort_DRIVE_MODE_BITS * (shift))))) | \
  35:Generated_Source\PSoC4/LCD_Char_LCDPort.c ****                                     (uint32)((uint32)(mode) << \
  36:Generated_Source\PSoC4/LCD_Char_LCDPort.c ****                                     (LCD_Char_LCDPort_DRIVE_MODE_BITS * (shift))); \
  37:Generated_Source\PSoC4/LCD_Char_LCDPort.c ****         } while (0)
  38:Generated_Source\PSoC4/LCD_Char_LCDPort.c ****     #endif
  39:Generated_Source\PSoC4/LCD_Char_LCDPort.c **** #endif
  40:Generated_Source\PSoC4/LCD_Char_LCDPort.c ****   
  41:Generated_Source\PSoC4/LCD_Char_LCDPort.c **** 
  42:Generated_Source\PSoC4/LCD_Char_LCDPort.c **** #if defined(LCD_Char_LCDPort__PC) || (CY_PSOC4_4200L) 
  43:Generated_Source\PSoC4/LCD_Char_LCDPort.c ****     /*******************************************************************************
  44:Generated_Source\PSoC4/LCD_Char_LCDPort.c ****     * Function Name: LCD_Char_LCDPort_SetDriveMode
  45:Generated_Source\PSoC4/LCD_Char_LCDPort.c ****     ****************************************************************************//**
  46:Generated_Source\PSoC4/LCD_Char_LCDPort.c ****     *
  47:Generated_Source\PSoC4/LCD_Char_LCDPort.c ****     * \brief Sets the drive mode for each of the Pins component's pins.
  48:Generated_Source\PSoC4/LCD_Char_LCDPort.c ****     * 
  49:Generated_Source\PSoC4/LCD_Char_LCDPort.c ****     * <b>Note</b> This affects all pins in the Pins component instance. Use the
  50:Generated_Source\PSoC4/LCD_Char_LCDPort.c ****     * Per-Pin APIs if you wish to control individual pin's drive modes.
  51:Generated_Source\PSoC4/LCD_Char_LCDPort.c ****     *
  52:Generated_Source\PSoC4/LCD_Char_LCDPort.c ****     * <b>Note</b> USBIOs have limited drive functionality. Refer to the Drive Mode
  53:Generated_Source\PSoC4/LCD_Char_LCDPort.c ****     * parameter for more information.
  54:Generated_Source\PSoC4/LCD_Char_LCDPort.c ****     *
  55:Generated_Source\PSoC4/LCD_Char_LCDPort.c ****     * \param mode
  56:Generated_Source\PSoC4/LCD_Char_LCDPort.c ****     *  Mode for the selected signals. Valid options are documented in 
  57:Generated_Source\PSoC4/LCD_Char_LCDPort.c ****     *  \ref driveMode.
  58:Generated_Source\PSoC4/LCD_Char_LCDPort.c ****     *
  59:Generated_Source\PSoC4/LCD_Char_LCDPort.c ****     * \return
  60:Generated_Source\PSoC4/LCD_Char_LCDPort.c ****     *  None
  61:Generated_Source\PSoC4/LCD_Char_LCDPort.c ****     *
  62:Generated_Source\PSoC4/LCD_Char_LCDPort.c ****     * \sideeffect
  63:Generated_Source\PSoC4/LCD_Char_LCDPort.c ****     *  If you use read-modify-write operations that are not atomic, the ISR can
  64:Generated_Source\PSoC4/LCD_Char_LCDPort.c ****     *  cause corruption of this function. An ISR that interrupts this function 
  65:Generated_Source\PSoC4/LCD_Char_LCDPort.c ****     *  and performs writes to the Pins component Drive Mode registers can cause 
  66:Generated_Source\PSoC4/LCD_Char_LCDPort.c ****     *  corrupted port data. To avoid this issue, you should either use the Per-Pin
  67:Generated_Source\PSoC4/LCD_Char_LCDPort.c ****     *  APIs (primary method) or disable interrupts around this function.
  68:Generated_Source\PSoC4/LCD_Char_LCDPort.c ****     *
  69:Generated_Source\PSoC4/LCD_Char_LCDPort.c ****     * \funcusage
  70:Generated_Source\PSoC4/LCD_Char_LCDPort.c ****     *  \snippet LCD_Char_LCDPort_SUT.c usage_LCD_Char_LCDPort_SetDriveMode
  71:Generated_Source\PSoC4/LCD_Char_LCDPort.c ****     *******************************************************************************/
  72:Generated_Source\PSoC4/LCD_Char_LCDPort.c ****     void LCD_Char_LCDPort_SetDriveMode(uint8 mode)
  73:Generated_Source\PSoC4/LCD_Char_LCDPort.c ****     {
  28              		.loc 1 73 0
  29              		.cfi_startproc
  30              		@ args = 0, pretend = 0, frame = 0
  31              		@ frame_needed = 0, uses_anonymous_args = 0
  32              		@ link register save eliminated.
  33              	.LVL0:
  74:Generated_Source\PSoC4/LCD_Char_LCDPort.c **** 		LCD_Char_LCDPort_SetP4PinDriveMode(LCD_Char_LCDPort__0__SHIFT, mode);
  34              		.loc 1 74 0
  35 0000 154B     		ldr	r3, .L2
  36 0002 1A68     		ldr	r2, [r3]
  37 0004 3821     		movs	r1, #56
  38 0006 8A43     		bics	r2, r1
  39 0008 C100     		lsls	r1, r0, #3
  40 000a 0A43     		orrs	r2, r1
ARM GAS  C:\Users\Zeynep\AppData\Local\Temp\ccutWNVx.s 			page 3


  41 000c 1A60     		str	r2, [r3]
  75:Generated_Source\PSoC4/LCD_Char_LCDPort.c **** 		LCD_Char_LCDPort_SetP4PinDriveMode(LCD_Char_LCDPort__1__SHIFT, mode);
  42              		.loc 1 75 0
  43 000e 1968     		ldr	r1, [r3]
  44 0010 124A     		ldr	r2, .L2+4
  45 0012 0A40     		ands	r2, r1
  46 0014 8101     		lsls	r1, r0, #6
  47 0016 0A43     		orrs	r2, r1
  48 0018 1A60     		str	r2, [r3]
  76:Generated_Source\PSoC4/LCD_Char_LCDPort.c **** 		LCD_Char_LCDPort_SetP4PinDriveMode(LCD_Char_LCDPort__2__SHIFT, mode);
  49              		.loc 1 76 0
  50 001a 1968     		ldr	r1, [r3]
  51 001c 104A     		ldr	r2, .L2+8
  52 001e 0A40     		ands	r2, r1
  53 0020 4102     		lsls	r1, r0, #9
  54 0022 0A43     		orrs	r2, r1
  55 0024 1A60     		str	r2, [r3]
  77:Generated_Source\PSoC4/LCD_Char_LCDPort.c **** 		LCD_Char_LCDPort_SetP4PinDriveMode(LCD_Char_LCDPort__3__SHIFT, mode);
  56              		.loc 1 77 0
  57 0026 1968     		ldr	r1, [r3]
  58 0028 0E4A     		ldr	r2, .L2+12
  59 002a 0A40     		ands	r2, r1
  60 002c 0103     		lsls	r1, r0, #12
  61 002e 0A43     		orrs	r2, r1
  62 0030 1A60     		str	r2, [r3]
  78:Generated_Source\PSoC4/LCD_Char_LCDPort.c **** 		LCD_Char_LCDPort_SetP4PinDriveMode(LCD_Char_LCDPort__4__SHIFT, mode);
  63              		.loc 1 78 0
  64 0032 1968     		ldr	r1, [r3]
  65 0034 0C4A     		ldr	r2, .L2+16
  66 0036 0A40     		ands	r2, r1
  67 0038 C103     		lsls	r1, r0, #15
  68 003a 0A43     		orrs	r2, r1
  69 003c 1A60     		str	r2, [r3]
  79:Generated_Source\PSoC4/LCD_Char_LCDPort.c **** 		LCD_Char_LCDPort_SetP4PinDriveMode(LCD_Char_LCDPort__5__SHIFT, mode);
  70              		.loc 1 79 0
  71 003e 1968     		ldr	r1, [r3]
  72 0040 0A4A     		ldr	r2, .L2+20
  73 0042 0A40     		ands	r2, r1
  74 0044 8104     		lsls	r1, r0, #18
  75 0046 0A43     		orrs	r2, r1
  76 0048 1A60     		str	r2, [r3]
  80:Generated_Source\PSoC4/LCD_Char_LCDPort.c **** 		LCD_Char_LCDPort_SetP4PinDriveMode(LCD_Char_LCDPort__6__SHIFT, mode);
  77              		.loc 1 80 0
  78 004a 1968     		ldr	r1, [r3]
  79 004c 084A     		ldr	r2, .L2+24
  80 004e 0A40     		ands	r2, r1
  81 0050 4005     		lsls	r0, r0, #21
  82              	.LVL1:
  83 0052 1043     		orrs	r0, r2
  84 0054 1860     		str	r0, [r3]
  81:Generated_Source\PSoC4/LCD_Char_LCDPort.c ****     }
  85              		.loc 1 81 0
  86              		@ sp needed
  87 0056 7047     		bx	lr
  88              	.L3:
  89              		.align	2
  90              	.L2:
ARM GAS  C:\Users\Zeynep\AppData\Local\Temp\ccutWNVx.s 			page 4


  91 0058 08020440 		.word	1074004488
  92 005c 3FFEFFFF 		.word	-449
  93 0060 FFF1FFFF 		.word	-3585
  94 0064 FF8FFFFF 		.word	-28673
  95 0068 FF7FFCFF 		.word	-229377
  96 006c FFFFE3FF 		.word	-1835009
  97 0070 FFFF1FFF 		.word	-14680065
  98              		.cfi_endproc
  99              	.LFE0:
 100              		.size	LCD_Char_LCDPort_SetDriveMode, .-LCD_Char_LCDPort_SetDriveMode
 101              		.section	.text.LCD_Char_LCDPort_Write,"ax",%progbits
 102              		.align	2
 103              		.global	LCD_Char_LCDPort_Write
 104              		.code	16
 105              		.thumb_func
 106              		.type	LCD_Char_LCDPort_Write, %function
 107              	LCD_Char_LCDPort_Write:
 108              	.LFB1:
  82:Generated_Source\PSoC4/LCD_Char_LCDPort.c **** #endif
  83:Generated_Source\PSoC4/LCD_Char_LCDPort.c **** 
  84:Generated_Source\PSoC4/LCD_Char_LCDPort.c **** 
  85:Generated_Source\PSoC4/LCD_Char_LCDPort.c **** /*******************************************************************************
  86:Generated_Source\PSoC4/LCD_Char_LCDPort.c **** * Function Name: LCD_Char_LCDPort_Write
  87:Generated_Source\PSoC4/LCD_Char_LCDPort.c **** ****************************************************************************//**
  88:Generated_Source\PSoC4/LCD_Char_LCDPort.c **** *
  89:Generated_Source\PSoC4/LCD_Char_LCDPort.c **** * \brief Writes the value to the physical port (data output register), masking
  90:Generated_Source\PSoC4/LCD_Char_LCDPort.c **** *  and shifting the bits appropriately. 
  91:Generated_Source\PSoC4/LCD_Char_LCDPort.c **** *
  92:Generated_Source\PSoC4/LCD_Char_LCDPort.c **** * The data output register controls the signal applied to the physical pin in 
  93:Generated_Source\PSoC4/LCD_Char_LCDPort.c **** * conjunction with the drive mode parameter. This function avoids changing 
  94:Generated_Source\PSoC4/LCD_Char_LCDPort.c **** * other bits in the port by using the appropriate method (read-modify-write or
  95:Generated_Source\PSoC4/LCD_Char_LCDPort.c **** * bit banding).
  96:Generated_Source\PSoC4/LCD_Char_LCDPort.c **** *
  97:Generated_Source\PSoC4/LCD_Char_LCDPort.c **** * <b>Note</b> This function should not be used on a hardware digital output pin 
  98:Generated_Source\PSoC4/LCD_Char_LCDPort.c **** * as it is driven by the hardware signal attached to it.
  99:Generated_Source\PSoC4/LCD_Char_LCDPort.c **** *
 100:Generated_Source\PSoC4/LCD_Char_LCDPort.c **** * \param value
 101:Generated_Source\PSoC4/LCD_Char_LCDPort.c **** *  Value to write to the component instance.
 102:Generated_Source\PSoC4/LCD_Char_LCDPort.c **** *
 103:Generated_Source\PSoC4/LCD_Char_LCDPort.c **** * \return 
 104:Generated_Source\PSoC4/LCD_Char_LCDPort.c **** *  None 
 105:Generated_Source\PSoC4/LCD_Char_LCDPort.c **** *
 106:Generated_Source\PSoC4/LCD_Char_LCDPort.c **** * \sideeffect
 107:Generated_Source\PSoC4/LCD_Char_LCDPort.c **** *  If you use read-modify-write operations that are not atomic; the Interrupt 
 108:Generated_Source\PSoC4/LCD_Char_LCDPort.c **** *  Service Routines (ISR) can cause corruption of this function. An ISR that 
 109:Generated_Source\PSoC4/LCD_Char_LCDPort.c **** *  interrupts this function and performs writes to the Pins component data 
 110:Generated_Source\PSoC4/LCD_Char_LCDPort.c **** *  register can cause corrupted port data. To avoid this issue, you should 
 111:Generated_Source\PSoC4/LCD_Char_LCDPort.c **** *  either use the Per-Pin APIs (primary method) or disable interrupts around 
 112:Generated_Source\PSoC4/LCD_Char_LCDPort.c **** *  this function.
 113:Generated_Source\PSoC4/LCD_Char_LCDPort.c **** *
 114:Generated_Source\PSoC4/LCD_Char_LCDPort.c **** * \funcusage
 115:Generated_Source\PSoC4/LCD_Char_LCDPort.c **** *  \snippet LCD_Char_LCDPort_SUT.c usage_LCD_Char_LCDPort_Write
 116:Generated_Source\PSoC4/LCD_Char_LCDPort.c **** *******************************************************************************/
 117:Generated_Source\PSoC4/LCD_Char_LCDPort.c **** void LCD_Char_LCDPort_Write(uint8 value)
 118:Generated_Source\PSoC4/LCD_Char_LCDPort.c **** {
 109              		.loc 1 118 0
 110              		.cfi_startproc
ARM GAS  C:\Users\Zeynep\AppData\Local\Temp\ccutWNVx.s 			page 5


 111              		@ args = 0, pretend = 0, frame = 0
 112              		@ frame_needed = 0, uses_anonymous_args = 0
 113              		@ link register save eliminated.
 114              	.LVL2:
 119:Generated_Source\PSoC4/LCD_Char_LCDPort.c ****     uint8 drVal = (uint8)(LCD_Char_LCDPort_DR & (uint8)(~LCD_Char_LCDPort_MASK));
 115              		.loc 1 119 0
 116 0000 0449     		ldr	r1, .L5
 117 0002 0A68     		ldr	r2, [r1]
 118 0004 0123     		movs	r3, #1
 119 0006 1A40     		ands	r2, r3
 120              	.LVL3:
 120:Generated_Source\PSoC4/LCD_Char_LCDPort.c ****     drVal = (drVal | ((uint8)(value << LCD_Char_LCDPort_SHIFT) & LCD_Char_LCDPort_MASK));
 121              		.loc 1 120 0
 122 0008 4300     		lsls	r3, r0, #1
 123 000a D8B2     		uxtb	r0, r3
 124              	.LVL4:
 125 000c 1043     		orrs	r0, r2
 126              	.LVL5:
 121:Generated_Source\PSoC4/LCD_Char_LCDPort.c ****     LCD_Char_LCDPort_DR = (uint32)drVal;
 127              		.loc 1 121 0
 128 000e 0860     		str	r0, [r1]
 122:Generated_Source\PSoC4/LCD_Char_LCDPort.c **** }
 129              		.loc 1 122 0
 130              		@ sp needed
 131 0010 7047     		bx	lr
 132              	.L6:
 133 0012 C046     		.align	2
 134              	.L5:
 135 0014 00020440 		.word	1074004480
 136              		.cfi_endproc
 137              	.LFE1:
 138              		.size	LCD_Char_LCDPort_Write, .-LCD_Char_LCDPort_Write
 139              		.section	.text.LCD_Char_LCDPort_Read,"ax",%progbits
 140              		.align	2
 141              		.global	LCD_Char_LCDPort_Read
 142              		.code	16
 143              		.thumb_func
 144              		.type	LCD_Char_LCDPort_Read, %function
 145              	LCD_Char_LCDPort_Read:
 146              	.LFB2:
 123:Generated_Source\PSoC4/LCD_Char_LCDPort.c **** 
 124:Generated_Source\PSoC4/LCD_Char_LCDPort.c **** 
 125:Generated_Source\PSoC4/LCD_Char_LCDPort.c **** /*******************************************************************************
 126:Generated_Source\PSoC4/LCD_Char_LCDPort.c **** * Function Name: LCD_Char_LCDPort_Read
 127:Generated_Source\PSoC4/LCD_Char_LCDPort.c **** ****************************************************************************//**
 128:Generated_Source\PSoC4/LCD_Char_LCDPort.c **** *
 129:Generated_Source\PSoC4/LCD_Char_LCDPort.c **** * \brief Reads the associated physical port (pin status register) and masks 
 130:Generated_Source\PSoC4/LCD_Char_LCDPort.c **** *  the required bits according to the width and bit position of the component
 131:Generated_Source\PSoC4/LCD_Char_LCDPort.c **** *  instance. 
 132:Generated_Source\PSoC4/LCD_Char_LCDPort.c **** *
 133:Generated_Source\PSoC4/LCD_Char_LCDPort.c **** * The pin's status register returns the current logic level present on the 
 134:Generated_Source\PSoC4/LCD_Char_LCDPort.c **** * physical pin.
 135:Generated_Source\PSoC4/LCD_Char_LCDPort.c **** *
 136:Generated_Source\PSoC4/LCD_Char_LCDPort.c **** * \return 
 137:Generated_Source\PSoC4/LCD_Char_LCDPort.c **** *  The current value for the pins in the component as a right justified number.
 138:Generated_Source\PSoC4/LCD_Char_LCDPort.c **** *
 139:Generated_Source\PSoC4/LCD_Char_LCDPort.c **** * \funcusage
ARM GAS  C:\Users\Zeynep\AppData\Local\Temp\ccutWNVx.s 			page 6


 140:Generated_Source\PSoC4/LCD_Char_LCDPort.c **** *  \snippet LCD_Char_LCDPort_SUT.c usage_LCD_Char_LCDPort_Read  
 141:Generated_Source\PSoC4/LCD_Char_LCDPort.c **** *******************************************************************************/
 142:Generated_Source\PSoC4/LCD_Char_LCDPort.c **** uint8 LCD_Char_LCDPort_Read(void)
 143:Generated_Source\PSoC4/LCD_Char_LCDPort.c **** {
 147              		.loc 1 143 0
 148              		.cfi_startproc
 149              		@ args = 0, pretend = 0, frame = 0
 150              		@ frame_needed = 0, uses_anonymous_args = 0
 151              		@ link register save eliminated.
 144:Generated_Source\PSoC4/LCD_Char_LCDPort.c ****     return (uint8)((LCD_Char_LCDPort_PS & LCD_Char_LCDPort_MASK) >> LCD_Char_LCDPort_SHIFT);
 152              		.loc 1 144 0
 153 0000 024B     		ldr	r3, .L8
 154 0002 1868     		ldr	r0, [r3]
 155 0004 4008     		lsrs	r0, r0, #1
 156 0006 7F23     		movs	r3, #127
 157 0008 1840     		ands	r0, r3
 145:Generated_Source\PSoC4/LCD_Char_LCDPort.c **** }
 158              		.loc 1 145 0
 159              		@ sp needed
 160 000a 7047     		bx	lr
 161              	.L9:
 162              		.align	2
 163              	.L8:
 164 000c 04020440 		.word	1074004484
 165              		.cfi_endproc
 166              	.LFE2:
 167              		.size	LCD_Char_LCDPort_Read, .-LCD_Char_LCDPort_Read
 168              		.section	.text.LCD_Char_LCDPort_ReadDataReg,"ax",%progbits
 169              		.align	2
 170              		.global	LCD_Char_LCDPort_ReadDataReg
 171              		.code	16
 172              		.thumb_func
 173              		.type	LCD_Char_LCDPort_ReadDataReg, %function
 174              	LCD_Char_LCDPort_ReadDataReg:
 175              	.LFB3:
 146:Generated_Source\PSoC4/LCD_Char_LCDPort.c **** 
 147:Generated_Source\PSoC4/LCD_Char_LCDPort.c **** 
 148:Generated_Source\PSoC4/LCD_Char_LCDPort.c **** /*******************************************************************************
 149:Generated_Source\PSoC4/LCD_Char_LCDPort.c **** * Function Name: LCD_Char_LCDPort_ReadDataReg
 150:Generated_Source\PSoC4/LCD_Char_LCDPort.c **** ****************************************************************************//**
 151:Generated_Source\PSoC4/LCD_Char_LCDPort.c **** *
 152:Generated_Source\PSoC4/LCD_Char_LCDPort.c **** * \brief Reads the associated physical port's data output register and masks 
 153:Generated_Source\PSoC4/LCD_Char_LCDPort.c **** *  the correct bits according to the width and bit position of the component 
 154:Generated_Source\PSoC4/LCD_Char_LCDPort.c **** *  instance. 
 155:Generated_Source\PSoC4/LCD_Char_LCDPort.c **** *
 156:Generated_Source\PSoC4/LCD_Char_LCDPort.c **** * The data output register controls the signal applied to the physical pin in 
 157:Generated_Source\PSoC4/LCD_Char_LCDPort.c **** * conjunction with the drive mode parameter. This is not the same as the 
 158:Generated_Source\PSoC4/LCD_Char_LCDPort.c **** * preferred LCD_Char_LCDPort_Read() API because the 
 159:Generated_Source\PSoC4/LCD_Char_LCDPort.c **** * LCD_Char_LCDPort_ReadDataReg() reads the data register instead of the status 
 160:Generated_Source\PSoC4/LCD_Char_LCDPort.c **** * register. For output pins this is a useful function to determine the value 
 161:Generated_Source\PSoC4/LCD_Char_LCDPort.c **** * just written to the pin.
 162:Generated_Source\PSoC4/LCD_Char_LCDPort.c **** *
 163:Generated_Source\PSoC4/LCD_Char_LCDPort.c **** * \return 
 164:Generated_Source\PSoC4/LCD_Char_LCDPort.c **** *  The current value of the data register masked and shifted into a right 
 165:Generated_Source\PSoC4/LCD_Char_LCDPort.c **** *  justified number for the component instance.
 166:Generated_Source\PSoC4/LCD_Char_LCDPort.c **** *
 167:Generated_Source\PSoC4/LCD_Char_LCDPort.c **** * \funcusage
ARM GAS  C:\Users\Zeynep\AppData\Local\Temp\ccutWNVx.s 			page 7


 168:Generated_Source\PSoC4/LCD_Char_LCDPort.c **** *  \snippet LCD_Char_LCDPort_SUT.c usage_LCD_Char_LCDPort_ReadDataReg 
 169:Generated_Source\PSoC4/LCD_Char_LCDPort.c **** *******************************************************************************/
 170:Generated_Source\PSoC4/LCD_Char_LCDPort.c **** uint8 LCD_Char_LCDPort_ReadDataReg(void)
 171:Generated_Source\PSoC4/LCD_Char_LCDPort.c **** {
 176              		.loc 1 171 0
 177              		.cfi_startproc
 178              		@ args = 0, pretend = 0, frame = 0
 179              		@ frame_needed = 0, uses_anonymous_args = 0
 180              		@ link register save eliminated.
 172:Generated_Source\PSoC4/LCD_Char_LCDPort.c ****     return (uint8)((LCD_Char_LCDPort_DR & LCD_Char_LCDPort_MASK) >> LCD_Char_LCDPort_SHIFT);
 181              		.loc 1 172 0
 182 0000 024B     		ldr	r3, .L11
 183 0002 1868     		ldr	r0, [r3]
 184 0004 4008     		lsrs	r0, r0, #1
 185 0006 7F23     		movs	r3, #127
 186 0008 1840     		ands	r0, r3
 173:Generated_Source\PSoC4/LCD_Char_LCDPort.c **** }
 187              		.loc 1 173 0
 188              		@ sp needed
 189 000a 7047     		bx	lr
 190              	.L12:
 191              		.align	2
 192              	.L11:
 193 000c 00020440 		.word	1074004480
 194              		.cfi_endproc
 195              	.LFE3:
 196              		.size	LCD_Char_LCDPort_ReadDataReg, .-LCD_Char_LCDPort_ReadDataReg
 197              		.section	.text.LCD_Char_LCDPort_SetInterruptMode,"ax",%progbits
 198              		.align	2
 199              		.global	LCD_Char_LCDPort_SetInterruptMode
 200              		.code	16
 201              		.thumb_func
 202              		.type	LCD_Char_LCDPort_SetInterruptMode, %function
 203              	LCD_Char_LCDPort_SetInterruptMode:
 204              	.LFB4:
 174:Generated_Source\PSoC4/LCD_Char_LCDPort.c **** 
 175:Generated_Source\PSoC4/LCD_Char_LCDPort.c **** 
 176:Generated_Source\PSoC4/LCD_Char_LCDPort.c **** /*******************************************************************************
 177:Generated_Source\PSoC4/LCD_Char_LCDPort.c **** * Function Name: LCD_Char_LCDPort_SetInterruptMode
 178:Generated_Source\PSoC4/LCD_Char_LCDPort.c **** ****************************************************************************//**
 179:Generated_Source\PSoC4/LCD_Char_LCDPort.c **** *
 180:Generated_Source\PSoC4/LCD_Char_LCDPort.c **** * \brief Configures the interrupt mode for each of the Pins component's
 181:Generated_Source\PSoC4/LCD_Char_LCDPort.c **** *  pins. Alternatively you may set the interrupt mode for all the pins
 182:Generated_Source\PSoC4/LCD_Char_LCDPort.c **** *  specified in the Pins component.
 183:Generated_Source\PSoC4/LCD_Char_LCDPort.c **** *
 184:Generated_Source\PSoC4/LCD_Char_LCDPort.c **** *  <b>Note</b> The interrupt is port-wide and therefore any enabled pin
 185:Generated_Source\PSoC4/LCD_Char_LCDPort.c **** *  interrupt may trigger it.
 186:Generated_Source\PSoC4/LCD_Char_LCDPort.c **** *
 187:Generated_Source\PSoC4/LCD_Char_LCDPort.c **** * \param position
 188:Generated_Source\PSoC4/LCD_Char_LCDPort.c **** *  The pin position as listed in the Pins component. You may OR these to be 
 189:Generated_Source\PSoC4/LCD_Char_LCDPort.c **** *  able to configure the interrupt mode of multiple pins within a Pins 
 190:Generated_Source\PSoC4/LCD_Char_LCDPort.c **** *  component. Or you may use LCD_Char_LCDPort_INTR_ALL to configure the
 191:Generated_Source\PSoC4/LCD_Char_LCDPort.c **** *  interrupt mode of all the pins in the Pins component.       
 192:Generated_Source\PSoC4/LCD_Char_LCDPort.c **** *  - LCD_Char_LCDPort_0_INTR       (First pin in the list)
 193:Generated_Source\PSoC4/LCD_Char_LCDPort.c **** *  - LCD_Char_LCDPort_1_INTR       (Second pin in the list)
 194:Generated_Source\PSoC4/LCD_Char_LCDPort.c **** *  - ...
 195:Generated_Source\PSoC4/LCD_Char_LCDPort.c **** *  - LCD_Char_LCDPort_INTR_ALL     (All pins in Pins component)
ARM GAS  C:\Users\Zeynep\AppData\Local\Temp\ccutWNVx.s 			page 8


 196:Generated_Source\PSoC4/LCD_Char_LCDPort.c **** *
 197:Generated_Source\PSoC4/LCD_Char_LCDPort.c **** * \param mode
 198:Generated_Source\PSoC4/LCD_Char_LCDPort.c **** *  Interrupt mode for the selected pins. Valid options are documented in
 199:Generated_Source\PSoC4/LCD_Char_LCDPort.c **** *  \ref intrMode.
 200:Generated_Source\PSoC4/LCD_Char_LCDPort.c **** *
 201:Generated_Source\PSoC4/LCD_Char_LCDPort.c **** * \return 
 202:Generated_Source\PSoC4/LCD_Char_LCDPort.c **** *  None
 203:Generated_Source\PSoC4/LCD_Char_LCDPort.c **** *  
 204:Generated_Source\PSoC4/LCD_Char_LCDPort.c **** * \sideeffect
 205:Generated_Source\PSoC4/LCD_Char_LCDPort.c **** *  It is recommended that the interrupt be disabled before calling this 
 206:Generated_Source\PSoC4/LCD_Char_LCDPort.c **** *  function to avoid unintended interrupt requests. Note that the interrupt
 207:Generated_Source\PSoC4/LCD_Char_LCDPort.c **** *  type is port wide, and therefore will trigger for any enabled pin on the 
 208:Generated_Source\PSoC4/LCD_Char_LCDPort.c **** *  port.
 209:Generated_Source\PSoC4/LCD_Char_LCDPort.c **** *
 210:Generated_Source\PSoC4/LCD_Char_LCDPort.c **** * \funcusage
 211:Generated_Source\PSoC4/LCD_Char_LCDPort.c **** *  \snippet LCD_Char_LCDPort_SUT.c usage_LCD_Char_LCDPort_SetInterruptMode
 212:Generated_Source\PSoC4/LCD_Char_LCDPort.c **** *******************************************************************************/
 213:Generated_Source\PSoC4/LCD_Char_LCDPort.c **** void LCD_Char_LCDPort_SetInterruptMode(uint16 position, uint16 mode)
 214:Generated_Source\PSoC4/LCD_Char_LCDPort.c **** {
 205              		.loc 1 214 0
 206              		.cfi_startproc
 207              		@ args = 0, pretend = 0, frame = 0
 208              		@ frame_needed = 0, uses_anonymous_args = 0
 209              		@ link register save eliminated.
 210              	.LVL6:
 215:Generated_Source\PSoC4/LCD_Char_LCDPort.c ****     uint32 intrCfg;
 216:Generated_Source\PSoC4/LCD_Char_LCDPort.c ****     
 217:Generated_Source\PSoC4/LCD_Char_LCDPort.c ****     intrCfg =  LCD_Char_LCDPort_INTCFG & (uint32)(~(uint32)position);
 211              		.loc 1 217 0
 212 0000 034A     		ldr	r2, .L14
 213 0002 1368     		ldr	r3, [r2]
 214 0004 8343     		bics	r3, r0
 215              	.LVL7:
 218:Generated_Source\PSoC4/LCD_Char_LCDPort.c ****     LCD_Char_LCDPort_INTCFG = intrCfg | ((uint32)position & (uint32)mode);
 216              		.loc 1 218 0
 217 0006 0840     		ands	r0, r1
 218              	.LVL8:
 219 0008 1843     		orrs	r0, r3
 220 000a 1060     		str	r0, [r2]
 219:Generated_Source\PSoC4/LCD_Char_LCDPort.c **** }
 221              		.loc 1 219 0
 222              		@ sp needed
 223 000c 7047     		bx	lr
 224              	.L15:
 225 000e C046     		.align	2
 226              	.L14:
 227 0010 0C020440 		.word	1074004492
 228              		.cfi_endproc
 229              	.LFE4:
 230              		.size	LCD_Char_LCDPort_SetInterruptMode, .-LCD_Char_LCDPort_SetInterruptMode
 231              		.section	.text.LCD_Char_LCDPort_ClearInterrupt,"ax",%progbits
 232              		.align	2
 233              		.global	LCD_Char_LCDPort_ClearInterrupt
 234              		.code	16
 235              		.thumb_func
 236              		.type	LCD_Char_LCDPort_ClearInterrupt, %function
 237              	LCD_Char_LCDPort_ClearInterrupt:
ARM GAS  C:\Users\Zeynep\AppData\Local\Temp\ccutWNVx.s 			page 9


 238              	.LFB5:
 220:Generated_Source\PSoC4/LCD_Char_LCDPort.c **** 
 221:Generated_Source\PSoC4/LCD_Char_LCDPort.c **** 
 222:Generated_Source\PSoC4/LCD_Char_LCDPort.c **** /*******************************************************************************
 223:Generated_Source\PSoC4/LCD_Char_LCDPort.c **** * Function Name: LCD_Char_LCDPort_ClearInterrupt
 224:Generated_Source\PSoC4/LCD_Char_LCDPort.c **** ****************************************************************************//**
 225:Generated_Source\PSoC4/LCD_Char_LCDPort.c **** *
 226:Generated_Source\PSoC4/LCD_Char_LCDPort.c **** * \brief Clears any active interrupts attached with the component and returns 
 227:Generated_Source\PSoC4/LCD_Char_LCDPort.c **** *  the value of the interrupt status register allowing determination of which
 228:Generated_Source\PSoC4/LCD_Char_LCDPort.c **** *  pins generated an interrupt event.
 229:Generated_Source\PSoC4/LCD_Char_LCDPort.c **** *
 230:Generated_Source\PSoC4/LCD_Char_LCDPort.c **** * \return 
 231:Generated_Source\PSoC4/LCD_Char_LCDPort.c **** *  The right-shifted current value of the interrupt status register. Each pin 
 232:Generated_Source\PSoC4/LCD_Char_LCDPort.c **** *  has one bit set if it generated an interrupt event. For example, bit 0 is 
 233:Generated_Source\PSoC4/LCD_Char_LCDPort.c **** *  for pin 0 and bit 1 is for pin 1 of the Pins component.
 234:Generated_Source\PSoC4/LCD_Char_LCDPort.c **** *  
 235:Generated_Source\PSoC4/LCD_Char_LCDPort.c **** * \sideeffect
 236:Generated_Source\PSoC4/LCD_Char_LCDPort.c **** *  Clears all bits of the physical port's interrupt status register, not just
 237:Generated_Source\PSoC4/LCD_Char_LCDPort.c **** *  those associated with the Pins component.
 238:Generated_Source\PSoC4/LCD_Char_LCDPort.c **** *
 239:Generated_Source\PSoC4/LCD_Char_LCDPort.c **** * \funcusage
 240:Generated_Source\PSoC4/LCD_Char_LCDPort.c **** *  \snippet LCD_Char_LCDPort_SUT.c usage_LCD_Char_LCDPort_ClearInterrupt
 241:Generated_Source\PSoC4/LCD_Char_LCDPort.c **** *******************************************************************************/
 242:Generated_Source\PSoC4/LCD_Char_LCDPort.c **** uint8 LCD_Char_LCDPort_ClearInterrupt(void)
 243:Generated_Source\PSoC4/LCD_Char_LCDPort.c **** {
 239              		.loc 1 243 0
 240              		.cfi_startproc
 241              		@ args = 0, pretend = 0, frame = 0
 242              		@ frame_needed = 0, uses_anonymous_args = 0
 243              		@ link register save eliminated.
 244:Generated_Source\PSoC4/LCD_Char_LCDPort.c **** 	uint8 maskedStatus = (uint8)(LCD_Char_LCDPort_INTSTAT & LCD_Char_LCDPort_MASK);
 244              		.loc 1 244 0
 245 0000 034B     		ldr	r3, .L17
 246 0002 1868     		ldr	r0, [r3]
 247 0004 C0B2     		uxtb	r0, r0
 248 0006 0122     		movs	r2, #1
 249 0008 9043     		bics	r0, r2
 250              	.LVL9:
 245:Generated_Source\PSoC4/LCD_Char_LCDPort.c **** 	LCD_Char_LCDPort_INTSTAT = maskedStatus;
 251              		.loc 1 245 0
 252 000a 1860     		str	r0, [r3]
 246:Generated_Source\PSoC4/LCD_Char_LCDPort.c ****     return maskedStatus >> LCD_Char_LCDPort_SHIFT;
 253              		.loc 1 246 0
 254 000c 4008     		lsrs	r0, r0, #1
 255              	.LVL10:
 247:Generated_Source\PSoC4/LCD_Char_LCDPort.c **** }
 256              		.loc 1 247 0
 257              		@ sp needed
 258 000e 7047     		bx	lr
 259              	.L18:
 260              		.align	2
 261              	.L17:
 262 0010 10020440 		.word	1074004496
 263              		.cfi_endproc
 264              	.LFE5:
 265              		.size	LCD_Char_LCDPort_ClearInterrupt, .-LCD_Char_LCDPort_ClearInterrupt
 266              		.text
ARM GAS  C:\Users\Zeynep\AppData\Local\Temp\ccutWNVx.s 			page 10


 267              	.Letext0:
 268              		.file 2 "Generated_Source\\PSoC4\\cytypes.h"
 269              		.section	.debug_info,"",%progbits
 270              	.Ldebug_info0:
 271 0000 99010000 		.4byte	0x199
 272 0004 0400     		.2byte	0x4
 273 0006 00000000 		.4byte	.Ldebug_abbrev0
 274 000a 04       		.byte	0x4
 275 000b 01       		.uleb128 0x1
 276 000c 56010000 		.4byte	.LASF28
 277 0010 0C       		.byte	0xc
 278 0011 3D020000 		.4byte	.LASF29
 279 0015 3F000000 		.4byte	.LASF30
 280 0019 00000000 		.4byte	.Ldebug_ranges0+0
 281 001d 00000000 		.4byte	0
 282 0021 00000000 		.4byte	.Ldebug_line0
 283 0025 02       		.uleb128 0x2
 284 0026 01       		.byte	0x1
 285 0027 06       		.byte	0x6
 286 0028 67020000 		.4byte	.LASF0
 287 002c 02       		.uleb128 0x2
 288 002d 01       		.byte	0x1
 289 002e 08       		.byte	0x8
 290 002f 9A000000 		.4byte	.LASF1
 291 0033 02       		.uleb128 0x2
 292 0034 02       		.byte	0x2
 293 0035 05       		.byte	0x5
 294 0036 04020000 		.4byte	.LASF2
 295 003a 02       		.uleb128 0x2
 296 003b 02       		.byte	0x2
 297 003c 07       		.byte	0x7
 298 003d C0000000 		.4byte	.LASF3
 299 0041 02       		.uleb128 0x2
 300 0042 04       		.byte	0x4
 301 0043 05       		.byte	0x5
 302 0044 34020000 		.4byte	.LASF4
 303 0048 02       		.uleb128 0x2
 304 0049 04       		.byte	0x4
 305 004a 07       		.byte	0x7
 306 004b AE000000 		.4byte	.LASF5
 307 004f 02       		.uleb128 0x2
 308 0050 08       		.byte	0x8
 309 0051 05       		.byte	0x5
 310 0052 E4010000 		.4byte	.LASF6
 311 0056 02       		.uleb128 0x2
 312 0057 08       		.byte	0x8
 313 0058 07       		.byte	0x7
 314 0059 3A010000 		.4byte	.LASF7
 315 005d 03       		.uleb128 0x3
 316 005e 04       		.byte	0x4
 317 005f 05       		.byte	0x5
 318 0060 696E7400 		.ascii	"int\000"
 319 0064 02       		.uleb128 0x2
 320 0065 04       		.byte	0x4
 321 0066 07       		.byte	0x7
 322 0067 2D010000 		.4byte	.LASF8
 323 006b 04       		.uleb128 0x4
ARM GAS  C:\Users\Zeynep\AppData\Local\Temp\ccutWNVx.s 			page 11


 324 006c 0E020000 		.4byte	.LASF9
 325 0070 02       		.byte	0x2
 326 0071 FB01     		.2byte	0x1fb
 327 0073 2C000000 		.4byte	0x2c
 328 0077 04       		.uleb128 0x4
 329 0078 0E010000 		.4byte	.LASF10
 330 007c 02       		.byte	0x2
 331 007d FC01     		.2byte	0x1fc
 332 007f 3A000000 		.4byte	0x3a
 333 0083 04       		.uleb128 0x4
 334 0084 1E010000 		.4byte	.LASF11
 335 0088 02       		.byte	0x2
 336 0089 FD01     		.2byte	0x1fd
 337 008b 48000000 		.4byte	0x48
 338 008f 02       		.uleb128 0x2
 339 0090 04       		.byte	0x4
 340 0091 04       		.byte	0x4
 341 0092 94000000 		.4byte	.LASF12
 342 0096 02       		.uleb128 0x2
 343 0097 08       		.byte	0x8
 344 0098 04       		.byte	0x4
 345 0099 07010000 		.4byte	.LASF13
 346 009d 02       		.uleb128 0x2
 347 009e 01       		.byte	0x1
 348 009f 08       		.byte	0x8
 349 00a0 FF010000 		.4byte	.LASF14
 350 00a4 04       		.uleb128 0x4
 351 00a5 00000000 		.4byte	.LASF15
 352 00a9 02       		.byte	0x2
 353 00aa A702     		.2byte	0x2a7
 354 00ac B0000000 		.4byte	0xb0
 355 00b0 05       		.uleb128 0x5
 356 00b1 83000000 		.4byte	0x83
 357 00b5 06       		.uleb128 0x6
 358 00b6 E9000000 		.4byte	.LASF16
 359 00ba 01       		.byte	0x1
 360 00bb 48       		.byte	0x48
 361 00bc 00000000 		.4byte	.LFB0
 362 00c0 74000000 		.4byte	.LFE0-.LFB0
 363 00c4 01       		.uleb128 0x1
 364 00c5 9C       		.byte	0x9c
 365 00c6 DA000000 		.4byte	0xda
 366 00ca 07       		.uleb128 0x7
 367 00cb 51010000 		.4byte	.LASF18
 368 00cf 01       		.byte	0x1
 369 00d0 48       		.byte	0x48
 370 00d1 6B000000 		.4byte	0x6b
 371 00d5 00000000 		.4byte	.LLST0
 372 00d9 00       		.byte	0
 373 00da 06       		.uleb128 0x6
 374 00db 06000000 		.4byte	.LASF17
 375 00df 01       		.byte	0x1
 376 00e0 75       		.byte	0x75
 377 00e1 00000000 		.4byte	.LFB1
 378 00e5 18000000 		.4byte	.LFE1-.LFB1
 379 00e9 01       		.uleb128 0x1
 380 00ea 9C       		.byte	0x9c
ARM GAS  C:\Users\Zeynep\AppData\Local\Temp\ccutWNVx.s 			page 12


 381 00eb 0E010000 		.4byte	0x10e
 382 00ef 07       		.uleb128 0x7
 383 00f0 71000000 		.4byte	.LASF19
 384 00f4 01       		.byte	0x1
 385 00f5 75       		.byte	0x75
 386 00f6 6B000000 		.4byte	0x6b
 387 00fa 21000000 		.4byte	.LLST1
 388 00fe 08       		.uleb128 0x8
 389 00ff A8000000 		.4byte	.LASF24
 390 0103 01       		.byte	0x1
 391 0104 77       		.byte	0x77
 392 0105 6B000000 		.4byte	0x6b
 393 0109 42000000 		.4byte	.LLST2
 394 010d 00       		.byte	0
 395 010e 09       		.uleb128 0x9
 396 010f D3000000 		.4byte	.LASF20
 397 0113 01       		.byte	0x1
 398 0114 8E       		.byte	0x8e
 399 0115 6B000000 		.4byte	0x6b
 400 0119 00000000 		.4byte	.LFB2
 401 011d 10000000 		.4byte	.LFE2-.LFB2
 402 0121 01       		.uleb128 0x1
 403 0122 9C       		.byte	0x9c
 404 0123 09       		.uleb128 0x9
 405 0124 77000000 		.4byte	.LASF21
 406 0128 01       		.byte	0x1
 407 0129 AA       		.byte	0xaa
 408 012a 6B000000 		.4byte	0x6b
 409 012e 00000000 		.4byte	.LFB3
 410 0132 10000000 		.4byte	.LFE3-.LFB3
 411 0136 01       		.uleb128 0x1
 412 0137 9C       		.byte	0x9c
 413 0138 06       		.uleb128 0x6
 414 0139 1D000000 		.4byte	.LASF22
 415 013d 01       		.byte	0x1
 416 013e D5       		.byte	0xd5
 417 013f 00000000 		.4byte	.LFB4
 418 0143 14000000 		.4byte	.LFE4-.LFB4
 419 0147 01       		.uleb128 0x1
 420 0148 9C       		.byte	0x9c
 421 0149 77010000 		.4byte	0x177
 422 014d 07       		.uleb128 0x7
 423 014e 15010000 		.4byte	.LASF23
 424 0152 01       		.byte	0x1
 425 0153 D5       		.byte	0xd5
 426 0154 77000000 		.4byte	0x77
 427 0158 60000000 		.4byte	.LLST3
 428 015c 0A       		.uleb128 0xa
 429 015d 51010000 		.4byte	.LASF18
 430 0161 01       		.byte	0x1
 431 0162 D5       		.byte	0xd5
 432 0163 77000000 		.4byte	0x77
 433 0167 01       		.uleb128 0x1
 434 0168 51       		.byte	0x51
 435 0169 0B       		.uleb128 0xb
 436 016a 25010000 		.4byte	.LASF25
 437 016e 01       		.byte	0x1
ARM GAS  C:\Users\Zeynep\AppData\Local\Temp\ccutWNVx.s 			page 13


 438 016f D7       		.byte	0xd7
 439 0170 83000000 		.4byte	0x83
 440 0174 01       		.uleb128 0x1
 441 0175 53       		.byte	0x53
 442 0176 00       		.byte	0
 443 0177 0C       		.uleb128 0xc
 444 0178 14020000 		.4byte	.LASF26
 445 017c 01       		.byte	0x1
 446 017d F2       		.byte	0xf2
 447 017e 6B000000 		.4byte	0x6b
 448 0182 00000000 		.4byte	.LFB5
 449 0186 14000000 		.4byte	.LFE5-.LFB5
 450 018a 01       		.uleb128 0x1
 451 018b 9C       		.byte	0x9c
 452 018c 08       		.uleb128 0x8
 453 018d F2010000 		.4byte	.LASF27
 454 0191 01       		.byte	0x1
 455 0192 F4       		.byte	0xf4
 456 0193 6B000000 		.4byte	0x6b
 457 0197 81000000 		.4byte	.LLST4
 458 019b 00       		.byte	0
 459 019c 00       		.byte	0
 460              		.section	.debug_abbrev,"",%progbits
 461              	.Ldebug_abbrev0:
 462 0000 01       		.uleb128 0x1
 463 0001 11       		.uleb128 0x11
 464 0002 01       		.byte	0x1
 465 0003 25       		.uleb128 0x25
 466 0004 0E       		.uleb128 0xe
 467 0005 13       		.uleb128 0x13
 468 0006 0B       		.uleb128 0xb
 469 0007 03       		.uleb128 0x3
 470 0008 0E       		.uleb128 0xe
 471 0009 1B       		.uleb128 0x1b
 472 000a 0E       		.uleb128 0xe
 473 000b 55       		.uleb128 0x55
 474 000c 17       		.uleb128 0x17
 475 000d 11       		.uleb128 0x11
 476 000e 01       		.uleb128 0x1
 477 000f 10       		.uleb128 0x10
 478 0010 17       		.uleb128 0x17
 479 0011 00       		.byte	0
 480 0012 00       		.byte	0
 481 0013 02       		.uleb128 0x2
 482 0014 24       		.uleb128 0x24
 483 0015 00       		.byte	0
 484 0016 0B       		.uleb128 0xb
 485 0017 0B       		.uleb128 0xb
 486 0018 3E       		.uleb128 0x3e
 487 0019 0B       		.uleb128 0xb
 488 001a 03       		.uleb128 0x3
 489 001b 0E       		.uleb128 0xe
 490 001c 00       		.byte	0
 491 001d 00       		.byte	0
 492 001e 03       		.uleb128 0x3
 493 001f 24       		.uleb128 0x24
 494 0020 00       		.byte	0
ARM GAS  C:\Users\Zeynep\AppData\Local\Temp\ccutWNVx.s 			page 14


 495 0021 0B       		.uleb128 0xb
 496 0022 0B       		.uleb128 0xb
 497 0023 3E       		.uleb128 0x3e
 498 0024 0B       		.uleb128 0xb
 499 0025 03       		.uleb128 0x3
 500 0026 08       		.uleb128 0x8
 501 0027 00       		.byte	0
 502 0028 00       		.byte	0
 503 0029 04       		.uleb128 0x4
 504 002a 16       		.uleb128 0x16
 505 002b 00       		.byte	0
 506 002c 03       		.uleb128 0x3
 507 002d 0E       		.uleb128 0xe
 508 002e 3A       		.uleb128 0x3a
 509 002f 0B       		.uleb128 0xb
 510 0030 3B       		.uleb128 0x3b
 511 0031 05       		.uleb128 0x5
 512 0032 49       		.uleb128 0x49
 513 0033 13       		.uleb128 0x13
 514 0034 00       		.byte	0
 515 0035 00       		.byte	0
 516 0036 05       		.uleb128 0x5
 517 0037 35       		.uleb128 0x35
 518 0038 00       		.byte	0
 519 0039 49       		.uleb128 0x49
 520 003a 13       		.uleb128 0x13
 521 003b 00       		.byte	0
 522 003c 00       		.byte	0
 523 003d 06       		.uleb128 0x6
 524 003e 2E       		.uleb128 0x2e
 525 003f 01       		.byte	0x1
 526 0040 3F       		.uleb128 0x3f
 527 0041 19       		.uleb128 0x19
 528 0042 03       		.uleb128 0x3
 529 0043 0E       		.uleb128 0xe
 530 0044 3A       		.uleb128 0x3a
 531 0045 0B       		.uleb128 0xb
 532 0046 3B       		.uleb128 0x3b
 533 0047 0B       		.uleb128 0xb
 534 0048 27       		.uleb128 0x27
 535 0049 19       		.uleb128 0x19
 536 004a 11       		.uleb128 0x11
 537 004b 01       		.uleb128 0x1
 538 004c 12       		.uleb128 0x12
 539 004d 06       		.uleb128 0x6
 540 004e 40       		.uleb128 0x40
 541 004f 18       		.uleb128 0x18
 542 0050 9742     		.uleb128 0x2117
 543 0052 19       		.uleb128 0x19
 544 0053 01       		.uleb128 0x1
 545 0054 13       		.uleb128 0x13
 546 0055 00       		.byte	0
 547 0056 00       		.byte	0
 548 0057 07       		.uleb128 0x7
 549 0058 05       		.uleb128 0x5
 550 0059 00       		.byte	0
 551 005a 03       		.uleb128 0x3
ARM GAS  C:\Users\Zeynep\AppData\Local\Temp\ccutWNVx.s 			page 15


 552 005b 0E       		.uleb128 0xe
 553 005c 3A       		.uleb128 0x3a
 554 005d 0B       		.uleb128 0xb
 555 005e 3B       		.uleb128 0x3b
 556 005f 0B       		.uleb128 0xb
 557 0060 49       		.uleb128 0x49
 558 0061 13       		.uleb128 0x13
 559 0062 02       		.uleb128 0x2
 560 0063 17       		.uleb128 0x17
 561 0064 00       		.byte	0
 562 0065 00       		.byte	0
 563 0066 08       		.uleb128 0x8
 564 0067 34       		.uleb128 0x34
 565 0068 00       		.byte	0
 566 0069 03       		.uleb128 0x3
 567 006a 0E       		.uleb128 0xe
 568 006b 3A       		.uleb128 0x3a
 569 006c 0B       		.uleb128 0xb
 570 006d 3B       		.uleb128 0x3b
 571 006e 0B       		.uleb128 0xb
 572 006f 49       		.uleb128 0x49
 573 0070 13       		.uleb128 0x13
 574 0071 02       		.uleb128 0x2
 575 0072 17       		.uleb128 0x17
 576 0073 00       		.byte	0
 577 0074 00       		.byte	0
 578 0075 09       		.uleb128 0x9
 579 0076 2E       		.uleb128 0x2e
 580 0077 00       		.byte	0
 581 0078 3F       		.uleb128 0x3f
 582 0079 19       		.uleb128 0x19
 583 007a 03       		.uleb128 0x3
 584 007b 0E       		.uleb128 0xe
 585 007c 3A       		.uleb128 0x3a
 586 007d 0B       		.uleb128 0xb
 587 007e 3B       		.uleb128 0x3b
 588 007f 0B       		.uleb128 0xb
 589 0080 27       		.uleb128 0x27
 590 0081 19       		.uleb128 0x19
 591 0082 49       		.uleb128 0x49
 592 0083 13       		.uleb128 0x13
 593 0084 11       		.uleb128 0x11
 594 0085 01       		.uleb128 0x1
 595 0086 12       		.uleb128 0x12
 596 0087 06       		.uleb128 0x6
 597 0088 40       		.uleb128 0x40
 598 0089 18       		.uleb128 0x18
 599 008a 9742     		.uleb128 0x2117
 600 008c 19       		.uleb128 0x19
 601 008d 00       		.byte	0
 602 008e 00       		.byte	0
 603 008f 0A       		.uleb128 0xa
 604 0090 05       		.uleb128 0x5
 605 0091 00       		.byte	0
 606 0092 03       		.uleb128 0x3
 607 0093 0E       		.uleb128 0xe
 608 0094 3A       		.uleb128 0x3a
ARM GAS  C:\Users\Zeynep\AppData\Local\Temp\ccutWNVx.s 			page 16


 609 0095 0B       		.uleb128 0xb
 610 0096 3B       		.uleb128 0x3b
 611 0097 0B       		.uleb128 0xb
 612 0098 49       		.uleb128 0x49
 613 0099 13       		.uleb128 0x13
 614 009a 02       		.uleb128 0x2
 615 009b 18       		.uleb128 0x18
 616 009c 00       		.byte	0
 617 009d 00       		.byte	0
 618 009e 0B       		.uleb128 0xb
 619 009f 34       		.uleb128 0x34
 620 00a0 00       		.byte	0
 621 00a1 03       		.uleb128 0x3
 622 00a2 0E       		.uleb128 0xe
 623 00a3 3A       		.uleb128 0x3a
 624 00a4 0B       		.uleb128 0xb
 625 00a5 3B       		.uleb128 0x3b
 626 00a6 0B       		.uleb128 0xb
 627 00a7 49       		.uleb128 0x49
 628 00a8 13       		.uleb128 0x13
 629 00a9 02       		.uleb128 0x2
 630 00aa 18       		.uleb128 0x18
 631 00ab 00       		.byte	0
 632 00ac 00       		.byte	0
 633 00ad 0C       		.uleb128 0xc
 634 00ae 2E       		.uleb128 0x2e
 635 00af 01       		.byte	0x1
 636 00b0 3F       		.uleb128 0x3f
 637 00b1 19       		.uleb128 0x19
 638 00b2 03       		.uleb128 0x3
 639 00b3 0E       		.uleb128 0xe
 640 00b4 3A       		.uleb128 0x3a
 641 00b5 0B       		.uleb128 0xb
 642 00b6 3B       		.uleb128 0x3b
 643 00b7 0B       		.uleb128 0xb
 644 00b8 27       		.uleb128 0x27
 645 00b9 19       		.uleb128 0x19
 646 00ba 49       		.uleb128 0x49
 647 00bb 13       		.uleb128 0x13
 648 00bc 11       		.uleb128 0x11
 649 00bd 01       		.uleb128 0x1
 650 00be 12       		.uleb128 0x12
 651 00bf 06       		.uleb128 0x6
 652 00c0 40       		.uleb128 0x40
 653 00c1 18       		.uleb128 0x18
 654 00c2 9742     		.uleb128 0x2117
 655 00c4 19       		.uleb128 0x19
 656 00c5 00       		.byte	0
 657 00c6 00       		.byte	0
 658 00c7 00       		.byte	0
 659              		.section	.debug_loc,"",%progbits
 660              	.Ldebug_loc0:
 661              	.LLST0:
 662 0000 00000000 		.4byte	.LVL0
 663 0004 52000000 		.4byte	.LVL1
 664 0008 0100     		.2byte	0x1
 665 000a 50       		.byte	0x50
ARM GAS  C:\Users\Zeynep\AppData\Local\Temp\ccutWNVx.s 			page 17


 666 000b 52000000 		.4byte	.LVL1
 667 000f 74000000 		.4byte	.LFE0
 668 0013 0400     		.2byte	0x4
 669 0015 F3       		.byte	0xf3
 670 0016 01       		.uleb128 0x1
 671 0017 50       		.byte	0x50
 672 0018 9F       		.byte	0x9f
 673 0019 00000000 		.4byte	0
 674 001d 00000000 		.4byte	0
 675              	.LLST1:
 676 0021 00000000 		.4byte	.LVL2
 677 0025 0C000000 		.4byte	.LVL4
 678 0029 0100     		.2byte	0x1
 679 002b 50       		.byte	0x50
 680 002c 0C000000 		.4byte	.LVL4
 681 0030 18000000 		.4byte	.LFE1
 682 0034 0400     		.2byte	0x4
 683 0036 F3       		.byte	0xf3
 684 0037 01       		.uleb128 0x1
 685 0038 50       		.byte	0x50
 686 0039 9F       		.byte	0x9f
 687 003a 00000000 		.4byte	0
 688 003e 00000000 		.4byte	0
 689              	.LLST2:
 690 0042 08000000 		.4byte	.LVL3
 691 0046 0E000000 		.4byte	.LVL5
 692 004a 0100     		.2byte	0x1
 693 004c 52       		.byte	0x52
 694 004d 0E000000 		.4byte	.LVL5
 695 0051 18000000 		.4byte	.LFE1
 696 0055 0100     		.2byte	0x1
 697 0057 50       		.byte	0x50
 698 0058 00000000 		.4byte	0
 699 005c 00000000 		.4byte	0
 700              	.LLST3:
 701 0060 00000000 		.4byte	.LVL6
 702 0064 08000000 		.4byte	.LVL8
 703 0068 0100     		.2byte	0x1
 704 006a 50       		.byte	0x50
 705 006b 08000000 		.4byte	.LVL8
 706 006f 14000000 		.4byte	.LFE4
 707 0073 0400     		.2byte	0x4
 708 0075 F3       		.byte	0xf3
 709 0076 01       		.uleb128 0x1
 710 0077 50       		.byte	0x50
 711 0078 9F       		.byte	0x9f
 712 0079 00000000 		.4byte	0
 713 007d 00000000 		.4byte	0
 714              	.LLST4:
 715 0081 0A000000 		.4byte	.LVL9
 716 0085 0E000000 		.4byte	.LVL10
 717 0089 0100     		.2byte	0x1
 718 008b 50       		.byte	0x50
 719 008c 0E000000 		.4byte	.LVL10
 720 0090 14000000 		.4byte	.LFE5
 721 0094 0400     		.2byte	0x4
 722 0096 73       		.byte	0x73
ARM GAS  C:\Users\Zeynep\AppData\Local\Temp\ccutWNVx.s 			page 18


 723 0097 00       		.sleb128 0
 724 0098 06       		.byte	0x6
 725 0099 9F       		.byte	0x9f
 726 009a 00000000 		.4byte	0
 727 009e 00000000 		.4byte	0
 728              		.section	.debug_aranges,"",%progbits
 729 0000 44000000 		.4byte	0x44
 730 0004 0200     		.2byte	0x2
 731 0006 00000000 		.4byte	.Ldebug_info0
 732 000a 04       		.byte	0x4
 733 000b 00       		.byte	0
 734 000c 0000     		.2byte	0
 735 000e 0000     		.2byte	0
 736 0010 00000000 		.4byte	.LFB0
 737 0014 74000000 		.4byte	.LFE0-.LFB0
 738 0018 00000000 		.4byte	.LFB1
 739 001c 18000000 		.4byte	.LFE1-.LFB1
 740 0020 00000000 		.4byte	.LFB2
 741 0024 10000000 		.4byte	.LFE2-.LFB2
 742 0028 00000000 		.4byte	.LFB3
 743 002c 10000000 		.4byte	.LFE3-.LFB3
 744 0030 00000000 		.4byte	.LFB4
 745 0034 14000000 		.4byte	.LFE4-.LFB4
 746 0038 00000000 		.4byte	.LFB5
 747 003c 14000000 		.4byte	.LFE5-.LFB5
 748 0040 00000000 		.4byte	0
 749 0044 00000000 		.4byte	0
 750              		.section	.debug_ranges,"",%progbits
 751              	.Ldebug_ranges0:
 752 0000 00000000 		.4byte	.LFB0
 753 0004 74000000 		.4byte	.LFE0
 754 0008 00000000 		.4byte	.LFB1
 755 000c 18000000 		.4byte	.LFE1
 756 0010 00000000 		.4byte	.LFB2
 757 0014 10000000 		.4byte	.LFE2
 758 0018 00000000 		.4byte	.LFB3
 759 001c 10000000 		.4byte	.LFE3
 760 0020 00000000 		.4byte	.LFB4
 761 0024 14000000 		.4byte	.LFE4
 762 0028 00000000 		.4byte	.LFB5
 763 002c 14000000 		.4byte	.LFE5
 764 0030 00000000 		.4byte	0
 765 0034 00000000 		.4byte	0
 766              		.section	.debug_line,"",%progbits
 767              	.Ldebug_line0:
 768 0000 CA000000 		.section	.debug_str,"MS",%progbits,1
 768      02004D00 
 768      00000201 
 768      FB0E0D00 
 768      01010101 
 769              	.LASF15:
 770 0000 72656733 		.ascii	"reg32\000"
 770      3200
 771              	.LASF17:
 772 0006 4C43445F 		.ascii	"LCD_Char_LCDPort_Write\000"
 772      43686172 
 772      5F4C4344 
ARM GAS  C:\Users\Zeynep\AppData\Local\Temp\ccutWNVx.s 			page 19


 772      506F7274 
 772      5F577269 
 773              	.LASF22:
 774 001d 4C43445F 		.ascii	"LCD_Char_LCDPort_SetInterruptMode\000"
 774      43686172 
 774      5F4C4344 
 774      506F7274 
 774      5F536574 
 775              	.LASF30:
 776 003f 443A5C54 		.ascii	"D:\\TUTORIALS\\PSOC_LAB3\\LAB_3_PSOC\\Clock_App.cyd"
 776      55544F52 
 776      49414C53 
 776      5C50534F 
 776      435F4C41 
 777 006e 736E00   		.ascii	"sn\000"
 778              	.LASF19:
 779 0071 76616C75 		.ascii	"value\000"
 779      6500
 780              	.LASF21:
 781 0077 4C43445F 		.ascii	"LCD_Char_LCDPort_ReadDataReg\000"
 781      43686172 
 781      5F4C4344 
 781      506F7274 
 781      5F526561 
 782              	.LASF12:
 783 0094 666C6F61 		.ascii	"float\000"
 783      7400
 784              	.LASF1:
 785 009a 756E7369 		.ascii	"unsigned char\000"
 785      676E6564 
 785      20636861 
 785      7200
 786              	.LASF24:
 787 00a8 64725661 		.ascii	"drVal\000"
 787      6C00
 788              	.LASF5:
 789 00ae 6C6F6E67 		.ascii	"long unsigned int\000"
 789      20756E73 
 789      69676E65 
 789      6420696E 
 789      7400
 790              	.LASF3:
 791 00c0 73686F72 		.ascii	"short unsigned int\000"
 791      7420756E 
 791      7369676E 
 791      65642069 
 791      6E7400
 792              	.LASF20:
 793 00d3 4C43445F 		.ascii	"LCD_Char_LCDPort_Read\000"
 793      43686172 
 793      5F4C4344 
 793      506F7274 
 793      5F526561 
 794              	.LASF16:
 795 00e9 4C43445F 		.ascii	"LCD_Char_LCDPort_SetDriveMode\000"
 795      43686172 
 795      5F4C4344 
ARM GAS  C:\Users\Zeynep\AppData\Local\Temp\ccutWNVx.s 			page 20


 795      506F7274 
 795      5F536574 
 796              	.LASF13:
 797 0107 646F7562 		.ascii	"double\000"
 797      6C6500
 798              	.LASF10:
 799 010e 75696E74 		.ascii	"uint16\000"
 799      313600
 800              	.LASF23:
 801 0115 706F7369 		.ascii	"position\000"
 801      74696F6E 
 801      00
 802              	.LASF11:
 803 011e 75696E74 		.ascii	"uint32\000"
 803      333200
 804              	.LASF25:
 805 0125 696E7472 		.ascii	"intrCfg\000"
 805      43666700 
 806              	.LASF8:
 807 012d 756E7369 		.ascii	"unsigned int\000"
 807      676E6564 
 807      20696E74 
 807      00
 808              	.LASF7:
 809 013a 6C6F6E67 		.ascii	"long long unsigned int\000"
 809      206C6F6E 
 809      6720756E 
 809      7369676E 
 809      65642069 
 810              	.LASF18:
 811 0151 6D6F6465 		.ascii	"mode\000"
 811      00
 812              	.LASF28:
 813 0156 474E5520 		.ascii	"GNU C11 5.4.1 20160609 (release) [ARM/embedded-5-br"
 813      43313120 
 813      352E342E 
 813      31203230 
 813      31363036 
 814 0189 616E6368 		.ascii	"anch revision 237715] -mcpu=cortex-m0 -mthumb -g -O"
 814      20726576 
 814      6973696F 
 814      6E203233 
 814      37373135 
 815 01bc 67202D66 		.ascii	"g -ffunction-sections -ffat-lto-objects\000"
 815      66756E63 
 815      74696F6E 
 815      2D736563 
 815      74696F6E 
 816              	.LASF6:
 817 01e4 6C6F6E67 		.ascii	"long long int\000"
 817      206C6F6E 
 817      6720696E 
 817      7400
 818              	.LASF27:
 819 01f2 6D61736B 		.ascii	"maskedStatus\000"
 819      65645374 
 819      61747573 
ARM GAS  C:\Users\Zeynep\AppData\Local\Temp\ccutWNVx.s 			page 21


 819      00
 820              	.LASF14:
 821 01ff 63686172 		.ascii	"char\000"
 821      00
 822              	.LASF2:
 823 0204 73686F72 		.ascii	"short int\000"
 823      7420696E 
 823      7400
 824              	.LASF9:
 825 020e 75696E74 		.ascii	"uint8\000"
 825      3800
 826              	.LASF26:
 827 0214 4C43445F 		.ascii	"LCD_Char_LCDPort_ClearInterrupt\000"
 827      43686172 
 827      5F4C4344 
 827      506F7274 
 827      5F436C65 
 828              	.LASF4:
 829 0234 6C6F6E67 		.ascii	"long int\000"
 829      20696E74 
 829      00
 830              	.LASF29:
 831 023d 47656E65 		.ascii	"Generated_Source\\PSoC4\\LCD_Char_LCDPort.c\000"
 831      72617465 
 831      645F536F 
 831      75726365 
 831      5C50536F 
 832              	.LASF0:
 833 0267 7369676E 		.ascii	"signed char\000"
 833      65642063 
 833      68617200 
 834              		.ident	"GCC: (GNU Tools for ARM Embedded Processors) 5.4.1 20160609 (release) [ARM/embedded-5-bran
