ARM GAS  C:\Users\Zeynep\AppData\Local\Temp\ccPD5R4b.s 			page 1


   1              		.syntax unified
   2              		.cpu cortex-m0
   3              		.fpu softvfp
   4              		.eabi_attribute 20, 1
   5              		.eabi_attribute 21, 1
   6              		.eabi_attribute 23, 3
   7              		.eabi_attribute 24, 1
   8              		.eabi_attribute 25, 1
   9              		.eabi_attribute 26, 1
  10              		.eabi_attribute 30, 1
  11              		.eabi_attribute 34, 0
  12              		.eabi_attribute 18, 4
  13              		.thumb
  14              		.syntax unified
  15              		.file	"LCD_Char_PM.c"
  16              		.text
  17              	.Ltext0:
  18              		.cfi_sections	.debug_frame
  19              		.section	.text.LCD_Char_SaveConfig,"ax",%progbits
  20              		.align	2
  21              		.global	LCD_Char_SaveConfig
  22              		.code	16
  23              		.thumb_func
  24              		.type	LCD_Char_SaveConfig, %function
  25              	LCD_Char_SaveConfig:
  26              	.LFB0:
  27              		.file 1 "Generated_Source\\PSoC4\\LCD_Char_PM.c"
   1:Generated_Source\PSoC4/LCD_Char_PM.c **** /*******************************************************************************
   2:Generated_Source\PSoC4/LCD_Char_PM.c **** * File Name: LCD_Char_PM.c
   3:Generated_Source\PSoC4/LCD_Char_PM.c **** * Version 2.20
   4:Generated_Source\PSoC4/LCD_Char_PM.c **** *
   5:Generated_Source\PSoC4/LCD_Char_PM.c **** * Description:
   6:Generated_Source\PSoC4/LCD_Char_PM.c **** *  This file provides the API source code for the Static Segment LCD component.
   7:Generated_Source\PSoC4/LCD_Char_PM.c **** *
   8:Generated_Source\PSoC4/LCD_Char_PM.c **** * Note:
   9:Generated_Source\PSoC4/LCD_Char_PM.c **** *
  10:Generated_Source\PSoC4/LCD_Char_PM.c **** ********************************************************************************
  11:Generated_Source\PSoC4/LCD_Char_PM.c **** * Copyright 2008-2014, Cypress Semiconductor Corporation.  All rights reserved.
  12:Generated_Source\PSoC4/LCD_Char_PM.c **** * You may use this file only in accordance with the license, terms, conditions,
  13:Generated_Source\PSoC4/LCD_Char_PM.c **** * disclaimers, and limitations in the end user license agreement accompanying
  14:Generated_Source\PSoC4/LCD_Char_PM.c **** * the software package with which this file was provided.
  15:Generated_Source\PSoC4/LCD_Char_PM.c **** *******************************************************************************/
  16:Generated_Source\PSoC4/LCD_Char_PM.c **** 
  17:Generated_Source\PSoC4/LCD_Char_PM.c **** #include "LCD_Char.h"
  18:Generated_Source\PSoC4/LCD_Char_PM.c **** 
  19:Generated_Source\PSoC4/LCD_Char_PM.c **** 
  20:Generated_Source\PSoC4/LCD_Char_PM.c **** static LCD_Char_BACKUP_STRUCT LCD_Char_backup;
  21:Generated_Source\PSoC4/LCD_Char_PM.c **** 
  22:Generated_Source\PSoC4/LCD_Char_PM.c **** 
  23:Generated_Source\PSoC4/LCD_Char_PM.c **** /*******************************************************************************
  24:Generated_Source\PSoC4/LCD_Char_PM.c **** * Function Name: LCD_Char_SaveConfig
  25:Generated_Source\PSoC4/LCD_Char_PM.c **** ********************************************************************************
  26:Generated_Source\PSoC4/LCD_Char_PM.c **** *
  27:Generated_Source\PSoC4/LCD_Char_PM.c **** * Summary:
  28:Generated_Source\PSoC4/LCD_Char_PM.c **** *  Does nothing, provided for consistency.
  29:Generated_Source\PSoC4/LCD_Char_PM.c **** *
  30:Generated_Source\PSoC4/LCD_Char_PM.c **** * Parameters:
ARM GAS  C:\Users\Zeynep\AppData\Local\Temp\ccPD5R4b.s 			page 2


  31:Generated_Source\PSoC4/LCD_Char_PM.c **** *  None.
  32:Generated_Source\PSoC4/LCD_Char_PM.c **** *
  33:Generated_Source\PSoC4/LCD_Char_PM.c **** * Return:
  34:Generated_Source\PSoC4/LCD_Char_PM.c **** *  None.
  35:Generated_Source\PSoC4/LCD_Char_PM.c **** *
  36:Generated_Source\PSoC4/LCD_Char_PM.c **** *******************************************************************************/
  37:Generated_Source\PSoC4/LCD_Char_PM.c **** void LCD_Char_SaveConfig(void) 
  38:Generated_Source\PSoC4/LCD_Char_PM.c **** {
  28              		.loc 1 38 0
  29              		.cfi_startproc
  30              		@ args = 0, pretend = 0, frame = 0
  31              		@ frame_needed = 0, uses_anonymous_args = 0
  32              		@ link register save eliminated.
  39:Generated_Source\PSoC4/LCD_Char_PM.c **** }
  33              		.loc 1 39 0
  34              		@ sp needed
  35 0000 7047     		bx	lr
  36              		.cfi_endproc
  37              	.LFE0:
  38              		.size	LCD_Char_SaveConfig, .-LCD_Char_SaveConfig
  39 0002 C046     		.section	.text.LCD_Char_RestoreConfig,"ax",%progbits
  40              		.align	2
  41              		.global	LCD_Char_RestoreConfig
  42              		.code	16
  43              		.thumb_func
  44              		.type	LCD_Char_RestoreConfig, %function
  45              	LCD_Char_RestoreConfig:
  46              	.LFB1:
  40:Generated_Source\PSoC4/LCD_Char_PM.c **** 
  41:Generated_Source\PSoC4/LCD_Char_PM.c **** 
  42:Generated_Source\PSoC4/LCD_Char_PM.c **** /*******************************************************************************
  43:Generated_Source\PSoC4/LCD_Char_PM.c **** * Function Name: LCD_Char_RestoreConfig
  44:Generated_Source\PSoC4/LCD_Char_PM.c **** ********************************************************************************
  45:Generated_Source\PSoC4/LCD_Char_PM.c **** *
  46:Generated_Source\PSoC4/LCD_Char_PM.c **** * Summary:
  47:Generated_Source\PSoC4/LCD_Char_PM.c **** *  Does nothing, provided for consistency.
  48:Generated_Source\PSoC4/LCD_Char_PM.c **** *
  49:Generated_Source\PSoC4/LCD_Char_PM.c **** * Parameters:
  50:Generated_Source\PSoC4/LCD_Char_PM.c **** *  None.
  51:Generated_Source\PSoC4/LCD_Char_PM.c **** *
  52:Generated_Source\PSoC4/LCD_Char_PM.c **** * Return:
  53:Generated_Source\PSoC4/LCD_Char_PM.c **** *  None.
  54:Generated_Source\PSoC4/LCD_Char_PM.c **** *
  55:Generated_Source\PSoC4/LCD_Char_PM.c **** *******************************************************************************/
  56:Generated_Source\PSoC4/LCD_Char_PM.c **** void LCD_Char_RestoreConfig(void) 
  57:Generated_Source\PSoC4/LCD_Char_PM.c **** {
  47              		.loc 1 57 0
  48              		.cfi_startproc
  49              		@ args = 0, pretend = 0, frame = 0
  50              		@ frame_needed = 0, uses_anonymous_args = 0
  51              		@ link register save eliminated.
  58:Generated_Source\PSoC4/LCD_Char_PM.c **** }
  52              		.loc 1 58 0
  53              		@ sp needed
  54 0000 7047     		bx	lr
  55              		.cfi_endproc
  56              	.LFE1:
ARM GAS  C:\Users\Zeynep\AppData\Local\Temp\ccPD5R4b.s 			page 3


  57              		.size	LCD_Char_RestoreConfig, .-LCD_Char_RestoreConfig
  58 0002 C046     		.section	.text.LCD_Char_Sleep,"ax",%progbits
  59              		.align	2
  60              		.global	LCD_Char_Sleep
  61              		.code	16
  62              		.thumb_func
  63              		.type	LCD_Char_Sleep, %function
  64              	LCD_Char_Sleep:
  65              	.LFB2:
  59:Generated_Source\PSoC4/LCD_Char_PM.c **** 
  60:Generated_Source\PSoC4/LCD_Char_PM.c **** 
  61:Generated_Source\PSoC4/LCD_Char_PM.c **** /*******************************************************************************
  62:Generated_Source\PSoC4/LCD_Char_PM.c **** * Function Name: LCD_Char_Sleep
  63:Generated_Source\PSoC4/LCD_Char_PM.c **** ********************************************************************************
  64:Generated_Source\PSoC4/LCD_Char_PM.c **** *
  65:Generated_Source\PSoC4/LCD_Char_PM.c **** * Summary:
  66:Generated_Source\PSoC4/LCD_Char_PM.c **** *  Prepares the component for entering the sleep mode.
  67:Generated_Source\PSoC4/LCD_Char_PM.c **** *
  68:Generated_Source\PSoC4/LCD_Char_PM.c **** * Parameters:
  69:Generated_Source\PSoC4/LCD_Char_PM.c **** *  None.
  70:Generated_Source\PSoC4/LCD_Char_PM.c **** *
  71:Generated_Source\PSoC4/LCD_Char_PM.c **** * Return:
  72:Generated_Source\PSoC4/LCD_Char_PM.c **** *  None.
  73:Generated_Source\PSoC4/LCD_Char_PM.c **** *
  74:Generated_Source\PSoC4/LCD_Char_PM.c **** * Reentrant:
  75:Generated_Source\PSoC4/LCD_Char_PM.c **** *  No.
  76:Generated_Source\PSoC4/LCD_Char_PM.c **** *
  77:Generated_Source\PSoC4/LCD_Char_PM.c **** *******************************************************************************/
  78:Generated_Source\PSoC4/LCD_Char_PM.c **** void LCD_Char_Sleep(void) 
  79:Generated_Source\PSoC4/LCD_Char_PM.c **** {
  66              		.loc 1 79 0
  67              		.cfi_startproc
  68              		@ args = 0, pretend = 0, frame = 0
  69              		@ frame_needed = 0, uses_anonymous_args = 0
  70 0000 10B5     		push	{r4, lr}
  71              		.cfi_def_cfa_offset 8
  72              		.cfi_offset 4, -8
  73              		.cfi_offset 14, -4
  80:Generated_Source\PSoC4/LCD_Char_PM.c ****     LCD_Char_backup.enableState = LCD_Char_enableState;
  74              		.loc 1 80 0
  75 0002 034B     		ldr	r3, .L4
  76 0004 1A78     		ldrb	r2, [r3]
  77 0006 034B     		ldr	r3, .L4+4
  78 0008 1A70     		strb	r2, [r3]
  81:Generated_Source\PSoC4/LCD_Char_PM.c ****     LCD_Char_SaveConfig();
  82:Generated_Source\PSoC4/LCD_Char_PM.c ****     LCD_Char_Stop();
  79              		.loc 1 82 0
  80 000a FFF7FEFF 		bl	LCD_Char_Stop
  81              	.LVL0:
  83:Generated_Source\PSoC4/LCD_Char_PM.c **** }
  82              		.loc 1 83 0
  83              		@ sp needed
  84 000e 10BD     		pop	{r4, pc}
  85              	.L5:
  86              		.align	2
  87              	.L4:
  88 0010 00000000 		.word	LCD_Char_enableState
ARM GAS  C:\Users\Zeynep\AppData\Local\Temp\ccPD5R4b.s 			page 4


  89 0014 00000000 		.word	.LANCHOR0
  90              		.cfi_endproc
  91              	.LFE2:
  92              		.size	LCD_Char_Sleep, .-LCD_Char_Sleep
  93              		.section	.text.LCD_Char_Wakeup,"ax",%progbits
  94              		.align	2
  95              		.global	LCD_Char_Wakeup
  96              		.code	16
  97              		.thumb_func
  98              		.type	LCD_Char_Wakeup, %function
  99              	LCD_Char_Wakeup:
 100              	.LFB3:
  84:Generated_Source\PSoC4/LCD_Char_PM.c **** 
  85:Generated_Source\PSoC4/LCD_Char_PM.c **** 
  86:Generated_Source\PSoC4/LCD_Char_PM.c **** /*******************************************************************************
  87:Generated_Source\PSoC4/LCD_Char_PM.c **** * Function Name: LCD_Char_Wakeup
  88:Generated_Source\PSoC4/LCD_Char_PM.c **** ********************************************************************************
  89:Generated_Source\PSoC4/LCD_Char_PM.c **** *
  90:Generated_Source\PSoC4/LCD_Char_PM.c **** * Summary:
  91:Generated_Source\PSoC4/LCD_Char_PM.c **** *  Wakes the component from sleep mode. Configures DMA and enables the component
  92:Generated_Source\PSoC4/LCD_Char_PM.c **** *  for normal operation.
  93:Generated_Source\PSoC4/LCD_Char_PM.c **** *
  94:Generated_Source\PSoC4/LCD_Char_PM.c **** * Parameters:
  95:Generated_Source\PSoC4/LCD_Char_PM.c **** *  LCD_Char_enableState - Global variable.
  96:Generated_Source\PSoC4/LCD_Char_PM.c **** *
  97:Generated_Source\PSoC4/LCD_Char_PM.c **** * Return:
  98:Generated_Source\PSoC4/LCD_Char_PM.c **** *  Status one of standard status for PSoC3 Component
  99:Generated_Source\PSoC4/LCD_Char_PM.c **** *       CYRET_SUCCESS - Function completed successfully.
 100:Generated_Source\PSoC4/LCD_Char_PM.c **** *       CYRET_LOCKED - The object was locked, already in use. Some of TDs or
 101:Generated_Source\PSoC4/LCD_Char_PM.c **** *                      a channel already in use.
 102:Generated_Source\PSoC4/LCD_Char_PM.c **** *
 103:Generated_Source\PSoC4/LCD_Char_PM.c **** * Reentrant:
 104:Generated_Source\PSoC4/LCD_Char_PM.c **** *  No.
 105:Generated_Source\PSoC4/LCD_Char_PM.c **** *
 106:Generated_Source\PSoC4/LCD_Char_PM.c **** *******************************************************************************/
 107:Generated_Source\PSoC4/LCD_Char_PM.c **** void LCD_Char_Wakeup(void) 
 108:Generated_Source\PSoC4/LCD_Char_PM.c **** {
 101              		.loc 1 108 0
 102              		.cfi_startproc
 103              		@ args = 0, pretend = 0, frame = 0
 104              		@ frame_needed = 0, uses_anonymous_args = 0
 105 0000 10B5     		push	{r4, lr}
 106              		.cfi_def_cfa_offset 8
 107              		.cfi_offset 4, -8
 108              		.cfi_offset 14, -4
 109:Generated_Source\PSoC4/LCD_Char_PM.c ****     LCD_Char_RestoreConfig();
 110:Generated_Source\PSoC4/LCD_Char_PM.c **** 
 111:Generated_Source\PSoC4/LCD_Char_PM.c ****     if(LCD_Char_backup.enableState == 1u)
 109              		.loc 1 111 0
 110 0002 034B     		ldr	r3, .L8
 111 0004 1B78     		ldrb	r3, [r3]
 112 0006 012B     		cmp	r3, #1
 113 0008 01D1     		bne	.L6
 112:Generated_Source\PSoC4/LCD_Char_PM.c ****     {
 113:Generated_Source\PSoC4/LCD_Char_PM.c ****         LCD_Char_Enable();
 114              		.loc 1 113 0
 115 000a FFF7FEFF 		bl	LCD_Char_Enable
ARM GAS  C:\Users\Zeynep\AppData\Local\Temp\ccPD5R4b.s 			page 5


 116              	.LVL1:
 117              	.L6:
 114:Generated_Source\PSoC4/LCD_Char_PM.c ****     }
 115:Generated_Source\PSoC4/LCD_Char_PM.c **** }
 118              		.loc 1 115 0
 119              		@ sp needed
 120 000e 10BD     		pop	{r4, pc}
 121              	.L9:
 122              		.align	2
 123              	.L8:
 124 0010 00000000 		.word	.LANCHOR0
 125              		.cfi_endproc
 126              	.LFE3:
 127              		.size	LCD_Char_Wakeup, .-LCD_Char_Wakeup
 128              		.bss
 129              		.align	2
 130              		.set	.LANCHOR0,. + 0
 131              		.type	LCD_Char_backup, %object
 132              		.size	LCD_Char_backup, 1
 133              	LCD_Char_backup:
 134 0000 00       		.space	1
 135              		.text
 136              	.Letext0:
 137              		.file 2 "Generated_Source\\PSoC4\\cytypes.h"
 138              		.file 3 "Generated_Source\\PSoC4\\LCD_Char.h"
 139              		.section	.debug_info,"",%progbits
 140              	.Ldebug_info0:
 141 0000 3B010000 		.4byte	0x13b
 142 0004 0400     		.2byte	0x4
 143 0006 00000000 		.4byte	.Ldebug_abbrev0
 144 000a 04       		.byte	0x4
 145 000b 01       		.uleb128 0x1
 146 000c FF000000 		.4byte	.LASF20
 147 0010 0C       		.byte	0xc
 148 0011 92000000 		.4byte	.LASF21
 149 0015 00000000 		.4byte	.LASF22
 150 0019 00000000 		.4byte	.Ldebug_ranges0+0
 151 001d 00000000 		.4byte	0
 152 0021 00000000 		.4byte	.Ldebug_line0
 153 0025 02       		.uleb128 0x2
 154 0026 01       		.byte	0x1
 155 0027 06       		.byte	0x6
 156 0028 16020000 		.4byte	.LASF0
 157 002c 02       		.uleb128 0x2
 158 002d 01       		.byte	0x1
 159 002e 08       		.byte	0x8
 160 002f 48000000 		.4byte	.LASF1
 161 0033 02       		.uleb128 0x2
 162 0034 02       		.byte	0x2
 163 0035 05       		.byte	0x5
 164 0036 CC010000 		.4byte	.LASF2
 165 003a 02       		.uleb128 0x2
 166 003b 02       		.byte	0x2
 167 003c 07       		.byte	0x7
 168 003d 68000000 		.4byte	.LASF3
 169 0041 02       		.uleb128 0x2
 170 0042 04       		.byte	0x4
ARM GAS  C:\Users\Zeynep\AppData\Local\Temp\ccPD5R4b.s 			page 6


 171 0043 05       		.byte	0x5
 172 0044 01020000 		.4byte	.LASF4
 173 0048 02       		.uleb128 0x2
 174 0049 04       		.byte	0x4
 175 004a 07       		.byte	0x7
 176 004b 56000000 		.4byte	.LASF5
 177 004f 02       		.uleb128 0x2
 178 0050 08       		.byte	0x8
 179 0051 05       		.byte	0x5
 180 0052 8D010000 		.4byte	.LASF6
 181 0056 02       		.uleb128 0x2
 182 0057 08       		.byte	0x8
 183 0058 07       		.byte	0x7
 184 0059 C4000000 		.4byte	.LASF7
 185 005d 03       		.uleb128 0x3
 186 005e 04       		.byte	0x4
 187 005f 05       		.byte	0x5
 188 0060 696E7400 		.ascii	"int\000"
 189 0064 02       		.uleb128 0x2
 190 0065 04       		.byte	0x4
 191 0066 07       		.byte	0x7
 192 0067 B7000000 		.4byte	.LASF8
 193 006b 04       		.uleb128 0x4
 194 006c ED010000 		.4byte	.LASF12
 195 0070 02       		.byte	0x2
 196 0071 FB01     		.2byte	0x1fb
 197 0073 2C000000 		.4byte	0x2c
 198 0077 02       		.uleb128 0x2
 199 0078 04       		.byte	0x4
 200 0079 04       		.byte	0x4
 201 007a 42000000 		.4byte	.LASF9
 202 007e 02       		.uleb128 0x2
 203 007f 08       		.byte	0x8
 204 0080 04       		.byte	0x4
 205 0081 7B000000 		.4byte	.LASF10
 206 0085 02       		.uleb128 0x2
 207 0086 01       		.byte	0x1
 208 0087 08       		.byte	0x8
 209 0088 B0010000 		.4byte	.LASF11
 210 008c 05       		.uleb128 0x5
 211 008d 01       		.byte	0x1
 212 008e 03       		.byte	0x3
 213 008f 2C       		.byte	0x2c
 214 0090 A1000000 		.4byte	0xa1
 215 0094 06       		.uleb128 0x6
 216 0095 0A020000 		.4byte	.LASF23
 217 0099 03       		.byte	0x3
 218 009a 2E       		.byte	0x2e
 219 009b 6B000000 		.4byte	0x6b
 220 009f 00       		.byte	0
 221 00a0 00       		.byte	0
 222 00a1 07       		.uleb128 0x7
 223 00a2 B5010000 		.4byte	.LASF13
 224 00a6 03       		.byte	0x3
 225 00a7 2F       		.byte	0x2f
 226 00a8 8C000000 		.4byte	0x8c
 227 00ac 08       		.uleb128 0x8
ARM GAS  C:\Users\Zeynep\AppData\Local\Temp\ccPD5R4b.s 			page 7


 228 00ad DB000000 		.4byte	.LASF14
 229 00b1 01       		.byte	0x1
 230 00b2 25       		.byte	0x25
 231 00b3 00000000 		.4byte	.LFB0
 232 00b7 02000000 		.4byte	.LFE0-.LFB0
 233 00bb 01       		.uleb128 0x1
 234 00bc 9C       		.byte	0x9c
 235 00bd 08       		.uleb128 0x8
 236 00be D6010000 		.4byte	.LASF15
 237 00c2 01       		.byte	0x1
 238 00c3 38       		.byte	0x38
 239 00c4 00000000 		.4byte	.LFB1
 240 00c8 02000000 		.4byte	.LFE1-.LFB1
 241 00cc 01       		.uleb128 0x1
 242 00cd 9C       		.byte	0x9c
 243 00ce 09       		.uleb128 0x9
 244 00cf 22020000 		.4byte	.LASF16
 245 00d3 01       		.byte	0x1
 246 00d4 4E       		.byte	0x4e
 247 00d5 00000000 		.4byte	.LFB2
 248 00d9 18000000 		.4byte	.LFE2-.LFB2
 249 00dd 01       		.uleb128 0x1
 250 00de 9C       		.byte	0x9c
 251 00df ED000000 		.4byte	0xed
 252 00e3 0A       		.uleb128 0xa
 253 00e4 0E000000 		.4byte	.LVL0
 254 00e8 28010000 		.4byte	0x128
 255 00ec 00       		.byte	0
 256 00ed 09       		.uleb128 0x9
 257 00ee EF000000 		.4byte	.LASF17
 258 00f2 01       		.byte	0x1
 259 00f3 6B       		.byte	0x6b
 260 00f4 00000000 		.4byte	.LFB3
 261 00f8 14000000 		.4byte	.LFE3-.LFB3
 262 00fc 01       		.uleb128 0x1
 263 00fd 9C       		.byte	0x9c
 264 00fe 0C010000 		.4byte	0x10c
 265 0102 0A       		.uleb128 0xa
 266 0103 0E000000 		.4byte	.LVL1
 267 0107 33010000 		.4byte	0x133
 268 010b 00       		.byte	0
 269 010c 0B       		.uleb128 0xb
 270 010d 82000000 		.4byte	.LASF24
 271 0111 01       		.byte	0x1
 272 0112 14       		.byte	0x14
 273 0113 A1000000 		.4byte	0xa1
 274 0117 05       		.uleb128 0x5
 275 0118 03       		.byte	0x3
 276 0119 00000000 		.4byte	LCD_Char_backup
 277 011d 0C       		.uleb128 0xc
 278 011e 9B010000 		.4byte	.LASF25
 279 0122 03       		.byte	0x3
 280 0123 76       		.byte	0x76
 281 0124 6B000000 		.4byte	0x6b
 282 0128 0D       		.uleb128 0xd
 283 0129 F3010000 		.4byte	.LASF18
 284 012d F3010000 		.4byte	.LASF18
ARM GAS  C:\Users\Zeynep\AppData\Local\Temp\ccPD5R4b.s 			page 8


 285 0131 03       		.byte	0x3
 286 0132 39       		.byte	0x39
 287 0133 0D       		.uleb128 0xd
 288 0134 32000000 		.4byte	.LASF19
 289 0138 32000000 		.4byte	.LASF19
 290 013c 03       		.byte	0x3
 291 013d 37       		.byte	0x37
 292 013e 00       		.byte	0
 293              		.section	.debug_abbrev,"",%progbits
 294              	.Ldebug_abbrev0:
 295 0000 01       		.uleb128 0x1
 296 0001 11       		.uleb128 0x11
 297 0002 01       		.byte	0x1
 298 0003 25       		.uleb128 0x25
 299 0004 0E       		.uleb128 0xe
 300 0005 13       		.uleb128 0x13
 301 0006 0B       		.uleb128 0xb
 302 0007 03       		.uleb128 0x3
 303 0008 0E       		.uleb128 0xe
 304 0009 1B       		.uleb128 0x1b
 305 000a 0E       		.uleb128 0xe
 306 000b 55       		.uleb128 0x55
 307 000c 17       		.uleb128 0x17
 308 000d 11       		.uleb128 0x11
 309 000e 01       		.uleb128 0x1
 310 000f 10       		.uleb128 0x10
 311 0010 17       		.uleb128 0x17
 312 0011 00       		.byte	0
 313 0012 00       		.byte	0
 314 0013 02       		.uleb128 0x2
 315 0014 24       		.uleb128 0x24
 316 0015 00       		.byte	0
 317 0016 0B       		.uleb128 0xb
 318 0017 0B       		.uleb128 0xb
 319 0018 3E       		.uleb128 0x3e
 320 0019 0B       		.uleb128 0xb
 321 001a 03       		.uleb128 0x3
 322 001b 0E       		.uleb128 0xe
 323 001c 00       		.byte	0
 324 001d 00       		.byte	0
 325 001e 03       		.uleb128 0x3
 326 001f 24       		.uleb128 0x24
 327 0020 00       		.byte	0
 328 0021 0B       		.uleb128 0xb
 329 0022 0B       		.uleb128 0xb
 330 0023 3E       		.uleb128 0x3e
 331 0024 0B       		.uleb128 0xb
 332 0025 03       		.uleb128 0x3
 333 0026 08       		.uleb128 0x8
 334 0027 00       		.byte	0
 335 0028 00       		.byte	0
 336 0029 04       		.uleb128 0x4
 337 002a 16       		.uleb128 0x16
 338 002b 00       		.byte	0
 339 002c 03       		.uleb128 0x3
 340 002d 0E       		.uleb128 0xe
 341 002e 3A       		.uleb128 0x3a
ARM GAS  C:\Users\Zeynep\AppData\Local\Temp\ccPD5R4b.s 			page 9


 342 002f 0B       		.uleb128 0xb
 343 0030 3B       		.uleb128 0x3b
 344 0031 05       		.uleb128 0x5
 345 0032 49       		.uleb128 0x49
 346 0033 13       		.uleb128 0x13
 347 0034 00       		.byte	0
 348 0035 00       		.byte	0
 349 0036 05       		.uleb128 0x5
 350 0037 13       		.uleb128 0x13
 351 0038 01       		.byte	0x1
 352 0039 0B       		.uleb128 0xb
 353 003a 0B       		.uleb128 0xb
 354 003b 3A       		.uleb128 0x3a
 355 003c 0B       		.uleb128 0xb
 356 003d 3B       		.uleb128 0x3b
 357 003e 0B       		.uleb128 0xb
 358 003f 01       		.uleb128 0x1
 359 0040 13       		.uleb128 0x13
 360 0041 00       		.byte	0
 361 0042 00       		.byte	0
 362 0043 06       		.uleb128 0x6
 363 0044 0D       		.uleb128 0xd
 364 0045 00       		.byte	0
 365 0046 03       		.uleb128 0x3
 366 0047 0E       		.uleb128 0xe
 367 0048 3A       		.uleb128 0x3a
 368 0049 0B       		.uleb128 0xb
 369 004a 3B       		.uleb128 0x3b
 370 004b 0B       		.uleb128 0xb
 371 004c 49       		.uleb128 0x49
 372 004d 13       		.uleb128 0x13
 373 004e 38       		.uleb128 0x38
 374 004f 0B       		.uleb128 0xb
 375 0050 00       		.byte	0
 376 0051 00       		.byte	0
 377 0052 07       		.uleb128 0x7
 378 0053 16       		.uleb128 0x16
 379 0054 00       		.byte	0
 380 0055 03       		.uleb128 0x3
 381 0056 0E       		.uleb128 0xe
 382 0057 3A       		.uleb128 0x3a
 383 0058 0B       		.uleb128 0xb
 384 0059 3B       		.uleb128 0x3b
 385 005a 0B       		.uleb128 0xb
 386 005b 49       		.uleb128 0x49
 387 005c 13       		.uleb128 0x13
 388 005d 00       		.byte	0
 389 005e 00       		.byte	0
 390 005f 08       		.uleb128 0x8
 391 0060 2E       		.uleb128 0x2e
 392 0061 00       		.byte	0
 393 0062 3F       		.uleb128 0x3f
 394 0063 19       		.uleb128 0x19
 395 0064 03       		.uleb128 0x3
 396 0065 0E       		.uleb128 0xe
 397 0066 3A       		.uleb128 0x3a
 398 0067 0B       		.uleb128 0xb
ARM GAS  C:\Users\Zeynep\AppData\Local\Temp\ccPD5R4b.s 			page 10


 399 0068 3B       		.uleb128 0x3b
 400 0069 0B       		.uleb128 0xb
 401 006a 27       		.uleb128 0x27
 402 006b 19       		.uleb128 0x19
 403 006c 11       		.uleb128 0x11
 404 006d 01       		.uleb128 0x1
 405 006e 12       		.uleb128 0x12
 406 006f 06       		.uleb128 0x6
 407 0070 40       		.uleb128 0x40
 408 0071 18       		.uleb128 0x18
 409 0072 9742     		.uleb128 0x2117
 410 0074 19       		.uleb128 0x19
 411 0075 00       		.byte	0
 412 0076 00       		.byte	0
 413 0077 09       		.uleb128 0x9
 414 0078 2E       		.uleb128 0x2e
 415 0079 01       		.byte	0x1
 416 007a 3F       		.uleb128 0x3f
 417 007b 19       		.uleb128 0x19
 418 007c 03       		.uleb128 0x3
 419 007d 0E       		.uleb128 0xe
 420 007e 3A       		.uleb128 0x3a
 421 007f 0B       		.uleb128 0xb
 422 0080 3B       		.uleb128 0x3b
 423 0081 0B       		.uleb128 0xb
 424 0082 27       		.uleb128 0x27
 425 0083 19       		.uleb128 0x19
 426 0084 11       		.uleb128 0x11
 427 0085 01       		.uleb128 0x1
 428 0086 12       		.uleb128 0x12
 429 0087 06       		.uleb128 0x6
 430 0088 40       		.uleb128 0x40
 431 0089 18       		.uleb128 0x18
 432 008a 9742     		.uleb128 0x2117
 433 008c 19       		.uleb128 0x19
 434 008d 01       		.uleb128 0x1
 435 008e 13       		.uleb128 0x13
 436 008f 00       		.byte	0
 437 0090 00       		.byte	0
 438 0091 0A       		.uleb128 0xa
 439 0092 898201   		.uleb128 0x4109
 440 0095 00       		.byte	0
 441 0096 11       		.uleb128 0x11
 442 0097 01       		.uleb128 0x1
 443 0098 31       		.uleb128 0x31
 444 0099 13       		.uleb128 0x13
 445 009a 00       		.byte	0
 446 009b 00       		.byte	0
 447 009c 0B       		.uleb128 0xb
 448 009d 34       		.uleb128 0x34
 449 009e 00       		.byte	0
 450 009f 03       		.uleb128 0x3
 451 00a0 0E       		.uleb128 0xe
 452 00a1 3A       		.uleb128 0x3a
 453 00a2 0B       		.uleb128 0xb
 454 00a3 3B       		.uleb128 0x3b
 455 00a4 0B       		.uleb128 0xb
ARM GAS  C:\Users\Zeynep\AppData\Local\Temp\ccPD5R4b.s 			page 11


 456 00a5 49       		.uleb128 0x49
 457 00a6 13       		.uleb128 0x13
 458 00a7 02       		.uleb128 0x2
 459 00a8 18       		.uleb128 0x18
 460 00a9 00       		.byte	0
 461 00aa 00       		.byte	0
 462 00ab 0C       		.uleb128 0xc
 463 00ac 34       		.uleb128 0x34
 464 00ad 00       		.byte	0
 465 00ae 03       		.uleb128 0x3
 466 00af 0E       		.uleb128 0xe
 467 00b0 3A       		.uleb128 0x3a
 468 00b1 0B       		.uleb128 0xb
 469 00b2 3B       		.uleb128 0x3b
 470 00b3 0B       		.uleb128 0xb
 471 00b4 49       		.uleb128 0x49
 472 00b5 13       		.uleb128 0x13
 473 00b6 3F       		.uleb128 0x3f
 474 00b7 19       		.uleb128 0x19
 475 00b8 3C       		.uleb128 0x3c
 476 00b9 19       		.uleb128 0x19
 477 00ba 00       		.byte	0
 478 00bb 00       		.byte	0
 479 00bc 0D       		.uleb128 0xd
 480 00bd 2E       		.uleb128 0x2e
 481 00be 00       		.byte	0
 482 00bf 3F       		.uleb128 0x3f
 483 00c0 19       		.uleb128 0x19
 484 00c1 3C       		.uleb128 0x3c
 485 00c2 19       		.uleb128 0x19
 486 00c3 6E       		.uleb128 0x6e
 487 00c4 0E       		.uleb128 0xe
 488 00c5 03       		.uleb128 0x3
 489 00c6 0E       		.uleb128 0xe
 490 00c7 3A       		.uleb128 0x3a
 491 00c8 0B       		.uleb128 0xb
 492 00c9 3B       		.uleb128 0x3b
 493 00ca 0B       		.uleb128 0xb
 494 00cb 00       		.byte	0
 495 00cc 00       		.byte	0
 496 00cd 00       		.byte	0
 497              		.section	.debug_aranges,"",%progbits
 498 0000 34000000 		.4byte	0x34
 499 0004 0200     		.2byte	0x2
 500 0006 00000000 		.4byte	.Ldebug_info0
 501 000a 04       		.byte	0x4
 502 000b 00       		.byte	0
 503 000c 0000     		.2byte	0
 504 000e 0000     		.2byte	0
 505 0010 00000000 		.4byte	.LFB0
 506 0014 02000000 		.4byte	.LFE0-.LFB0
 507 0018 00000000 		.4byte	.LFB1
 508 001c 02000000 		.4byte	.LFE1-.LFB1
 509 0020 00000000 		.4byte	.LFB2
 510 0024 18000000 		.4byte	.LFE2-.LFB2
 511 0028 00000000 		.4byte	.LFB3
 512 002c 14000000 		.4byte	.LFE3-.LFB3
ARM GAS  C:\Users\Zeynep\AppData\Local\Temp\ccPD5R4b.s 			page 12


 513 0030 00000000 		.4byte	0
 514 0034 00000000 		.4byte	0
 515              		.section	.debug_ranges,"",%progbits
 516              	.Ldebug_ranges0:
 517 0000 00000000 		.4byte	.LFB0
 518 0004 02000000 		.4byte	.LFE0
 519 0008 00000000 		.4byte	.LFB1
 520 000c 02000000 		.4byte	.LFE1
 521 0010 00000000 		.4byte	.LFB2
 522 0014 18000000 		.4byte	.LFE2
 523 0018 00000000 		.4byte	.LFB3
 524 001c 14000000 		.4byte	.LFE3
 525 0020 00000000 		.4byte	0
 526 0024 00000000 		.4byte	0
 527              		.section	.debug_line,"",%progbits
 528              	.Ldebug_line0:
 529 0000 A2000000 		.section	.debug_str,"MS",%progbits,1
 529      02005600 
 529      00000201 
 529      FB0E0D00 
 529      01010101 
 530              	.LASF22:
 531 0000 443A5C54 		.ascii	"D:\\TUTORIALS\\PSOC_LAB3\\LAB_3_PSOC\\Clock_App.cyd"
 531      55544F52 
 531      49414C53 
 531      5C50534F 
 531      435F4C41 
 532 002f 736E00   		.ascii	"sn\000"
 533              	.LASF19:
 534 0032 4C43445F 		.ascii	"LCD_Char_Enable\000"
 534      43686172 
 534      5F456E61 
 534      626C6500 
 535              	.LASF9:
 536 0042 666C6F61 		.ascii	"float\000"
 536      7400
 537              	.LASF1:
 538 0048 756E7369 		.ascii	"unsigned char\000"
 538      676E6564 
 538      20636861 
 538      7200
 539              	.LASF5:
 540 0056 6C6F6E67 		.ascii	"long unsigned int\000"
 540      20756E73 
 540      69676E65 
 540      6420696E 
 540      7400
 541              	.LASF3:
 542 0068 73686F72 		.ascii	"short unsigned int\000"
 542      7420756E 
 542      7369676E 
 542      65642069 
 542      6E7400
 543              	.LASF10:
 544 007b 646F7562 		.ascii	"double\000"
 544      6C6500
 545              	.LASF24:
ARM GAS  C:\Users\Zeynep\AppData\Local\Temp\ccPD5R4b.s 			page 13


 546 0082 4C43445F 		.ascii	"LCD_Char_backup\000"
 546      43686172 
 546      5F626163 
 546      6B757000 
 547              	.LASF21:
 548 0092 47656E65 		.ascii	"Generated_Source\\PSoC4\\LCD_Char_PM.c\000"
 548      72617465 
 548      645F536F 
 548      75726365 
 548      5C50536F 
 549              	.LASF8:
 550 00b7 756E7369 		.ascii	"unsigned int\000"
 550      676E6564 
 550      20696E74 
 550      00
 551              	.LASF7:
 552 00c4 6C6F6E67 		.ascii	"long long unsigned int\000"
 552      206C6F6E 
 552      6720756E 
 552      7369676E 
 552      65642069 
 553              	.LASF14:
 554 00db 4C43445F 		.ascii	"LCD_Char_SaveConfig\000"
 554      43686172 
 554      5F536176 
 554      65436F6E 
 554      66696700 
 555              	.LASF17:
 556 00ef 4C43445F 		.ascii	"LCD_Char_Wakeup\000"
 556      43686172 
 556      5F57616B 
 556      65757000 
 557              	.LASF20:
 558 00ff 474E5520 		.ascii	"GNU C11 5.4.1 20160609 (release) [ARM/embedded-5-br"
 558      43313120 
 558      352E342E 
 558      31203230 
 558      31363036 
 559 0132 616E6368 		.ascii	"anch revision 237715] -mcpu=cortex-m0 -mthumb -g -O"
 559      20726576 
 559      6973696F 
 559      6E203233 
 559      37373135 
 560 0165 67202D66 		.ascii	"g -ffunction-sections -ffat-lto-objects\000"
 560      66756E63 
 560      74696F6E 
 560      2D736563 
 560      74696F6E 
 561              	.LASF6:
 562 018d 6C6F6E67 		.ascii	"long long int\000"
 562      206C6F6E 
 562      6720696E 
 562      7400
 563              	.LASF25:
 564 019b 4C43445F 		.ascii	"LCD_Char_enableState\000"
 564      43686172 
 564      5F656E61 
ARM GAS  C:\Users\Zeynep\AppData\Local\Temp\ccPD5R4b.s 			page 14


 564      626C6553 
 564      74617465 
 565              	.LASF11:
 566 01b0 63686172 		.ascii	"char\000"
 566      00
 567              	.LASF13:
 568 01b5 4C43445F 		.ascii	"LCD_Char_BACKUP_STRUCT\000"
 568      43686172 
 568      5F424143 
 568      4B55505F 
 568      53545255 
 569              	.LASF2:
 570 01cc 73686F72 		.ascii	"short int\000"
 570      7420696E 
 570      7400
 571              	.LASF15:
 572 01d6 4C43445F 		.ascii	"LCD_Char_RestoreConfig\000"
 572      43686172 
 572      5F526573 
 572      746F7265 
 572      436F6E66 
 573              	.LASF12:
 574 01ed 75696E74 		.ascii	"uint8\000"
 574      3800
 575              	.LASF18:
 576 01f3 4C43445F 		.ascii	"LCD_Char_Stop\000"
 576      43686172 
 576      5F53746F 
 576      7000
 577              	.LASF4:
 578 0201 6C6F6E67 		.ascii	"long int\000"
 578      20696E74 
 578      00
 579              	.LASF23:
 580 020a 656E6162 		.ascii	"enableState\000"
 580      6C655374 
 580      61746500 
 581              	.LASF0:
 582 0216 7369676E 		.ascii	"signed char\000"
 582      65642063 
 582      68617200 
 583              	.LASF16:
 584 0222 4C43445F 		.ascii	"LCD_Char_Sleep\000"
 584      43686172 
 584      5F536C65 
 584      657000
 585              		.ident	"GCC: (GNU Tools for ARM Embedded Processors) 5.4.1 20160609 (release) [ARM/embedded-5-bran
