ARM GAS  C:\Users\Zeynep\AppData\Local\Temp\ccplS95w.s 			page 1


   1              		.syntax unified
   2              		.cpu cortex-m0
   3              		.fpu softvfp
   4              		.eabi_attribute 20, 1
   5              		.eabi_attribute 21, 1
   6              		.eabi_attribute 23, 3
   7              		.eabi_attribute 24, 1
   8              		.eabi_attribute 25, 1
   9              		.eabi_attribute 26, 1
  10              		.eabi_attribute 30, 1
  11              		.eabi_attribute 34, 0
  12              		.eabi_attribute 18, 4
  13              		.thumb
  14              		.syntax unified
  15              		.file	"main.c"
  16              		.text
  17              	.Ltext0:
  18              		.cfi_sections	.debug_frame
  19              		.section	.text.main,"ax",%progbits
  20              		.align	2
  21              		.global	main
  22              		.code	16
  23              		.thumb_func
  24              		.type	main, %function
  25              	main:
  26              	.LFB32:
  27              		.file 1 "main.c"
   1:main.c        **** /* ========================================
   2:main.c        ****  *
   3:main.c        ****  * zeysaklii@gmail.com , 2021
   4:main.c        ****  * Open Source
   5:main.c        ****  *
   6:main.c        ****  *
   7:main.c        ****  *
   8:main.c        ****  *
   9:main.c        ****  *
  10:main.c        ****  * ========================================
  11:main.c        **** */
  12:main.c        **** #include "project.h"
  13:main.c        **** 
  14:main.c        **** int main(void)
  15:main.c        **** {
  28              		.loc 1 15 0
  29              		.cfi_startproc
  30              		@ Volatile: function does not return.
  31              		@ args = 0, pretend = 0, frame = 0
  32              		@ frame_needed = 0, uses_anonymous_args = 0
  33 0000 10B5     		push	{r4, lr}
  34              		.cfi_def_cfa_offset 8
  35              		.cfi_offset 4, -8
  36              		.cfi_offset 14, -4
  16:main.c        ****     CyGlobalIntEnable; /* Enable global interrupts. */
  37              		.loc 1 16 0
  38              		.syntax divided
  39              	@ 16 "main.c" 1
  40 0002 62B6     		CPSIE   i
  41              	@ 0 "" 2
ARM GAS  C:\Users\Zeynep\AppData\Local\Temp\ccplS95w.s 			page 2


  42              		.thumb
  43              		.syntax unified
  44              	.L2:
  17:main.c        **** 
  18:main.c        ****     /* Place your initialization/startup code here (e.g. MyInst_Start()) */
  19:main.c        **** 
  20:main.c        ****     for(;;)
  21:main.c        ****     {
  22:main.c        ****         /* Place your application code here. */
  23:main.c        ****         if (! sw_Read())
  45              		.loc 1 23 0
  46 0004 FFF7FEFF 		bl	sw_Read
  47              	.LVL0:
  48 0008 0028     		cmp	r0, #0
  49 000a FBD1     		bne	.L2
  24:main.c        ****        {
  25:main.c        ****         RED_Write(0u); /* set low */
  50              		.loc 1 25 0
  51 000c FFF7FEFF 		bl	RED_Write
  52              	.LVL1:
  26:main.c        ****        CyDelay(100);
  53              		.loc 1 26 0
  54 0010 6420     		movs	r0, #100
  55 0012 FFF7FEFF 		bl	CyDelay
  56              	.LVL2:
  27:main.c        ****        RED_Write(1u); /*set high */
  57              		.loc 1 27 0
  58 0016 0120     		movs	r0, #1
  59 0018 FFF7FEFF 		bl	RED_Write
  60              	.LVL3:
  28:main.c        ****        CyDelay(100);
  61              		.loc 1 28 0
  62 001c 6420     		movs	r0, #100
  63 001e FFF7FEFF 		bl	CyDelay
  64              	.LVL4:
  29:main.c        ****        
  30:main.c        ****        GREEN_Write(0u);
  65              		.loc 1 30 0
  66 0022 0020     		movs	r0, #0
  67 0024 FFF7FEFF 		bl	GREEN_Write
  68              	.LVL5:
  31:main.c        ****        CyDelay(100);
  69              		.loc 1 31 0
  70 0028 6420     		movs	r0, #100
  71 002a FFF7FEFF 		bl	CyDelay
  72              	.LVL6:
  32:main.c        ****        GREEN_Write(1u);
  73              		.loc 1 32 0
  74 002e 0120     		movs	r0, #1
  75 0030 FFF7FEFF 		bl	GREEN_Write
  76              	.LVL7:
  33:main.c        ****        CyDelay(100);
  77              		.loc 1 33 0
  78 0034 6420     		movs	r0, #100
  79 0036 FFF7FEFF 		bl	CyDelay
  80              	.LVL8:
  34:main.c        ****     
ARM GAS  C:\Users\Zeynep\AppData\Local\Temp\ccplS95w.s 			page 3


  35:main.c        ****        BLUE_Write(0u);
  81              		.loc 1 35 0
  82 003a 0020     		movs	r0, #0
  83 003c FFF7FEFF 		bl	BLUE_Write
  84              	.LVL9:
  36:main.c        ****        CyDelay(100);
  85              		.loc 1 36 0
  86 0040 6420     		movs	r0, #100
  87 0042 FFF7FEFF 		bl	CyDelay
  88              	.LVL10:
  37:main.c        ****        BLUE_Write(1u);
  89              		.loc 1 37 0
  90 0046 0120     		movs	r0, #1
  91 0048 FFF7FEFF 		bl	BLUE_Write
  92              	.LVL11:
  38:main.c        ****        CyDelay(100);
  93              		.loc 1 38 0
  94 004c 6420     		movs	r0, #100
  95 004e FFF7FEFF 		bl	CyDelay
  96              	.LVL12:
  97 0052 D7E7     		b	.L2
  98              		.cfi_endproc
  99              	.LFE32:
 100              		.size	main, .-main
 101              		.text
 102              	.Letext0:
 103              		.file 2 "Generated_Source\\PSoC4/sw.h"
 104              		.file 3 "Generated_Source\\PSoC4/RED.h"
 105              		.file 4 "Generated_Source\\PSoC4/CyLib.h"
 106              		.file 5 "Generated_Source\\PSoC4/GREEN.h"
 107              		.file 6 "Generated_Source\\PSoC4/BLUE.h"
 108              		.section	.debug_info,"",%progbits
 109              	.Ldebug_info0:
 110 0000 C1010000 		.4byte	0x1c1
 111 0004 0400     		.2byte	0x4
 112 0006 00000000 		.4byte	.Ldebug_abbrev0
 113 000a 04       		.byte	0x4
 114 000b 01       		.uleb128 0x1
 115 000c D8000000 		.4byte	.LASF19
 116 0010 0C       		.byte	0xc
 117 0011 1B000000 		.4byte	.LASF20
 118 0015 27000000 		.4byte	.LASF21
 119 0019 00000000 		.4byte	.Ldebug_ranges0+0
 120 001d 00000000 		.4byte	0
 121 0021 00000000 		.4byte	.Ldebug_line0
 122 0025 02       		.uleb128 0x2
 123 0026 01       		.byte	0x1
 124 0027 06       		.byte	0x6
 125 0028 79010000 		.4byte	.LASF0
 126 002c 02       		.uleb128 0x2
 127 002d 01       		.byte	0x1
 128 002e 08       		.byte	0x8
 129 002f AE000000 		.4byte	.LASF1
 130 0033 02       		.uleb128 0x2
 131 0034 02       		.byte	0x2
 132 0035 05       		.byte	0x5
 133 0036 91010000 		.4byte	.LASF2
ARM GAS  C:\Users\Zeynep\AppData\Local\Temp\ccplS95w.s 			page 4


 134 003a 02       		.uleb128 0x2
 135 003b 02       		.byte	0x2
 136 003c 07       		.byte	0x7
 137 003d 66010000 		.4byte	.LASF3
 138 0041 02       		.uleb128 0x2
 139 0042 04       		.byte	0x4
 140 0043 05       		.byte	0x5
 141 0044 C8000000 		.4byte	.LASF4
 142 0048 02       		.uleb128 0x2
 143 0049 04       		.byte	0x4
 144 004a 07       		.byte	0x7
 145 004b 5D000000 		.4byte	.LASF5
 146 004f 02       		.uleb128 0x2
 147 0050 08       		.byte	0x8
 148 0051 05       		.byte	0x5
 149 0052 00000000 		.4byte	.LASF6
 150 0056 02       		.uleb128 0x2
 151 0057 08       		.byte	0x8
 152 0058 07       		.byte	0x7
 153 0059 6F000000 		.4byte	.LASF7
 154 005d 03       		.uleb128 0x3
 155 005e 04       		.byte	0x4
 156 005f 05       		.byte	0x5
 157 0060 696E7400 		.ascii	"int\000"
 158 0064 02       		.uleb128 0x2
 159 0065 04       		.byte	0x4
 160 0066 07       		.byte	0x7
 161 0067 0E000000 		.4byte	.LASF8
 162 006b 02       		.uleb128 0x2
 163 006c 04       		.byte	0x4
 164 006d 04       		.byte	0x4
 165 006e 93000000 		.4byte	.LASF9
 166 0072 02       		.uleb128 0x2
 167 0073 08       		.byte	0x8
 168 0074 04       		.byte	0x4
 169 0075 D1000000 		.4byte	.LASF10
 170 0079 02       		.uleb128 0x2
 171 007a 01       		.byte	0x1
 172 007b 08       		.byte	0x8
 173 007c 8E000000 		.4byte	.LASF11
 174 0080 02       		.uleb128 0x2
 175 0081 04       		.byte	0x4
 176 0082 07       		.byte	0x7
 177 0083 9B010000 		.4byte	.LASF12
 178 0087 02       		.uleb128 0x2
 179 0088 08       		.byte	0x8
 180 0089 04       		.byte	0x4
 181 008a 85010000 		.4byte	.LASF13
 182 008e 04       		.uleb128 0x4
 183 008f 22000000 		.4byte	.LASF22
 184 0093 01       		.byte	0x1
 185 0094 0E       		.byte	0xe
 186 0095 5D000000 		.4byte	0x5d
 187 0099 00000000 		.4byte	.LFB32
 188 009d 54000000 		.4byte	.LFE32-.LFB32
 189 00a1 01       		.uleb128 0x1
 190 00a2 9C       		.byte	0x9c
ARM GAS  C:\Users\Zeynep\AppData\Local\Temp\ccplS95w.s 			page 5


 191 00a3 8D010000 		.4byte	0x18d
 192 00a7 05       		.uleb128 0x5
 193 00a8 08000000 		.4byte	.LVL0
 194 00ac 8D010000 		.4byte	0x18d
 195 00b0 05       		.uleb128 0x5
 196 00b1 10000000 		.4byte	.LVL1
 197 00b5 98010000 		.4byte	0x198
 198 00b9 06       		.uleb128 0x6
 199 00ba 16000000 		.4byte	.LVL2
 200 00be A3010000 		.4byte	0x1a3
 201 00c2 CD000000 		.4byte	0xcd
 202 00c6 07       		.uleb128 0x7
 203 00c7 01       		.uleb128 0x1
 204 00c8 50       		.byte	0x50
 205 00c9 02       		.uleb128 0x2
 206 00ca 08       		.byte	0x8
 207 00cb 64       		.byte	0x64
 208 00cc 00       		.byte	0
 209 00cd 06       		.uleb128 0x6
 210 00ce 1C000000 		.4byte	.LVL3
 211 00d2 98010000 		.4byte	0x198
 212 00d6 E0000000 		.4byte	0xe0
 213 00da 07       		.uleb128 0x7
 214 00db 01       		.uleb128 0x1
 215 00dc 50       		.byte	0x50
 216 00dd 01       		.uleb128 0x1
 217 00de 31       		.byte	0x31
 218 00df 00       		.byte	0
 219 00e0 06       		.uleb128 0x6
 220 00e1 22000000 		.4byte	.LVL4
 221 00e5 A3010000 		.4byte	0x1a3
 222 00e9 F4000000 		.4byte	0xf4
 223 00ed 07       		.uleb128 0x7
 224 00ee 01       		.uleb128 0x1
 225 00ef 50       		.byte	0x50
 226 00f0 02       		.uleb128 0x2
 227 00f1 08       		.byte	0x8
 228 00f2 64       		.byte	0x64
 229 00f3 00       		.byte	0
 230 00f4 06       		.uleb128 0x6
 231 00f5 28000000 		.4byte	.LVL5
 232 00f9 AE010000 		.4byte	0x1ae
 233 00fd 07010000 		.4byte	0x107
 234 0101 07       		.uleb128 0x7
 235 0102 01       		.uleb128 0x1
 236 0103 50       		.byte	0x50
 237 0104 01       		.uleb128 0x1
 238 0105 30       		.byte	0x30
 239 0106 00       		.byte	0
 240 0107 06       		.uleb128 0x6
 241 0108 2E000000 		.4byte	.LVL6
 242 010c A3010000 		.4byte	0x1a3
 243 0110 1B010000 		.4byte	0x11b
 244 0114 07       		.uleb128 0x7
 245 0115 01       		.uleb128 0x1
 246 0116 50       		.byte	0x50
 247 0117 02       		.uleb128 0x2
ARM GAS  C:\Users\Zeynep\AppData\Local\Temp\ccplS95w.s 			page 6


 248 0118 08       		.byte	0x8
 249 0119 64       		.byte	0x64
 250 011a 00       		.byte	0
 251 011b 06       		.uleb128 0x6
 252 011c 34000000 		.4byte	.LVL7
 253 0120 AE010000 		.4byte	0x1ae
 254 0124 2E010000 		.4byte	0x12e
 255 0128 07       		.uleb128 0x7
 256 0129 01       		.uleb128 0x1
 257 012a 50       		.byte	0x50
 258 012b 01       		.uleb128 0x1
 259 012c 31       		.byte	0x31
 260 012d 00       		.byte	0
 261 012e 06       		.uleb128 0x6
 262 012f 3A000000 		.4byte	.LVL8
 263 0133 A3010000 		.4byte	0x1a3
 264 0137 42010000 		.4byte	0x142
 265 013b 07       		.uleb128 0x7
 266 013c 01       		.uleb128 0x1
 267 013d 50       		.byte	0x50
 268 013e 02       		.uleb128 0x2
 269 013f 08       		.byte	0x8
 270 0140 64       		.byte	0x64
 271 0141 00       		.byte	0
 272 0142 06       		.uleb128 0x6
 273 0143 40000000 		.4byte	.LVL9
 274 0147 B9010000 		.4byte	0x1b9
 275 014b 55010000 		.4byte	0x155
 276 014f 07       		.uleb128 0x7
 277 0150 01       		.uleb128 0x1
 278 0151 50       		.byte	0x50
 279 0152 01       		.uleb128 0x1
 280 0153 30       		.byte	0x30
 281 0154 00       		.byte	0
 282 0155 06       		.uleb128 0x6
 283 0156 46000000 		.4byte	.LVL10
 284 015a A3010000 		.4byte	0x1a3
 285 015e 69010000 		.4byte	0x169
 286 0162 07       		.uleb128 0x7
 287 0163 01       		.uleb128 0x1
 288 0164 50       		.byte	0x50
 289 0165 02       		.uleb128 0x2
 290 0166 08       		.byte	0x8
 291 0167 64       		.byte	0x64
 292 0168 00       		.byte	0
 293 0169 06       		.uleb128 0x6
 294 016a 4C000000 		.4byte	.LVL11
 295 016e B9010000 		.4byte	0x1b9
 296 0172 7C010000 		.4byte	0x17c
 297 0176 07       		.uleb128 0x7
 298 0177 01       		.uleb128 0x1
 299 0178 50       		.byte	0x50
 300 0179 01       		.uleb128 0x1
 301 017a 31       		.byte	0x31
 302 017b 00       		.byte	0
 303 017c 08       		.uleb128 0x8
 304 017d 52000000 		.4byte	.LVL12
ARM GAS  C:\Users\Zeynep\AppData\Local\Temp\ccplS95w.s 			page 7


 305 0181 A3010000 		.4byte	0x1a3
 306 0185 07       		.uleb128 0x7
 307 0186 01       		.uleb128 0x1
 308 0187 50       		.byte	0x50
 309 0188 02       		.uleb128 0x2
 310 0189 08       		.byte	0x8
 311 018a 64       		.byte	0x64
 312 018b 00       		.byte	0
 313 018c 00       		.byte	0
 314 018d 09       		.uleb128 0x9
 315 018e 86000000 		.4byte	.LASF14
 316 0192 86000000 		.4byte	.LASF14
 317 0196 02       		.byte	0x2
 318 0197 32       		.byte	0x32
 319 0198 09       		.uleb128 0x9
 320 0199 A4000000 		.4byte	.LASF15
 321 019d A4000000 		.4byte	.LASF15
 322 01a1 03       		.byte	0x3
 323 01a2 33       		.byte	0x33
 324 01a3 09       		.uleb128 0x9
 325 01a4 55000000 		.4byte	.LASF16
 326 01a8 55000000 		.4byte	.LASF16
 327 01ac 04       		.byte	0x4
 328 01ad EC       		.byte	0xec
 329 01ae 09       		.uleb128 0x9
 330 01af BC000000 		.4byte	.LASF17
 331 01b3 BC000000 		.4byte	.LASF17
 332 01b7 05       		.byte	0x5
 333 01b8 33       		.byte	0x33
 334 01b9 09       		.uleb128 0x9
 335 01ba 99000000 		.4byte	.LASF18
 336 01be 99000000 		.4byte	.LASF18
 337 01c2 06       		.byte	0x6
 338 01c3 33       		.byte	0x33
 339 01c4 00       		.byte	0
 340              		.section	.debug_abbrev,"",%progbits
 341              	.Ldebug_abbrev0:
 342 0000 01       		.uleb128 0x1
 343 0001 11       		.uleb128 0x11
 344 0002 01       		.byte	0x1
 345 0003 25       		.uleb128 0x25
 346 0004 0E       		.uleb128 0xe
 347 0005 13       		.uleb128 0x13
 348 0006 0B       		.uleb128 0xb
 349 0007 03       		.uleb128 0x3
 350 0008 0E       		.uleb128 0xe
 351 0009 1B       		.uleb128 0x1b
 352 000a 0E       		.uleb128 0xe
 353 000b 55       		.uleb128 0x55
 354 000c 17       		.uleb128 0x17
 355 000d 11       		.uleb128 0x11
 356 000e 01       		.uleb128 0x1
 357 000f 10       		.uleb128 0x10
 358 0010 17       		.uleb128 0x17
 359 0011 00       		.byte	0
 360 0012 00       		.byte	0
 361 0013 02       		.uleb128 0x2
ARM GAS  C:\Users\Zeynep\AppData\Local\Temp\ccplS95w.s 			page 8


 362 0014 24       		.uleb128 0x24
 363 0015 00       		.byte	0
 364 0016 0B       		.uleb128 0xb
 365 0017 0B       		.uleb128 0xb
 366 0018 3E       		.uleb128 0x3e
 367 0019 0B       		.uleb128 0xb
 368 001a 03       		.uleb128 0x3
 369 001b 0E       		.uleb128 0xe
 370 001c 00       		.byte	0
 371 001d 00       		.byte	0
 372 001e 03       		.uleb128 0x3
 373 001f 24       		.uleb128 0x24
 374 0020 00       		.byte	0
 375 0021 0B       		.uleb128 0xb
 376 0022 0B       		.uleb128 0xb
 377 0023 3E       		.uleb128 0x3e
 378 0024 0B       		.uleb128 0xb
 379 0025 03       		.uleb128 0x3
 380 0026 08       		.uleb128 0x8
 381 0027 00       		.byte	0
 382 0028 00       		.byte	0
 383 0029 04       		.uleb128 0x4
 384 002a 2E       		.uleb128 0x2e
 385 002b 01       		.byte	0x1
 386 002c 3F       		.uleb128 0x3f
 387 002d 19       		.uleb128 0x19
 388 002e 03       		.uleb128 0x3
 389 002f 0E       		.uleb128 0xe
 390 0030 3A       		.uleb128 0x3a
 391 0031 0B       		.uleb128 0xb
 392 0032 3B       		.uleb128 0x3b
 393 0033 0B       		.uleb128 0xb
 394 0034 27       		.uleb128 0x27
 395 0035 19       		.uleb128 0x19
 396 0036 49       		.uleb128 0x49
 397 0037 13       		.uleb128 0x13
 398 0038 8701     		.uleb128 0x87
 399 003a 19       		.uleb128 0x19
 400 003b 11       		.uleb128 0x11
 401 003c 01       		.uleb128 0x1
 402 003d 12       		.uleb128 0x12
 403 003e 06       		.uleb128 0x6
 404 003f 40       		.uleb128 0x40
 405 0040 18       		.uleb128 0x18
 406 0041 9742     		.uleb128 0x2117
 407 0043 19       		.uleb128 0x19
 408 0044 01       		.uleb128 0x1
 409 0045 13       		.uleb128 0x13
 410 0046 00       		.byte	0
 411 0047 00       		.byte	0
 412 0048 05       		.uleb128 0x5
 413 0049 898201   		.uleb128 0x4109
 414 004c 00       		.byte	0
 415 004d 11       		.uleb128 0x11
 416 004e 01       		.uleb128 0x1
 417 004f 31       		.uleb128 0x31
 418 0050 13       		.uleb128 0x13
ARM GAS  C:\Users\Zeynep\AppData\Local\Temp\ccplS95w.s 			page 9


 419 0051 00       		.byte	0
 420 0052 00       		.byte	0
 421 0053 06       		.uleb128 0x6
 422 0054 898201   		.uleb128 0x4109
 423 0057 01       		.byte	0x1
 424 0058 11       		.uleb128 0x11
 425 0059 01       		.uleb128 0x1
 426 005a 31       		.uleb128 0x31
 427 005b 13       		.uleb128 0x13
 428 005c 01       		.uleb128 0x1
 429 005d 13       		.uleb128 0x13
 430 005e 00       		.byte	0
 431 005f 00       		.byte	0
 432 0060 07       		.uleb128 0x7
 433 0061 8A8201   		.uleb128 0x410a
 434 0064 00       		.byte	0
 435 0065 02       		.uleb128 0x2
 436 0066 18       		.uleb128 0x18
 437 0067 9142     		.uleb128 0x2111
 438 0069 18       		.uleb128 0x18
 439 006a 00       		.byte	0
 440 006b 00       		.byte	0
 441 006c 08       		.uleb128 0x8
 442 006d 898201   		.uleb128 0x4109
 443 0070 01       		.byte	0x1
 444 0071 11       		.uleb128 0x11
 445 0072 01       		.uleb128 0x1
 446 0073 31       		.uleb128 0x31
 447 0074 13       		.uleb128 0x13
 448 0075 00       		.byte	0
 449 0076 00       		.byte	0
 450 0077 09       		.uleb128 0x9
 451 0078 2E       		.uleb128 0x2e
 452 0079 00       		.byte	0
 453 007a 3F       		.uleb128 0x3f
 454 007b 19       		.uleb128 0x19
 455 007c 3C       		.uleb128 0x3c
 456 007d 19       		.uleb128 0x19
 457 007e 6E       		.uleb128 0x6e
 458 007f 0E       		.uleb128 0xe
 459 0080 03       		.uleb128 0x3
 460 0081 0E       		.uleb128 0xe
 461 0082 3A       		.uleb128 0x3a
 462 0083 0B       		.uleb128 0xb
 463 0084 3B       		.uleb128 0x3b
 464 0085 0B       		.uleb128 0xb
 465 0086 00       		.byte	0
 466 0087 00       		.byte	0
 467 0088 00       		.byte	0
 468              		.section	.debug_aranges,"",%progbits
 469 0000 1C000000 		.4byte	0x1c
 470 0004 0200     		.2byte	0x2
 471 0006 00000000 		.4byte	.Ldebug_info0
 472 000a 04       		.byte	0x4
 473 000b 00       		.byte	0
 474 000c 0000     		.2byte	0
 475 000e 0000     		.2byte	0
ARM GAS  C:\Users\Zeynep\AppData\Local\Temp\ccplS95w.s 			page 10


 476 0010 00000000 		.4byte	.LFB32
 477 0014 54000000 		.4byte	.LFE32-.LFB32
 478 0018 00000000 		.4byte	0
 479 001c 00000000 		.4byte	0
 480              		.section	.debug_ranges,"",%progbits
 481              	.Ldebug_ranges0:
 482 0000 00000000 		.4byte	.LFB32
 483 0004 54000000 		.4byte	.LFE32
 484 0008 00000000 		.4byte	0
 485 000c 00000000 		.4byte	0
 486              		.section	.debug_line,"",%progbits
 487              	.Ldebug_line0:
 488 0000 88000000 		.section	.debug_str,"MS",%progbits,1
 488      02006500 
 488      00000201 
 488      FB0E0D00 
 488      01010101 
 489              	.LASF6:
 490 0000 6C6F6E67 		.ascii	"long long int\000"
 490      206C6F6E 
 490      6720696E 
 490      7400
 491              	.LASF8:
 492 000e 756E7369 		.ascii	"unsigned int\000"
 492      676E6564 
 492      20696E74 
 492      00
 493              	.LASF20:
 494 001b 6D61696E 		.ascii	"main.c\000"
 494      2E6300
 495              	.LASF22:
 496 0022 6D61696E 		.ascii	"main\000"
 496      00
 497              	.LASF21:
 498 0027 443A5C54 		.ascii	"D:\\TUTORIALS\\PSOC_LAB1\\RGB_ButonControl.cydsn\000"
 498      55544F52 
 498      49414C53 
 498      5C50534F 
 498      435F4C41 
 499              	.LASF16:
 500 0055 43794465 		.ascii	"CyDelay\000"
 500      6C617900 
 501              	.LASF5:
 502 005d 6C6F6E67 		.ascii	"long unsigned int\000"
 502      20756E73 
 502      69676E65 
 502      6420696E 
 502      7400
 503              	.LASF7:
 504 006f 6C6F6E67 		.ascii	"long long unsigned int\000"
 504      206C6F6E 
 504      6720756E 
 504      7369676E 
 504      65642069 
 505              	.LASF14:
 506 0086 73775F52 		.ascii	"sw_Read\000"
 506      65616400 
ARM GAS  C:\Users\Zeynep\AppData\Local\Temp\ccplS95w.s 			page 11


 507              	.LASF11:
 508 008e 63686172 		.ascii	"char\000"
 508      00
 509              	.LASF9:
 510 0093 666C6F61 		.ascii	"float\000"
 510      7400
 511              	.LASF18:
 512 0099 424C5545 		.ascii	"BLUE_Write\000"
 512      5F577269 
 512      746500
 513              	.LASF15:
 514 00a4 5245445F 		.ascii	"RED_Write\000"
 514      57726974 
 514      6500
 515              	.LASF1:
 516 00ae 756E7369 		.ascii	"unsigned char\000"
 516      676E6564 
 516      20636861 
 516      7200
 517              	.LASF17:
 518 00bc 47524545 		.ascii	"GREEN_Write\000"
 518      4E5F5772 
 518      69746500 
 519              	.LASF4:
 520 00c8 6C6F6E67 		.ascii	"long int\000"
 520      20696E74 
 520      00
 521              	.LASF10:
 522 00d1 646F7562 		.ascii	"double\000"
 522      6C6500
 523              	.LASF19:
 524 00d8 474E5520 		.ascii	"GNU C11 5.4.1 20160609 (release) [ARM/embedded-5-br"
 524      43313120 
 524      352E342E 
 524      31203230 
 524      31363036 
 525 010b 616E6368 		.ascii	"anch revision 237715] -mcpu=cortex-m0 -mthumb -g -O"
 525      20726576 
 525      6973696F 
 525      6E203233 
 525      37373135 
 526 013e 67202D66 		.ascii	"g -ffunction-sections -ffat-lto-objects\000"
 526      66756E63 
 526      74696F6E 
 526      2D736563 
 526      74696F6E 
 527              	.LASF3:
 528 0166 73686F72 		.ascii	"short unsigned int\000"
 528      7420756E 
 528      7369676E 
 528      65642069 
 528      6E7400
 529              	.LASF0:
 530 0179 7369676E 		.ascii	"signed char\000"
 530      65642063 
 530      68617200 
 531              	.LASF13:
ARM GAS  C:\Users\Zeynep\AppData\Local\Temp\ccplS95w.s 			page 12


 532 0185 6C6F6E67 		.ascii	"long double\000"
 532      20646F75 
 532      626C6500 
 533              	.LASF2:
 534 0191 73686F72 		.ascii	"short int\000"
 534      7420696E 
 534      7400
 535              	.LASF12:
 536 019b 73697A65 		.ascii	"sizetype\000"
 536      74797065 
 536      00
 537              		.ident	"GCC: (GNU Tools for ARM Embedded Processors) 5.4.1 20160609 (release) [ARM/embedded-5-bran
